{"C:\\Users\\dgomes\\Documents\\GitHub\\esprima-typeScript\\esprima.js":{"path":"C:\\Users\\dgomes\\Documents\\GitHub\\esprima-typeScript\\esprima.js","s":{"1":1,"2":1,"3":1,"4":0,"5":1,"6":1,"7":0,"8":1,"9":1,"10":1,"11":1,"12":1,"13":1,"14":1,"15":1,"16":1,"17":1,"18":1,"19":1,"20":1,"21":1,"22":1,"23":1,"24":1,"25":1,"26":1,"27":1,"28":1596,"29":0,"30":1,"31":6261,"32":1,"33":224,"34":1,"35":266,"36":1,"37":33096,"38":1,"39":32500,"40":1,"41":9442,"42":1,"43":16378,"44":1,"45":88,"46":4,"47":84,"48":1,"49":632,"50":108,"51":524,"52":1,"53":611,"54":1,"55":2838,"56":44,"57":2794,"58":178,"59":583,"60":387,"61":615,"62":140,"63":99,"64":584,"65":12,"66":196,"67":1,"68":24825,"69":24825,"70":24825,"71":24825,"72":30351,"73":30351,"74":318,"75":318,"76":39,"77":39,"78":2,"79":39,"80":39,"81":30033,"82":1020,"83":64,"84":2,"85":64,"86":64,"87":64,"88":64,"89":2,"90":956,"91":956,"92":8,"93":948,"94":62,"95":62,"96":56,"97":56,"98":29013,"99":387,"100":387,"101":39,"102":39,"103":348,"104":68,"105":68,"106":68,"107":2,"108":280,"109":28626,"110":6011,"111":22615,"112":117,"113":117,"114":2,"115":117,"116":117,"117":22498,"118":1,"119":59,"120":59,"121":59,"122":174,"123":152,"124":152,"125":22,"126":37,"127":1,"128":48,"129":48,"130":48,"131":48,"132":29,"133":8,"134":21,"135":21,"136":21,"137":12,"138":9,"139":28,"140":28,"141":28,"142":3,"143":25,"144":25,"145":25,"146":19,"147":19,"148":4,"149":15,"150":15,"151":15,"152":12,"153":3,"154":12,"155":1,"156":4240,"157":4240,"158":4240,"159":16318,"160":16318,"161":19,"162":19,"163":16299,"164":12396,"165":3903,"166":4221,"167":1,"168":4269,"169":4269,"170":4269,"171":4233,"172":1395,"173":2838,"174":1453,"175":1385,"176":25,"177":1360,"178":158,"179":1202,"180":4233,"181":1,"182":6429,"183":6429,"184":5471,"185":5471,"186":38,"187":8,"188":30,"189":6,"190":5471,"191":958,"192":958,"193":52,"194":33,"195":33,"196":15,"197":15,"198":6,"199":15,"200":4,"201":910,"202":910,"203":910,"204":910,"205":910,"206":9,"207":3,"208":3,"209":907,"210":6,"211":6,"212":901,"213":3,"214":3,"215":898,"216":3,"217":3,"218":895,"219":167,"220":167,"221":728,"222":712,"223":712,"224":16,"225":1,"226":32,"227":32,"228":62,"229":7,"230":55,"231":32,"232":4,"233":28,"234":4,"235":24,"236":1,"237":29,"238":29,"239":41,"240":20,"241":21,"242":29,"243":8,"244":21,"245":1,"246":623,"247":623,"248":623,"249":623,"250":623,"251":623,"252":620,"253":620,"254":620,"255":102,"256":32,"257":32,"258":70,"259":29,"260":41,"261":4,"262":555,"263":326,"264":555,"265":558,"266":12,"267":12,"268":72,"269":12,"270":558,"271":28,"272":28,"273":28,"274":20,"275":28,"276":12,"277":30,"278":16,"279":542,"280":16,"281":526,"282":1,"283":471,"284":471,"285":471,"286":471,"287":471,"288":471,"289":4864,"290":4864,"291":455,"292":455,"293":4409,"294":121,"295":121,"296":115,"297":6,"298":6,"299":3,"300":3,"301":3,"302":3,"303":16,"304":16,"305":16,"306":6,"307":10,"308":10,"309":16,"310":3,"311":3,"312":3,"313":3,"314":3,"315":3,"316":78,"317":62,"318":62,"319":47,"320":62,"321":21,"322":21,"323":21,"324":12,"325":62,"326":16,"327":78,"328":6,"329":6,"330":3,"331":4288,"332":8,"333":4280,"334":471,"335":16,"336":455,"337":1,"338":67,"339":67,"340":67,"341":67,"342":67,"343":67,"344":67,"345":67,"346":287,"347":287,"348":287,"349":112,"350":25,"351":175,"352":7,"353":7,"354":4,"355":3,"356":168,"357":42,"358":42,"359":126,"360":25,"361":101,"362":4,"363":59,"364":17,"365":42,"366":42,"367":42,"368":44,"369":44,"370":5,"371":39,"372":39,"373":10,"374":10,"375":7,"376":7,"377":7,"378":7,"379":3,"380":3,"381":12,"382":4,"383":4,"384":4,"385":3,"386":29,"387":29,"388":42,"389":42,"390":8,"391":34,"392":34,"393":7,"394":27,"395":1,"396":67,"397":1,"398":21,"399":21,"400":21,"401":5,"402":16,"403":14,"404":2,"405":2,"406":1,"407":1,"408":12,"409":5,"410":2,"411":2,"412":1,"413":3,"414":2,"415":2,"416":1,"417":1,"418":2,"419":1,"420":1,"421":7,"422":2,"423":1,"424":1,"425":1,"426":13254,"427":13254,"428":13230,"429":1422,"430":11808,"431":11808,"432":2528,"433":9280,"434":471,"435":8809,"436":4269,"437":4540,"438":78,"439":3,"440":75,"441":4462,"442":620,"443":3842,"444":21,"445":3821,"446":1,"447":11238,"448":11238,"449":11238,"450":11238,"451":11238,"452":11238,"453":11225,"454":11225,"455":11225,"456":11225,"457":1,"458":2016,"459":2016,"460":2016,"461":2016,"462":2016,"463":1876,"464":1876,"465":1876,"466":1,"467":4734,"468":42,"469":221,"470":326,"471":326,"472":486,"473":36,"474":138,"475":22,"476":6,"477":24,"478":3,"479":12,"480":54,"481":1295,"482":30,"483":15,"484":47,"485":158,"486":2608,"487":18,"488":27,"489":1120,"490":75,"491":34,"492":106,"493":40,"494":1105,"495":214,"496":32,"497":6,"498":20,"499":12,"500":3,"501":18,"502":25,"503":63,"504":28,"505":35,"506":133,"507":186,"508":54,"509":11,"510":3,"511":1,"512":211,"513":211,"514":211,"515":211,"516":211,"517":211,"518":211,"519":211,"520":211,"521":211,"522":1,"523":925,"524":336,"525":336,"526":925,"527":506,"528":506,"529":506,"530":506,"531":419,"532":419,"533":419,"534":419,"535":925,"536":925,"537":1,"538":300,"539":300,"540":300,"541":68,"542":232,"543":1,"544":312,"545":80,"546":232,"547":16,"548":216,"549":4,"550":212,"551":4,"552":208,"553":88,"554":4,"555":84,"556":44,"557":4,"558":40,"559":120,"560":1,"561":4390,"562":4390,"563":56,"564":1,"565":1231,"566":1231,"567":4,"568":1,"569":31785,"570":1,"571":6127,"572":1,"573":2385,"574":2385,"575":836,"576":1549,"577":1549,"578":1,"579":1516,"580":1516,"581":552,"582":552,"583":964,"584":964,"585":964,"586":27,"587":937,"588":3,"589":3,"590":934,"591":28,"592":1,"593":356,"594":1,"595":50,"596":50,"597":50,"598":48,"599":13,"600":13,"601":35,"602":27,"603":21,"604":42,"605":42,"606":1,"607":105,"608":105,"609":105,"610":105,"611":10,"612":97,"613":97,"614":1,"615":355,"616":355,"617":28,"618":10,"619":20,"620":327,"621":1,"622":254,"623":254,"624":254,"625":218,"626":218,"627":53,"628":53,"629":53,"630":53,"631":53,"632":165,"633":56,"634":56,"635":56,"636":56,"637":4,"638":52,"639":52,"640":52,"641":44,"642":109,"643":109,"644":97,"645":36,"646":8,"647":28,"648":20,"649":20,"650":20,"651":1,"652":202,"653":202,"654":202,"655":254,"656":214,"657":194,"658":20,"659":214,"660":214,"661":214,"662":54,"663":27,"664":14,"665":13,"666":10,"667":27,"668":14,"669":13,"670":10,"671":14,"672":160,"673":174,"674":174,"675":78,"676":106,"677":106,"678":1,"679":170,"680":170,"681":170,"682":30,"683":30,"684":1,"685":2787,"686":3,"687":2787,"688":1,"689":3,"690":3,"691":3,"692":3,"693":3,"694":3,"695":0,"696":3,"697":0,"698":3,"699":1,"700":3219,"701":3219,"702":3,"703":3219,"704":3219,"705":1397,"706":1822,"707":968,"708":14,"709":956,"710":854,"711":144,"712":3,"713":3,"714":141,"715":129,"716":722,"717":113,"718":113,"719":113,"720":609,"721":4,"722":4,"723":4,"724":605,"725":50,"726":555,"727":202,"728":353,"729":222,"730":131,"731":51,"732":80,"733":1,"734":158,"735":158,"736":158,"737":60,"738":73,"739":69,"740":56,"741":13,"742":154,"743":154,"744":1,"745":67,"746":67,"747":4,"748":63,"749":1,"750":67,"751":67,"752":1,"753":12,"754":12,"755":12,"756":12,"757":12,"758":1,"759":34,"760":34,"761":34,"762":34,"763":34,"764":1,"765":1755,"766":1755,"767":1323,"768":89,"769":62,"770":58,"771":27,"772":3,"773":3,"774":24,"775":20,"776":1315,"777":1,"778":14,"779":14,"780":14,"781":2,"782":1,"783":1,"784":1,"785":1,"786":14,"787":1,"788":3219,"789":2779,"790":833,"791":1946,"792":64,"793":20,"794":48,"795":8,"796":40,"797":40,"798":1922,"799":1,"800":3306,"801":3306,"802":2467,"803":839,"804":52,"805":52,"806":52,"807":20,"808":36,"809":8,"810":28,"811":787,"812":20,"813":20,"814":20,"815":767,"816":15,"817":15,"818":15,"819":15,"820":6,"821":11,"822":752,"823":1,"824":2727,"825":2727,"826":801,"827":1926,"828":18,"829":18,"830":18,"831":18,"832":21,"833":21,"834":18,"835":18,"836":18,"837":18,"838":15,"839":15,"840":42,"841":42,"842":31,"843":31,"844":21,"845":21,"846":104,"847":104,"848":57,"849":57,"850":1563,"851":1926,"852":1,"853":2877,"854":2877,"855":2877,"856":2877,"857":2401,"858":2401,"859":2401,"860":2167,"861":234,"862":234,"863":234,"864":218,"865":108,"866":60,"867":60,"868":60,"869":60,"870":108,"871":108,"872":108,"873":108,"874":218,"875":218,"876":218,"877":218,"878":266,"879":266,"880":218,"881":1,"882":2877,"883":2877,"884":2385,"885":6,"886":6,"887":6,"888":6,"889":6,"890":6,"891":6,"892":6,"893":2385,"894":1,"895":2877,"896":2877,"897":2877,"898":2385,"899":257,"900":20,"901":237,"902":12,"903":229,"904":229,"905":221,"906":2128,"907":1,"908":2252,"909":1768,"910":6,"911":6,"912":9,"913":3,"914":6,"915":6,"916":1768,"917":1,"918":229,"919":229,"920":401,"921":181,"922":220,"923":184,"924":4,"925":180,"926":193,"927":1,"928":229,"929":229,"930":229,"931":193,"932":181,"933":1,"934":921,"935":921,"936":100,"937":825,"938":1,"939":282,"940":222,"941":12,"942":214,"943":31,"944":19,"945":183,"946":3,"947":3,"948":3,"949":3,"950":0,"951":3,"952":3,"953":3,"954":3,"955":180,"956":123,"957":119,"958":186,"959":1,"960":229,"961":229,"962":282,"963":186,"964":133,"965":53,"966":133,"967":1,"968":163,"969":163,"970":163,"971":87,"972":87,"973":1,"974":41,"975":41,"976":41,"977":21,"978":21,"979":1,"980":54,"981":54,"982":1,"983":198,"984":58,"985":58,"986":1,"987":38,"988":38,"989":38,"990":34,"991":34,"992":34,"993":22,"994":7,"995":7,"996":15,"997":18,"998":1,"999":20,"1000":20,"1001":20,"1002":20,"1003":20,"1004":16,"1005":16,"1006":12,"1007":12,"1008":12,"1009":12,"1010":3,"1011":12,"1012":1,"1013":86,"1014":86,"1015":86,"1016":86,"1017":86,"1018":86,"1019":86,"1020":86,"1021":54,"1022":54,"1023":1,"1024":25,"1025":25,"1026":1,"1027":69,"1028":69,"1029":69,"1030":69,"1031":69,"1032":13,"1033":56,"1034":25,"1035":25,"1036":25,"1037":25,"1038":12,"1039":12,"1040":12,"1041":12,"1042":31,"1043":31,"1044":31,"1045":31,"1046":15,"1047":12,"1048":3,"1049":3,"1050":3,"1051":3,"1052":44,"1053":29,"1054":49,"1055":34,"1056":9,"1057":34,"1058":34,"1059":6,"1060":49,"1061":49,"1062":49,"1063":49,"1064":45,"1065":45,"1066":1,"1067":52,"1068":52,"1069":52,"1070":11,"1071":11,"1072":8,"1073":3,"1074":41,"1075":13,"1076":4,"1077":9,"1078":28,"1079":17,"1080":17,"1081":17,"1082":8,"1083":20,"1084":16,"1085":4,"1086":12,"1087":1,"1088":60,"1089":60,"1090":60,"1091":10,"1092":10,"1093":4,"1094":6,"1095":50,"1096":13,"1097":4,"1098":9,"1099":37,"1100":23,"1101":23,"1102":23,"1103":8,"1104":29,"1105":25,"1106":4,"1107":21,"1108":1,"1109":36,"1110":36,"1111":36,"1112":6,"1113":32,"1114":21,"1115":12,"1116":12,"1117":12,"1118":20,"1119":9,"1120":11,"1121":8,"1122":3,"1123":11,"1124":11,"1125":1,"1126":19,"1127":19,"1128":6,"1129":15,"1130":15,"1131":15,"1132":15,"1133":15,"1134":11,"1135":1,"1136":24,"1137":24,"1138":15,"1139":15,"1140":9,"1141":9,"1142":24,"1143":24,"1144":42,"1145":20,"1146":22,"1147":18,"1148":20,"1149":1,"1150":20,"1151":20,"1152":20,"1153":20,"1154":20,"1155":20,"1156":20,"1157":3,"1158":3,"1159":17,"1160":17,"1161":17,"1162":17,"1163":17,"1164":33,"1165":9,"1166":24,"1167":20,"1168":11,"1169":4,"1170":7,"1171":16,"1172":9,"1173":9,"1174":9,"1175":1,"1176":30,"1177":30,"1178":30,"1179":4,"1180":26,"1181":18,"1182":18,"1183":1,"1184":34,"1185":34,"1186":34,"1187":34,"1188":4,"1189":30,"1190":30,"1191":12,"1192":22,"1193":22,"1194":22,"1195":1,"1196":41,"1197":41,"1198":41,"1199":41,"1200":34,"1201":29,"1202":6,"1203":6,"1204":29,"1205":4,"1206":25,"1207":1,"1208":3,"1209":3,"1210":3,"1211":1,"1212":2588,"1213":2588,"1214":24,"1215":2564,"1216":548,"1217":54,"1218":160,"1219":198,"1220":136,"1221":2152,"1222":691,"1223":60,"1224":52,"1225":3,"1226":20,"1227":69,"1228":3,"1229":38,"1230":36,"1231":20,"1232":30,"1233":41,"1234":163,"1235":86,"1236":19,"1237":51,"1238":1512,"1239":1316,"1240":59,"1241":59,"1242":59,"1243":8,"1244":51,"1245":51,"1246":27,"1247":27,"1248":1257,"1249":1237,"1250":1,"1251":513,"1252":513,"1253":513,"1254":780,"1255":494,"1256":286,"1257":286,"1258":278,"1259":278,"1260":3,"1261":275,"1262":275,"1263":261,"1264":261,"1265":10,"1266":14,"1267":10,"1268":497,"1269":497,"1270":497,"1271":497,"1272":497,"1273":497,"1274":497,"1275":497,"1276":497,"1277":590,"1278":305,"1279":285,"1280":97,"1281":4,"1282":93,"1283":309,"1284":305,"1285":305,"1286":305,"1287":305,"1288":305,"1289":1,"1290":424,"1291":424,"1292":424,"1293":111,"1294":111,"1295":144,"1296":144,"1297":128,"1298":128,"1299":52,"1300":20,"1301":20,"1302":52,"1303":16,"1304":16,"1305":76,"1306":68,"1307":16,"1308":16,"1309":52,"1310":12,"1311":12,"1312":40,"1313":14,"1314":14,"1315":128,"1316":128,"1317":128,"1318":95,"1319":33,"1320":408,"1321":408,"1322":1,"1323":335,"1324":335,"1325":335,"1326":335,"1327":315,"1328":40,"1329":12,"1330":275,"1331":25,"1332":25,"1333":250,"1334":4,"1335":4,"1336":307,"1337":291,"1338":291,"1339":291,"1340":291,"1341":49,"1342":291,"1343":291,"1344":107,"1345":44,"1346":63,"1347":22,"1348":47,"1349":47,"1350":1,"1351":129,"1352":129,"1353":129,"1354":68,"1355":68,"1356":68,"1357":32,"1358":16,"1359":36,"1360":14,"1361":14,"1362":22,"1363":4,"1364":4,"1365":117,"1366":117,"1367":117,"1368":117,"1369":117,"1370":29,"1371":117,"1372":117,"1373":93,"1374":24,"1375":69,"1376":14,"1377":61,"1378":61,"1379":1,"1380":2689,"1381":987,"1382":41,"1383":332,"1384":614,"1385":1702,"1386":1690,"1387":1,"1388":1817,"1389":1817,"1390":1886,"1391":1886,"1392":1740,"1393":146,"1394":146,"1395":146,"1396":3,"1397":143,"1398":143,"1399":80,"1400":80,"1401":6,"1402":63,"1403":30,"1404":1813,"1405":1752,"1406":1044,"1407":4,"1408":1040,"1409":1105,"1410":1,"1411":1953,"1412":1953,"1413":1953,"1414":1817,"1415":1105,"1416":1,"1417":99,"1418":99,"1419":31,"1420":22,"1421":77,"1422":1,"1423":3561,"1424":3561,"1425":3561,"1426":3561,"1427":3561,"1428":5485,"1429":5485,"1430":391,"1431":391,"1432":29,"1433":29,"1434":29,"1435":29,"1436":2,"1437":29,"1438":29,"1439":29,"1440":362,"1441":9,"1442":9,"1443":9,"1444":9,"1445":353,"1446":5094,"1447":431,"1448":34,"1449":5,"1450":5,"1451":29,"1452":34,"1453":34,"1454":34,"1455":34,"1456":2,"1457":397,"1458":397,"1459":8,"1460":389,"1461":389,"1462":64,"1463":64,"1464":58,"1465":58,"1466":58,"1467":58,"1468":58,"1469":58,"1470":4663,"1471":193,"1472":193,"1473":41,"1474":41,"1475":41,"1476":41,"1477":41,"1478":3,"1479":3,"1480":3,"1481":152,"1482":70,"1483":70,"1484":70,"1485":70,"1486":70,"1487":2,"1488":82,"1489":4470,"1490":1258,"1491":3212,"1492":39,"1493":39,"1494":2,"1495":39,"1496":39,"1497":3173,"1498":1,"1499":66,"1500":66,"1501":63,"1502":63,"1503":63,"1504":38,"1505":63,"1506":36,"1507":63,"1508":66,"1509":1,"1510":282,"1511":282,"1512":282,"1513":282,"1514":282,"1515":273,"1516":273,"1517":203,"1518":203,"1519":203,"1520":273,"1521":1,"1522":40,"1523":40,"1524":40,"1525":40,"1526":40,"1527":31,"1528":31,"1529":24,"1530":24,"1531":24,"1532":24,"1533":24,"1534":24,"1535":31,"1536":1,"1537":65,"1538":65,"1539":195,"1540":195,"1541":195,"1542":136,"1543":195,"1544":136,"1545":195,"1546":65,"1547":1,"1548":13568,"1549":13568,"1550":13568,"1551":13568,"1552":12214,"1553":12214,"1554":12214,"1555":13568,"1556":52,"1557":52,"1558":52,"1559":52,"1560":52,"1561":13568,"1562":4652,"1563":4628,"1564":4652,"1565":4628,"1566":4628,"1567":13568,"1568":1,"1569":52,"1570":52,"1571":52,"1572":52,"1573":52,"1574":52,"1575":52,"1576":52,"1577":52,"1578":1,"1579":20,"1580":20,"1581":20,"1582":20,"1583":20,"1584":4,"1585":2,"1586":2,"1587":2,"1588":2,"1589":2,"1590":2,"1591":2,"1592":2,"1593":20,"1594":1,"1595":1464,"1596":1464,"1597":1464,"1598":1464,"1599":1464,"1600":126,"1601":80,"1602":80,"1603":80,"1604":80,"1605":46,"1606":6,"1607":6,"1608":6,"1609":6,"1610":40,"1611":40,"1612":40,"1613":40,"1614":1464,"1615":1,"1616":9004,"1617":9004,"1618":9004,"1619":9004,"1620":27834,"1621":12596,"1622":8250,"1623":1,"1624":767,"1625":20709,"1626":13764,"1627":20709,"1628":866,"1629":866,"1630":168,"1631":866,"1632":158,"1633":866,"1634":866,"1635":54,"1636":54,"1637":54,"1638":812,"1639":68,"1640":68,"1641":68,"1642":866,"1643":866,"1644":54,"1645":54,"1646":54,"1647":54,"1648":812,"1649":68,"1650":68,"1651":20709,"1652":12032,"1653":12032,"1654":12032,"1655":12032,"1656":12032,"1657":12032,"1658":4498,"1659":12032,"1660":24,"1661":12032,"1662":540,"1663":12032,"1664":1,"1665":1982,"1666":1982,"1667":495,"1668":495,"1669":1982,"1670":767,"1671":767,"1672":767,"1673":767,"1674":767,"1675":767,"1676":767,"1677":767,"1678":767,"1679":767,"1680":767,"1681":767,"1682":767,"1683":767,"1684":767,"1685":767,"1686":767,"1687":767,"1688":767,"1689":767,"1690":767,"1691":767,"1692":767,"1693":767,"1694":767,"1695":767,"1696":767,"1697":767,"1698":767,"1699":767,"1700":767,"1701":767,"1702":767,"1703":767,"1704":767,"1705":767,"1706":767,"1707":767,"1708":767,"1709":767,"1710":767,"1711":767,"1712":767,"1713":767,"1714":767,"1715":767,"1716":767,"1717":767,"1718":767,"1719":767,"1720":767,"1721":767,"1722":767,"1723":767,"1724":767,"1725":767,"1726":767,"1727":767,"1728":767,"1729":767,"1730":1982,"1731":74,"1732":74,"1733":74,"1734":74,"1735":1,"1736":1982,"1737":495,"1738":1982,"1739":767,"1740":767,"1741":767,"1742":767,"1743":767,"1744":767,"1745":767,"1746":767,"1747":767,"1748":767,"1749":767,"1750":767,"1751":767,"1752":767,"1753":767,"1754":767,"1755":767,"1756":767,"1757":767,"1758":767,"1759":767,"1760":767,"1761":767,"1762":767,"1763":767,"1764":767,"1765":767,"1766":767,"1767":767,"1768":1982,"1769":74,"1770":74,"1771":1,"1772":4,"1773":4,"1774":168,"1775":168,"1776":4,"1777":4,"1778":4,"1779":4,"1780":1,"1781":29,"1782":29,"1783":29,"1784":7,"1785":29,"1786":29,"1787":29,"1788":29,"1789":29,"1790":29,"1791":29,"1792":29,"1793":29,"1794":29,"1795":29,"1796":29,"1797":29,"1798":29,"1799":29,"1800":29,"1801":29,"1802":29,"1803":17,"1804":29,"1805":13,"1806":29,"1807":28,"1808":0,"1809":0,"1810":29,"1811":29,"1812":29,"1813":25,"1814":1,"1815":24,"1816":24,"1817":54,"1818":54,"1819":5,"1820":5,"1821":1,"1822":1,"1823":4,"1824":20,"1825":20,"1826":20,"1827":12,"1828":12,"1829":20,"1830":12,"1831":8,"1832":29,"1833":29,"1834":20,"1835":1,"1836":1953,"1837":1953,"1838":1953,"1839":7,"1840":1953,"1841":1953,"1842":1953,"1843":1953,"1844":1953,"1845":1953,"1846":1953,"1847":1953,"1848":1953,"1849":1953,"1850":1945,"1851":1945,"1852":1945,"1853":4,"1854":68,"1855":68,"1856":1945,"1857":45,"1858":1945,"1859":478,"1860":1945,"1861":68,"1862":1953,"1863":1950,"1864":0,"1865":0,"1866":1953,"1867":1953,"1868":1953,"1869":1105,"1870":54,"1871":54,"1872":1105,"1873":45,"1874":45,"1875":1105,"1876":68,"1877":1105,"1878":754,"1879":848,"1880":1953,"1881":1953,"1882":1105,"1883":1,"1884":1,"1885":1,"1886":1,"1887":1,"1888":1,"1889":1,"1890":1,"1891":41,"1892":41,"1893":1,"1894":1,"1895":1},"b":{"1":[0,1],"2":[1,0],"3":[1,0],"4":[0,1596],"5":[6261,5119],"6":[33096,25835,25835,25835,25835,25835,89],"7":[32500,32201,32156,32156],"8":[9442,9442,9389,6210,9361,5965,5166,5137,21],"9":[16378,16378,16189,12299,16109,12164,3969,487,3965,3936,24],"10":[4,4,4,4,4,4,84],"11":[8,24,44,52,60,68,92,100,108,524],"12":[611,502],"13":[44,2794],"14":[2838,264],"15":[178,583,387,615,140,99,584,12,196],"16":[178,107,66],"17":[583,401,332,298,257],"18":[387,384,377,368,364,344],"19":[615,513,453,419,389,360,356,352],"20":[140,104,101,92,72,72],"21":[99,84,78],"22":[584,116,64],"23":[318,30033],"24":[39,279],"25":[2,37],"26":[39,4],"27":[1020,29013],"28":[64,956],"29":[2,62],"30":[64,6],"31":[2,62],"32":[8,948],"33":[62,886],"34":[56,6],"35":[387,28626],"36":[39,348],"37":[68,280],"38":[2,66],"39":[6011,22615],"40":[117,22498],"41":[2,115],"42":[117,8],"43":[53,6],"44":[152,22],"45":[174,162],"46":[29,19],"47":[8,21],"48":[12,9],"49":[21,17,13],"50":[3,25],"51":[19,6],"52":[4,15],"53":[12,3],"54":[15,11,7],"55":[19,16299],"56":[12396,3903],"57":[29,4240],"58":[1395,2838],"59":[1453,1385],"60":[25,1360],"61":[158,1202],"62":[1360,1243],"63":[75,1306,2374,3168,3373,4359,5070,5138,5233,5462,5468,5471,958],"64":[38,5433],"65":[8,30],"66":[6,24],"67":[52,906],"68":[3,6,9,12,15,21,24,27,30,33,6,15,4],"69":[6,9],"70":[9,901],"71":[910,21,15],"72":[3,6],"73":[6,901],"74":[907,18,12],"75":[3,898],"76":[901,48,15],"77":[3,895],"78":[898,12,6],"79":[167,728],"80":[895,167],"81":[712,16],"82":[7,55],"83":[4,28],"84":[4,24],"85":[20,21],"86":[8,21],"87":[29,25],"88":[623,3],"89":[620,3],"90":[102,518],"91":[32,70],"92":[102,76],"93":[29,41],"94":[4,37],"95":[41,38],"96":[12,546],"97":[28,530],"98":[558,530],"99":[20,8],"100":[28,15],"101":[12,16],"102":[16,526],"103":[471,305],"104":[455,4409],"105":[121,4288],"106":[115,6],"107":[121,117],"108":[6,3,3,10,16,3,3,3,78],"109":[6,10],"110":[62,16],"111":[47,15],"112":[21,41],"113":[62,62],"114":[12,9],"115":[21,15,15],"116":[3,3],"117":[6,3],"118":[8,4280],"119":[16,455],"120":[112,175],"121":[25,87],"122":[7,168],"123":[4,3],"124":[42,126],"125":[25,101],"126":[4,97],"127":[17,42],"128":[5,39],"129":[10,29],"130":[39,10],"131":[7,3],"132":[3,4],"133":[7,27],"134":[67,16,13,7],"135":[5,16],"136":[14,2],"137":[2,12],"138":[1,1],"139":[2,1,1,1,1,1],"140":[5,7],"141":[2,3],"142":[5,4],"143":[1,1],"144":[2,1],"145":[3,2],"146":[1,1],"147":[1,1],"148":[1,1],"149":[1422,11808],"150":[2528,9280],"151":[11808,10577,9509],"152":[471,8809],"153":[9280,9114],"154":[4269,4540],"155":[78,4462],"156":[3,75],"157":[620,3842],"158":[21,3821],"159":[3842,42],"160":[36,290],"161":[326,308],"162":[28,35],"163":[63,49],"164":[506,419],"165":[68,232],"166":[80,232],"167":[16,216],"168":[4,212],"169":[4,208],"170":[88,120],"171":[4,84],"172":[44,40],"173":[84,44],"174":[56,4334],"175":[4390,4366],"176":[4,1227],"177":[1231,1227],"178":[31785,21471],"179":[6127,1168],"180":[836,1549],"181":[1549,1325,1322,1319,1316,1313,1310,1307,1304,1301,1298,1295],"182":[552,964],"183":[27,937],"184":[3,934],"185":[28,906],"186":[934,142],"187":[356,48],"188":[13,35],"189":[21,6],"190":[10,95],"191":[105,52,12],"192":[28,327],"193":[355,339],"194":[10,18],"195":[28,10],"196":[218,36],"197":[53,165],"198":[218,60],"199":[56,109],"200":[165,71],"201":[4,52],"202":[8,28],"203":[36,28],"204":[194,20],"205":[117,97],"206":[53,44],"207":[54,160],"208":[27,27],"209":[14,13],"210":[27,16],"211":[10,3],"212":[14,13],"213":[10,3],"214":[78,96],"215":[3,2784],"216":[3,0],"217":[0,3],"218":[3,3216],"219":[1397,1822],"220":[968,854],"221":[1822,1387],"222":[14,954],"223":[968,60],"224":[144,710],"225":[3,141],"226":[129,12],"227":[113,609],"228":[4,605],"229":[50,555],"230":[202,353],"231":[222,131],"232":[51,80],"233":[131,83],"234":[60,98],"235":[56,13],"236":[4,63],"237":[16,18],"238":[12,1743],"239":[1404,1380,1377],"240":[62,27],"241":[3,24],"242":[2,12],"243":[16,15],"244":[1,1],"245":[833,1946],"246":[64,1882],"247":[1946,1908,70],"248":[20,44],"249":[64,20,20],"250":[8,40],"251":[2467,839],"252":[3306,2654],"253":[52,787],"254":[839,813],"255":[20,32],"256":[52,20,20],"257":[8,28],"258":[20,767],"259":[787,776,773,770],"260":[15,752],"261":[767,758,755],"262":[6,9],"263":[15,6,6],"264":[801,1926],"265":[2727,843],"266":[18,18,21,18,18,6,9,12,15,30,33,36,39,42,31,12,15,21,83,104,36,45,57,1563],"267":[10,21],"268":[2167,234],"269":[168,108],"270":[6,2379],"271":[257,2128],"272":[20,237],"273":[12,225],"274":[237,24,24],"275":[6,1762],"276":[3,6],"277":[181,220],"278":[4,180],"279":[100,821],"280":[12,210],"281":[222,20],"282":[31,183],"283":[3,180],"284":[3,0],"285":[3,0],"286":[123,57],"287":[133,53],"288":[7,15],"289":[3,9],"290":[13,56],"291":[25,31],"292":[56,37],"293":[12,13],"294":[25,18],"295":[15,16],"296":[12,3],"297":[29,15],"298":[34,15],"299":[9,25],"300":[6,28],"301":[30,15],"302":[11,41],"303":[8,3],"304":[13,28],"305":[4,9],"306":[17,11],"307":[8,9],"308":[4,12],"309":[16,7],"310":[10,50],"311":[4,6],"312":[10,10],"313":[13,37],"314":[4,9],"315":[13,4],"316":[23,14],"317":[8,15],"318":[4,21],"319":[25,10],"320":[10,7],"321":[6,30],"322":[21,11],"323":[12,9],"324":[9,11],"325":[8,3],"326":[3,5],"327":[8,5],"328":[6,13],"329":[15,9],"330":[20,22],"331":[42,29,22],"332":[3,17],"333":[9,24],"334":[11,9],"335":[4,7],"336":[4,26],"337":[4,30],"338":[12,18],"339":[30,12,12],"340":[34,7],"341":[6,23],"342":[4,25],"343":[29,7],"344":[24,2564],"345":[548,2016],"346":[54,160,198,136],"347":[691,1461],"348":[60,52,3,20,69,3,38,36,20,30,41,163,86,19,51],"349":[59,1257],"350":[1316,152],"351":[8,51],"352":[494,286],"353":[3,275],"354":[261,14],"355":[10,251],"356":[10,4],"357":[14,10],"358":[305,285],"359":[4,93],"360":[111,313],"361":[52,76],"362":[20,32],"363":[16,36],"364":[68,8],"365":[16,52],"366":[12,40],"367":[14,26],"368":[95,33],"369":[40,275],"370":[12,28],"371":[25,250],"372":[4,246],"373":[49,242],"374":[44,63],"375":[107,77],"376":[22,41],"377":[63,33],"378":[68,61],"379":[32,36],"380":[16,16],"381":[14,22],"382":[4,18],"383":[29,88],"384":[24,69],"385":[93,48],"386":[14,55],"387":[69,24],"388":[987,1702],"389":[25,41,332,614],"390":[1690,12],"391":[1740,146],"392":[3,143],"393":[80,63],"394":[6,74],"395":[30,33],"396":[63,63],"397":[4,1040],"398":[31,68],"399":[22,9],"400":[391,5094],"401":[29,362],"402":[2,27],"403":[29,4],"404":[9,353],"405":[431,4663],"406":[34,397],"407":[5,29],"408":[34,12],"409":[2,32],"410":[8,389],"411":[64,325],"412":[58,6],"413":[193,4470],"414":[41,152],"415":[3,38],"416":[70,82],"417":[2,68],"418":[1258,3212],"419":[39,3173],"420":[2,37],"421":[39,8],"422":[38,25],"423":[36,27],"424":[203,70],"425":[24,7],"426":[24,0],"427":[24,0],"428":[24,24],"429":[24,0],"430":[24,3],"431":[136,59],"432":[136,59],"433":[52,0],"434":[52,0],"435":[4628,24],"436":[4628,24],"437":[4,16],"438":[24,22],"439":[2,2],"440":[16,1448],"441":[1590,1550,1544],"442":[80,46],"443":[6,40],"444":[12596,15238],"445":[27834,27834,12932],"446":[8250,4346],"447":[12596,8670,4324],"448":[13764,13674],"449":[168,698],"450":[158,708],"451":[866,0],"452":[54,812],"453":[866,850],"454":[16,38],"455":[46,8],"456":[68,744],"457":[866,0],"458":[54,812],"459":[866,850],"460":[16,38],"461":[46,8],"462":[68,744],"463":[4498,7534],"464":[12032,11974],"465":[24,12008],"466":[12032,11974],"467":[540,11492],"468":[495,1487],"469":[767,1215],"470":[1982,1223],"471":[74,1908],"472":[495,1487],"473":[767,1215],"474":[1982,1223],"475":[74,1908],"476":[168,0],"477":[4,0],"478":[7,22],"479":[29,8],"480":[28,1],"481":[29,8],"482":[29,13],"483":[29,13],"484":[17,12],"485":[29,17],"486":[13,16],"487":[29,13],"488":[28,1],"489":[0,28],"490":[0,0],"491":[1,24],"492":[1,4],"493":[12,8],"494":[12,8],"495":[7,1946],"496":[1953,385],"497":[1950,3],"498":[1945,8],"499":[1945,1097],"500":[1945,1097],"501":[4,1941],"502":[1945,746,746],"503":[45,1900],"504":[1945,1097],"505":[478,1467],"506":[1945,1521],"507":[68,1877],"508":[1945,1097],"509":[1950,3],"510":[0,1950],"511":[0,0],"512":[54,1051],"513":[45,1060],"514":[68,1037],"515":[754,351],"516":[1105,359],"517":[1,0],"518":[41,0],"519":[1,0]},"f":{"1":1,"2":1,"3":1596,"4":6261,"5":224,"6":266,"7":33096,"8":32500,"9":9442,"10":16378,"11":88,"12":632,"13":611,"14":2838,"15":24825,"16":59,"17":48,"18":4240,"19":4269,"20":6429,"21":32,"22":29,"23":623,"24":471,"25":67,"26":67,"27":21,"28":13254,"29":11238,"30":2016,"31":4734,"32":42,"33":221,"34":326,"35":486,"36":36,"37":138,"38":22,"39":6,"40":24,"41":3,"42":12,"43":54,"44":1295,"45":30,"46":15,"47":47,"48":158,"49":2608,"50":18,"51":27,"52":1120,"53":75,"54":34,"55":106,"56":40,"57":1105,"58":214,"59":32,"60":6,"61":20,"62":12,"63":3,"64":18,"65":25,"66":63,"67":133,"68":186,"69":54,"70":11,"71":3,"72":211,"73":925,"74":336,"75":300,"76":312,"77":4390,"78":1231,"79":31785,"80":6127,"81":2385,"82":1516,"83":356,"84":50,"85":105,"86":355,"87":254,"88":202,"89":170,"90":2787,"91":3,"92":3219,"93":158,"94":67,"95":67,"96":12,"97":34,"98":1755,"99":14,"100":3219,"101":3306,"102":2727,"103":2877,"104":2877,"105":2877,"106":2252,"107":229,"108":229,"109":921,"110":282,"111":229,"112":163,"113":41,"114":54,"115":198,"116":38,"117":20,"118":86,"119":25,"120":69,"121":52,"122":60,"123":36,"124":19,"125":24,"126":20,"127":30,"128":34,"129":41,"130":3,"131":2588,"132":513,"133":424,"134":335,"135":129,"136":2689,"137":1817,"138":1953,"139":99,"140":3561,"141":66,"142":282,"143":40,"144":65,"145":13568,"146":12214,"147":52,"148":4652,"149":52,"150":20,"151":1464,"152":9004,"153":767,"154":20709,"155":13764,"156":866,"157":12032,"158":1982,"159":1982,"160":4,"161":29,"162":1953,"163":68,"164":1},"fnMap":{"1":{"name":"(anonymous_1)","line":41,"loc":{"start":{"line":41,"column":1},"end":{"line":41,"column":26}}},"2":{"name":"(anonymous_2)","line":53,"loc":{"start":{"line":53,"column":8},"end":{"line":53,"column":27}}},"3":{"name":"assert","line":212,"loc":{"start":{"line":212,"column":4},"end":{"line":212,"column":40}}},"4":{"name":"isDecimalDigit","line":218,"loc":{"start":{"line":218,"column":4},"end":{"line":218,"column":32}}},"5":{"name":"isHexDigit","line":222,"loc":{"start":{"line":222,"column":4},"end":{"line":222,"column":28}}},"6":{"name":"isOctalDigit","line":226,"loc":{"start":{"line":226,"column":4},"end":{"line":226,"column":30}}},"7":{"name":"isWhiteSpace","line":233,"loc":{"start":{"line":233,"column":4},"end":{"line":233,"column":30}}},"8":{"name":"isLineTerminator","line":244,"loc":{"start":{"line":244,"column":4},"end":{"line":244,"column":34}}},"9":{"name":"isIdentifierStart","line":250,"loc":{"start":{"line":250,"column":4},"end":{"line":250,"column":35}}},"10":{"name":"isIdentifierPart","line":258,"loc":{"start":{"line":258,"column":4},"end":{"line":258,"column":34}}},"11":{"name":"isFutureReservedWord","line":269,"loc":{"start":{"line":269,"column":4},"end":{"line":269,"column":38}}},"12":{"name":"isStrictModeReservedWord","line":283,"loc":{"start":{"line":283,"column":4},"end":{"line":283,"column":42}}},"13":{"name":"isRestrictedWord","line":300,"loc":{"start":{"line":300,"column":4},"end":{"line":300,"column":34}}},"14":{"name":"isKeyword","line":306,"loc":{"start":{"line":306,"column":4},"end":{"line":306,"column":27}}},"15":{"name":"skipComment","line":344,"loc":{"start":{"line":344,"column":4},"end":{"line":344,"column":27}}},"16":{"name":"scanHexEscape","line":419,"loc":{"start":{"line":419,"column":4},"end":{"line":419,"column":35}}},"17":{"name":"getEscapedIdentifier","line":434,"loc":{"start":{"line":434,"column":4},"end":{"line":434,"column":36}}},"18":{"name":"getIdentifier","line":479,"loc":{"start":{"line":479,"column":4},"end":{"line":479,"column":29}}},"19":{"name":"scanIdentifier","line":500,"loc":{"start":{"line":500,"column":4},"end":{"line":500,"column":30}}},"20":{"name":"scanPunctuator","line":534,"loc":{"start":{"line":534,"column":4},"end":{"line":534,"column":30}}},"21":{"name":"scanHexLiteral","line":706,"loc":{"start":{"line":706,"column":4},"end":{"line":706,"column":35}}},"22":{"name":"scanOctalLiteral","line":733,"loc":{"start":{"line":733,"column":4},"end":{"line":733,"column":37}}},"23":{"name":"scanNumericLiteral","line":756,"loc":{"start":{"line":756,"column":4},"end":{"line":756,"column":34}}},"24":{"name":"scanStringLiteral","line":831,"loc":{"start":{"line":831,"column":4},"end":{"line":831,"column":33}}},"25":{"name":"scanRegExp","line":935,"loc":{"start":{"line":935,"column":4},"end":{"line":935,"column":26}}},"26":{"name":"isIdentifierName","line":1037,"loc":{"start":{"line":1037,"column":4},"end":{"line":1037,"column":37}}},"27":{"name":"advanceSlash","line":1044,"loc":{"start":{"line":1044,"column":4},"end":{"line":1044,"column":28}}},"28":{"name":"advance","line":1104,"loc":{"start":{"line":1104,"column":4},"end":{"line":1104,"column":23}}},"29":{"name":"lex","line":1155,"loc":{"start":{"line":1155,"column":4},"end":{"line":1155,"column":19}}},"30":{"name":"peek","line":1172,"loc":{"start":{"line":1172,"column":4},"end":{"line":1172,"column":20}}},"31":{"name":"(anonymous_31)","line":1188,"loc":{"start":{"line":1188,"column":21},"end":{"line":1188,"column":37}}},"32":{"name":"(anonymous_32)","line":1192,"loc":{"start":{"line":1192,"column":31},"end":{"line":1192,"column":51}}},"33":{"name":"(anonymous_33)","line":1199,"loc":{"start":{"line":1199,"column":36},"end":{"line":1199,"column":69}}},"34":{"name":"(anonymous_34)","line":1208,"loc":{"start":{"line":1208,"column":32},"end":{"line":1208,"column":65}}},"35":{"name":"(anonymous_35)","line":1219,"loc":{"start":{"line":1219,"column":30},"end":{"line":1219,"column":46}}},"36":{"name":"(anonymous_36)","line":1226,"loc":{"start":{"line":1226,"column":30},"end":{"line":1226,"column":47}}},"37":{"name":"(anonymous_37)","line":1233,"loc":{"start":{"line":1233,"column":30},"end":{"line":1233,"column":54}}},"38":{"name":"(anonymous_38)","line":1241,"loc":{"start":{"line":1241,"column":27},"end":{"line":1241,"column":50}}},"39":{"name":"(anonymous_39)","line":1249,"loc":{"start":{"line":1249,"column":37},"end":{"line":1249,"column":76}}},"40":{"name":"(anonymous_40)","line":1258,"loc":{"start":{"line":1258,"column":33},"end":{"line":1258,"column":50}}},"41":{"name":"(anonymous_41)","line":1265,"loc":{"start":{"line":1265,"column":33},"end":{"line":1265,"column":45}}},"42":{"name":"(anonymous_42)","line":1271,"loc":{"start":{"line":1271,"column":32},"end":{"line":1271,"column":54}}},"43":{"name":"(anonymous_43)","line":1279,"loc":{"start":{"line":1279,"column":30},"end":{"line":1279,"column":42}}},"44":{"name":"(anonymous_44)","line":1285,"loc":{"start":{"line":1285,"column":35},"end":{"line":1285,"column":57}}},"45":{"name":"(anonymous_45)","line":1292,"loc":{"start":{"line":1292,"column":28},"end":{"line":1292,"column":64}}},"46":{"name":"(anonymous_46)","line":1302,"loc":{"start":{"line":1302,"column":30},"end":{"line":1302,"column":59}}},"47":{"name":"(anonymous_47)","line":1312,"loc":{"start":{"line":1312,"column":35},"end":{"line":1312,"column":73}}},"48":{"name":"(anonymous_48)","line":1325,"loc":{"start":{"line":1325,"column":34},"end":{"line":1325,"column":72}}},"49":{"name":"(anonymous_49)","line":1338,"loc":{"start":{"line":1338,"column":26},"end":{"line":1338,"column":42}}},"50":{"name":"(anonymous_50)","line":1345,"loc":{"start":{"line":1345,"column":27},"end":{"line":1345,"column":66}}},"51":{"name":"(anonymous_51)","line":1354,"loc":{"start":{"line":1354,"column":32},"end":{"line":1354,"column":55}}},"52":{"name":"(anonymous_52)","line":1362,"loc":{"start":{"line":1362,"column":23},"end":{"line":1362,"column":40}}},"53":{"name":"(anonymous_53)","line":1370,"loc":{"start":{"line":1370,"column":32},"end":{"line":1370,"column":70}}},"54":{"name":"(anonymous_54)","line":1379,"loc":{"start":{"line":1379,"column":29},"end":{"line":1379,"column":53}}},"55":{"name":"(anonymous_55)","line":1387,"loc":{"start":{"line":1387,"column":32},"end":{"line":1387,"column":54}}},"56":{"name":"(anonymous_56)","line":1394,"loc":{"start":{"line":1394,"column":33},"end":{"line":1394,"column":63}}},"57":{"name":"(anonymous_57)","line":1403,"loc":{"start":{"line":1403,"column":23},"end":{"line":1403,"column":39}}},"58":{"name":"(anonymous_58)","line":1410,"loc":{"start":{"line":1410,"column":24},"end":{"line":1410,"column":52}}},"59":{"name":"(anonymous_59)","line":1419,"loc":{"start":{"line":1419,"column":31},"end":{"line":1419,"column":51}}},"60":{"name":"(anonymous_60)","line":1426,"loc":{"start":{"line":1426,"column":34},"end":{"line":1426,"column":57}}},"61":{"name":"(anonymous_61)","line":1433,"loc":{"start":{"line":1433,"column":26},"end":{"line":1433,"column":54}}},"62":{"name":"(anonymous_62)","line":1441,"loc":{"start":{"line":1441,"column":31},"end":{"line":1441,"column":62}}},"63":{"name":"(anonymous_63)","line":1449,"loc":{"start":{"line":1449,"column":30},"end":{"line":1449,"column":42}}},"64":{"name":"(anonymous_64)","line":1455,"loc":{"start":{"line":1455,"column":30},"end":{"line":1455,"column":50}}},"65":{"name":"(anonymous_65)","line":1462,"loc":{"start":{"line":1462,"column":28},"end":{"line":1462,"column":83}}},"66":{"name":"(anonymous_66)","line":1472,"loc":{"start":{"line":1472,"column":31},"end":{"line":1472,"column":61}}},"67":{"name":"(anonymous_67)","line":1488,"loc":{"start":{"line":1488,"column":35},"end":{"line":1488,"column":65}}},"68":{"name":"(anonymous_68)","line":1496,"loc":{"start":{"line":1496,"column":34},"end":{"line":1496,"column":70}}},"69":{"name":"(anonymous_69)","line":1505,"loc":{"start":{"line":1505,"column":30},"end":{"line":1505,"column":52}}},"70":{"name":"(anonymous_70)","line":1513,"loc":{"start":{"line":1513,"column":29},"end":{"line":1513,"column":53}}},"71":{"name":"(anonymous_71)","line":1521,"loc":{"start":{"line":1521,"column":23},"end":{"line":1521,"column":39}}},"72":{"name":"peekLineTerminator","line":1531,"loc":{"start":{"line":1531,"column":4},"end":{"line":1531,"column":34}}},"73":{"name":"throwError","line":1548,"loc":{"start":{"line":1548,"column":4},"end":{"line":1548,"column":46}}},"74":{"name":"(anonymous_74)","line":1553,"loc":{"start":{"line":1553,"column":16},"end":{"line":1553,"column":40}}},"75":{"name":"throwErrorTolerant","line":1575,"loc":{"start":{"line":1575,"column":4},"end":{"line":1575,"column":34}}},"76":{"name":"throwUnexpected","line":1590,"loc":{"start":{"line":1590,"column":4},"end":{"line":1590,"column":36}}},"77":{"name":"expect","line":1624,"loc":{"start":{"line":1624,"column":4},"end":{"line":1624,"column":27}}},"78":{"name":"expectKeyword","line":1634,"loc":{"start":{"line":1634,"column":4},"end":{"line":1634,"column":36}}},"79":{"name":"match","line":1643,"loc":{"start":{"line":1643,"column":4},"end":{"line":1643,"column":26}}},"80":{"name":"matchKeyword","line":1649,"loc":{"start":{"line":1649,"column":4},"end":{"line":1649,"column":35}}},"81":{"name":"matchAssign","line":1655,"loc":{"start":{"line":1655,"column":4},"end":{"line":1655,"column":27}}},"82":{"name":"consumeSemicolon","line":1676,"loc":{"start":{"line":1676,"column":4},"end":{"line":1676,"column":32}}},"83":{"name":"isLeftHandSide","line":1703,"loc":{"start":{"line":1703,"column":4},"end":{"line":1703,"column":34}}},"84":{"name":"parseArrayInitialiser","line":1709,"loc":{"start":{"line":1709,"column":4},"end":{"line":1709,"column":37}}},"85":{"name":"parsePropertyFunction","line":1734,"loc":{"start":{"line":1734,"column":4},"end":{"line":1734,"column":49}}},"86":{"name":"parseObjectPropertyKey","line":1746,"loc":{"start":{"line":1746,"column":4},"end":{"line":1746,"column":38}}},"87":{"name":"parseObjectProperty","line":1762,"loc":{"start":{"line":1762,"column":4},"end":{"line":1762,"column":35}}},"88":{"name":"parseObjectInitialiser","line":1806,"loc":{"start":{"line":1806,"column":4},"end":{"line":1806,"column":38}}},"89":{"name":"parseGroupExpression","line":1855,"loc":{"start":{"line":1855,"column":4},"end":{"line":1855,"column":36}}},"90":{"name":"applyCast","line":1867,"loc":{"start":{"line":1867,"column":1},"end":{"line":1867,"column":33}}},"91":{"name":"parseCastExpression","line":1875,"loc":{"start":{"line":1875,"column":1},"end":{"line":1875,"column":32}}},"92":{"name":"parsePrimaryExpression","line":1898,"loc":{"start":{"line":1898,"column":4},"end":{"line":1898,"column":38}}},"93":{"name":"parseArguments","line":1962,"loc":{"start":{"line":1962,"column":4},"end":{"line":1962,"column":30}}},"94":{"name":"parseNonComputedProperty","line":1982,"loc":{"start":{"line":1982,"column":4},"end":{"line":1982,"column":40}}},"95":{"name":"parseNonComputedMember","line":1992,"loc":{"start":{"line":1992,"column":4},"end":{"line":1992,"column":38}}},"96":{"name":"parseComputedMember","line":1998,"loc":{"start":{"line":1998,"column":4},"end":{"line":1998,"column":35}}},"97":{"name":"parseNewExpression","line":2010,"loc":{"start":{"line":2010,"column":4},"end":{"line":2010,"column":34}}},"98":{"name":"parseLeftHandSideExpressionAllowCall","line":2020,"loc":{"start":{"line":2020,"column":4},"end":{"line":2020,"column":52}}},"99":{"name":"parseLeftHandSideExpression","line":2042,"loc":{"start":{"line":2042,"column":4},"end":{"line":2042,"column":43}}},"100":{"name":"parsePostfixExpression","line":2062,"loc":{"start":{"line":2062,"column":4},"end":{"line":2062,"column":38}}},"101":{"name":"parseUnaryExpression","line":2088,"loc":{"start":{"line":2088,"column":4},"end":{"line":2088,"column":36}}},"102":{"name":"binaryPrecedence","line":2129,"loc":{"start":{"line":2129,"column":4},"end":{"line":2129,"column":46}}},"103":{"name":"parseBinaryExpression","line":2208,"loc":{"start":{"line":2208,"column":4},"end":{"line":2208,"column":37}}},"104":{"name":"parseConditionalExpression","line":2258,"loc":{"start":{"line":2258,"column":4},"end":{"line":2258,"column":42}}},"105":{"name":"parseAssignmentExpression","line":2280,"loc":{"start":{"line":2280,"column":4},"end":{"line":2280,"column":41}}},"106":{"name":"parseExpression","line":2306,"loc":{"start":{"line":2306,"column":4},"end":{"line":2306,"column":31}}},"107":{"name":"parseStatementList","line":2326,"loc":{"start":{"line":2326,"column":4},"end":{"line":2326,"column":34}}},"108":{"name":"parseBlock","line":2344,"loc":{"start":{"line":2344,"column":4},"end":{"line":2344,"column":26}}},"109":{"name":"parseVariableIdentifier","line":2358,"loc":{"start":{"line":2358,"column":4},"end":{"line":2358,"column":39}}},"110":{"name":"parseVariableDeclaration","line":2368,"loc":{"start":{"line":2368,"column":4},"end":{"line":2368,"column":44}}},"111":{"name":"parseVariableDeclarationList","line":2403,"loc":{"start":{"line":2403,"column":4},"end":{"line":2403,"column":48}}},"112":{"name":"parseVariableStatement","line":2417,"loc":{"start":{"line":2417,"column":4},"end":{"line":2417,"column":38}}},"113":{"name":"parseConstLetDeclaration","line":2433,"loc":{"start":{"line":2433,"column":4},"end":{"line":2433,"column":44}}},"114":{"name":"parseEmptyStatement","line":2447,"loc":{"start":{"line":2447,"column":4},"end":{"line":2447,"column":35}}},"115":{"name":"parseExpressionStatement","line":2454,"loc":{"start":{"line":2454,"column":4},"end":{"line":2454,"column":40}}},"116":{"name":"parseIfStatement","line":2462,"loc":{"start":{"line":2462,"column":4},"end":{"line":2462,"column":32}}},"117":{"name":"parseDoWhileStatement","line":2487,"loc":{"start":{"line":2487,"column":4},"end":{"line":2487,"column":37}}},"118":{"name":"parseWhileStatement","line":2514,"loc":{"start":{"line":2514,"column":4},"end":{"line":2514,"column":35}}},"119":{"name":"parseForVariableDeclaration","line":2535,"loc":{"start":{"line":2535,"column":4},"end":{"line":2535,"column":43}}},"120":{"name":"parseForStatement","line":2542,"loc":{"start":{"line":2542,"column":4},"end":{"line":2542,"column":33}}},"121":{"name":"parseContinueStatement","line":2616,"loc":{"start":{"line":2616,"column":4},"end":{"line":2616,"column":38}}},"122":{"name":"parseBreakStatement","line":2660,"loc":{"start":{"line":2660,"column":4},"end":{"line":2660,"column":35}}},"123":{"name":"parseReturnStatement","line":2704,"loc":{"start":{"line":2704,"column":4},"end":{"line":2704,"column":36}}},"124":{"name":"parseWithStatement","line":2739,"loc":{"start":{"line":2739,"column":4},"end":{"line":2739,"column":34}}},"125":{"name":"parseSwitchCase","line":2761,"loc":{"start":{"line":2761,"column":4},"end":{"line":2761,"column":31}}},"126":{"name":"parseSwitchStatement","line":2786,"loc":{"start":{"line":2786,"column":4},"end":{"line":2786,"column":36}}},"127":{"name":"parseThrowStatement","line":2833,"loc":{"start":{"line":2833,"column":4},"end":{"line":2833,"column":35}}},"128":{"name":"parseCatchClause","line":2851,"loc":{"start":{"line":2851,"column":4},"end":{"line":2851,"column":32}}},"129":{"name":"parseTryStatement","line":2872,"loc":{"start":{"line":2872,"column":4},"end":{"line":2872,"column":33}}},"130":{"name":"parseDebuggerStatement","line":2897,"loc":{"start":{"line":2897,"column":4},"end":{"line":2897,"column":38}}},"131":{"name":"parseStatement","line":2907,"loc":{"start":{"line":2907,"column":4},"end":{"line":2907,"column":30}}},"132":{"name":"parseFunctionSourceElements","line":2989,"loc":{"start":{"line":2989,"column":4},"end":{"line":2989,"column":43}}},"133":{"name":"parseParams","line":3051,"loc":{"start":{"line":3051,"column":4},"end":{"line":3051,"column":42}}},"134":{"name":"parseFunctionDeclaration","line":3101,"loc":{"start":{"line":3101,"column":4},"end":{"line":3101,"column":40}}},"135":{"name":"parseFunctionExpression","line":3142,"loc":{"start":{"line":3142,"column":4},"end":{"line":3142,"column":39}}},"136":{"name":"parseSourceElement","line":3188,"loc":{"start":{"line":3188,"column":4},"end":{"line":3188,"column":34}}},"137":{"name":"parseSourceElements","line":3206,"loc":{"start":{"line":3206,"column":4},"end":{"line":3206,"column":35}}},"138":{"name":"parseProgram","line":3244,"loc":{"start":{"line":3244,"column":4},"end":{"line":3244,"column":28}}},"139":{"name":"addComment","line":3255,"loc":{"start":{"line":3255,"column":4},"end":{"line":3255,"column":54}}},"140":{"name":"scanComment","line":3276,"loc":{"start":{"line":3276,"column":4},"end":{"line":3276,"column":27}}},"141":{"name":"filterCommentLocation","line":3398,"loc":{"start":{"line":3398,"column":4},"end":{"line":3398,"column":37}}},"142":{"name":"collectToken","line":3419,"loc":{"start":{"line":3419,"column":4},"end":{"line":3419,"column":28}}},"143":{"name":"collectRegex","line":3451,"loc":{"start":{"line":3451,"column":4},"end":{"line":3451,"column":28}}},"144":{"name":"filterTokenLocation","line":3492,"loc":{"start":{"line":3492,"column":4},"end":{"line":3492,"column":35}}},"145":{"name":"createLocationMarker","line":3513,"loc":{"start":{"line":3513,"column":4},"end":{"line":3513,"column":36}}},"146":{"name":"(anonymous_146)","line":3528,"loc":{"start":{"line":3528,"column":21},"end":{"line":3528,"column":33}}},"147":{"name":"(anonymous_147)","line":3534,"loc":{"start":{"line":3534,"column":28},"end":{"line":3534,"column":44}}},"148":{"name":"(anonymous_148)","line":3553,"loc":{"start":{"line":3553,"column":23},"end":{"line":3553,"column":39}}},"149":{"name":"trackGroupExpression","line":3575,"loc":{"start":{"line":3575,"column":4},"end":{"line":3575,"column":36}}},"150":{"name":"trackLeftHandSideExpression","line":3592,"loc":{"start":{"line":3592,"column":4},"end":{"line":3592,"column":43}}},"151":{"name":"trackLeftHandSideExpressionAllowCall","line":3617,"loc":{"start":{"line":3617,"column":4},"end":{"line":3617,"column":52}}},"152":{"name":"filterGroup","line":3647,"loc":{"start":{"line":3647,"column":4},"end":{"line":3647,"column":31}}},"153":{"name":"wrapTrackingFunction","line":3661,"loc":{"start":{"line":3661,"column":4},"end":{"line":3661,"column":46}}},"154":{"name":"(anonymous_154)","line":3663,"loc":{"start":{"line":3663,"column":15},"end":{"line":3663,"column":40}}},"155":{"name":"isBinary","line":3665,"loc":{"start":{"line":3665,"column":12},"end":{"line":3665,"column":36}}},"156":{"name":"visit","line":3670,"loc":{"start":{"line":3670,"column":12},"end":{"line":3670,"column":33}}},"157":{"name":"(anonymous_157)","line":3710,"loc":{"start":{"line":3710,"column":19},"end":{"line":3710,"column":31}}},"158":{"name":"patch","line":3736,"loc":{"start":{"line":3736,"column":4},"end":{"line":3736,"column":21}}},"159":{"name":"unpatch","line":3821,"loc":{"start":{"line":3821,"column":4},"end":{"line":3821,"column":23}}},"160":{"name":"extend","line":3866,"loc":{"start":{"line":3866,"column":4},"end":{"line":3866,"column":40}}},"161":{"name":"tokenize","line":3884,"loc":{"start":{"line":3884,"column":4},"end":{"line":3884,"column":37}}},"162":{"name":"parse","line":3986,"loc":{"start":{"line":3986,"column":4},"end":{"line":3986,"column":34}}},"163":{"name":"(anonymous_163)","line":4016,"loc":{"start":{"line":4016,"column":35},"end":{"line":4016,"column":51}}},"164":{"name":"(anonymous_164)","line":4080,"loc":{"start":{"line":4080,"column":22},"end":{"line":4080,"column":34}}}},"statementMap":{"1":{"start":{"line":41,"column":0},"end":{"line":4100,"column":4}},"2":{"start":{"line":42,"column":4},"end":{"line":42,"column":17}},"3":{"start":{"line":46,"column":4},"end":{"line":52,"column":5}},"4":{"start":{"line":47,"column":8},"end":{"line":47,"column":37}},"5":{"start":{"line":48,"column":11},"end":{"line":52,"column":5}},"6":{"start":{"line":49,"column":8},"end":{"line":49,"column":25}},"7":{"start":{"line":51,"column":8},"end":{"line":51,"column":37}},"8":{"start":{"line":54,"column":4},"end":{"line":54,"column":17}},"9":{"start":{"line":56,"column":4},"end":{"line":73,"column":14}},"10":{"start":{"line":75,"column":4},"end":{"line":87,"column":6}},"11":{"start":{"line":89,"column":4},"end":{"line":89,"column":19}},"12":{"start":{"line":90,"column":4},"end":{"line":90,"column":48}},"13":{"start":{"line":91,"column":4},"end":{"line":91,"column":35}},"14":{"start":{"line":92,"column":4},"end":{"line":92,"column":47}},"15":{"start":{"line":93,"column":4},"end":{"line":93,"column":41}},"16":{"start":{"line":94,"column":4},"end":{"line":94,"column":42}},"17":{"start":{"line":95,"column":4},"end":{"line":95,"column":48}},"18":{"start":{"line":96,"column":4},"end":{"line":96,"column":47}},"19":{"start":{"line":97,"column":4},"end":{"line":97,"column":46}},"20":{"start":{"line":98,"column":4},"end":{"line":98,"column":61}},"21":{"start":{"line":100,"column":1},"end":{"line":100,"column":52}},"22":{"start":{"line":103,"column":4},"end":{"line":111,"column":49}},"23":{"start":{"line":113,"column":4},"end":{"line":156,"column":6}},"24":{"start":{"line":158,"column":4},"end":{"line":162,"column":6}},"25":{"start":{"line":165,"column":4},"end":{"line":199,"column":6}},"26":{"start":{"line":202,"column":4},"end":{"line":205,"column":6}},"27":{"start":{"line":212,"column":4},"end":{"line":216,"column":5}},"28":{"start":{"line":213,"column":8},"end":{"line":215,"column":9}},"29":{"start":{"line":214,"column":12},"end":{"line":214,"column":50}},"30":{"start":{"line":218,"column":4},"end":{"line":220,"column":5}},"31":{"start":{"line":219,"column":8},"end":{"line":219,"column":38}},"32":{"start":{"line":222,"column":4},"end":{"line":224,"column":5}},"33":{"start":{"line":223,"column":8},"end":{"line":223,"column":57}},"34":{"start":{"line":226,"column":4},"end":{"line":228,"column":5}},"35":{"start":{"line":227,"column":8},"end":{"line":227,"column":43}},"36":{"start":{"line":233,"column":4},"end":{"line":240,"column":5}},"37":{"start":{"line":234,"column":8},"end":{"line":239,"column":172}},"38":{"start":{"line":244,"column":4},"end":{"line":246,"column":5}},"39":{"start":{"line":245,"column":8},"end":{"line":245,"column":80}},"40":{"start":{"line":250,"column":4},"end":{"line":256,"column":5}},"41":{"start":{"line":251,"column":8},"end":{"line":255,"column":90}},"42":{"start":{"line":258,"column":4},"end":{"line":265,"column":5}},"43":{"start":{"line":259,"column":8},"end":{"line":264,"column":89}},"44":{"start":{"line":269,"column":4},"end":{"line":281,"column":5}},"45":{"start":{"line":270,"column":8},"end":{"line":280,"column":9}},"46":{"start":{"line":277,"column":12},"end":{"line":277,"column":24}},"47":{"start":{"line":279,"column":12},"end":{"line":279,"column":25}},"48":{"start":{"line":283,"column":4},"end":{"line":298,"column":5}},"49":{"start":{"line":284,"column":8},"end":{"line":297,"column":9}},"50":{"start":{"line":294,"column":12},"end":{"line":294,"column":24}},"51":{"start":{"line":296,"column":12},"end":{"line":296,"column":25}},"52":{"start":{"line":300,"column":4},"end":{"line":302,"column":5}},"53":{"start":{"line":301,"column":8},"end":{"line":301,"column":51}},"54":{"start":{"line":306,"column":4},"end":{"line":340,"column":5}},"55":{"start":{"line":307,"column":8},"end":{"line":309,"column":9}},"56":{"start":{"line":308,"column":12},"end":{"line":308,"column":24}},"57":{"start":{"line":315,"column":8},"end":{"line":339,"column":9}},"58":{"start":{"line":317,"column":12},"end":{"line":317,"column":67}},"59":{"start":{"line":319,"column":12},"end":{"line":320,"column":49}},"60":{"start":{"line":322,"column":12},"end":{"line":323,"column":70}},"61":{"start":{"line":325,"column":12},"end":{"line":327,"column":53}},"62":{"start":{"line":329,"column":12},"end":{"line":330,"column":76}},"63":{"start":{"line":332,"column":12},"end":{"line":332,"column":82}},"64":{"start":{"line":334,"column":12},"end":{"line":334,"column":85}},"65":{"start":{"line":336,"column":12},"end":{"line":336,"column":41}},"66":{"start":{"line":338,"column":12},"end":{"line":338,"column":25}},"67":{"start":{"line":344,"column":4},"end":{"line":417,"column":5}},"68":{"start":{"line":345,"column":8},"end":{"line":345,"column":42}},"69":{"start":{"line":347,"column":8},"end":{"line":347,"column":29}},"70":{"start":{"line":348,"column":8},"end":{"line":348,"column":28}},"71":{"start":{"line":350,"column":8},"end":{"line":416,"column":9}},"72":{"start":{"line":351,"column":12},"end":{"line":351,"column":42}},"73":{"start":{"line":353,"column":12},"end":{"line":415,"column":13}},"74":{"start":{"line":354,"column":16},"end":{"line":354,"column":24}},"75":{"start":{"line":355,"column":16},"end":{"line":362,"column":17}},"76":{"start":{"line":356,"column":20},"end":{"line":356,"column":40}},"77":{"start":{"line":357,"column":20},"end":{"line":359,"column":21}},"78":{"start":{"line":358,"column":24},"end":{"line":358,"column":32}},"79":{"start":{"line":360,"column":20},"end":{"line":360,"column":33}},"80":{"start":{"line":361,"column":20},"end":{"line":361,"column":38}},"81":{"start":{"line":363,"column":19},"end":{"line":415,"column":13}},"82":{"start":{"line":364,"column":16},"end":{"line":387,"column":17}},"83":{"start":{"line":365,"column":20},"end":{"line":367,"column":21}},"84":{"start":{"line":366,"column":24},"end":{"line":366,"column":32}},"85":{"start":{"line":368,"column":20},"end":{"line":368,"column":33}},"86":{"start":{"line":369,"column":20},"end":{"line":369,"column":28}},"87":{"start":{"line":370,"column":20},"end":{"line":370,"column":38}},"88":{"start":{"line":371,"column":20},"end":{"line":373,"column":21}},"89":{"start":{"line":372,"column":24},"end":{"line":372,"column":76}},"90":{"start":{"line":375,"column":20},"end":{"line":375,"column":52}},"91":{"start":{"line":376,"column":20},"end":{"line":378,"column":21}},"92":{"start":{"line":377,"column":24},"end":{"line":377,"column":76}},"93":{"start":{"line":380,"column":20},"end":{"line":386,"column":21}},"94":{"start":{"line":381,"column":24},"end":{"line":381,"column":54}},"95":{"start":{"line":382,"column":24},"end":{"line":385,"column":25}},"96":{"start":{"line":383,"column":28},"end":{"line":383,"column":36}},"97":{"start":{"line":384,"column":28},"end":{"line":384,"column":49}},"98":{"start":{"line":388,"column":19},"end":{"line":415,"column":13}},"99":{"start":{"line":389,"column":16},"end":{"line":389,"column":50}},"100":{"start":{"line":391,"column":16},"end":{"line":403,"column":17}},"101":{"start":{"line":392,"column":20},"end":{"line":392,"column":31}},"102":{"start":{"line":393,"column":20},"end":{"line":393,"column":39}},"103":{"start":{"line":394,"column":23},"end":{"line":403,"column":17}},"104":{"start":{"line":396,"column":20},"end":{"line":396,"column":31}},"105":{"start":{"line":397,"column":20},"end":{"line":397,"column":40}},"106":{"start":{"line":398,"column":20},"end":{"line":400,"column":21}},"107":{"start":{"line":399,"column":24},"end":{"line":399,"column":76}},"108":{"start":{"line":402,"column":20},"end":{"line":402,"column":26}},"109":{"start":{"line":404,"column":19},"end":{"line":415,"column":13}},"110":{"start":{"line":405,"column":16},"end":{"line":405,"column":24}},"111":{"start":{"line":406,"column":19},"end":{"line":415,"column":13}},"112":{"start":{"line":407,"column":16},"end":{"line":407,"column":24}},"113":{"start":{"line":408,"column":16},"end":{"line":410,"column":17}},"114":{"start":{"line":409,"column":20},"end":{"line":409,"column":28}},"115":{"start":{"line":411,"column":16},"end":{"line":411,"column":29}},"116":{"start":{"line":412,"column":16},"end":{"line":412,"column":34}},"117":{"start":{"line":414,"column":16},"end":{"line":414,"column":22}},"118":{"start":{"line":419,"column":4},"end":{"line":432,"column":5}},"119":{"start":{"line":420,"column":8},"end":{"line":420,"column":33}},"120":{"start":{"line":422,"column":8},"end":{"line":422,"column":39}},"121":{"start":{"line":423,"column":8},"end":{"line":430,"column":9}},"122":{"start":{"line":424,"column":12},"end":{"line":429,"column":13}},"123":{"start":{"line":425,"column":16},"end":{"line":425,"column":37}},"124":{"start":{"line":426,"column":16},"end":{"line":426,"column":80}},"125":{"start":{"line":428,"column":16},"end":{"line":428,"column":26}},"126":{"start":{"line":431,"column":8},"end":{"line":431,"column":41}},"127":{"start":{"line":434,"column":4},"end":{"line":477,"column":5}},"128":{"start":{"line":435,"column":8},"end":{"line":435,"column":19}},"129":{"start":{"line":437,"column":8},"end":{"line":437,"column":40}},"130":{"start":{"line":438,"column":8},"end":{"line":438,"column":37}},"131":{"start":{"line":441,"column":8},"end":{"line":451,"column":9}},"132":{"start":{"line":442,"column":12},"end":{"line":444,"column":13}},"133":{"start":{"line":443,"column":16},"end":{"line":443,"column":68}},"134":{"start":{"line":445,"column":12},"end":{"line":445,"column":20}},"135":{"start":{"line":446,"column":12},"end":{"line":446,"column":36}},"136":{"start":{"line":447,"column":12},"end":{"line":449,"column":13}},"137":{"start":{"line":448,"column":16},"end":{"line":448,"column":68}},"138":{"start":{"line":450,"column":12},"end":{"line":450,"column":20}},"139":{"start":{"line":453,"column":8},"end":{"line":474,"column":9}},"140":{"start":{"line":454,"column":12},"end":{"line":454,"column":42}},"141":{"start":{"line":455,"column":12},"end":{"line":457,"column":13}},"142":{"start":{"line":456,"column":16},"end":{"line":456,"column":22}},"143":{"start":{"line":458,"column":12},"end":{"line":458,"column":20}},"144":{"start":{"line":459,"column":12},"end":{"line":459,"column":42}},"145":{"start":{"line":462,"column":12},"end":{"line":473,"column":13}},"146":{"start":{"line":463,"column":16},"end":{"line":463,"column":49}},"147":{"start":{"line":464,"column":16},"end":{"line":466,"column":17}},"148":{"start":{"line":465,"column":20},"end":{"line":465,"column":72}},"149":{"start":{"line":467,"column":16},"end":{"line":467,"column":24}},"150":{"start":{"line":468,"column":16},"end":{"line":468,"column":40}},"151":{"start":{"line":469,"column":16},"end":{"line":471,"column":17}},"152":{"start":{"line":470,"column":20},"end":{"line":470,"column":72}},"153":{"start":{"line":472,"column":16},"end":{"line":472,"column":25}},"154":{"start":{"line":476,"column":8},"end":{"line":476,"column":18}},"155":{"start":{"line":479,"column":4},"end":{"line":498,"column":5}},"156":{"start":{"line":480,"column":8},"end":{"line":480,"column":22}},"157":{"start":{"line":482,"column":8},"end":{"line":482,"column":24}},"158":{"start":{"line":483,"column":8},"end":{"line":495,"column":9}},"159":{"start":{"line":484,"column":12},"end":{"line":484,"column":42}},"160":{"start":{"line":485,"column":12},"end":{"line":489,"column":13}},"161":{"start":{"line":487,"column":16},"end":{"line":487,"column":30}},"162":{"start":{"line":488,"column":16},"end":{"line":488,"column":46}},"163":{"start":{"line":490,"column":12},"end":{"line":494,"column":13}},"164":{"start":{"line":491,"column":16},"end":{"line":491,"column":24}},"165":{"start":{"line":493,"column":16},"end":{"line":493,"column":22}},"166":{"start":{"line":497,"column":8},"end":{"line":497,"column":42}},"167":{"start":{"line":500,"column":4},"end":{"line":529,"column":5}},"168":{"start":{"line":501,"column":8},"end":{"line":501,"column":28}},"169":{"start":{"line":503,"column":8},"end":{"line":503,"column":22}},"170":{"start":{"line":506,"column":8},"end":{"line":506,"column":90}},"171":{"start":{"line":510,"column":8},"end":{"line":520,"column":9}},"172":{"start":{"line":511,"column":12},"end":{"line":511,"column":36}},"173":{"start":{"line":512,"column":15},"end":{"line":520,"column":9}},"174":{"start":{"line":513,"column":12},"end":{"line":513,"column":33}},"175":{"start":{"line":514,"column":15},"end":{"line":520,"column":9}},"176":{"start":{"line":515,"column":12},"end":{"line":515,"column":37}},"177":{"start":{"line":516,"column":15},"end":{"line":520,"column":9}},"178":{"start":{"line":517,"column":12},"end":{"line":517,"column":40}},"179":{"start":{"line":519,"column":12},"end":{"line":519,"column":36}},"180":{"start":{"line":522,"column":8},"end":{"line":528,"column":10}},"181":{"start":{"line":534,"column":4},"end":{"line":702,"column":5}},"182":{"start":{"line":535,"column":8},"end":{"line":541,"column":16}},"183":{"start":{"line":543,"column":8},"end":{"line":619,"column":9}},"184":{"start":{"line":558,"column":12},"end":{"line":558,"column":20}},"185":{"start":{"line":559,"column":12},"end":{"line":565,"column":13}},"186":{"start":{"line":560,"column":16},"end":{"line":564,"column":17}},"187":{"start":{"line":561,"column":20},"end":{"line":561,"column":63}},"188":{"start":{"line":562,"column":23},"end":{"line":564,"column":17}},"189":{"start":{"line":563,"column":20},"end":{"line":563,"column":63}},"190":{"start":{"line":566,"column":12},"end":{"line":572,"column":14}},"191":{"start":{"line":575,"column":12},"end":{"line":575,"column":49}},"192":{"start":{"line":578,"column":12},"end":{"line":617,"column":13}},"193":{"start":{"line":579,"column":16},"end":{"line":616,"column":17}},"194":{"start":{"line":590,"column":20},"end":{"line":590,"column":31}},"195":{"start":{"line":591,"column":20},"end":{"line":597,"column":22}},"196":{"start":{"line":601,"column":20},"end":{"line":601,"column":31}},"197":{"start":{"line":604,"column":20},"end":{"line":606,"column":21}},"198":{"start":{"line":605,"column":24},"end":{"line":605,"column":32}},"199":{"start":{"line":607,"column":20},"end":{"line":613,"column":22}},"200":{"start":{"line":615,"column":20},"end":{"line":615,"column":26}},"201":{"start":{"line":618,"column":12},"end":{"line":618,"column":18}},"202":{"start":{"line":623,"column":8},"end":{"line":623,"column":32}},"203":{"start":{"line":624,"column":8},"end":{"line":624,"column":32}},"204":{"start":{"line":625,"column":8},"end":{"line":625,"column":32}},"205":{"start":{"line":629,"column":8},"end":{"line":640,"column":9}},"206":{"start":{"line":630,"column":12},"end":{"line":639,"column":13}},"207":{"start":{"line":631,"column":16},"end":{"line":631,"column":27}},"208":{"start":{"line":632,"column":16},"end":{"line":638,"column":18}},"209":{"start":{"line":644,"column":8},"end":{"line":653,"column":9}},"210":{"start":{"line":645,"column":12},"end":{"line":645,"column":23}},"211":{"start":{"line":646,"column":12},"end":{"line":652,"column":14}},"212":{"start":{"line":655,"column":8},"end":{"line":664,"column":9}},"213":{"start":{"line":656,"column":12},"end":{"line":656,"column":23}},"214":{"start":{"line":657,"column":12},"end":{"line":663,"column":14}},"215":{"start":{"line":666,"column":8},"end":{"line":675,"column":9}},"216":{"start":{"line":667,"column":12},"end":{"line":667,"column":23}},"217":{"start":{"line":668,"column":12},"end":{"line":674,"column":14}},"218":{"start":{"line":679,"column":8},"end":{"line":688,"column":9}},"219":{"start":{"line":680,"column":12},"end":{"line":680,"column":23}},"220":{"start":{"line":681,"column":12},"end":{"line":687,"column":14}},"221":{"start":{"line":690,"column":8},"end":{"line":699,"column":9}},"222":{"start":{"line":691,"column":12},"end":{"line":691,"column":20}},"223":{"start":{"line":692,"column":12},"end":{"line":698,"column":14}},"224":{"start":{"line":701,"column":8},"end":{"line":701,"column":60}},"225":{"start":{"line":706,"column":4},"end":{"line":731,"column":5}},"226":{"start":{"line":707,"column":8},"end":{"line":707,"column":24}},"227":{"start":{"line":709,"column":8},"end":{"line":714,"column":9}},"228":{"start":{"line":710,"column":12},"end":{"line":712,"column":13}},"229":{"start":{"line":711,"column":16},"end":{"line":711,"column":22}},"230":{"start":{"line":713,"column":12},"end":{"line":713,"column":38}},"231":{"start":{"line":716,"column":8},"end":{"line":718,"column":9}},"232":{"start":{"line":717,"column":12},"end":{"line":717,"column":64}},"233":{"start":{"line":720,"column":8},"end":{"line":722,"column":9}},"234":{"start":{"line":721,"column":12},"end":{"line":721,"column":64}},"235":{"start":{"line":724,"column":8},"end":{"line":730,"column":10}},"236":{"start":{"line":733,"column":4},"end":{"line":754,"column":5}},"237":{"start":{"line":734,"column":8},"end":{"line":734,"column":43}},"238":{"start":{"line":735,"column":8},"end":{"line":740,"column":9}},"239":{"start":{"line":736,"column":12},"end":{"line":738,"column":13}},"240":{"start":{"line":737,"column":16},"end":{"line":737,"column":22}},"241":{"start":{"line":739,"column":12},"end":{"line":739,"column":38}},"242":{"start":{"line":742,"column":8},"end":{"line":744,"column":9}},"243":{"start":{"line":743,"column":12},"end":{"line":743,"column":64}},"244":{"start":{"line":746,"column":8},"end":{"line":753,"column":10}},"245":{"start":{"line":756,"column":4},"end":{"line":827,"column":5}},"246":{"start":{"line":757,"column":8},"end":{"line":757,"column":30}},"247":{"start":{"line":759,"column":8},"end":{"line":759,"column":27}},"248":{"start":{"line":760,"column":8},"end":{"line":761,"column":82}},"249":{"start":{"line":763,"column":8},"end":{"line":763,"column":22}},"250":{"start":{"line":764,"column":8},"end":{"line":764,"column":20}},"251":{"start":{"line":765,"column":8},"end":{"line":790,"column":9}},"252":{"start":{"line":766,"column":12},"end":{"line":766,"column":37}},"253":{"start":{"line":767,"column":12},"end":{"line":767,"column":31}},"254":{"start":{"line":771,"column":12},"end":{"line":784,"column":13}},"255":{"start":{"line":772,"column":16},"end":{"line":775,"column":17}},"256":{"start":{"line":773,"column":20},"end":{"line":773,"column":28}},"257":{"start":{"line":774,"column":20},"end":{"line":774,"column":49}},"258":{"start":{"line":776,"column":16},"end":{"line":778,"column":17}},"259":{"start":{"line":777,"column":20},"end":{"line":777,"column":51}},"260":{"start":{"line":781,"column":16},"end":{"line":783,"column":17}},"261":{"start":{"line":782,"column":20},"end":{"line":782,"column":72}},"262":{"start":{"line":786,"column":12},"end":{"line":788,"column":13}},"263":{"start":{"line":787,"column":16},"end":{"line":787,"column":42}},"264":{"start":{"line":789,"column":12},"end":{"line":789,"column":31}},"265":{"start":{"line":792,"column":8},"end":{"line":798,"column":9}},"266":{"start":{"line":793,"column":12},"end":{"line":793,"column":38}},"267":{"start":{"line":794,"column":12},"end":{"line":796,"column":13}},"268":{"start":{"line":795,"column":16},"end":{"line":795,"column":42}},"269":{"start":{"line":797,"column":12},"end":{"line":797,"column":31}},"270":{"start":{"line":800,"column":8},"end":{"line":814,"column":9}},"271":{"start":{"line":801,"column":12},"end":{"line":801,"column":38}},"272":{"start":{"line":803,"column":12},"end":{"line":803,"column":31}},"273":{"start":{"line":804,"column":12},"end":{"line":806,"column":13}},"274":{"start":{"line":805,"column":16},"end":{"line":805,"column":42}},"275":{"start":{"line":807,"column":12},"end":{"line":813,"column":13}},"276":{"start":{"line":808,"column":16},"end":{"line":810,"column":17}},"277":{"start":{"line":809,"column":20},"end":{"line":809,"column":46}},"278":{"start":{"line":812,"column":16},"end":{"line":812,"column":68}},"279":{"start":{"line":816,"column":8},"end":{"line":818,"column":9}},"280":{"start":{"line":817,"column":12},"end":{"line":817,"column":64}},"281":{"start":{"line":820,"column":8},"end":{"line":826,"column":10}},"282":{"start":{"line":831,"column":4},"end":{"line":933,"column":5}},"283":{"start":{"line":832,"column":8},"end":{"line":832,"column":80}},"284":{"start":{"line":834,"column":8},"end":{"line":834,"column":30}},"285":{"start":{"line":835,"column":8},"end":{"line":836,"column":55}},"286":{"start":{"line":838,"column":8},"end":{"line":838,"column":22}},"287":{"start":{"line":839,"column":8},"end":{"line":839,"column":16}},"288":{"start":{"line":841,"column":8},"end":{"line":919,"column":9}},"289":{"start":{"line":842,"column":12},"end":{"line":842,"column":33}},"290":{"start":{"line":844,"column":12},"end":{"line":918,"column":13}},"291":{"start":{"line":845,"column":16},"end":{"line":845,"column":27}},"292":{"start":{"line":846,"column":16},"end":{"line":846,"column":22}},"293":{"start":{"line":847,"column":19},"end":{"line":918,"column":13}},"294":{"start":{"line":848,"column":16},"end":{"line":848,"column":37}},"295":{"start":{"line":849,"column":16},"end":{"line":913,"column":17}},"296":{"start":{"line":850,"column":20},"end":{"line":907,"column":21}},"297":{"start":{"line":852,"column":24},"end":{"line":852,"column":36}},"298":{"start":{"line":853,"column":24},"end":{"line":853,"column":30}},"299":{"start":{"line":855,"column":24},"end":{"line":855,"column":36}},"300":{"start":{"line":856,"column":24},"end":{"line":856,"column":30}},"301":{"start":{"line":858,"column":24},"end":{"line":858,"column":36}},"302":{"start":{"line":859,"column":24},"end":{"line":859,"column":30}},"303":{"start":{"line":862,"column":24},"end":{"line":862,"column":40}},"304":{"start":{"line":863,"column":24},"end":{"line":863,"column":54}},"305":{"start":{"line":864,"column":24},"end":{"line":869,"column":25}},"306":{"start":{"line":865,"column":28},"end":{"line":865,"column":45}},"307":{"start":{"line":867,"column":28},"end":{"line":867,"column":44}},"308":{"start":{"line":868,"column":28},"end":{"line":868,"column":38}},"309":{"start":{"line":870,"column":24},"end":{"line":870,"column":30}},"310":{"start":{"line":872,"column":24},"end":{"line":872,"column":36}},"311":{"start":{"line":873,"column":24},"end":{"line":873,"column":30}},"312":{"start":{"line":875,"column":24},"end":{"line":875,"column":36}},"313":{"start":{"line":876,"column":24},"end":{"line":876,"column":30}},"314":{"start":{"line":878,"column":24},"end":{"line":878,"column":38}},"315":{"start":{"line":879,"column":24},"end":{"line":879,"column":30}},"316":{"start":{"line":882,"column":24},"end":{"line":905,"column":25}},"317":{"start":{"line":883,"column":28},"end":{"line":883,"column":58}},"318":{"start":{"line":886,"column":28},"end":{"line":888,"column":29}},"319":{"start":{"line":887,"column":32},"end":{"line":887,"column":45}},"320":{"start":{"line":890,"column":28},"end":{"line":901,"column":29}},"321":{"start":{"line":891,"column":32},"end":{"line":891,"column":45}},"322":{"start":{"line":892,"column":32},"end":{"line":892,"column":86}},"323":{"start":{"line":896,"column":32},"end":{"line":900,"column":33}},"324":{"start":{"line":899,"column":36},"end":{"line":899,"column":90}},"325":{"start":{"line":902,"column":28},"end":{"line":902,"column":61}},"326":{"start":{"line":904,"column":28},"end":{"line":904,"column":38}},"327":{"start":{"line":906,"column":24},"end":{"line":906,"column":30}},"328":{"start":{"line":909,"column":20},"end":{"line":909,"column":33}},"329":{"start":{"line":910,"column":20},"end":{"line":912,"column":21}},"330":{"start":{"line":911,"column":24},"end":{"line":911,"column":32}},"331":{"start":{"line":914,"column":19},"end":{"line":918,"column":13}},"332":{"start":{"line":915,"column":16},"end":{"line":915,"column":22}},"333":{"start":{"line":917,"column":16},"end":{"line":917,"column":26}},"334":{"start":{"line":921,"column":8},"end":{"line":923,"column":9}},"335":{"start":{"line":922,"column":12},"end":{"line":922,"column":64}},"336":{"start":{"line":925,"column":8},"end":{"line":932,"column":10}},"337":{"start":{"line":935,"column":4},"end":{"line":1035,"column":5}},"338":{"start":{"line":936,"column":8},"end":{"line":936,"column":100}},"339":{"start":{"line":938,"column":8},"end":{"line":938,"column":25}},"340":{"start":{"line":939,"column":8},"end":{"line":939,"column":22}},"341":{"start":{"line":941,"column":8},"end":{"line":941,"column":22}},"342":{"start":{"line":942,"column":8},"end":{"line":942,"column":27}},"343":{"start":{"line":943,"column":8},"end":{"line":943,"column":81}},"344":{"start":{"line":944,"column":8},"end":{"line":944,"column":30}},"345":{"start":{"line":946,"column":8},"end":{"line":970,"column":9}},"346":{"start":{"line":947,"column":12},"end":{"line":947,"column":33}},"347":{"start":{"line":948,"column":12},"end":{"line":948,"column":22}},"348":{"start":{"line":949,"column":12},"end":{"line":969,"column":13}},"349":{"start":{"line":950,"column":16},"end":{"line":952,"column":17}},"350":{"start":{"line":951,"column":20},"end":{"line":951,"column":40}},"351":{"start":{"line":954,"column":16},"end":{"line":968,"column":17}},"352":{"start":{"line":955,"column":20},"end":{"line":955,"column":41}},"353":{"start":{"line":957,"column":20},"end":{"line":959,"column":21}},"354":{"start":{"line":958,"column":24},"end":{"line":958,"column":68}},"355":{"start":{"line":960,"column":20},"end":{"line":960,"column":30}},"356":{"start":{"line":961,"column":23},"end":{"line":968,"column":17}},"357":{"start":{"line":962,"column":20},"end":{"line":962,"column":38}},"358":{"start":{"line":963,"column":20},"end":{"line":963,"column":26}},"359":{"start":{"line":964,"column":23},"end":{"line":968,"column":17}},"360":{"start":{"line":965,"column":20},"end":{"line":965,"column":39}},"361":{"start":{"line":966,"column":23},"end":{"line":968,"column":17}},"362":{"start":{"line":967,"column":20},"end":{"line":967,"column":64}},"363":{"start":{"line":972,"column":8},"end":{"line":974,"column":9}},"364":{"start":{"line":973,"column":12},"end":{"line":973,"column":56}},"365":{"start":{"line":977,"column":8},"end":{"line":977,"column":48}},"366":{"start":{"line":979,"column":8},"end":{"line":979,"column":19}},"367":{"start":{"line":980,"column":8},"end":{"line":1010,"column":9}},"368":{"start":{"line":981,"column":12},"end":{"line":981,"column":31}},"369":{"start":{"line":982,"column":12},"end":{"line":984,"column":13}},"370":{"start":{"line":983,"column":16},"end":{"line":983,"column":22}},"371":{"start":{"line":986,"column":12},"end":{"line":986,"column":20}},"372":{"start":{"line":987,"column":12},"end":{"line":1009,"column":13}},"373":{"start":{"line":988,"column":16},"end":{"line":988,"column":35}},"374":{"start":{"line":989,"column":16},"end":{"line":1005,"column":17}},"375":{"start":{"line":990,"column":20},"end":{"line":990,"column":28}},"376":{"start":{"line":991,"column":20},"end":{"line":991,"column":36}},"377":{"start":{"line":992,"column":20},"end":{"line":992,"column":44}},"378":{"start":{"line":993,"column":20},"end":{"line":1002,"column":21}},"379":{"start":{"line":994,"column":24},"end":{"line":994,"column":36}},"380":{"start":{"line":995,"column":24},"end":{"line":997,"column":25}},"381":{"start":{"line":996,"column":28},"end":{"line":996,"column":51}},"382":{"start":{"line":999,"column":24},"end":{"line":999,"column":40}},"383":{"start":{"line":1000,"column":24},"end":{"line":1000,"column":37}},"384":{"start":{"line":1001,"column":24},"end":{"line":1001,"column":37}},"385":{"start":{"line":1004,"column":20},"end":{"line":1004,"column":32}},"386":{"start":{"line":1007,"column":16},"end":{"line":1007,"column":28}},"387":{"start":{"line":1008,"column":16},"end":{"line":1008,"column":26}},"388":{"start":{"line":1012,"column":8},"end":{"line":1016,"column":9}},"389":{"start":{"line":1013,"column":12},"end":{"line":1013,"column":47}},"390":{"start":{"line":1015,"column":12},"end":{"line":1015,"column":51}},"391":{"start":{"line":1018,"column":8},"end":{"line":1018,"column":15}},"392":{"start":{"line":1021,"column":8},"end":{"line":1029,"column":9}},"393":{"start":{"line":1022,"column":12},"end":{"line":1028,"column":14}},"394":{"start":{"line":1030,"column":8},"end":{"line":1034,"column":10}},"395":{"start":{"line":1037,"column":4},"end":{"line":1042,"column":5}},"396":{"start":{"line":1038,"column":8},"end":{"line":1041,"column":45}},"397":{"start":{"line":1044,"column":4},"end":{"line":1102,"column":5}},"398":{"start":{"line":1045,"column":8},"end":{"line":1046,"column":23}},"399":{"start":{"line":1049,"column":8},"end":{"line":1049,"column":58}},"400":{"start":{"line":1050,"column":8},"end":{"line":1053,"column":9}},"401":{"start":{"line":1052,"column":12},"end":{"line":1052,"column":32}},"402":{"start":{"line":1054,"column":8},"end":{"line":1097,"column":9}},"403":{"start":{"line":1055,"column":12},"end":{"line":1066,"column":13}},"404":{"start":{"line":1056,"column":16},"end":{"line":1056,"column":68}},"405":{"start":{"line":1057,"column":16},"end":{"line":1064,"column":17}},"406":{"start":{"line":1063,"column":20},"end":{"line":1063,"column":40}},"407":{"start":{"line":1065,"column":16},"end":{"line":1065,"column":40}},"408":{"start":{"line":1067,"column":12},"end":{"line":1095,"column":13}},"409":{"start":{"line":1070,"column":16},"end":{"line":1086,"column":17}},"410":{"start":{"line":1073,"column":20},"end":{"line":1073,"column":72}},"411":{"start":{"line":1074,"column":20},"end":{"line":1076,"column":21}},"412":{"start":{"line":1075,"column":24},"end":{"line":1075,"column":48}},"413":{"start":{"line":1077,"column":23},"end":{"line":1086,"column":17}},"414":{"start":{"line":1080,"column":20},"end":{"line":1080,"column":72}},"415":{"start":{"line":1081,"column":20},"end":{"line":1083,"column":21}},"416":{"start":{"line":1082,"column":24},"end":{"line":1082,"column":44}},"417":{"start":{"line":1085,"column":20},"end":{"line":1085,"column":44}},"418":{"start":{"line":1089,"column":16},"end":{"line":1092,"column":17}},"419":{"start":{"line":1091,"column":20},"end":{"line":1091,"column":44}},"420":{"start":{"line":1094,"column":16},"end":{"line":1094,"column":36}},"421":{"start":{"line":1096,"column":12},"end":{"line":1096,"column":32}},"422":{"start":{"line":1098,"column":8},"end":{"line":1100,"column":9}},"423":{"start":{"line":1099,"column":12},"end":{"line":1099,"column":32}},"424":{"start":{"line":1101,"column":8},"end":{"line":1101,"column":32}},"425":{"start":{"line":1104,"column":4},"end":{"line":1153,"column":5}},"426":{"start":{"line":1105,"column":8},"end":{"line":1105,"column":15}},"427":{"start":{"line":1107,"column":8},"end":{"line":1107,"column":22}},"428":{"start":{"line":1109,"column":8},"end":{"line":1116,"column":9}},"429":{"start":{"line":1110,"column":12},"end":{"line":1115,"column":14}},"430":{"start":{"line":1118,"column":8},"end":{"line":1118,"column":38}},"431":{"start":{"line":1121,"column":8},"end":{"line":1123,"column":9}},"432":{"start":{"line":1122,"column":12},"end":{"line":1122,"column":36}},"433":{"start":{"line":1126,"column":8},"end":{"line":1128,"column":9}},"434":{"start":{"line":1127,"column":12},"end":{"line":1127,"column":39}},"435":{"start":{"line":1130,"column":8},"end":{"line":1132,"column":9}},"436":{"start":{"line":1131,"column":12},"end":{"line":1131,"column":36}},"437":{"start":{"line":1136,"column":8},"end":{"line":1141,"column":9}},"438":{"start":{"line":1137,"column":12},"end":{"line":1139,"column":13}},"439":{"start":{"line":1138,"column":16},"end":{"line":1138,"column":44}},"440":{"start":{"line":1140,"column":12},"end":{"line":1140,"column":36}},"441":{"start":{"line":1143,"column":8},"end":{"line":1145,"column":9}},"442":{"start":{"line":1144,"column":12},"end":{"line":1144,"column":40}},"443":{"start":{"line":1148,"column":8},"end":{"line":1150,"column":9}},"444":{"start":{"line":1149,"column":12},"end":{"line":1149,"column":34}},"445":{"start":{"line":1152,"column":8},"end":{"line":1152,"column":32}},"446":{"start":{"line":1155,"column":4},"end":{"line":1170,"column":5}},"447":{"start":{"line":1156,"column":8},"end":{"line":1156,"column":18}},"448":{"start":{"line":1158,"column":8},"end":{"line":1158,"column":26}},"449":{"start":{"line":1159,"column":8},"end":{"line":1159,"column":31}},"450":{"start":{"line":1160,"column":8},"end":{"line":1160,"column":38}},"451":{"start":{"line":1161,"column":8},"end":{"line":1161,"column":36}},"452":{"start":{"line":1163,"column":8},"end":{"line":1163,"column":30}},"453":{"start":{"line":1165,"colum
[...]
mn":24}}]},"413":{"line":3347,"type":"if","locations":[{"start":{"line":3347,"column":19},"end":{"line":3347,"column":19}},{"start":{"line":3347,"column":19},"end":{"line":3347,"column":19}}]},"414":{"line":3349,"type":"if","locations":[{"start":{"line":3349,"column":16},"end":{"line":3349,"column":16}},{"start":{"line":3349,"column":16},"end":{"line":3349,"column":16}}]},"415":{"line":3359,"type":"if","locations":[{"start":{"line":3359,"column":20},"end":{"line":3359,"column":20}},{"start":{"line":3359,"column":20},"end":{"line":3359,"column":20}}]},"416":{"line":3367,"type":"if","locations":[{"start":{"line":3367,"column":23},"end":{"line":3367,"column":23}},{"start":{"line":3367,"column":23},"end":{"line":3367,"column":23}}]},"417":{"line":3377,"type":"if","locations":[{"start":{"line":3377,"column":20},"end":{"line":3377,"column":20}},{"start":{"line":3377,"column":20},"end":{"line":3377,"column":20}}]},"418":{"line":3383,"type":"if","locations":[{"start":{"line":3383,"column":19},"end":{"line":3383,"column":19}},{"start":{"line":3383,"column":19},"end":{"line":3383,"column":19}}]},"419":{"line":3385,"type":"if","locations":[{"start":{"line":3385,"column":19},"end":{"line":3385,"column":19}},{"start":{"line":3385,"column":19},"end":{"line":3385,"column":19}}]},"420":{"line":3387,"type":"if","locations":[{"start":{"line":3387,"column":16},"end":{"line":3387,"column":16}},{"start":{"line":3387,"column":16},"end":{"line":3387,"column":16}}]},"421":{"line":3387,"type":"binary-expr","locations":[{"start":{"line":3387,"column":20},"end":{"line":3387,"column":32}},{"start":{"line":3387,"column":36},"end":{"line":3387,"column":58}}]},"422":{"line":3407,"type":"if","locations":[{"start":{"line":3407,"column":12},"end":{"line":3407,"column":12}},{"start":{"line":3407,"column":12},"end":{"line":3407,"column":12}}]},"423":{"line":3410,"type":"if","locations":[{"start":{"line":3410,"column":12},"end":{"line":3410,"column":12}},{"start":{"line":3410,"column":12},"end":{"line":3410,"column":12}}]},"424":{"line":3437,"type":"if","locations":[{"start":{"line":3437,"column":8},"end":{"line":3437,"column":8}},{"start":{"line":3437,"column":8},"end":{"line":3437,"column":8}}]},"425":{"line":3470,"type":"if","locations":[{"start":{"line":3470,"column":8},"end":{"line":3470,"column":8}},{"start":{"line":3470,"column":8},"end":{"line":3470,"column":8}}]},"426":{"line":3472,"type":"if","locations":[{"start":{"line":3472,"column":12},"end":{"line":3472,"column":12}},{"start":{"line":3472,"column":12},"end":{"line":3472,"column":12}}]},"427":{"line":3474,"type":"if","locations":[{"start":{"line":3474,"column":16},"end":{"line":3474,"column":16}},{"start":{"line":3474,"column":16},"end":{"line":3474,"column":16}}]},"428":{"line":3474,"type":"binary-expr","locations":[{"start":{"line":3474,"column":20},"end":{"line":3474,"column":42}},{"start":{"line":3474,"column":46},"end":{"line":3474,"column":73}}]},"429":{"line":3475,"type":"if","locations":[{"start":{"line":3475,"column":20},"end":{"line":3475,"column":20}},{"start":{"line":3475,"column":20},"end":{"line":3475,"column":20}}]},"430":{"line":3475,"type":"binary-expr","locations":[{"start":{"line":3475,"column":24},"end":{"line":3475,"column":43}},{"start":{"line":3475,"column":47},"end":{"line":3475,"column":67}}]},"431":{"line":3501,"type":"if","locations":[{"start":{"line":3501,"column":12},"end":{"line":3501,"column":12}},{"start":{"line":3501,"column":12},"end":{"line":3501,"column":12}}]},"432":{"line":3504,"type":"if","locations":[{"start":{"line":3504,"column":12},"end":{"line":3504,"column":12}},{"start":{"line":3504,"column":12},"end":{"line":3504,"column":12}}]},"433":{"line":3535,"type":"if","locations":[{"start":{"line":3535,"column":12},"end":{"line":3535,"column":12}},{"start":{"line":3535,"column":12},"end":{"line":3535,"column":12}}]},"434":{"line":3538,"type":"if","locations":[{"start":{"line":3538,"column":12},"end":{"line":3538,"column":12}},{"start":{"line":3538,"column":12},"end":{"line":3538,"column":12}}]},"435":{"line":3554,"type":"if","locations":[{"start":{"line":3554,"column":12},"end":{"line":3554,"column":12}},{"start":{"line":3554,"column":12},"end":{"line":3554,"column":12}}]},"436":{"line":3557,"type":"if","locations":[{"start":{"line":3557,"column":12},"end":{"line":3557,"column":12}},{"start":{"line":3557,"column":12},"end":{"line":3557,"column":12}}]},"437":{"line":3598,"type":"cond-expr","locations":[{"start":{"line":3598,"column":37},"end":{"line":3598,"column":57}},{"start":{"line":3598,"column":60},"end":{"line":3598,"column":84}}]},"438":{"line":3600,"type":"binary-expr","locations":[{"start":{"line":3600,"column":15},"end":{"line":3600,"column":25}},{"start":{"line":3600,"column":29},"end":{"line":3600,"column":39}}]},"439":{"line":3601,"type":"if","locations":[{"start":{"line":3601,"column":12},"end":{"line":3601,"column":12}},{"start":{"line":3601,"column":12},"end":{"line":3601,"column":12}}]},"440":{"line":3623,"type":"cond-expr","locations":[{"start":{"line":3623,"column":37},"end":{"line":3623,"column":57}},{"start":{"line":3623,"column":60},"end":{"line":3623,"column":84}}]},"441":{"line":3625,"type":"binary-expr","locations":[{"start":{"line":3625,"column":15},"end":{"line":3625,"column":25}},{"start":{"line":3625,"column":29},"end":{"line":3625,"column":39}},{"start":{"line":3625,"column":43},"end":{"line":3625,"column":53}}]},"442":{"line":3626,"type":"if","locations":[{"start":{"line":3626,"column":12},"end":{"line":3626,"column":12}},{"start":{"line":3626,"column":12},"end":{"line":3626,"column":12}}]},"443":{"line":3631,"type":"if","locations":[{"start":{"line":3631,"column":19},"end":{"line":3631,"column":19}},{"start":{"line":3631,"column":19},"end":{"line":3631,"column":19}}]},"444":{"line":3653,"type":"if","locations":[{"start":{"line":3653,"column":12},"end":{"line":3653,"column":12}},{"start":{"line":3653,"column":12},"end":{"line":3653,"column":12}}]},"445":{"line":3653,"type":"binary-expr","locations":[{"start":{"line":3653,"column":16},"end":{"line":3653,"column":41}},{"start":{"line":3653,"column":45},"end":{"line":3653,"column":75}},{"start":{"line":3653,"column":79},"end":{"line":3653,"column":89}}]},"446":{"line":3654,"type":"if","locations":[{"start":{"line":3654,"column":16},"end":{"line":3654,"column":16}},{"start":{"line":3654,"column":16},"end":{"line":3654,"column":16}}]},"447":{"line":3654,"type":"binary-expr","locations":[{"start":{"line":3654,"column":20},"end":{"line":3654,"column":35}},{"start":{"line":3654,"column":40},"end":{"line":3654,"column":57}},{"start":{"line":3654,"column":61},"end":{"line":3654,"column":79}}]},"448":{"line":3666,"type":"binary-expr","locations":[{"start":{"line":3666,"column":23},"end":{"line":3666,"column":61}},{"start":{"line":3667,"column":20},"end":{"line":3667,"column":57}}]},"449":{"line":3673,"type":"if","locations":[{"start":{"line":3673,"column":16},"end":{"line":3673,"column":16}},{"start":{"line":3673,"column":16},"end":{"line":3673,"column":16}}]},"450":{"line":3676,"type":"if","locations":[{"start":{"line":3676,"column":16},"end":{"line":3676,"column":16}},{"start":{"line":3676,"column":16},"end":{"line":3676,"column":16}}]},"451":{"line":3680,"type":"if","locations":[{"start":{"line":3680,"column":16},"end":{"line":3680,"column":16}},{"start":{"line":3680,"column":16},"end":{"line":3680,"column":16}}]},"452":{"line":3681,"type":"if","locations":[{"start":{"line":3681,"column":20},"end":{"line":3681,"column":20}},{"start":{"line":3681,"column":20},"end":{"line":3681,"column":20}}]},"453":{"line":3681,"type":"binary-expr","locations":[{"start":{"line":3681,"column":24},"end":{"line":3681,"column":44}},{"start":{"line":3681,"column":48},"end":{"line":3681,"column":69}}]},"454":{"line":3682,"type":"cond-expr","locations":[{"start":{"line":3682,"column":55},"end":{"line":3682,"column":78}},{"start":{"line":3682,"column":81},"end":{"line":3682,"column":99}}]},"455":{"line":3683,"type":"cond-expr","locations":[{"start":{"line":3683,"column":54},"end":{"line":3683,"column":78}},{"start":{"line":3683,"column":81},"end":{"line":3683,"column":100}}]},"456":{"line":3685,"type":"if","locations":[{"start":{"line":3685,"column":27},"end":{"line":3685,"column":27}},{"start":{"line":3685,"column":27},"end":{"line":3685,"column":27}}]},"457":{"line":3691,"type":"if","locations":[{"start":{"line":3691,"column":16},"end":{"line":3691,"column":16}},{"start":{"line":3691,"column":16},"end":{"line":3691,"column":16}}]},"458":{"line":3692,"type":"if","locations":[{"start":{"line":3692,"column":20},"end":{"line":3692,"column":20}},{"start":{"line":3692,"column":20},"end":{"line":3692,"column":20}}]},"459":{"line":3692,"type":"binary-expr","locations":[{"start":{"line":3692,"column":24},"end":{"line":3692,"column":42}},{"start":{"line":3692,"column":46},"end":{"line":3692,"column":65}}]},"460":{"line":3693,"type":"cond-expr","locations":[{"start":{"line":3693,"column":53},"end":{"line":3693,"column":77}},{"start":{"line":3693,"column":80},"end":{"line":3693,"column":99}}]},"461":{"line":3694,"type":"cond-expr","locations":[{"start":{"line":3694,"column":52},"end":{"line":3694,"column":75}},{"start":{"line":3694,"column":78},"end":{"line":3694,"column":96}}]},"462":{"line":3700,"type":"if","locations":[{"start":{"line":3700,"column":27},"end":{"line":3700,"column":27}},{"start":{"line":3700,"column":27},"end":{"line":3700,"column":27}}]},"463":{"line":3719,"type":"if","locations":[{"start":{"line":3719,"column":16},"end":{"line":3719,"column":16}},{"start":{"line":3719,"column":16},"end":{"line":3719,"column":16}}]},"464":{"line":3719,"type":"binary-expr","locations":[{"start":{"line":3719,"column":20},"end":{"line":3719,"column":25}},{"start":{"line":3719,"column":29},"end":{"line":3719,"column":62}}]},"465":{"line":3723,"type":"if","locations":[{"start":{"line":3723,"column":16},"end":{"line":3723,"column":16}},{"start":{"line":3723,"column":16},"end":{"line":3723,"column":16}}]},"466":{"line":3723,"type":"binary-expr","locations":[{"start":{"line":3723,"column":20},"end":{"line":3723,"column":23}},{"start":{"line":3723,"column":27},"end":{"line":3723,"column":58}}]},"467":{"line":3727,"type":"if","locations":[{"start":{"line":3727,"column":16},"end":{"line":3727,"column":16}},{"start":{"line":3727,"column":16},"end":{"line":3727,"column":16}}]},"468":{"line":3740,"type":"if","locations":[{"start":{"line":3740,"column":8},"end":{"line":3740,"column":8}},{"start":{"line":3740,"column":8},"end":{"line":3740,"column":8}}]},"469":{"line":3745,"type":"if","locations":[{"start":{"line":3745,"column":8},"end":{"line":3745,"column":8}},{"start":{"line":3745,"column":8},"end":{"line":3745,"column":8}}]},"470":{"line":3745,"type":"binary-expr","locations":[{"start":{"line":3745,"column":12},"end":{"line":3745,"column":23}},{"start":{"line":3745,"column":27},"end":{"line":3745,"column":36}}]},"471":{"line":3812,"type":"if","locations":[{"start":{"line":3812,"column":8},"end":{"line":3812,"column":8}},{"start":{"line":3812,"column":8},"end":{"line":3812,"column":8}}]},"472":{"line":3822,"type":"if","locations":[{"start":{"line":3822,"column":8},"end":{"line":3822,"column":8}},{"start":{"line":3822,"column":8},"end":{"line":3822,"column":8}}]},"473":{"line":3826,"type":"if","locations":[{"start":{"line":3826,"column":8},"end":{"line":3826,"column":8}},{"start":{"line":3826,"column":8},"end":{"line":3826,"column":8}}]},"474":{"line":3826,"type":"binary-expr","locations":[{"start":{"line":3826,"column":12},"end":{"line":3826,"column":23}},{"start":{"line":3826,"column":27},"end":{"line":3826,"column":36}}]},"475":{"line":3858,"type":"if","locations":[{"start":{"line":3858,"column":8},"end":{"line":3858,"column":8}},{"start":{"line":3858,"column":8},"end":{"line":3858,"column":8}}]},"476":{"line":3870,"type":"if","locations":[{"start":{"line":3870,"column":12},"end":{"line":3870,"column":12}},{"start":{"line":3870,"column":12},"end":{"line":3870,"column":12}}]},"477":{"line":3876,"type":"if","locations":[{"start":{"line":3876,"column":12},"end":{"line":3876,"column":12}},{"start":{"line":3876,"column":12},"end":{"line":3876,"column":12}}]},"478":{"line":3890,"type":"if","locations":[{"start":{"line":3890,"column":8},"end":{"line":3890,"column":8}},{"start":{"line":3890,"column":8},"end":{"line":3890,"column":8}}]},"479":{"line":3890,"type":"binary-expr","locations":[{"start":{"line":3890,"column":12},"end":{"line":3890,"column":36}},{"start":{"line":3890,"column":40},"end":{"line":3890,"column":65}}]},"480":{"line":3897,"type":"cond-expr","locations":[{"start":{"line":3897,"column":43},"end":{"line":3897,"column":44}},{"start":{"line":3897,"column":47},"end":{"line":3897,"column":48}}]},"481":{"line":3912,"type":"binary-expr","locations":[{"start":{"line":3912,"column":18},"end":{"line":3912,"column":25}},{"start":{"line":3912,"column":29},"end":{"line":3912,"column":31}}]},"482":{"line":3922,"type":"binary-expr","locations":[{"start":{"line":3922,"column":23},"end":{"line":3922,"column":57}},{"start":{"line":3922,"column":62},"end":{"line":3922,"column":75}}]},"483":{"line":3923,"type":"binary-expr","locations":[{"start":{"line":3923,"column":21},"end":{"line":3923,"column":53}},{"start":{"line":3923,"column":58},"end":{"line":3923,"column":69}}]},"484":{"line":3925,"type":"if","locations":[{"start":{"line":3925,"column":8},"end":{"line":3925,"column":8}},{"start":{"line":3925,"column":8},"end":{"line":3925,"column":8}}]},"485":{"line":3925,"type":"binary-expr","locations":[{"start":{"line":3925,"column":12},"end":{"line":3925,"column":48}},{"start":{"line":3925,"column":52},"end":{"line":3925,"column":67}}]},"486":{"line":3928,"type":"if","locations":[{"start":{"line":3928,"column":8},"end":{"line":3928,"column":8}},{"start":{"line":3928,"column":8},"end":{"line":3928,"column":8}}]},"487":{"line":3928,"type":"binary-expr","locations":[{"start":{"line":3928,"column":12},"end":{"line":3928,"column":49}},{"start":{"line":3928,"column":53},"end":{"line":3928,"column":69}}]},"488":{"line":3932,"type":"if","locations":[{"start":{"line":3932,"column":8},"end":{"line":3932,"column":8}},{"start":{"line":3932,"column":8},"end":{"line":3932,"column":8}}]},"489":{"line":3933,"type":"if","locations":[{"start":{"line":3933,"column":12},"end":{"line":3933,"column":12}},{"start":{"line":3933,"column":12},"end":{"line":3933,"column":12}}]},"490":{"line":3937,"type":"if","locations":[{"start":{"line":3937,"column":16},"end":{"line":3937,"column":16}},{"start":{"line":3937,"column":16},"end":{"line":3937,"column":16}}]},"491":{"line":3947,"type":"if","locations":[{"start":{"line":3947,"column":12},"end":{"line":3947,"column":12}},{"start":{"line":3947,"column":12},"end":{"line":3947,"column":12}}]},"492":{"line":3957,"type":"if","locations":[{"start":{"line":3957,"column":20},"end":{"line":3957,"column":20}},{"start":{"line":3957,"column":20},"end":{"line":3957,"column":20}}]},"493":{"line":3970,"type":"if","locations":[{"start":{"line":3970,"column":12},"end":{"line":3970,"column":12}},{"start":{"line":3970,"column":12},"end":{"line":3970,"column":12}}]},"494":{"line":3974,"type":"if","locations":[{"start":{"line":3974,"column":12},"end":{"line":3974,"column":12}},{"start":{"line":3974,"column":12},"end":{"line":3974,"column":12}}]},"495":{"line":3990,"type":"if","locations":[{"start":{"line":3990,"column":8},"end":{"line":3990,"column":8}},{"start":{"line":3990,"column":8},"end":{"line":3990,"column":8}}]},"496":{"line":3990,"type":"binary-expr","locations":[{"start":{"line":3990,"column":12},"end":{"line":3990,"column":36}},{"start":{"line":3990,"column":40},"end":{"line":3990,"column":65}}]},"497":{"line":3997,"type":"cond-expr","locations":[{"start":{"line":3997,"column":43},"end":{"line":3997,"column":44}},{"start":{"line":3997,"column":47},"end":{"line":3997,"column":48}}]},"498":{"line":4010,"type":"if","locations":[{"start":{"line":4010,"column":8},"end":{"line":4010,"column":8}},{"start":{"line":4010,"column":8},"end":{"line":4010,"column":8}}]},"499":{"line":4011,"type":"binary-expr","locations":[{"start":{"line":4011,"column":27},"end":{"line":4011,"column":61}},{"start":{"line":4011,"column":66},"end":{"line":4011,"column":79}}]},"500":{"line":4012,"type":"binary-expr","locations":[{"start":{"line":4012,"column":25},"end":{"line":4012,"column":57}},{"start":{"line":4012,"column":62},"end":{"line":4012,"column":73}}]},"501":{"line":4014,"type":"if","locations":[{"start":{"line":4014,"column":12},"end":{"line":4014,"column":12}},{"start":{"line":4014,"column":12},"end":{"line":4014,"column":12}}]},"502":{"line":4014,"type":"binary-expr","locations":[{"start":{"line":4014,"column":16},"end":{"line":4014,"column":25}},{"start":{"line":4014,"column":29},"end":{"line":4014,"column":52}},{"start":{"line":4014,"column":56},"end":{"line":4014,"column":84}}]},"503":{"line":4023,"type":"if","locations":[{"start":{"line":4023,"column":12},"end":{"line":4023,"column":12}},{"start":{"line":4023,"column":12},"end":{"line":4023,"column":12}}]},"504":{"line":4023,"type":"binary-expr","locations":[{"start":{"line":4023,"column":16},"end":{"line":4023,"column":51}},{"start":{"line":4023,"column":55},"end":{"line":4023,"column":69}}]},"505":{"line":4026,"type":"if","locations":[{"start":{"line":4026,"column":12},"end":{"line":4026,"column":12}},{"start":{"line":4026,"column":12},"end":{"line":4026,"column":12}}]},"506":{"line":4026,"type":"binary-expr","locations":[{"start":{"line":4026,"column":16},"end":{"line":4026,"column":52}},{"start":{"line":4026,"column":56},"end":{"line":4026,"column":71}}]},"507":{"line":4029,"type":"if","locations":[{"start":{"line":4029,"column":12},"end":{"line":4029,"column":12}},{"start":{"line":4029,"column":12},"end":{"line":4029,"column":12}}]},"508":{"line":4029,"type":"binary-expr","locations":[{"start":{"line":4029,"column":16},"end":{"line":4029,"column":53}},{"start":{"line":4029,"column":57},"end":{"line":4029,"column":73}}]},"509":{"line":4034,"type":"if","locations":[{"start":{"line":4034,"column":8},"end":{"line":4034,"column":8}},{"start":{"line":4034,"column":8},"end":{"line":4034,"column":8}}]},"510":{"line":4035,"type":"if","locations":[{"start":{"line":4035,"column":12},"end":{"line":4035,"column":12}},{"start":{"line":4035,"column":12},"end":{"line":4035,"column":12}}]},"511":{"line":4039,"type":"if","locations":[{"start":{"line":4039,"column":16},"end":{"line":4039,"column":16}},{"start":{"line":4039,"column":16},"end":{"line":4039,"column":16}}]},"512":{"line":4048,"type":"if","locations":[{"start":{"line":4048,"column":12},"end":{"line":4048,"column":12}},{"start":{"line":4048,"column":12},"end":{"line":4048,"column":12}}]},"513":{"line":4052,"type":"if","locations":[{"start":{"line":4052,"column":12},"end":{"line":4052,"column":12}},{"start":{"line":4052,"column":12},"end":{"line":4052,"column":12}}]},"514":{"line":4056,"type":"if","locations":[{"start":{"line":4056,"column":12},"end":{"line":4056,"column":12}},{"start":{"line":4056,"column":12},"end":{"line":4056,"column":12}}]},"515":{"line":4059,"type":"if","locations":[{"start":{"line":4059,"column":12},"end":{"line":4059,"column":12}},{"start":{"line":4059,"column":12},"end":{"line":4059,"column":12}}]},"516":{"line":4059,"type":"binary-expr","locations":[{"start":{"line":4059,"column":16},"end":{"line":4059,"column":27}},{"start":{"line":4059,"column":31},"end":{"line":4059,"column":40}}]},"517":{"line":4083,"type":"if","locations":[{"start":{"line":4083,"column":8},"end":{"line":4083,"column":8}},{"start":{"line":4083,"column":8},"end":{"line":4083,"column":8}}]},"518":{"line":4088,"type":"if","locations":[{"start":{"line":4088,"column":12},"end":{"line":4088,"column":12}},{"start":{"line":4088,"column":12},"end":{"line":4088,"column":12}}]},"519":{"line":4093,"type":"if","locations":[{"start":{"line":4093,"column":8},"end":{"line":4093,"column":8}},{"start":{"line":4093,"column":8},"end":{"line":4093,"column":8}}]}}}}