{"C:\\Users\\dgomes\\Documents\\GitHub\\esprima\\esprima.js":{"path":"C:\\Users\\dgomes\\Documents\\GitHub\\esprima\\esprima.js","s":{"1":1,"2":1,"3":1,"4":0,"5":1,"6":1,"7":0,"8":1,"9":1,"10":1,"11":1,"12":1,"13":1,"14":1,"15":1,"16":1,"17":1,"18":1,"19":1,"20":1,"21":1,"22":1,"23":1,"24":1,"25":1,"26":1,"27":1,"28":1596,"29":0,"30":1,"31":6261,"32":1,"33":224,"34":1,"35":266,"36":1,"37":33096,"38":1,"39":32500,"40":1,"41":9442,"42":1,"43":16378,"44":1,"45":88,"46":4,"47":84,"48":1,"49":632,"50":108,"51":524,"52":1,"53":611,"54":1,"55":2838,"56":44,"57":2794,"58":178,"59":583,"60":387,"61":615,"62":140,"63":99,"64":584,"65":12,"66":196,"67":1,"68":24825,"69":24825,"70":24825,"71":24825,"72":30351,"73":30351,"74":318,"75":318,"76":39,"77":39,"78":2,"79":39,"80":39,"81":30033,"82":1020,"83":64,"84":2,"85":64,"86":64,"87":64,"88":64,"89":2,"90":956,"91":956,"92":8,"93":948,"94":62,"95":62,"96":56,"97":56,"98":29013,"99":387,"100":387,"101":39,"102":39,"103":348,"104":68,"105":68,"106":68,"107":2,"108":280,"109":28626,"110":6011,"111":22615,"112":117,"113":117,"114":2,"115":117,"116":117,"117":22498,"118":1,"119":59,"120":59,"121":59,"122":174,"123":152,"124":152,"125":22,"126":37,"127":1,"128":48,"129":48,"130":48,"131":48,"132":29,"133":8,"134":21,"135":21,"136":21,"137":12,"138":9,"139":28,"140":28,"141":28,"142":3,"143":25,"144":25,"145":25,"146":19,"147":19,"148":4,"149":15,"150":15,"151":15,"152":12,"153":3,"154":12,"155":1,"156":4240,"157":4240,"158":4240,"159":16318,"160":16318,"161":19,"162":19,"163":16299,"164":12396,"165":3903,"166":4221,"167":1,"168":4269,"169":4269,"170":4269,"171":4233,"172":1395,"173":2838,"174":1453,"175":1385,"176":25,"177":1360,"178":158,"179":1202,"180":4233,"181":1,"182":6429,"183":6429,"184":5471,"185":5471,"186":38,"187":8,"188":30,"189":6,"190":5471,"191":958,"192":958,"193":52,"194":33,"195":33,"196":15,"197":15,"198":6,"199":15,"200":4,"201":910,"202":910,"203":910,"204":910,"205":910,"206":9,"207":3,"208":3,"209":907,"210":6,"211":6,"212":901,"213":3,"214":3,"215":898,"216":3,"217":3,"218":895,"219":167,"220":167,"221":728,"222":712,"223":712,"224":16,"225":1,"226":32,"227":32,"228":62,"229":7,"230":55,"231":32,"232":4,"233":28,"234":4,"235":24,"236":1,"237":29,"238":29,"239":41,"240":20,"241":21,"242":29,"243":8,"244":21,"245":1,"246":623,"247":623,"248":623,"249":623,"250":623,"251":623,"252":620,"253":620,"254":620,"255":102,"256":32,"257":32,"258":70,"259":29,"260":41,"261":4,"262":555,"263":326,"264":555,"265":558,"266":12,"267":12,"268":72,"269":12,"270":558,"271":28,"272":28,"273":28,"274":20,"275":28,"276":12,"277":30,"278":16,"279":542,"280":16,"281":526,"282":1,"283":471,"284":471,"285":471,"286":471,"287":471,"288":471,"289":4864,"290":4864,"291":455,"292":455,"293":4409,"294":121,"295":121,"296":115,"297":6,"298":6,"299":3,"300":3,"301":3,"302":3,"303":16,"304":16,"305":16,"306":6,"307":10,"308":10,"309":16,"310":3,"311":3,"312":3,"313":3,"314":3,"315":3,"316":78,"317":62,"318":62,"319":47,"320":62,"321":21,"322":21,"323":21,"324":12,"325":62,"326":16,"327":78,"328":6,"329":6,"330":3,"331":4288,"332":8,"333":4280,"334":471,"335":16,"336":455,"337":1,"338":67,"339":67,"340":67,"341":67,"342":67,"343":67,"344":67,"345":67,"346":287,"347":287,"348":287,"349":112,"350":25,"351":175,"352":7,"353":7,"354":4,"355":3,"356":168,"357":42,"358":42,"359":126,"360":25,"361":101,"362":4,"363":59,"364":17,"365":42,"366":42,"367":42,"368":44,"369":44,"370":5,"371":39,"372":39,"373":10,"374":10,"375":7,"376":7,"377":7,"378":7,"379":3,"380":3,"381":12,"382":4,"383":4,"384":4,"385":3,"386":29,"387":29,"388":42,"389":42,"390":8,"391":34,"392":34,"393":7,"394":27,"395":1,"396":67,"397":1,"398":21,"399":21,"400":21,"401":5,"402":16,"403":14,"404":2,"405":2,"406":1,"407":1,"408":12,"409":5,"410":2,"411":2,"412":1,"413":3,"414":2,"415":2,"416":1,"417":1,"418":2,"419":1,"420":1,"421":7,"422":2,"423":1,"424":1,"425":1,"426":13254,"427":13254,"428":13230,"429":1422,"430":11808,"431":11808,"432":2528,"433":9280,"434":471,"435":8809,"436":4269,"437":4540,"438":78,"439":3,"440":75,"441":4462,"442":620,"443":3842,"444":21,"445":3821,"446":1,"447":11238,"448":11238,"449":11238,"450":11238,"451":11238,"452":11238,"453":11225,"454":11225,"455":11225,"456":11225,"457":1,"458":2016,"459":2016,"460":2016,"461":2016,"462":2016,"463":1876,"464":1876,"465":1876,"466":1,"467":4734,"468":42,"469":221,"470":326,"471":326,"472":486,"473":36,"474":138,"475":22,"476":6,"477":24,"478":3,"479":12,"480":54,"481":1295,"482":30,"483":15,"484":47,"485":158,"486":2608,"487":18,"488":27,"489":1120,"490":75,"491":34,"492":106,"493":40,"494":1105,"495":214,"496":32,"497":6,"498":20,"499":12,"500":3,"501":18,"502":25,"503":63,"504":28,"505":35,"506":133,"507":186,"508":54,"509":11,"510":3,"511":1,"512":211,"513":211,"514":211,"515":211,"516":211,"517":211,"518":211,"519":211,"520":211,"521":211,"522":1,"523":925,"524":336,"525":336,"526":925,"527":506,"528":506,"529":506,"530":506,"531":419,"532":419,"533":419,"534":419,"535":925,"536":925,"537":1,"538":300,"539":300,"540":300,"541":68,"542":232,"543":1,"544":312,"545":80,"546":232,"547":16,"548":216,"549":4,"550":212,"551":4,"552":208,"553":88,"554":4,"555":84,"556":44,"557":4,"558":40,"559":120,"560":1,"561":4390,"562":4390,"563":56,"564":1,"565":1231,"566":1231,"567":4,"568":1,"569":28667,"570":1,"571":6118,"572":1,"573":2385,"574":2385,"575":836,"576":1549,"577":1549,"578":1,"579":1516,"580":1516,"581":552,"582":552,"583":964,"584":964,"585":964,"586":27,"587":937,"588":3,"589":3,"590":934,"591":28,"592":1,"593":356,"594":1,"595":50,"596":50,"597":50,"598":48,"599":13,"600":13,"601":35,"602":27,"603":21,"604":42,"605":42,"606":1,"607":105,"608":105,"609":105,"610":105,"611":10,"612":97,"613":97,"614":1,"615":355,"616":355,"617":28,"618":10,"619":20,"620":327,"621":1,"622":254,"623":254,"624":254,"625":218,"626":218,"627":53,"628":53,"629":53,"630":53,"631":53,"632":165,"633":56,"634":56,"635":56,"636":56,"637":4,"638":52,"639":52,"640":52,"641":44,"642":109,"643":109,"644":97,"645":36,"646":8,"647":28,"648":20,"649":20,"650":20,"651":1,"652":202,"653":202,"654":202,"655":254,"656":214,"657":194,"658":20,"659":214,"660":214,"661":214,"662":54,"663":27,"664":14,"665":13,"666":10,"667":27,"668":14,"669":13,"670":10,"671":14,"672":160,"673":174,"674":174,"675":78,"676":106,"677":106,"678":1,"679":170,"680":170,"681":170,"682":30,"683":30,"684":1,"685":3219,"686":3219,"687":3219,"688":1397,"689":1822,"690":968,"691":14,"692":956,"693":854,"694":144,"695":3,"696":3,"697":141,"698":129,"699":722,"700":113,"701":113,"702":113,"703":609,"704":4,"705":4,"706":4,"707":605,"708":50,"709":555,"710":202,"711":353,"712":222,"713":131,"714":51,"715":80,"716":1,"717":158,"718":158,"719":158,"720":60,"721":73,"722":69,"723":56,"724":13,"725":154,"726":154,"727":1,"728":67,"729":67,"730":4,"731":63,"732":1,"733":67,"734":67,"735":1,"736":12,"737":12,"738":12,"739":12,"740":12,"741":1,"742":34,"743":34,"744":34,"745":34,"746":34,"747":1,"748":1755,"749":1755,"750":1323,"751":89,"752":62,"753":58,"754":27,"755":3,"756":3,"757":24,"758":20,"759":1315,"760":1,"761":14,"762":14,"763":14,"764":2,"765":1,"766":1,"767":1,"768":1,"769":14,"770":1,"771":3219,"772":2779,"773":833,"774":1946,"775":64,"776":20,"777":48,"778":8,"779":40,"780":40,"781":1922,"782":1,"783":3306,"784":3306,"785":2470,"786":836,"787":52,"788":52,"789":52,"790":20,"791":36,"792":8,"793":28,"794":784,"795":20,"796":20,"797":20,"798":764,"799":15,"800":15,"801":15,"802":15,"803":6,"804":11,"805":749,"806":1,"807":2727,"808":2727,"809":801,"810":1926,"811":18,"812":18,"813":18,"814":18,"815":21,"816":21,"817":18,"818":18,"819":18,"820":18,"821":15,"822":15,"823":42,"824":42,"825":31,"826":31,"827":21,"828":21,"829":104,"830":104,"831":57,"832":57,"833":1563,"834":1926,"835":1,"836":2877,"837":2877,"838":2877,"839":2877,"840":2401,"841":2401,"842":2401,"843":2167,"844":234,"845":234,"846":234,"847":218,"848":108,"849":60,"850":60,"851":60,"852":60,"853":108,"854":108,"855":108,"856":108,"857":218,"858":218,"859":218,"860":218,"861":266,"862":266,"863":218,"864":1,"865":2877,"866":2877,"867":2385,"868":6,"869":6,"870":6,"871":6,"872":6,"873":6,"874":6,"875":6,"876":2385,"877":1,"878":2877,"879":2877,"880":2877,"881":2385,"882":257,"883":20,"884":237,"885":12,"886":229,"887":229,"888":221,"889":2128,"890":1,"891":2252,"892":1768,"893":6,"894":6,"895":9,"896":3,"897":6,"898":6,"899":1768,"900":1,"901":229,"902":229,"903":401,"904":181,"905":220,"906":184,"907":4,"908":180,"909":193,"910":1,"911":229,"912":229,"913":229,"914":193,"915":181,"916":1,"917":921,"918":921,"919":100,"920":825,"921":1,"922":3,"923":3,"924":3,"925":3,"926":3,"927":3,"928":0,"929":3,"930":0,"931":3,"932":1,"933":282,"934":222,"935":12,"936":214,"937":31,"938":19,"939":183,"940":3,"941":3,"942":3,"943":3,"944":0,"945":3,"946":3,"947":3,"948":3,"949":180,"950":123,"951":119,"952":3,"953":119,"954":107,"955":3,"956":186,"957":1,"958":229,"959":229,"960":282,"961":186,"962":133,"963":53,"964":133,"965":1,"966":163,"967":163,"968":163,"969":87,"970":87,"971":1,"972":41,"973":41,"974":41,"975":21,"976":21,"977":1,"978":54,"979":54,"980":1,"981":198,"982":58,"983":58,"984":1,"985":38,"986":38,"987":38,"988":34,"989":34,"990":34,"991":22,"992":7,"993":7,"994":15,"995":18,"996":1,"997":20,"998":20,"999":20,"1000":20,"1001":20,"1002":16,"1003":16,"1004":12,"1005":12,"1006":12,"1007":12,"1008":3,"1009":12,"1010":1,"1011":86,"1012":86,"1013":86,"1014":86,"1015":86,"1016":86,"1017":86,"1018":86,"1019":54,"1020":54,"1021":1,"1022":25,"1023":25,"1024":1,"1025":69,"1026":69,"1027":69,"1028":69,"1029":69,"1030":13,"1031":56,"1032":25,"1033":25,"1034":25,"1035":25,"1036":12,"1037":12,"1038":12,"1039":12,"1040":31,"1041":31,"1042":31,"1043":31,"1044":15,"1045":12,"1046":3,"1047":3,"1048":3,"1049":3,"1050":44,"1051":29,"1052":49,"1053":34,"1054":9,"1055":34,"1056":34,"1057":6,"1058":49,"1059":49,"1060":49,"1061":49,"1062":45,"1063":45,"1064":1,"1065":52,"1066":52,"1067":52,"1068":11,"1069":11,"1070":8,"1071":3,"1072":41,"1073":13,"1074":4,"1075":9,"1076":28,"1077":17,"1078":17,"1079":17,"1080":8,"1081":20,"1082":16,"1083":4,"1084":12,"1085":1,"1086":60,"1087":60,"1088":60,"1089":10,"1090":10,"1091":4,"1092":6,"1093":50,"1094":13,"1095":4,"1096":9,"1097":37,"1098":23,"1099":23,"1100":23,"1101":8,"1102":29,"1103":25,"1104":4,"1105":21,"1106":1,"1107":36,"1108":36,"1109":36,"1110":6,"1111":32,"1112":21,"1113":12,"1114":12,"1115":12,"1116":20,"1117":9,"1118":11,"1119":8,"1120":3,"1121":11,"1122":11,"1123":1,"1124":19,"1125":19,"1126":6,"1127":15,"1128":15,"1129":15,"1130":15,"1131":15,"1132":11,"1133":1,"1134":24,"1135":24,"1136":15,"1137":15,"1138":9,"1139":9,"1140":24,"1141":24,"1142":42,"1143":20,"1144":22,"1145":18,"1146":20,"1147":1,"1148":20,"1149":20,"1150":20,"1151":20,"1152":20,"1153":20,"1154":20,"1155":3,"1156":3,"1157":17,"1158":17,"1159":17,"1160":17,"1161":17,"1162":33,"1163":9,"1164":24,"1165":20,"1166":11,"1167":4,"1168":7,"1169":16,"1170":9,"1171":9,"1172":9,"1173":1,"1174":30,"1175":30,"1176":30,"1177":4,"1178":26,"1179":18,"1180":18,"1181":1,"1182":34,"1183":34,"1184":34,"1185":34,"1186":4,"1187":30,"1188":30,"1189":12,"1190":22,"1191":22,"1192":22,"1193":1,"1194":41,"1195":41,"1196":41,"1197":41,"1198":34,"1199":29,"1200":6,"1201":6,"1202":29,"1203":4,"1204":25,"1205":1,"1206":3,"1207":3,"1208":3,"1209":1,"1210":2588,"1211":2588,"1212":24,"1213":2564,"1214":548,"1215":54,"1216":160,"1217":198,"1218":136,"1219":2152,"1220":691,"1221":60,"1222":52,"1223":3,"1224":20,"1225":69,"1226":3,"1227":38,"1228":36,"1229":20,"1230":30,"1231":41,"1232":163,"1233":86,"1234":19,"1235":51,"1236":1512,"1237":1316,"1238":59,"1239":59,"1240":59,"1241":8,"1242":51,"1243":51,"1244":27,"1245":27,"1246":1257,"1247":1237,"1248":1,"1249":513,"1250":513,"1251":513,"1252":780,"1253":494,"1254":286,"1255":286,"1256":278,"1257":278,"1258":3,"1259":275,"1260":275,"1261":261,"1262":261,"1263":10,"1264":14,"1265":10,"1266":497,"1267":497,"1268":497,"1269":497,"1270":497,"1271":497,"1272":497,"1273":497,"1274":497,"1275":590,"1276":305,"1277":285,"1278":97,"1279":4,"1280":93,"1281":309,"1282":305,"1283":305,"1284":305,"1285":305,"1286":305,"1287":1,"1288":424,"1289":424,"1290":424,"1291":111,"1292":111,"1293":144,"1294":144,"1295":128,"1296":128,"1297":52,"1298":20,"1299":20,"1300":52,"1301":16,"1302":16,"1303":76,"1304":68,"1305":16,"1306":16,"1307":52,"1308":12,"1309":12,"1310":40,"1311":14,"1312":14,"1313":128,"1314":128,"1315":128,"1316":95,"1317":33,"1318":408,"1319":408,"1320":1,"1321":335,"1322":335,"1323":335,"1324":335,"1325":315,"1326":40,"1327":12,"1328":275,"1329":25,"1330":25,"1331":250,"1332":4,"1333":4,"1334":307,"1335":291,"1336":291,"1337":291,"1338":291,"1339":49,"1340":291,"1341":291,"1342":107,"1343":44,"1344":63,"1345":22,"1346":47,"1347":47,"1348":1,"1349":129,"1350":129,"1351":129,"1352":68,"1353":68,"1354":68,"1355":32,"1356":16,"1357":36,"1358":14,"1359":14,"1360":22,"1361":4,"1362":4,"1363":117,"1364":117,"1365":117,"1366":117,"1367":117,"1368":29,"1369":117,"1370":117,"1371":93,"1372":24,"1373":69,"1374":14,"1375":61,"1376":61,"1377":1,"1378":2689,"1379":987,"1380":41,"1381":332,"1382":614,"1383":1702,"1384":1690,"1385":1,"1386":1817,"1387":1817,"1388":1886,"1389":1886,"1390":1740,"1391":146,"1392":146,"1393":146,"1394":3,"1395":143,"1396":143,"1397":80,"1398":80,"1399":6,"1400":63,"1401":30,"1402":1813,"1403":1752,"1404":1044,"1405":4,"1406":1040,"1407":1105,"1408":1,"1409":1953,"1410":1953,"1411":1953,"1412":1817,"1413":1105,"1414":1,"1415":99,"1416":99,"1417":31,"1418":22,"1419":77,"1420":1,"1421":3561,"1422":3561,"1423":3561,"1424":3561,"1425":3561,"1426":5485,"1427":5485,"1428":391,"1429":391,"1430":29,"1431":29,"1432":29,"1433":29,"1434":2,"1435":29,"1436":29,"1437":29,"1438":362,"1439":9,"1440":9,"1441":9,"1442":9,"1443":353,"1444":5094,"1445":431,"1446":34,"1447":5,"1448":5,"1449":29,"1450":34,"1451":34,"1452":34,"1453":34,"1454":2,"1455":397,"1456":397,"1457":8,"1458":389,"1459":389,"1460":64,"1461":64,"1462":58,"1463":58,"1464":58,"1465":58,"1466":58,"1467":58,"1468":4663,"1469":193,"1470":193,"1471":41,"1472":41,"1473":41,"1474":41,"1475":41,"1476":3,"1477":3,"1478":3,"1479":152,"1480":70,"1481":70,"1482":70,"1483":70,"1484":70,"1485":2,"1486":82,"1487":4470,"1488":1258,"1489":3212,"1490":39,"1491":39,"1492":2,"1493":39,"1494":39,"1495":3173,"1496":1,"1497":66,"1498":66,"1499":63,"1500":63,"1501":63,"1502":38,"1503":63,"1504":36,"1505":63,"1506":66,"1507":1,"1508":282,"1509":282,"1510":282,"1511":282,"1512":282,"1513":273,"1514":273,"1515":203,"1516":203,"1517":203,"1518":273,"1519":1,"1520":40,"1521":40,"1522":40,"1523":40,"1524":40,"1525":31,"1526":31,"1527":24,"1528":24,"1529":24,"1530":24,"1531":24,"1532":24,"1533":31,"1534":1,"1535":65,"1536":65,"1537":195,"1538":195,"1539":195,"1540":136,"1541":195,"1542":136,"1543":195,"1544":65,"1545":1,"1546":13568,"1547":13568,"1548":13568,"1549":13568,"1550":12214,"1551":12214,"1552":12214,"1553":13568,"1554":52,"1555":52,"1556":52,"1557":52,"1558":52,"1559":13568,"1560":4652,"1561":4628,"1562":4652,"1563":4628,"1564":4628,"1565":13568,"1566":1,"1567":52,"1568":52,"1569":52,"1570":52,"1571":52,"1572":52,"1573":52,"1574":52,"1575":52,"1576":1,"1577":20,"1578":20,"1579":20,"1580":20,"1581":20,"1582":4,"1583":2,"1584":2,"1585":2,"1586":2,"1587":2,"1588":2,"1589":2,"1590":2,"1591":20,"1592":1,"1593":1464,"1594":1464,"1595":1464,"1596":1464,"1597":1464,"1598":126,"1599":80,"1600":80,"1601":80,"1602":80,"1603":46,"1604":6,"1605":6,"1606":6,"1607":6,"1608":40,"1609":40,"1610":40,"1611":40,"1612":1464,"1613":1,"1614":9004,"1615":9004,"1616":9004,"1617":9004,"1618":27834,"1619":12596,"1620":8250,"1621":1,"1622":767,"1623":20709,"1624":13764,"1625":20709,"1626":866,"1627":866,"1628":168,"1629":866,"1630":158,"1631":866,"1632":866,"1633":54,"1634":54,"1635":54,"1636":812,"1637":68,"1638":68,"1639":68,"1640":866,"1641":866,"1642":54,"1643":54,"1644":54,"1645":54,"1646":812,"1647":68,"1648":68,"1649":20709,"1650":12032,"1651":12032,"1652":12032,"1653":12032,"1654":12032,"1655":12032,"1656":4498,"1657":12032,"1658":24,"1659":12032,"1660":540,"1661":12032,"1662":1,"1663":1982,"1664":1982,"1665":495,"1666":495,"1667":1982,"1668":767,"1669":767,"1670":767,"1671":767,"1672":767,"1673":767,"1674":767,"1675":767,"1676":767,"1677":767,"1678":767,"1679":767,"1680":767,"1681":767,"1682":767,"1683":767,"1684":767,"1685":767,"1686":767,"1687":767,"1688":767,"1689":767,"1690":767,"1691":767,"1692":767,"1693":767,"1694":767,"1695":767,"1696":767,"1697":767,"1698":767,"1699":767,"1700":767,"1701":767,"1702":767,"1703":767,"1704":767,"1705":767,"1706":767,"1707":767,"1708":767,"1709":767,"1710":767,"1711":767,"1712":767,"1713":767,"1714":767,"1715":767,"1716":767,"1717":767,"1718":767,"1719":767,"1720":767,"1721":767,"1722":767,"1723":767,"1724":767,"1725":767,"1726":767,"1727":767,"1728":1982,"1729":74,"1730":74,"1731":74,"1732":74,"1733":1,"1734":1982,"1735":495,"1736":1982,"1737":767,"1738":767,"1739":767,"1740":767,"1741":767,"1742":767,"1743":767,"1744":767,"1745":767,"1746":767,"1747":767,"1748":767,"1749":767,"1750":767,"1751":767,"1752":767,"1753":767,"1754":767,"1755":767,"1756":767,"1757":767,"1758":767,"1759":767,"1760":767,"1761":767,"1762":767,"1763":767,"1764":767,"1765":767,"1766":1982,"1767":74,"1768":74,"1769":1,"1770":4,"1771":4,"1772":168,"1773":168,"1774":4,"1775":4,"1776":4,"1777":4,"1778":1,"1779":29,"1780":29,"1781":29,"1782":7,"1783":29,"1784":29,"1785":29,"1786":29,"1787":29,"1788":29,"1789":29,"1790":29,"1791":29,"1792":29,"1793":29,"1794":29,"1795":29,"1796":29,"1797":29,"1798":29,"1799":29,"1800":29,"1801":17,"1802":29,"1803":13,"1804":29,"1805":28,"1806":0,"1807":0,"1808":29,"1809":29,"1810":29,"1811":25,"1812":1,"1813":24,"1814":24,"1815":54,"1816":54,"1817":5,"1818":5,"1819":1,"1820":1,"1821":4,"1822":20,"1823":20,"1824":20,"1825":12,"1826":12,"1827":20,"1828":12,"1829":8,"1830":29,"1831":29,"1832":20,"1833":1,"1834":1953,"1835":1953,"1836":1953,"1837":7,"1838":1953,"1839":1953,"1840":1953,"1841":1953,"1842":1953,"1843":1953,"1844":1953,"1845":1953,"1846":1953,"1847":1953,"1848":1945,"1849":1945,"1850":1945,"1851":4,"1852":68,"1853":68,"1854":1945,"1855":45,"1856":1945,"1857":478,"1858":1945,"1859":68,"1860":1953,"1861":1950,"1862":0,"1863":0,"1864":1953,"1865":1953,"1866":1953,"1867":1105,"1868":54,"1869":54,"1870":1105,"1871":45,"1872":45,"1873":1105,"1874":68,"1875":1105,"1876":754,"1877":848,"1878":1953,"1879":1953,"1880":1105,"1881":1,"1882":1,"1883":1,"1884":1,"1885":1,"1886":1,"1887":1,"1888":1,"1889":41,"1890":41,"1891":1,"1892":1,"1893":1},"b":{"1":[0,1],"2":[1,0],"3":[1,0],"4":[0,1596],"5":[6261,5119],"6":[33096,25835,25835,25835,25835,25835,89],"7":[32500,32201,32156,32156],"8":[9442,9442,9389,6210,9361,5965,5166,5137,21],"9":[16378,16378,16189,12299,16109,12164,3969,487,3965,3936,24],"10":[4,4,4,4,4,4,84],"11":[8,24,44,52,60,68,92,100,108,524],"12":[611,502],"13":[44,2794],"14":[2838,264],"15":[178,583,387,615,140,99,584,12,196],"16":[178,107,66],"17":[583,401,332,298,257],"18":[387,384,377,368,364,344],"19":[615,513,453,419,389,360,356,352],"20":[140,104,101,92,72,72],"21":[99,84,78],"22":[584,116,64],"23":[318,30033],"24":[39,279],"25":[2,37],"26":[39,4],"27":[1020,29013],"28":[64,956],"29":[2,62],"30":[64,6],"31":[2,62],"32":[8,948],"33":[62,886],"34":[56,6],"35":[387,28626],"36":[39,348],"37":[68,280],"38":[2,66],"39":[6011,22615],"40":[117,22498],"41":[2,115],"42":[117,8],"43":[53,6],"44":[152,22],"45":[174,162],"46":[29,19],"47":[8,21],"48":[12,9],"49":[21,17,13],"50":[3,25],"51":[19,6],"52":[4,15],"53":[12,3],"54":[15,11,7],"55":[19,16299],"56":[12396,3903],"57":[29,4240],"58":[1395,2838],"59":[1453,1385],"60":[25,1360],"61":[158,1202],"62":[1360,1243],"63":[75,1306,2374,3168,3373,4359,5070,5138,5233,5462,5468,5471,958],"64":[38,5433],"65":[8,30],"66":[6,24],"67":[52,906],"68":[3,6,9,12,15,21,24,27,30,33,6,15,4],"69":[6,9],"70":[9,901],"71":[910,21,15],"72":[3,6],"73":[6,901],"74":[907,18,12],"75":[3,898],"76":[901,48,15],"77":[3,895],"78":[898,12,6],"79":[167,728],"80":[895,167],"81":[712,16],"82":[7,55],"83":[4,28],"84":[4,24],"85":[20,21],"86":[8,21],"87":[29,25],"88":[623,3],"89":[620,3],"90":[102,518],"91":[32,70],"92":[102,76],"93":[29,41],"94":[4,37],"95":[41,38],"96":[12,546],"97":[28,530],"98":[558,530],"99":[20,8],"100":[28,15],"101":[12,16],"102":[16,526],"103":[471,305],"104":[455,4409],"105":[121,4288],"106":[115,6],"107":[121,117],"108":[6,3,3,10,16,3,3,3,78],"109":[6,10],"110":[62,16],"111":[47,15],"112":[21,41],"113":[62,62],"114":[12,9],"115":[21,15,15],"116":[3,3],"117":[6,3],"118":[8,4280],"119":[16,455],"120":[112,175],"121":[25,87],"122":[7,168],"123":[4,3],"124":[42,126],"125":[25,101],"126":[4,97],"127":[17,42],"128":[5,39],"129":[10,29],"130":[39,10],"131":[7,3],"132":[3,4],"133":[7,27],"134":[67,16,13,7],"135":[5,16],"136":[14,2],"137":[2,12],"138":[1,1],"139":[2,1,1,1,1,1],"140":[5,7],"141":[2,3],"142":[5,4],"143":[1,1],"144":[2,1],"145":[3,2],"146":[1,1],"147":[1,1],"148":[1,1],"149":[1422,11808],"150":[2528,9280],"151":[11808,10577,9509],"152":[471,8809],"153":[9280,9114],"154":[4269,4540],"155":[78,4462],"156":[3,75],"157":[620,3842],"158":[21,3821],"159":[3842,42],"160":[36,290],"161":[326,308],"162":[28,35],"163":[63,49],"164":[506,419],"165":[68,232],"166":[80,232],"167":[16,216],"168":[4,212],"169":[4,208],"170":[88,120],"171":[4,84],"172":[44,40],"173":[84,44],"174":[56,4334],"175":[4390,4366],"176":[4,1227],"177":[1231,1227],"178":[28667,20923],"179":[6118,1168],"180":[836,1549],"181":[1549,1325,1322,1319,1316,1313,1310,1307,1304,1301,1298,1295],"182":[552,964],"183":[27,937],"184":[3,934],"185":[28,906],"186":[934,142],"187":[356,48],"188":[13,35],"189":[21,6],"190":[10,95],"191":[105,52,12],"192":[28,327],"193":[355,339],"194":[10,18],"195":[28,10],"196":[218,36],"197":[53,165],"198":[218,60],"199":[56,109],"200":[165,71],"201":[4,52],"202":[8,28],"203":[36,28],"204":[194,20],"205":[117,97],"206":[53,44],"207":[54,160],"208":[27,27],"209":[14,13],"210":[27,16],"211":[10,3],"212":[14,13],"213":[10,3],"214":[78,96],"215":[1397,1822],"216":[968,854],"217":[1822,1387],"218":[14,954],"219":[968,60],"220":[144,710],"221":[3,141],"222":[129,12],"223":[113,609],"224":[4,605],"225":[50,555],"226":[202,353],"227":[222,131],"228":[51,80],"229":[131,83],"230":[60,98],"231":[56,13],"232":[4,63],"233":[16,18],"234":[12,1743],"235":[1404,1380,1377],"236":[62,27],"237":[3,24],"238":[2,12],"239":[16,15],"240":[1,1],"241":[833,1946],"242":[64,1882],"243":[1946,1908,70],"244":[20,44],"245":[64,20,20],"246":[8,40],"247":[2470,836],"248":[3306,2657],"249":[52,784],"250":[836,810],"251":[20,32],"252":[52,20,20],"253":[8,28],"254":[20,764],"255":[784,773,770,767],"256":[15,749],"257":[764,755,752],"258":[6,9],"259":[15,6,6],"260":[801,1926],"261":[2727,843],"262":[18,18,21,18,18,6,9,12,15,30,33,36,39,42,31,12,15,21,83,104,36,45,57,1563],"263":[10,21],"264":[2167,234],"265":[168,108],"266":[6,2379],"267":[257,2128],"268":[20,237],"269":[12,225],"270":[237,24,24],"271":[6,1762],"272":[3,6],"273":[181,220],"274":[4,180],"275":[100,821],"276":[3,0],"277":[0,3],"278":[12,210],"279":[222,20],"280":[31,183],"281":[3,180],"282":[3,0],"283":[3,0],"284":[123,57],"285":[3,116],"286":[3,104],"287":[133,53],"288":[7,15],"289":[3,9],"290":[13,56],"291":[25,31],"292":[56,37],"293":[12,13],"294":[25,18],"295":[15,16],"296":[12,3],"297":[29,15],"298":[34,15],"299":[9,25],"300":[6,28],"301":[30,15],"302":[11,41],"303":[8,3],"304":[13,28],"305":[4,9],"306":[17,11],"307":[8,9],"308":[4,12],"309":[16,7],"310":[10,50],"311":[4,6],"312":[10,10],"313":[13,37],"314":[4,9],"315":[13,4],"316":[23,14],"317":[8,15],"318":[4,21],"319":[25,10],"320":[10,7],"321":[6,30],"322":[21,11],"323":[12,9],"324":[9,11],"325":[8,3],"326":[3,5],"327":[8,5],"328":[6,13],"329":[15,9],"330":[20,22],"331":[42,29,22],"332":[3,17],"333":[9,24],"334":[11,9],"335":[4,7],"336":[4,26],"337":[4,30],"338":[12,18],"339":[30,12,12],"340":[34,7],"341":[6,23],"342":[4,25],"343":[29,7],"344":[24,2564],"345":[548,2016],"346":[54,160,198,136],"347":[691,1461],"348":[60,52,3,20,69,3,38,36,20,30,41,163,86,19,51],"349":[59,1257],"350":[1316,152],"351":[8,51],"352":[494,286],"353":[3,275],"354":[261,14],"355":[10,251],"356":[10,4],"357":[14,10],"358":[305,285],"359":[4,93],"360":[111,313],"361":[52,76],"362":[20,32],"363":[16,36],"364":[68,8],"365":[16,52],"366":[12,40],"367":[14,26],"368":[95,33],"369":[40,275],"370":[12,28],"371":[25,250],"372":[4,246],"373":[49,242],"374":[44,63],"375":[107,77],"376":[22,41],"377":[63,33],"378":[68,61],"379":[32,36],"380":[16,16],"381":[14,22],"382":[4,18],"383":[29,88],"384":[24,69],"385":[93,48],"386":[14,55],"387":[69,24],"388":[987,1702],"389":[25,41,332,614],"390":[1690,12],"391":[1740,146],"392":[3,143],"393":[80,63],"394":[6,74],"395":[30,33],"396":[63,63],"397":[4,1040],"398":[31,68],"399":[22,9],"400":[391,5094],"401":[29,362],"402":[2,27],"403":[29,4],"404":[9,353],"405":[431,4663],"406":[34,397],"407":[5,29],"408":[34,12],"409":[2,32],"410":[8,389],"411":[64,325],"412":[58,6],"413":[193,4470],"414":[41,152],"415":[3,38],"416":[70,82],"417":[2,68],"418":[1258,3212],"419":[39,3173],"420":[2,37],"421":[39,8],"422":[38,25],"423":[36,27],"424":[203,70],"425":[24,7],"426":[24,0],"427":[24,0],"428":[24,24],"429":[24,0],"430":[24,3],"431":[136,59],"432":[136,59],"433":[52,0],"434":[52,0],"435":[4628,24],"436":[4628,24],"437":[4,16],"438":[24,22],"439":[2,2],"440":[16,1448],"441":[1590,1550,1544],"442":[80,46],"443":[6,40],"444":[12596,15238],"445":[27834,27834,12932],"446":[8250,4346],"447":[12596,8670,4324],"448":[13764,13674],"449":[168,698],"450":[158,708],"451":[866,0],"452":[54,812],"453":[866,850],"454":[16,38],"455":[46,8],"456":[68,744],"457":[866,0],"458":[54,812],"459":[866,850],"460":[16,38],"461":[46,8],"462":[68,744],"463":[4498,7534],"464":[12032,11974],"465":[24,12008],"466":[12032,11974],"467":[540,11492],"468":[495,1487],"469":[767,1215],"470":[1982,1223],"471":[74,1908],"472":[495,1487],"473":[767,1215],"474":[1982,1223],"475":[74,1908],"476":[168,0],"477":[4,0],"478":[7,22],"479":[29,8],"480":[28,1],"481":[29,8],"482":[29,13],"483":[29,13],"484":[17,12],"485":[29,17],"486":[13,16],"487":[29,13],"488":[28,1],"489":[0,28],"490":[0,0],"491":[1,24],"492":[1,4],"493":[12,8],"494":[12,8],"495":[7,1946],"496":[1953,385],"497":[1950,3],"498":[1945,8],"499":[1945,1097],"500":[1945,1097],"501":[4,1941],"502":[1945,746,746],"503":[45,1900],"504":[1945,1097],"505":[478,1467],"506":[1945,1521],"507":[68,1877],"508":[1945,1097],"509":[1950,3],"510":[0,1950],"511":[0,0],"512":[54,1051],"513":[45,1060],"514":[68,1037],"515":[754,351],"516":[1105,359],"517":[1,0],"518":[41,0],"519":[1,0]},"f":{"1":1,"2":1,"3":1596,"4":6261,"5":224,"6":266,"7":33096,"8":32500,"9":9442,"10":16378,"11":88,"12":632,"13":611,"14":2838,"15":24825,"16":59,"17":48,"18":4240,"19":4269,"20":6429,"21":32,"22":29,"23":623,"24":471,"25":67,"26":67,"27":21,"28":13254,"29":11238,"30":2016,"31":4734,"32":42,"33":221,"34":326,"35":486,"36":36,"37":138,"38":22,"39":6,"40":24,"41":3,"42":12,"43":54,"44":1295,"45":30,"46":15,"47":47,"48":158,"49":2608,"50":18,"51":27,"52":1120,"53":75,"54":34,"55":106,"56":40,"57":1105,"58":214,"59":32,"60":6,"61":20,"62":12,"63":3,"64":18,"65":25,"66":63,"67":133,"68":186,"69":54,"70":11,"71":3,"72":211,"73":925,"74":336,"75":300,"76":312,"77":4390,"78":1231,"79":28667,"80":6118,"81":2385,"82":1516,"83":356,"84":50,"85":105,"86":355,"87":254,"88":202,"89":170,"90":3219,"91":158,"92":67,"93":67,"94":12,"95":34,"96":1755,"97":14,"98":3219,"99":3306,"100":2727,"101":2877,"102":2877,"103":2877,"104":2252,"105":229,"106":229,"107":921,"108":3,"109":282,"110":229,"111":163,"112":41,"113":54,"114":198,"115":38,"116":20,"117":86,"118":25,"119":69,"120":52,"121":60,"122":36,"123":19,"124":24,"125":20,"126":30,"127":34,"128":41,"129":3,"130":2588,"131":513,"132":424,"133":335,"134":129,"135":2689,"136":1817,"137":1953,"138":99,"139":3561,"140":66,"141":282,"142":40,"143":65,"144":13568,"145":12214,"146":52,"147":4652,"148":52,"149":20,"150":1464,"151":9004,"152":767,"153":20709,"154":13764,"155":866,"156":12032,"157":1982,"158":1982,"159":4,"160":29,"161":1953,"162":68,"163":1},"fnMap":{"1":{"name":"(anonymous_1)","line":41,"loc":{"start":{"line":41,"column":1},"end":{"line":41,"column":26}}},"2":{"name":"(anonymous_2)","line":53,"loc":{"start":{"line":53,"column":8},"end":{"line":53,"column":27}}},"3":{"name":"assert","line":212,"loc":{"start":{"line":212,"column":4},"end":{"line":212,"column":40}}},"4":{"name":"isDecimalDigit","line":218,"loc":{"start":{"line":218,"column":4},"end":{"line":218,"column":32}}},"5":{"name":"isHexDigit","line":222,"loc":{"start":{"line":222,"column":4},"end":{"line":222,"column":28}}},"6":{"name":"isOctalDigit","line":226,"loc":{"start":{"line":226,"column":4},"end":{"line":226,"column":30}}},"7":{"name":"isWhiteSpace","line":233,"loc":{"start":{"line":233,"column":4},"end":{"line":233,"column":30}}},"8":{"name":"isLineTerminator","line":244,"loc":{"start":{"line":244,"column":4},"end":{"line":244,"column":34}}},"9":{"name":"isIdentifierStart","line":250,"loc":{"start":{"line":250,"column":4},"end":{"line":250,"column":35}}},"10":{"name":"isIdentifierPart","line":258,"loc":{"start":{"line":258,"column":4},"end":{"line":258,"column":34}}},"11":{"name":"isFutureReservedWord","line":269,"loc":{"start":{"line":269,"column":4},"end":{"line":269,"column":38}}},"12":{"name":"isStrictModeReservedWord","line":283,"loc":{"start":{"line":283,"column":4},"end":{"line":283,"column":42}}},"13":{"name":"isRestrictedWord","line":300,"loc":{"start":{"line":300,"column":4},"end":{"line":300,"column":34}}},"14":{"name":"isKeyword","line":306,"loc":{"start":{"line":306,"column":4},"end":{"line":306,"column":27}}},"15":{"name":"skipComment","line":344,"loc":{"start":{"line":344,"column":4},"end":{"line":344,"column":27}}},"16":{"name":"scanHexEscape","line":419,"loc":{"start":{"line":419,"column":4},"end":{"line":419,"column":35}}},"17":{"name":"getEscapedIdentifier","line":434,"loc":{"start":{"line":434,"column":4},"end":{"line":434,"column":36}}},"18":{"name":"getIdentifier","line":479,"loc":{"start":{"line":479,"column":4},"end":{"line":479,"column":29}}},"19":{"name":"scanIdentifier","line":500,"loc":{"start":{"line":500,"column":4},"end":{"line":500,"column":30}}},"20":{"name":"scanPunctuator","line":534,"loc":{"start":{"line":534,"column":4},"end":{"line":534,"column":30}}},"21":{"name":"scanHexLiteral","line":706,"loc":{"start":{"line":706,"column":4},"end":{"line":706,"column":35}}},"22":{"name":"scanOctalLiteral","line":733,"loc":{"start":{"line":733,"column":4},"end":{"line":733,"column":37}}},"23":{"name":"scanNumericLiteral","line":756,"loc":{"start":{"line":756,"column":4},"end":{"line":756,"column":34}}},"24":{"name":"scanStringLiteral","line":831,"loc":{"start":{"line":831,"column":4},"end":{"line":831,"column":33}}},"25":{"name":"scanRegExp","line":935,"loc":{"start":{"line":935,"column":4},"end":{"line":935,"column":26}}},"26":{"name":"isIdentifierName","line":1037,"loc":{"start":{"line":1037,"column":4},"end":{"line":1037,"column":37}}},"27":{"name":"advanceSlash","line":1044,"loc":{"start":{"line":1044,"column":4},"end":{"line":1044,"column":28}}},"28":{"name":"advance","line":1104,"loc":{"start":{"line":1104,"column":4},"end":{"line":1104,"column":23}}},"29":{"name":"lex","line":1155,"loc":{"start":{"line":1155,"column":4},"end":{"line":1155,"column":19}}},"30":{"name":"peek","line":1172,"loc":{"start":{"line":1172,"column":4},"end":{"line":1172,"column":20}}},"31":{"name":"(anonymous_31)","line":1188,"loc":{"start":{"line":1188,"column":21},"end":{"line":1188,"column":37}}},"32":{"name":"(anonymous_32)","line":1192,"loc":{"start":{"line":1192,"column":31},"end":{"line":1192,"column":51}}},"33":{"name":"(anonymous_33)","line":1199,"loc":{"start":{"line":1199,"column":36},"end":{"line":1199,"column":69}}},"34":{"name":"(anonymous_34)","line":1208,"loc":{"start":{"line":1208,"column":32},"end":{"line":1208,"column":65}}},"35":{"name":"(anonymous_35)","line":1219,"loc":{"start":{"line":1219,"column":30},"end":{"line":1219,"column":46}}},"36":{"name":"(anonymous_36)","line":1226,"loc":{"start":{"line":1226,"column":30},"end":{"line":1226,"column":47}}},"37":{"name":"(anonymous_37)","line":1233,"loc":{"start":{"line":1233,"column":30},"end":{"line":1233,"column":54}}},"38":{"name":"(anonymous_38)","line":1241,"loc":{"start":{"line":1241,"column":27},"end":{"line":1241,"column":50}}},"39":{"name":"(anonymous_39)","line":1249,"loc":{"start":{"line":1249,"column":37},"end":{"line":1249,"column":76}}},"40":{"name":"(anonymous_40)","line":1258,"loc":{"start":{"line":1258,"column":33},"end":{"line":1258,"column":50}}},"41":{"name":"(anonymous_41)","line":1265,"loc":{"start":{"line":1265,"column":33},"end":{"line":1265,"column":45}}},"42":{"name":"(anonymous_42)","line":1271,"loc":{"start":{"line":1271,"column":32},"end":{"line":1271,"column":54}}},"43":{"name":"(anonymous_43)","line":1279,"loc":{"start":{"line":1279,"column":30},"end":{"line":1279,"column":42}}},"44":{"name":"(anonymous_44)","line":1285,"loc":{"start":{"line":1285,"column":35},"end":{"line":1285,"column":57}}},"45":{"name":"(anonymous_45)","line":1292,"loc":{"start":{"line":1292,"column":28},"end":{"line":1292,"column":64}}},"46":{"name":"(anonymous_46)","line":1302,"loc":{"start":{"line":1302,"column":30},"end":{"line":1302,"column":59}}},"47":{"name":"(anonymous_47)","line":1312,"loc":{"start":{"line":1312,"column":35},"end":{"line":1312,"column":73}}},"48":{"name":"(anonymous_48)","line":1325,"loc":{"start":{"line":1325,"column":34},"end":{"line":1325,"column":72}}},"49":{"name":"(anonymous_49)","line":1338,"loc":{"start":{"line":1338,"column":26},"end":{"line":1338,"column":42}}},"50":{"name":"(anonymous_50)","line":1345,"loc":{"start":{"line":1345,"column":27},"end":{"line":1345,"column":66}}},"51":{"name":"(anonymous_51)","line":1354,"loc":{"start":{"line":1354,"column":32},"end":{"line":1354,"column":55}}},"52":{"name":"(anonymous_52)","line":1362,"loc":{"start":{"line":1362,"column":23},"end":{"line":1362,"column":40}}},"53":{"name":"(anonymous_53)","line":1370,"loc":{"start":{"line":1370,"column":32},"end":{"line":1370,"column":70}}},"54":{"name":"(anonymous_54)","line":1379,"loc":{"start":{"line":1379,"column":29},"end":{"line":1379,"column":53}}},"55":{"name":"(anonymous_55)","line":1387,"loc":{"start":{"line":1387,"column":32},"end":{"line":1387,"column":54}}},"56":{"name":"(anonymous_56)","line":1394,"loc":{"start":{"line":1394,"column":33},"end":{"line":1394,"column":63}}},"57":{"name":"(anonymous_57)","line":1403,"loc":{"start":{"line":1403,"column":23},"end":{"line":1403,"column":39}}},"58":{"name":"(anonymous_58)","line":1410,"loc":{"start":{"line":1410,"column":24},"end":{"line":1410,"column":52}}},"59":{"name":"(anonymous_59)","line":1419,"loc":{"start":{"line":1419,"column":31},"end":{"line":1419,"column":51}}},"60":{"name":"(anonymous_60)","line":1426,"loc":{"start":{"line":1426,"column":34},"end":{"line":1426,"column":57}}},"61":{"name":"(anonymous_61)","line":1433,"loc":{"start":{"line":1433,"column":26},"end":{"line":1433,"column":54}}},"62":{"name":"(anonymous_62)","line":1441,"loc":{"start":{"line":1441,"column":31},"end":{"line":1441,"column":62}}},"63":{"name":"(anonymous_63)","line":1449,"loc":{"start":{"line":1449,"column":30},"end":{"line":1449,"column":42}}},"64":{"name":"(anonymous_64)","line":1455,"loc":{"start":{"line":1455,"column":30},"end":{"line":1455,"column":50}}},"65":{"name":"(anonymous_65)","line":1462,"loc":{"start":{"line":1462,"column":28},"end":{"line":1462,"column":83}}},"66":{"name":"(anonymous_66)","line":1472,"loc":{"start":{"line":1472,"column":31},"end":{"line":1472,"column":61}}},"67":{"name":"(anonymous_67)","line":1488,"loc":{"start":{"line":1488,"column":35},"end":{"line":1488,"column":65}}},"68":{"name":"(anonymous_68)","line":1496,"loc":{"start":{"line":1496,"column":34},"end":{"line":1496,"column":70}}},"69":{"name":"(anonymous_69)","line":1505,"loc":{"start":{"line":1505,"column":30},"end":{"line":1505,"column":52}}},"70":{"name":"(anonymous_70)","line":1513,"loc":{"start":{"line":1513,"column":29},"end":{"line":1513,"column":53}}},"71":{"name":"(anonymous_71)","line":1521,"loc":{"start":{"line":1521,"column":23},"end":{"line":1521,"column":39}}},"72":{"name":"peekLineTerminator","line":1531,"loc":{"start":{"line":1531,"column":4},"end":{"line":1531,"column":34}}},"73":{"name":"throwError","line":1548,"loc":{"start":{"line":1548,"column":4},"end":{"line":1548,"column":46}}},"74":{"name":"(anonymous_74)","line":1553,"loc":{"start":{"line":1553,"column":16},"end":{"line":1553,"column":40}}},"75":{"name":"throwErrorTolerant","line":1575,"loc":{"start":{"line":1575,"column":4},"end":{"line":1575,"column":34}}},"76":{"name":"throwUnexpected","line":1590,"loc":{"start":{"line":1590,"column":4},"end":{"line":1590,"column":36}}},"77":{"name":"expect","line":1624,"loc":{"start":{"line":1624,"column":4},"end":{"line":1624,"column":27}}},"78":{"name":"expectKeyword","line":1634,"loc":{"start":{"line":1634,"column":4},"end":{"line":1634,"column":36}}},"79":{"name":"match","line":1643,"loc":{"start":{"line":1643,"column":4},"end":{"line":1643,"column":26}}},"80":{"name":"matchKeyword","line":1649,"loc":{"start":{"line":1649,"column":4},"end":{"line":1649,"column":35}}},"81":{"name":"matchAssign","line":1655,"loc":{"start":{"line":1655,"column":4},"end":{"line":1655,"column":27}}},"82":{"name":"consumeSemicolon","line":1676,"loc":{"start":{"line":1676,"column":4},"end":{"line":1676,"column":32}}},"83":{"name":"isLeftHandSide","line":1703,"loc":{"start":{"line":1703,"column":4},"end":{"line":1703,"column":34}}},"84":{"name":"parseArrayInitialiser","line":1709,"loc":{"start":{"line":1709,"column":4},"end":{"line":1709,"column":37}}},"85":{"name":"parsePropertyFunction","line":1734,"loc":{"start":{"line":1734,"column":4},"end":{"line":1734,"column":49}}},"86":{"name":"parseObjectPropertyKey","line":1746,"loc":{"start":{"line":1746,"column":4},"end":{"line":1746,"column":38}}},"87":{"name":"parseObjectProperty","line":1762,"loc":{"start":{"line":1762,"column":4},"end":{"line":1762,"column":35}}},"88":{"name":"parseObjectInitialiser","line":1806,"loc":{"start":{"line":1806,"column":4},"end":{"line":1806,"column":38}}},"89":{"name":"parseGroupExpression","line":1855,"loc":{"start":{"line":1855,"column":4},"end":{"line":1855,"column":36}}},"90":{"name":"parsePrimaryExpression","line":1870,"loc":{"start":{"line":1870,"column":4},"end":{"line":1870,"column":38}}},"91":{"name":"parseArguments","line":1930,"loc":{"start":{"line":1930,"column":4},"end":{"line":1930,"column":30}}},"92":{"name":"parseNonComputedProperty","line":1950,"loc":{"start":{"line":1950,"column":4},"end":{"line":1950,"column":40}}},"93":{"name":"parseNonComputedMember","line":1960,"loc":{"start":{"line":1960,"column":4},"end":{"line":1960,"column":38}}},"94":{"name":"parseComputedMember","line":1966,"loc":{"start":{"line":1966,"column":4},"end":{"line":1966,"column":35}}},"95":{"name":"parseNewExpression","line":1978,"loc":{"start":{"line":1978,"column":4},"end":{"line":1978,"column":34}}},"96":{"name":"parseLeftHandSideExpressionAllowCall","line":1988,"loc":{"start":{"line":1988,"column":4},"end":{"line":1988,"column":52}}},"97":{"name":"parseLeftHandSideExpression","line":2010,"loc":{"start":{"line":2010,"column":4},"end":{"line":2010,"column":43}}},"98":{"name":"parsePostfixExpression","line":2030,"loc":{"start":{"line":2030,"column":4},"end":{"line":2030,"column":38}}},"99":{"name":"parseUnaryExpression","line":2056,"loc":{"start":{"line":2056,"column":4},"end":{"line":2056,"column":36}}},"100":{"name":"binaryPrecedence","line":2097,"loc":{"start":{"line":2097,"column":4},"end":{"line":2097,"column":46}}},"101":{"name":"parseBinaryExpression","line":2176,"loc":{"start":{"line":2176,"column":4},"end":{"line":2176,"column":37}}},"102":{"name":"parseConditionalExpression","line":2226,"loc":{"start":{"line":2226,"column":4},"end":{"line":2226,"column":42}}},"103":{"name":"parseAssignmentExpression","line":2248,"loc":{"start":{"line":2248,"column":4},"end":{"line":2248,"column":41}}},"104":{"name":"parseExpression","line":2274,"loc":{"start":{"line":2274,"column":4},"end":{"line":2274,"column":31}}},"105":{"name":"parseStatementList","line":2294,"loc":{"start":{"line":2294,"column":4},"end":{"line":2294,"column":34}}},"106":{"name":"parseBlock","line":2312,"loc":{"start":{"line":2312,"column":4},"end":{"line":2312,"column":26}}},"107":{"name":"parseVariableIdentifier","line":2326,"loc":{"start":{"line":2326,"column":4},"end":{"line":2326,"column":39}}},"108":{"name":"parseCastExpression","line":2336,"loc":{"start":{"line":2336,"column":1},"end":{"line":2336,"column":32}}},"109":{"name":"parseVariableDeclaration","line":2357,"loc":{"start":{"line":2357,"column":4},"end":{"line":2357,"column":44}}},"110":{"name":"parseVariableDeclarationList","line":2398,"loc":{"start":{"line":2398,"column":4},"end":{"line":2398,"column":48}}},"111":{"name":"parseVariableStatement","line":2412,"loc":{"start":{"line":2412,"column":4},"end":{"line":2412,"column":38}}},"112":{"name":"parseConstLetDeclaration","line":2428,"loc":{"start":{"line":2428,"column":4},"end":{"line":2428,"column":44}}},"113":{"name":"parseEmptyStatement","line":2442,"loc":{"start":{"line":2442,"column":4},"end":{"line":2442,"column":35}}},"114":{"name":"parseExpressionStatement","line":2449,"loc":{"start":{"line":2449,"column":4},"end":{"line":2449,"column":40}}},"115":{"name":"parseIfStatement","line":2457,"loc":{"start":{"line":2457,"column":4},"end":{"line":2457,"column":32}}},"116":{"name":"parseDoWhileStatement","line":2482,"loc":{"start":{"line":2482,"column":4},"end":{"line":2482,"column":37}}},"117":{"name":"parseWhileStatement","line":2509,"loc":{"start":{"line":2509,"column":4},"end":{"line":2509,"column":35}}},"118":{"name":"parseForVariableDeclaration","line":2530,"loc":{"start":{"line":2530,"column":4},"end":{"line":2530,"column":43}}},"119":{"name":"parseForStatement","line":2537,"loc":{"start":{"line":2537,"column":4},"end":{"line":2537,"column":33}}},"120":{"name":"parseContinueStatement","line":2611,"loc":{"start":{"line":2611,"column":4},"end":{"line":2611,"column":38}}},"121":{"name":"parseBreakStatement","line":2655,"loc":{"start":{"line":2655,"column":4},"end":{"line":2655,"column":35}}},"122":{"name":"parseReturnStatement","line":2699,"loc":{"start":{"line":2699,"column":4},"end":{"line":2699,"column":36}}},"123":{"name":"parseWithStatement","line":2734,"loc":{"start":{"line":2734,"column":4},"end":{"line":2734,"column":34}}},"124":{"name":"parseSwitchCase","line":2756,"loc":{"start":{"line":2756,"column":4},"end":{"line":2756,"column":31}}},"125":{"name":"parseSwitchStatement","line":2781,"loc":{"start":{"line":2781,"column":4},"end":{"line":2781,"column":36}}},"126":{"name":"parseThrowStatement","line":2828,"loc":{"start":{"line":2828,"column":4},"end":{"line":2828,"column":35}}},"127":{"name":"parseCatchClause","line":2846,"loc":{"start":{"line":2846,"column":4},"end":{"line":2846,"column":32}}},"128":{"name":"parseTryStatement","line":2867,"loc":{"start":{"line":2867,"column":4},"end":{"line":2867,"column":33}}},"129":{"name":"parseDebuggerStatement","line":2892,"loc":{"start":{"line":2892,"column":4},"end":{"line":2892,"column":38}}},"130":{"name":"parseStatement","line":2902,"loc":{"start":{"line":2902,"column":4},"end":{"line":2902,"column":30}}},"131":{"name":"parseFunctionSourceElements","line":2984,"loc":{"start":{"line":2984,"column":4},"end":{"line":2984,"column":43}}},"132":{"name":"parseParams","line":3046,"loc":{"start":{"line":3046,"column":4},"end":{"line":3046,"column":42}}},"133":{"name":"parseFunctionDeclaration","line":3096,"loc":{"start":{"line":3096,"column":4},"end":{"line":3096,"column":40}}},"134":{"name":"parseFunctionExpression","line":3137,"loc":{"start":{"line":3137,"column":4},"end":{"line":3137,"column":39}}},"135":{"name":"parseSourceElement","line":3183,"loc":{"start":{"line":3183,"column":4},"end":{"line":3183,"column":34}}},"136":{"name":"parseSourceElements","line":3201,"loc":{"start":{"line":3201,"column":4},"end":{"line":3201,"column":35}}},"137":{"name":"parseProgram","line":3239,"loc":{"start":{"line":3239,"column":4},"end":{"line":3239,"column":28}}},"138":{"name":"addComment","line":3250,"loc":{"start":{"line":3250,"column":4},"end":{"line":3250,"column":54}}},"139":{"name":"scanComment","line":3271,"loc":{"start":{"line":3271,"column":4},"end":{"line":3271,"column":27}}},"140":{"name":"filterCommentLocation","line":3393,"loc":{"start":{"line":3393,"column":4},"end":{"line":3393,"column":37}}},"141":{"name":"collectToken","line":3414,"loc":{"start":{"line":3414,"column":4},"end":{"line":3414,"column":28}}},"142":{"name":"collectRegex","line":3446,"loc":{"start":{"line":3446,"column":4},"end":{"line":3446,"column":28}}},"143":{"name":"filterTokenLocation","line":3487,"loc":{"start":{"line":3487,"column":4},"end":{"line":3487,"column":35}}},"144":{"name":"createLocationMarker","line":3508,"loc":{"start":{"line":3508,"column":4},"end":{"line":3508,"column":36}}},"145":{"name":"(anonymous_145)","line":3523,"loc":{"start":{"line":3523,"column":21},"end":{"line":3523,"column":33}}},"146":{"name":"(anonymous_146)","line":3529,"loc":{"start":{"line":3529,"column":28},"end":{"line":3529,"column":44}}},"147":{"name":"(anonymous_147)","line":3548,"loc":{"start":{"line":3548,"column":23},"end":{"line":3548,"column":39}}},"148":{"name":"trackGroupExpression","line":3570,"loc":{"start":{"line":3570,"column":4},"end":{"line":3570,"column":36}}},"149":{"name":"trackLeftHandSideExpression","line":3587,"loc":{"start":{"line":3587,"column":4},"end":{"line":3587,"column":43}}},"150":{"name":"trackLeftHandSideExpressionAllowCall","line":3612,"loc":{"start":{"line":3612,"column":4},"end":{"line":3612,"column":52}}},"151":{"name":"filterGroup","line":3642,"loc":{"start":{"line":3642,"column":4},"end":{"line":3642,"column":31}}},"152":{"name":"wrapTrackingFunction","line":3656,"loc":{"start":{"line":3656,"column":4},"end":{"line":3656,"column":46}}},"153":{"name":"(anonymous_153)","line":3658,"loc":{"start":{"line":3658,"column":15},"end":{"line":3658,"column":40}}},"154":{"name":"isBinary","line":3660,"loc":{"start":{"line":3660,"column":12},"end":{"line":3660,"column":36}}},"155":{"name":"visit","line":3665,"loc":{"start":{"line":3665,"column":12},"end":{"line":3665,"column":33}}},"156":{"name":"(anonymous_156)","line":3705,"loc":{"start":{"line":3705,"column":19},"end":{"line":3705,"column":31}}},"157":{"name":"patch","line":3731,"loc":{"start":{"line":3731,"column":4},"end":{"line":3731,"column":21}}},"158":{"name":"unpatch","line":3816,"loc":{"start":{"line":3816,"column":4},"end":{"line":3816,"column":23}}},"159":{"name":"extend","line":3861,"loc":{"start":{"line":3861,"column":4},"end":{"line":3861,"column":40}}},"160":{"name":"tokenize","line":3879,"loc":{"start":{"line":3879,"column":4},"end":{"line":3879,"column":37}}},"161":{"name":"parse","line":3981,"loc":{"start":{"line":3981,"column":4},"end":{"line":3981,"column":34}}},"162":{"name":"(anonymous_162)","line":4011,"loc":{"start":{"line":4011,"column":35},"end":{"line":4011,"column":51}}},"163":{"name":"(anonymous_163)","line":4075,"loc":{"start":{"line":4075,"column":22},"end":{"line":4075,"column":34}}}},"statementMap":{"1":{"start":{"line":41,"column":0},"end":{"line":4095,"column":4}},"2":{"start":{"line":42,"column":4},"end":{"line":42,"column":17}},"3":{"start":{"line":46,"column":4},"end":{"line":52,"column":5}},"4":{"start":{"line":47,"column":8},"end":{"line":47,"column":37}},"5":{"start":{"line":48,"column":11},"end":{"line":52,"column":5}},"6":{"start":{"line":49,"column":8},"end":{"line":49,"column":25}},"7":{"start":{"line":51,"column":8},"end":{"line":51,"column":37}},"8":{"start":{"line":54,"column":4},"end":{"line":54,"column":17}},"9":{"start":{"line":56,"column":4},"end":{"line":73,"column":14}},"10":{"start":{"line":75,"column":4},"end":{"line":87,"column":6}},"11":{"start":{"line":89,"column":4},"end":{"line":89,"column":19}},"12":{"start":{"line":90,"column":4},"end":{"line":90,"column":48}},"13":{"start":{"line":91,"column":4},"end":{"line":91,"column":35}},"14":{"start":{"line":92,"column":4},"end":{"line":92,"column":47}},"15":{"start":{"line":93,"column":4},"end":{"line":93,"column":41}},"16":{"start":{"line":94,"column":4},"end":{"line":94,"column":42}},"17":{"start":{"line":95,"column":4},"end":{"line":95,"column":48}},"18":{"start":{"line":96,"column":4},"end":{"line":96,"column":47}},"19":{"start":{"line":97,"column":4},"end":{"line":97,"column":46}},"20":{"start":{"line":98,"column":4},"end":{"line":98,"column":61}},"21":{"start":{"line":100,"column":1},"end":{"line":100,"column":52}},"22":{"start":{"line":103,"column":4},"end":{"line":111,"column":49}},"23":{"start":{"line":113,"column":4},"end":{"line":156,"column":6}},"24":{"start":{"line":158,"column":4},"end":{"line":162,"column":6}},"25":{"start":{"line":165,"column":4},"end":{"line":199,"column":6}},"26":{"start":{"line":202,"column":4},"end":{"line":205,"column":6}},"27":{"start":{"line":212,"column":4},"end":{"line":216,"column":5}},"28":{"start":{"line":213,"column":8},"end":{"line":215,"column":9}},"29":{"start":{"line":214,"column":12},"end":{"line":214,"column":50}},"30":{"start":{"line":218,"column":4},"end":{"line":220,"column":5}},"31":{"start":{"line":219,"column":8},"end":{"line":219,"column":38}},"32":{"start":{"line":222,"column":4},"end":{"line":224,"column":5}},"33":{"start":{"line":223,"column":8},"end":{"line":223,"column":57}},"34":{"start":{"line":226,"column":4},"end":{"line":228,"column":5}},"35":{"start":{"line":227,"column":8},"end":{"line":227,"column":43}},"36":{"start":{"line":233,"column":4},"end":{"line":240,"column":5}},"37":{"start":{"line":234,"column":8},"end":{"line":239,"column":172}},"38":{"start":{"line":244,"column":4},"end":{"line":246,"column":5}},"39":{"start":{"line":245,"column":8},"end":{"line":245,"column":80}},"40":{"start":{"line":250,"column":4},"end":{"line":256,"column":5}},"41":{"start":{"line":251,"column":8},"end":{"line":255,"column":90}},"42":{"start":{"line":258,"column":4},"end":{"line":265,"column":5}},"43":{"start":{"line":259,"column":8},"end":{"line":264,"column":89}},"44":{"start":{"line":269,"column":4},"end":{"line":281,"column":5}},"45":{"start":{"line":270,"column":8},"end":{"line":280,"column":9}},"46":{"start":{"line":277,"column":12},"end":{"line":277,"column":24}},"47":{"start":{"line":279,"column":12},"end":{"line":279,"column":25}},"48":{"start":{"line":283,"column":4},"end":{"line":298,"column":5}},"49":{"start":{"line":284,"column":8},"end":{"line":297,"column":9}},"50":{"start":{"line":294,"column":12},"end":{"line":294,"column":24}},"51":{"start":{"line":296,"column":12},"end":{"line":296,"column":25}},"52":{"start":{"line":300,"column":4},"end":{"line":302,"column":5}},"53":{"start":{"line":301,"column":8},"end":{"line":301,"column":51}},"54":{"start":{"line":306,"column":4},"end":{"line":340,"column":5}},"55":{"start":{"line":307,"column":8},"end":{"line":309,"column":9}},"56":{"start":{"line":308,"column":12},"end":{"line":308,"column":24}},"57":{"start":{"line":315,"column":8},"end":{"line":339,"column":9}},"58":{"start":{"line":317,"column":12},"end":{"line":317,"column":67}},"59":{"start":{"line":319,"column":12},"end":{"line":320,"column":49}},"60":{"start":{"line":322,"column":12},"end":{"line":323,"column":70}},"61":{"start":{"line":325,"column":12},"end":{"line":327,"column":53}},"62":{"start":{"line":329,"column":12},"end":{"line":330,"column":76}},"63":{"start":{"line":332,"column":12},"end":{"line":332,"column":82}},"64":{"start":{"line":334,"column":12},"end":{"line":334,"column":85}},"65":{"start":{"line":336,"column":12},"end":{"line":336,"column":41}},"66":{"start":{"line":338,"column":12},"end":{"line":338,"column":25}},"67":{"start":{"line":344,"column":4},"end":{"line":417,"column":5}},"68":{"start":{"line":345,"column":8},"end":{"line":345,"column":42}},"69":{"start":{"line":347,"column":8},"end":{"line":347,"column":29}},"70":{"start":{"line":348,"column":8},"end":{"line":348,"column":28}},"71":{"start":{"line":350,"column":8},"end":{"line":416,"column":9}},"72":{"start":{"line":351,"column":12},"end":{"line":351,"column":42}},"73":{"start":{"line":353,"column":12},"end":{"line":415,"column":13}},"74":{"start":{"line":354,"column":16},"end":{"line":354,"column":24}},"75":{"start":{"line":355,"column":16},"end":{"line":362,"column":17}},"76":{"start":{"line":356,"column":20},"end":{"line":356,"column":40}},"77":{"start":{"line":357,"column":20},"end":{"line":359,"column":21}},"78":{"start":{"line":358,"column":24},"end":{"line":358,"column":32}},"79":{"start":{"line":360,"column":20},"end":{"line":360,"column":33}},"80":{"start":{"line":361,"column":20},"end":{"line":361,"column":38}},"81":{"start":{"line":363,"column":19},"end":{"line":415,"column":13}},"82":{"start":{"line":364,"column":16},"end":{"line":387,"column":17}},"83":{"start":{"line":365,"column":20},"end":{"line":367,"column":21}},"84":{"start":{"line":366,"column":24},"end":{"line":366,"column":32}},"85":{"start":{"line":368,"column":20},"end":{"line":368,"column":33}},"86":{"start":{"line":369,"column":20},"end":{"line":369,"column":28}},"87":{"start":{"line":370,"column":20},"end":{"line":370,"column":38}},"88":{"start":{"line":371,"column":20},"end":{"line":373,"column":21}},"89":{"start":{"line":372,"column":24},"end":{"line":372,"column":76}},"90":{"start":{"line":375,"column":20},"end":{"line":375,"column":52}},"91":{"start":{"line":376,"column":20},"end":{"line":378,"column":21}},"92":{"start":{"line":377,"column":24},"end":{"line":377,"column":76}},"93":{"start":{"line":380,"column":20},"end":{"line":386,"column":21}},"94":{"start":{"line":381,"column":24},"end":{"line":381,"column":54}},"95":{"start":{"line":382,"column":24},"end":{"line":385,"column":25}},"96":{"start":{"line":383,"column":28},"end":{"line":383,"column":36}},"97":{"start":{"line":384,"column":28},"end":{"line":384,"column":49}},"98":{"start":{"line":388,"column":19},"end":{"line":415,"column":13}},"99":{"start":{"line":389,"column":16},"end":{"line":389,"column":50}},"100":{"start":{"line":391,"column":16},"end":{"line":403,"column":17}},"101":{"start":{"line":392,"column":20},"end":{"line":392,"column":31}},"102":{"start":{"line":393,"column":20},"end":{"line":393,"column":39}},"103":{"start":{"line":394,"column":23},"end":{"line":403,"column":17}},"104":{"start":{"line":396,"column":20},"end":{"line":396,"column":31}},"105":{"start":{"line":397,"column":20},"end":{"line":397,"column":40}},"106":{"start":{"line":398,"column":20},"end":{"line":400,"column":21}},"107":{"start":{"line":399,"column":24},"end":{"line":399,"column":76}},"108":{"start":{"line":402,"column":20},"end":{"line":402,"column":26}},"109":{"start":{"line":404,"column":19},"end":{"line":415,"column":13}},"110":{"start":{"line":405,"column":16},"end":{"line":405,"column":24}},"111":{"start":{"line":406,"column":19},"end":{"line":415,"column":13}},"112":{"start":{"line":407,"column":16},"end":{"line":407,"column":24}},"113":{"start":{"line":408,"column":16},"end":{"line":410,"column":17}},"114":{"start":{"line":409,"column":20},"end":{"line":409,"column":28}},"115":{"start":{"line":411,"column":16},"end":{"line":411,"column":29}},"116":{"start":{"line":412,"column":16},"end":{"line":412,"column":34}},"117":{"start":{"line":414,"column":16},"end":{"line":414,"column":22}},"118":{"start":{"line":419,"column":4},"end":{"line":432,"column":5}},"119":{"start":{"line":420,"column":8},"end":{"line":420,"column":33}},"120":{"start":{"line":422,"column":8},"end":{"line":422,"column":39}},"121":{"start":{"line":423,"column":8},"end":{"line":430,"column":9}},"122":{"start":{"line":424,"column":12},"end":{"line":429,"column":13}},"123":{"start":{"line":425,"column":16},"end":{"line":425,"column":37}},"124":{"start":{"line":426,"column":16},"end":{"line":426,"column":80}},"125":{"start":{"line":428,"column":16},"end":{"line":428,"column":26}},"126":{"start":{"line":431,"column":8},"end":{"line":431,"column":41}},"127":{"start":{"line":434,"column":4},"end":{"line":477,"column":5}},"128":{"start":{"line":435,"column":8},"end":{"line":435,"column":19}},"129":{"start":{"line":437,"column":8},"end":{"line":437,"column":40}},"130":{"start":{"line":438,"column":8},"end":{"line":438,"column":37}},"131":{"start":{"line":441,"column":8},"end":{"line":451,"column":9}},"132":{"start":{"line":442,"column":12},"end":{"line":444,"column":13}},"133":{"start":{"line":443,"column":16},"end":{"line":443,"column":68}},"134":{"start":{"line":445,"column":12},"end":{"line":445,"column":20}},"135":{"start":{"line":446,"column":12},"end":{"line":446,"column":36}},"136":{"start":{"line":447,"column":12},"end":{"line":449,"column":13}},"137":{"start":{"line":448,"column":16},"end":{"line":448,"column":68}},"138":{"start":{"line":450,"column":12},"end":{"line":450,"column":20}},"139":{"start":{"line":453,"column":8},"end":{"line":474,"column":9}},"140":{"start":{"line":454,"column":12},"end":{"line":454,"column":42}},"141":{"start":{"line":455,"column":12},"end":{"line":457,"column":13}},"142":{"start":{"line":456,"column":16},"end":{"line":456,"column":22}},"143":{"start":{"line":458,"column":12},"end":{"line":458,"column":20}},"144":{"start":{"line":459,"column":12},"end":{"line":459,"column":42}},"145":{"start":{"line":462,"column":12},"end":{"line":473,"column":13}},"146":{"start":{"line":463,"column":16},"end":{"line":463,"column":49}},"147":{"start":{"line":464,"column":16},"end":{"line":466,"column":17}},"148":{"start":{"line":465,"column":20},"end":{"line":465,"column":72}},"149":{"start":{"line":467,"column":16},"end":{"line":467,"column":24}},"150":{"start":{"line":468,"column":16},"end":{"line":468,"column":40}},"151":{"start":{"line":469,"column":16},"end":{"line":471,"column":17}},"152":{"start":{"line":470,"column":20},"end":{"line":470,"column":72}},"153":{"start":{"line":472,"column":16},"end":{"line":472,"column":25}},"154":{"start":{"line":476,"column":8},"end":{"line":476,"column":18}},"155":{"start":{"line":479,"column":4},"end":{"line":498,"column":5}},"156":{"start":{"line":480,"column":8},"end":{"line":480,"column":22}},"157":{"start":{"line":482,"column":8},"end":{"line":482,"column":24}},"158":{"start":{"line":483,"column":8},"end":{"line":495,"column":9}},"159":{"start":{"line":484,"column":12},"end":{"line":484,"column":42}},"160":{"start":{"line":485,"column":12},"end":{"line":489,"column":13}},"161":{"start":{"line":487,"column":16},"end":{"line":487,"column":30}},"162":{"start":{"line":488,"column":16},"end":{"line":488,"column":46}},"163":{"start":{"line":490,"column":12},"end":{"line":494,"column":13}},"164":{"start":{"line":491,"column":16},"end":{"line":491,"column":24}},"165":{"start":{"line":493,"column":16},"end":{"line":493,"column":22}},"166":{"start":{"line":497,"column":8},"end":{"line":497,"column":42}},"167":{"start":{"line":500,"column":4},"end":{"line":529,"column":5}},"168":{"start":{"line":501,"column":8},"end":{"line":501,"column":28}},"169":{"start":{"line":503,"column":8},"end":{"line":503,"column":22}},"170":{"start":{"line":506,"column":8},"end":{"line":506,"column":90}},"171":{"start":{"line":510,"column":8},"end":{"line":520,"column":9}},"172":{"start":{"line":511,"column":12},"end":{"line":511,"column":36}},"173":{"start":{"line":512,"column":15},"end":{"line":520,"column":9}},"174":{"start":{"line":513,"column":12},"end":{"line":513,"column":33}},"175":{"start":{"line":514,"column":15},"end":{"line":520,"column":9}},"176":{"start":{"line":515,"column":12},"end":{"line":515,"column":37}},"177":{"start":{"line":516,"column":15},"end":{"line":520,"column":9}},"178":{"start":{"line":517,"column":12},"end":{"line":517,"column":40}},"179":{"start":{"line":519,"column":12},"end":{"line":519,"column":36}},"180":{"start":{"line":522,"column":8},"end":{"line":528,"column":10}},"181":{"start":{"line":534,"column":4},"end":{"line":702,"column":5}},"182":{"start":{"line":535,"column":8},"end":{"line":541,"column":16}},"183":{"start":{"line":543,"column":8},"end":{"line":619,"column":9}},"184":{"start":{"line":558,"column":12},"end":{"line":558,"column":20}},"185":{"start":{"line":559,"column":12},"end":{"line":565,"column":13}},"186":{"start":{"line":560,"column":16},"end":{"line":564,"column":17}},"187":{"start":{"line":561,"column":20},"end":{"line":561,"column":63}},"188":{"start":{"line":562,"column":23},"end":{"line":564,"column":17}},"189":{"start":{"line":563,"column":20},"end":{"line":563,"column":63}},"190":{"start":{"line":566,"column":12},"end":{"line":572,"column":14}},"191":{"start":{"line":575,"column":12},"end":{"line":575,"column":49}},"192":{"start":{"line":578,"column":12},"end":{"line":617,"column":13}},"193":{"start":{"line":579,"column":16},"end":{"line":616,"column":17}},"194":{"start":{"line":590,"column":20},"end":{"line":590,"column":31}},"195":{"start":{"line":591,"column":20},"end":{"line":597,"column":22}},"196":{"start":{"line":601,"column":20},"end":{"line":601,"column":31}},"197":{"start":{"line":604,"column":20},"end":{"line":606,"column":21}},"198":{"start":{"line":605,"column":24},"end":{"line":605,"column":32}},"199":{"start":{"line":607,"column":20},"end":{"line":613,"column":22}},"200":{"start":{"line":615,"column":20},"end":{"line":615,"column":26}},"201":{"start":{"line":618,"column":12},"end":{"line":618,"column":18}},"202":{"start":{"line":623,"column":8},"end":{"line":623,"column":32}},"203":{"start":{"line":624,"column":8},"end":{"line":624,"column":32}},"204":{"start":{"line":625,"column":8},"end":{"line":625,"column":32}},"205":{"start":{"line":629,"column":8},"end":{"line":640,"column":9}},"206":{"start":{"line":630,"column":12},"end":{"line":639,"column":13}},"207":{"start":{"line":631,"column":16},"end":{"line":631,"column":27}},"208":{"start":{"line":632,"column":16},"end":{"line":638,"column":18}},"209":{"start":{"line":644,"column":8},"end":{"line":653,"column":9}},"210":{"start":{"line":645,"column":12},"end":{"line":645,"column":23}},"211":{"start":{"line":646,"column":12},"end":{"line":652,"column":14}},"212":{"start":{"line":655,"column":8},"end":{"line":664,"column":9}},"213":{"start":{"line":656,"column":12},"end":{"line":656,"column":23}},"214":{"start":{"line":657,"column":12},"end":{"line":663,"column":14}},"215":{"start":{"line":666,"column":8},"end":{"line":675,"column":9}},"216":{"start":{"line":667,"column":12},"end":{"line":667,"column":23}},"217":{"start":{"line":668,"column":12},"end":{"line":674,"column":14}},"218":{"start":{"line":679,"column":8},"end":{"line":688,"column":9}},"219":{"start":{"line":680,"column":12},"end":{"line":680,"column":23}},"220":{"start":{"line":681,"column":12},"end":{"line":687,"column":14}},"221":{"start":{"line":690,"column":8},"end":{"line":699,"column":9}},"222":{"start":{"line":691,"column":12},"end":{"line":691,"column":20}},"223":{"start":{"line":692,"column":12},"end":{"line":698,"column":14}},"224":{"start":{"line":701,"column":8},"end":{"line":701,"column":60}},"225":{"start":{"line":706,"column":4},"end":{"line":731,"column":5}},"226":{"start":{"line":707,"column":8},"end":{"line":707,"column":24}},"227":{"start":{"line":709,"column":8},"end":{"line":714,"column":9}},"228":{"start":{"line":710,"column":12},"end":{"line":712,"column":13}},"229":{"start":{"line":711,"column":16},"end":{"line":711,"column":22}},"230":{"start":{"line":713,"column":12},"end":{"line":713,"column":38}},"231":{"start":{"line":716,"column":8},"end":{"line":718,"column":9}},"232":{"start":{"line":717,"column":12},"end":{"line":717,"column":64}},"233":{"start":{"line":720,"column":8},"end":{"line":722,"column":9}},"234":{"start":{"line":721,"column":12},"end":{"line":721,"column":64}},"235":{"start":{"line":724,"column":8},"end":{"line":730,"column":10}},"236":{"start":{"line":733,"column":4},"end":{"line":754,"column":5}},"237":{"start":{"line":734,"column":8},"end":{"line":734,"column":43}},"238":{"start":{"line":735,"column":8},"end":{"line":740,"column":9}},"239":{"start":{"line":736,"column":12},"end":{"line":738,"column":13}},"240":{"start":{"line":737,"column":16},"end":{"line":737,"column":22}},"241":{"start":{"line":739,"column":12},"end":{"line":739,"column":38}},"242":{"start":{"line":742,"column":8},"end":{"line":744,"column":9}},"243":{"start":{"line":743,"column":12},"end":{"line":743,"column":64}},"244":{"start":{"line":746,"column":8},"end":{"line":753,"column":10}},"245":{"start":{"line":756,"column":4},"end":{"line":827,"column":5}},"246":{"start":{"line":757,"column":8},"end":{"line":757,"column":30}},"247":{"start":{"line":759,"column":8},"end":{"line":759,"column":27}},"248":{"start":{"line":760,"column":8},"end":{"line":761,"column":82}},"249":{"start":{"line":763,"column":8},"end":{"line":763,"column":22}},"250":{"start":{"line":764,"column":8},"end":{"line":764,"column":20}},"251":{"start":{"line":765,"column":8},"end":{"line":790,"column":9}},"252":{"start":{"line":766,"column":12},"end":{"line":766,"column":37}},"253":{"start":{"line":767,"column":12},"end":{"line":767,"column":31}},"254":{"start":{"line":771,"column":12},"end":{"line":784,"column":13}},"255":{"start":{"line":772,"column":16},"end":{"line":775,"column":17}},"256":{"start":{"line":773,"column":20},"end":{"line":773,"column":28}},"257":{"start":{"line":774,"column":20},"end":{"line":774,"column":49}},"258":{"start":{"line":776,"column":16},"end":{"line":778,"column":17}},"259":{"start":{"line":777,"column":20},"end":{"line":777,"column":51}},"260":{"start":{"line":781,"column":16},"end":{"line":783,"column":17}},"261":{"start":{"line":782,"column":20},"end":{"line":782,"column":72}},"262":{"start":{"line":786,"column":12},"end":{"line":788,"column":13}},"263":{"start":{"line":787,"column":16},"end":{"line":787,"column":42}},"264":{"start":{"line":789,"column":12},"end":{"line":789,"column":31}},"265":{"start":{"line":792,"column":8},"end":{"line":798,"column":9}},"266":{"start":{"line":793,"column":12},"end":{"line":793,"column":38}},"267":{"start":{"line":794,"column":12},"end":{"line":796,"column":13}},"268":{"start":{"line":795,"column":16},"end":{"line":795,"column":42}},"269":{"start":{"line":797,"column":12},"end":{"line":797,"column":31}},"270":{"start":{"line":800,"column":8},"end":{"line":814,"column":9}},"271":{"start":{"line":801,"column":12},"end":{"line":801,"column":38}},"272":{"start":{"line":803,"column":12},"end":{"line":803,"column":31}},"273":{"start":{"line":804,"column":12},"end":{"line":806,"column":13}},"274":{"start":{"line":805,"column":16},"end":{"line":805,"column":42}},"275":{"start":{"line":807,"column":12},"end":{"line":813,"column":13}},"276":{"start":{"line":808,"column":16},"end":{"line":810,"column":17}},"277":{"start":{"line":809,"column":20},"end":{"line":809,"column":46}},"278":{"start":{"line":812,"column":16},"end":{"line":812,"column":68}},"279":{"start":{"line":816,"column":8},"end":{"line":818,"column":9}},"280":{"start":{"line":817,"column":12},"end":{"line":817,"column":64}},"281":{"start":{"line":820,"column":8},"end":{"line":826,"column":10}},"282":{"start":{"line":831,"column":4},"end":{"line":933,"column":5}},"283":{"start":{"line":832,"column":8},"end":{"line":832,"column":80}},"284":{"start":{"line":834,"column":8},"end":{"line":834,"column":30}},"285":{"start":{"line":835,"column":8},"end":{"line":836,"column":55}},"286":{"start":{"line":838,"column":8},"end":{"line":838,"column":22}},"287":{"start":{"line":839,"column":8},"end":{"line":839,"column":16}},"288":{"start":{"line":841,"column":8},"end":{"line":919,"column":9}},"289":{"start":{"line":842,"column":12},"end":{"line":842,"column":33}},"290":{"start":{"line":844,"column":12},"end":{"line":918,"column":13}},"291":{"start":{"line":845,"column":16},"end":{"line":845,"column":27}},"292":{"start":{"line":846,"column":16},"end":{"line":846,"column":22}},"293":{"start":{"line":847,"column":19},"end":{"line":918,"column":13}},"294":{"start":{"line":848,"column":16},"end":{"line":848,"column":37}},"295":{"start":{"line":849,"column":16},"end":{"line":913,"column":17}},"296":{"start":{"line":850,"column":20},"end":{"line":907,"column":21}},"297":{"start":{"line":852,"column":24},"end":{"line":852,"column":36}},"298":{"start":{"line":853,"column":24},"end":{"line":853,"column":30}},"299":{"start":{"line":855,"column":24},"end":{"line":855,"column":36}},"300":{"start":{"line":856,"column":24},"end":{"line":856,"column":30}},"301":{"start":{"line":858,"column":24},"end":{"line":858,"column":36}},"302":{"start":{"line":859,"column":24},"end":{"line":859,"column":30}},"303":{"start":{"line":862,"column":24},"end":{"line":862,"column":40}},"304":{"start":{"line":863,"column":24},"end":{"line":863,"column":54}},"305":{"start":{"line":864,"column":24},"end":{"line":869,"column":25}},"306":{"start":{"line":865,"column":28},"end":{"line":865,"column":45}},"307":{"start":{"line":867,"column":28},"end":{"line":867,"column":44}},"308":{"start":{"line":868,"column":28},"end":{"line":868,"column":38}},"309":{"start":{"line":870,"column":24},"end":{"line":870,"column":30}},"310":{"start":{"line":872,"column":24},"end":{"line":872,"column":36}},"311":{"start":{"line":873,"column":24},"end":{"line":873,"column":30}},"312":{"start":{"line":875,"column":24},"end":{"line":875,"column":36}},"313":{"start":{"line":876,"column":24},"end":{"line":876,"column":30}},"314":{"start":{"line":878,"column":24},"end":{"line":878,"column":38}},"315":{"start":{"line":879,"column":24},"end":{"line":879,"column":30}},"316":{"start":{"line":882,"column":24},"end":{"line":905,"column":25}},"317":{"start":{"line":883,"column":28},"end":{"line":883,"column":58}},"318":{"start":{"line":886,"column":28},"end":{"line":888,"column":29}},"319":{"start":{"line":887,"column":32},"end":{"line":887,"column":45}},"320":{"start":{"line":890,"column":28},"end":{"line":901,"column":29}},"321":{"start":{"line":891,"column":32},"end":{"line":891,"column":45}},"322":{"start":{"line":892,"column":32},"end":{"line":892,"column":86}},"323":{"start":{"line":896,"column":32},"end":{"line":900,"column":33}},"324":{"start":{"line":899,"column":36},"end":{"line":899,"column":90}},"325":{"start":{"line":902,"column":28},"end":{"line":902,"column":61}},"326":{"start":{"line":904,"column":28},"end":{"line":904,"column":38}},"327":{"start":{"line":906,"column":24},"end":{"line":906,"column":30}},"328":{"start":{"line":909,"column":20},"end":{"line":909,"column":33}},"329":{"start":{"line":910,"column":20},"end":{"line":912,"column":21}},"330":{"start":{"line":911,"column":24},"end":{"line":911,"column":32}},"331":{"start":{"line":914,"column":19},"end":{"line":918,"column":13}},"332":{"start":{"line":915,"column":16},"end":{"line":915,"column":22}},"333":{"start":{"line":917,"column":16},"end":{"line":917,"column":26}},"334":{"start":{"line":921,"column":8},"end":{"line":923,"column":9}},"335":{"start":{"line":922,"column":12},"end":{"line":922,"column":64}},"336":{"start":{"line":925,"column":8},"end":{"line":932,"column":10}},"337":{"start":{"line":935,"column":4},"end":{"line":1035,"column":5}},"338":{"start":{"line":936,"column":8},"end":{"line":936,"column":100}},"339":{"start":{"line":938,"column":8},"end":{"line":938,"column":25}},"340":{"start":{"line":939,"column":8},"end":{"line":939,"column":22}},"341":{"start":{"line":941,"column":8},"end":{"line":941,"column":22}},"342":{"start":{"line":942,"column":8},"end":{"line":942,"column":27}},"343":{"start":{"line":943,"column":8},"end":{"line":943,"column":81}},"344":{"start":{"line":944,"column":8},"end":{"line":944,"column":30}},"345":{"start":{"line":946,"column":8},"end":{"line":970,"column":9}},"346":{"start":{"line":947,"column":12},"end":{"line":947,"column":33}},"347":{"start":{"line":948,"column":12},"end":{"line":948,"column":22}},"348":{"start":{"line":949,"column":12},"end":{"line":969,"column":13}},"349":{"start":{"line":950,"column":16},"end":{"line":952,"column":17}},"350":{"start":{"line":951,"column":20},"end":{"line":951,"column":40}},"351":{"start":{"line":954,"column":16},"end":{"line":968,"column":17}},"352":{"start":{"line":955,"column":20},"end":{"line":955,"column":41}},"353":{"start":{"line":957,"column":20},"end":{"line":959,"column":21}},"354":{"start":{"line":958,"column":24},"end":{"line":958,"column":68}},"355":{"start":{"line":960,"column":20},"end":{"line":960,"column":30}},"356":{"start":{"line":961,"column":23},"end":{"line":968,"column":17}},"357":{"start":{"line":962,"column":20},"end":{"line":962,"column":38}},"358":{"start":{"line":963,"column":20},"end":{"line":963,"column":26}},"359":{"start":{"line":964,"column":23},"end":{"line":968,"column":17}},"360":{"start":{"line":965,"column":20},"end":{"line":965,"column":39}},"361":{"start":{"line":966,"column":23},"end":{"line":968,"column":17}},"362":{"start":{"line":967,"column":20},"end":{"line":967,"column":64}},"363":{"start":{"line":972,"column":8},"end":{"line":974,"column":9}},"364":{"start":{"line":973,"column":12},"end":{"line":973,"column":56}},"365":{"start":{"line":977,"column":8},"end":{"line":977,"column":48}},"366":{"start":{"line":979,"column":8},"end":{"line":979,"column":19}},"367":{"start":{"line":980,"column":8},"end":{"line":1010,"column":9}},"368":{"start":{"line":981,"column":12},"end":{"line":981,"column":31}},"369":{"start":{"line":982,"column":12},"end":{"line":984,"column":13}},"370":{"start":{"line":983,"column":16},"end":{"line":983,"column":22}},"371":{"start":{"line":986,"column":12},"end":{"line":986,"column":20}},"372":{"start":{"line":987,"column":12},"end":{"line":1009,"column":13}},"373":{"start":{"line":988,"column":16},"end":{"line":988,"column":35}},"374":{"start":{"line":989,"column":16},"end":{"line":1005,"column":17}},"375":{"start":{"line":990,"column":20},"end":{"line":990,"column":28}},"376":{"start":{"line":991,"column":20},"end":{"line":991,"column":36}},"377":{"start":{"line":992,"column":20},"end":{"line":992,"column":44}},"378":{"start":{"line":993,"column":20},"end":{"line":1002,"column":21}},"379":{"start":{"line":994,"column":24},"end":{"line":994,"column":36}},"380":{"start":{"line":995,"column":24},"end":{"line":997,"column":25}},"381":{"start":{"line":996,"column":28},"end":{"line":996,"column":51}},"382":{"start":{"line":999,"column":24},"end":{"line":999,"column":40}},"383":{"start":{"line":1000,"column":24},"end":{"line":1000,"column":37}},"384":{"start":{"line":1001,"column":24},"end":{"line":1001,"column":37}},"385":{"start":{"line":1004,"column":20},"end":{"line":1004,"column":32}},"386":{"start":{"line":1007,"column":16},"end":{"line":1007,"column":28}},"387":{"start":{"line":1008,"column":16},"end":{"line":1008,"column":26}},"388":{"start":{"line":1012,"column":8},"end":{"line":1016,"column":9}},"389":{"start":{"line":1013,"column":12},"end":{"line":1013,"column":47}},"390":{"start":{"line":1015,"column":12},"end":{"line":1015,"column":51}},"391":{"start":{"line":1018,"column":8},"end":{"line":1018,"column":15}},"392":{"start":{"line":1021,"column":8},"end":{"line":1029,"column":9}},"393":{"start":{"line":1022,"column":12},"end":{"line":1028,"column":14}},"394":{"start":{"line":1030,"column":8},"end":{"line":1034,"column":10}},"395":{"start":{"line":1037,"column":4},"end":{"line":1042,"column":5}},"396":{"start":{"line":1038,"column":8},"end":{"line":1041,"column":45}},"397":{"start":{"line":1044,"column":4},"end":{"line":1102,"column":5}},"398":{"start":{"line":1045,"column":8},"end":{"line":1046,"column":23}},"399":{"start":{"line":1049,"column":8},"end":{"line":1049,"column":58}},"400":{"start":{"line":1050,"column":8},"end":{"line":1053,"column":9}},"401":{"start":{"line":1052,"column":12},"end":{"line":1052,"column":32}},"402":{"start":{"line":1054,"column":8},"end":{"line":1097,"column":9}},"403":{"start":{"line":1055,"column":12},"end":{"line":1066,"column":13}},"404":{"start":{"line":1056,"column":16},"end":{"line":1056,"column":68}},"405":{"start":{"line":1057,"column":16},"end":{"line":1064,"column":17}},"406":{"start":{"line":1063,"column":20},"end":{"line":1063,"column":40}},"407":{"start":{"line":1065,"column":16},"end":{"line":1065,"column":40}},"408":{"start":{"line":1067,"column":12},"end":{"line":1095,"column":13}},"409":{"start":{"line":1070,"column":16},"end":{"line":1086,"column":17}},"410":{"start":{"line":1073,"column":20},"end":{"line":1073,"column":72}},"411":{"start":{"line":1074,"column":20},"end":{"line":1076,"column":21}},"412":{"start":{"line":1075,"column":24},"end":{"line":1075,"column":48}},"413":{"start":{"line":1077,"column":23},"end":{"line":1086,"column":17}},"414":{"start":{"line":1080,"column":20},"end":{"line":1080,"column":72}},"415":{"start":{"line":1081,"column":20},"end":{"line":1083,"column":21}},"416":{"start":{"line":1082,"column":24},"end":{"line":1082,"column":44}},"417":{"start":{"line":1085,"column":20},"end":{"line":1085,"column":44}},"418":{"start":{"line":1089,"column":16},"end":{"line":1092,"column":17}},"419":{"start":{"line":1091,"column":20},"end":{"line":1091,"column":44}},"420":{"start":{"line":1094,"column":16},"end":{"line":1094,"column":36}},"421":{"start":{"line":1096,"column":12},"end":{"line":1096,"column":32}},"422":{"start":{"line":1098,"column":8},"end":{"line":1100,"column":9}},"423":{"start":{"line":1099,"column":12},"end":{"line":1099,"column":32}},"424":{"start":{"line":1101,"column":8},"end":{"line":1101,"column":32}},"425":{"start":{"line":1104,"column":4},"end":{"line":1153,"column":5}},"426":{"start":{"line":1105,"column":8},"end":{"line":1105,"column":15}},"427":{"start":{"line":1107,"column":8},"end":{"line":1107,"column":22}},"428":{"start":{"line":1109,"column":8},"end":{"line":1116,"column":9}},"429":{"start":{"line":1110,"column":12},"end":{"line":1115,"column":14}},"430":{"start":{"line":1118,"column":8},"end":{"line":1118,"column":38}},"431":{"start":{"line":1121,"column":8},"end":{"line":1123,"column":9}},"432":{"start":{"line":1122,"column":12},"end":{"line":1122,"column":36}},"433":{"start":{"line":1126,"column":8},"end":{"line":1128,"column":9}},"434":{"start":{"line":1127,"column":12},"end":{"line":1127,"column":39}},"435":{"start":{"line":1130,"column":8},"end":{"line":1132,"column":9}},"436":{"start":{"line":1131,"column":12},"end":{"line":1131,"column":36}},"437":{"start":{"line":1136,"column":8},"end":{"line":1141,"column":9}},"438":{"start":{"line":1137,"column":12},"end":{"line":1139,"column":13}},"439":{"start":{"line":1138,"column":16},"end":{"line":1138,"column":44}},"440":{"start":{"line":1140,"column":12},"end":{"line":1140,"column":36}},"441":{"start":{"line":1143,"column":8},"end":{"line":1145,"column":9}},"442":{"start":{"line":1144,"column":12},"end":{"line":1144,"column":40}},"443":{"start":{"line":1148,"column":8},"end":{"line":1150,"column":9}},"444":{"start":{"line":1149,"column":12},"end":{"line":1149,"column":34}},"445":{"start":{"line":1152,"column":8},"end":{"line":1152,"column":32}},"446":{"start":{"line":1155,"column":4},"end":{"line":1170,"column":5}},"447":{"start":{"line":1156,"column":8},"end":{"line":1156,"column":18}},"448":{"start":{"line":1158,"column":8},"end":{"line":1158,"column":26}},"449":{"start":{"line":1159,"column":8},"end":{"line":1159,"column":31}},"450":{"start":{"line":1160,"column":8},"end":{"line":1160,"column":38}},"451":{"start":{"line":1161,"column":8},"end":{"line":1161,"column":36}},"452":{"start":{"line":1163,"column":8},"end":{"line":1163,"column":30}},"453":{"start":{"line":1165,"column":8},"end":{"line":1165,"column":31}},"454":{"start":{"line":1166,"column":8},"end":{"line":1166,"column":38}},"455":{"start":{"line":1167,"column":8},"end":{"line":1167
[...]
mn":24}}]},"413":{"line":3342,"type":"if","locations":[{"start":{"line":3342,"column":19},"end":{"line":3342,"column":19}},{"start":{"line":3342,"column":19},"end":{"line":3342,"column":19}}]},"414":{"line":3344,"type":"if","locations":[{"start":{"line":3344,"column":16},"end":{"line":3344,"column":16}},{"start":{"line":3344,"column":16},"end":{"line":3344,"column":16}}]},"415":{"line":3354,"type":"if","locations":[{"start":{"line":3354,"column":20},"end":{"line":3354,"column":20}},{"start":{"line":3354,"column":20},"end":{"line":3354,"column":20}}]},"416":{"line":3362,"type":"if","locations":[{"start":{"line":3362,"column":23},"end":{"line":3362,"column":23}},{"start":{"line":3362,"column":23},"end":{"line":3362,"column":23}}]},"417":{"line":3372,"type":"if","locations":[{"start":{"line":3372,"column":20},"end":{"line":3372,"column":20}},{"start":{"line":3372,"column":20},"end":{"line":3372,"column":20}}]},"418":{"line":3378,"type":"if","locations":[{"start":{"line":3378,"column":19},"end":{"line":3378,"column":19}},{"start":{"line":3378,"column":19},"end":{"line":3378,"column":19}}]},"419":{"line":3380,"type":"if","locations":[{"start":{"line":3380,"column":19},"end":{"line":3380,"column":19}},{"start":{"line":3380,"column":19},"end":{"line":3380,"column":19}}]},"420":{"line":3382,"type":"if","locations":[{"start":{"line":3382,"column":16},"end":{"line":3382,"column":16}},{"start":{"line":3382,"column":16},"end":{"line":3382,"column":16}}]},"421":{"line":3382,"type":"binary-expr","locations":[{"start":{"line":3382,"column":20},"end":{"line":3382,"column":32}},{"start":{"line":3382,"column":36},"end":{"line":3382,"column":58}}]},"422":{"line":3402,"type":"if","locations":[{"start":{"line":3402,"column":12},"end":{"line":3402,"column":12}},{"start":{"line":3402,"column":12},"end":{"line":3402,"column":12}}]},"423":{"line":3405,"type":"if","locations":[{"start":{"line":3405,"column":12},"end":{"line":3405,"column":12}},{"start":{"line":3405,"column":12},"end":{"line":3405,"column":12}}]},"424":{"line":3432,"type":"if","locations":[{"start":{"line":3432,"column":8},"end":{"line":3432,"column":8}},{"start":{"line":3432,"column":8},"end":{"line":3432,"column":8}}]},"425":{"line":3465,"type":"if","locations":[{"start":{"line":3465,"column":8},"end":{"line":3465,"column":8}},{"start":{"line":3465,"column":8},"end":{"line":3465,"column":8}}]},"426":{"line":3467,"type":"if","locations":[{"start":{"line":3467,"column":12},"end":{"line":3467,"column":12}},{"start":{"line":3467,"column":12},"end":{"line":3467,"column":12}}]},"427":{"line":3469,"type":"if","locations":[{"start":{"line":3469,"column":16},"end":{"line":3469,"column":16}},{"start":{"line":3469,"column":16},"end":{"line":3469,"column":16}}]},"428":{"line":3469,"type":"binary-expr","locations":[{"start":{"line":3469,"column":20},"end":{"line":3469,"column":42}},{"start":{"line":3469,"column":46},"end":{"line":3469,"column":73}}]},"429":{"line":3470,"type":"if","locations":[{"start":{"line":3470,"column":20},"end":{"line":3470,"column":20}},{"start":{"line":3470,"column":20},"end":{"line":3470,"column":20}}]},"430":{"line":3470,"type":"binary-expr","locations":[{"start":{"line":3470,"column":24},"end":{"line":3470,"column":43}},{"start":{"line":3470,"column":47},"end":{"line":3470,"column":67}}]},"431":{"line":3496,"type":"if","locations":[{"start":{"line":3496,"column":12},"end":{"line":3496,"column":12}},{"start":{"line":3496,"column":12},"end":{"line":3496,"column":12}}]},"432":{"line":3499,"type":"if","locations":[{"start":{"line":3499,"column":12},"end":{"line":3499,"column":12}},{"start":{"line":3499,"column":12},"end":{"line":3499,"column":12}}]},"433":{"line":3530,"type":"if","locations":[{"start":{"line":3530,"column":12},"end":{"line":3530,"column":12}},{"start":{"line":3530,"column":12},"end":{"line":3530,"column":12}}]},"434":{"line":3533,"type":"if","locations":[{"start":{"line":3533,"column":12},"end":{"line":3533,"column":12}},{"start":{"line":3533,"column":12},"end":{"line":3533,"column":12}}]},"435":{"line":3549,"type":"if","locations":[{"start":{"line":3549,"column":12},"end":{"line":3549,"column":12}},{"start":{"line":3549,"column":12},"end":{"line":3549,"column":12}}]},"436":{"line":3552,"type":"if","locations":[{"start":{"line":3552,"column":12},"end":{"line":3552,"column":12}},{"start":{"line":3552,"column":12},"end":{"line":3552,"column":12}}]},"437":{"line":3593,"type":"cond-expr","locations":[{"start":{"line":3593,"column":37},"end":{"line":3593,"column":57}},{"start":{"line":3593,"column":60},"end":{"line":3593,"column":84}}]},"438":{"line":3595,"type":"binary-expr","locations":[{"start":{"line":3595,"column":15},"end":{"line":3595,"column":25}},{"start":{"line":3595,"column":29},"end":{"line":3595,"column":39}}]},"439":{"line":3596,"type":"if","locations":[{"start":{"line":3596,"column":12},"end":{"line":3596,"column":12}},{"start":{"line":3596,"column":12},"end":{"line":3596,"column":12}}]},"440":{"line":3618,"type":"cond-expr","locations":[{"start":{"line":3618,"column":37},"end":{"line":3618,"column":57}},{"start":{"line":3618,"column":60},"end":{"line":3618,"column":84}}]},"441":{"line":3620,"type":"binary-expr","locations":[{"start":{"line":3620,"column":15},"end":{"line":3620,"column":25}},{"start":{"line":3620,"column":29},"end":{"line":3620,"column":39}},{"start":{"line":3620,"column":43},"end":{"line":3620,"column":53}}]},"442":{"line":3621,"type":"if","locations":[{"start":{"line":3621,"column":12},"end":{"line":3621,"column":12}},{"start":{"line":3621,"column":12},"end":{"line":3621,"column":12}}]},"443":{"line":3626,"type":"if","locations":[{"start":{"line":3626,"column":19},"end":{"line":3626,"column":19}},{"start":{"line":3626,"column":19},"end":{"line":3626,"column":19}}]},"444":{"line":3648,"type":"if","locations":[{"start":{"line":3648,"column":12},"end":{"line":3648,"column":12}},{"start":{"line":3648,"column":12},"end":{"line":3648,"column":12}}]},"445":{"line":3648,"type":"binary-expr","locations":[{"start":{"line":3648,"column":16},"end":{"line":3648,"column":41}},{"start":{"line":3648,"column":45},"end":{"line":3648,"column":75}},{"start":{"line":3648,"column":79},"end":{"line":3648,"column":89}}]},"446":{"line":3649,"type":"if","locations":[{"start":{"line":3649,"column":16},"end":{"line":3649,"column":16}},{"start":{"line":3649,"column":16},"end":{"line":3649,"column":16}}]},"447":{"line":3649,"type":"binary-expr","locations":[{"start":{"line":3649,"column":20},"end":{"line":3649,"column":35}},{"start":{"line":3649,"column":40},"end":{"line":3649,"column":57}},{"start":{"line":3649,"column":61},"end":{"line":3649,"column":79}}]},"448":{"line":3661,"type":"binary-expr","locations":[{"start":{"line":3661,"column":23},"end":{"line":3661,"column":61}},{"start":{"line":3662,"column":20},"end":{"line":3662,"column":57}}]},"449":{"line":3668,"type":"if","locations":[{"start":{"line":3668,"column":16},"end":{"line":3668,"column":16}},{"start":{"line":3668,"column":16},"end":{"line":3668,"column":16}}]},"450":{"line":3671,"type":"if","locations":[{"start":{"line":3671,"column":16},"end":{"line":3671,"column":16}},{"start":{"line":3671,"column":16},"end":{"line":3671,"column":16}}]},"451":{"line":3675,"type":"if","locations":[{"start":{"line":3675,"column":16},"end":{"line":3675,"column":16}},{"start":{"line":3675,"column":16},"end":{"line":3675,"column":16}}]},"452":{"line":3676,"type":"if","locations":[{"start":{"line":3676,"column":20},"end":{"line":3676,"column":20}},{"start":{"line":3676,"column":20},"end":{"line":3676,"column":20}}]},"453":{"line":3676,"type":"binary-expr","locations":[{"start":{"line":3676,"column":24},"end":{"line":3676,"column":44}},{"start":{"line":3676,"column":48},"end":{"line":3676,"column":69}}]},"454":{"line":3677,"type":"cond-expr","locations":[{"start":{"line":3677,"column":55},"end":{"line":3677,"column":78}},{"start":{"line":3677,"column":81},"end":{"line":3677,"column":99}}]},"455":{"line":3678,"type":"cond-expr","locations":[{"start":{"line":3678,"column":54},"end":{"line":3678,"column":78}},{"start":{"line":3678,"column":81},"end":{"line":3678,"column":100}}]},"456":{"line":3680,"type":"if","locations":[{"start":{"line":3680,"column":27},"end":{"line":3680,"column":27}},{"start":{"line":3680,"column":27},"end":{"line":3680,"column":27}}]},"457":{"line":3686,"type":"if","locations":[{"start":{"line":3686,"column":16},"end":{"line":3686,"column":16}},{"start":{"line":3686,"column":16},"end":{"line":3686,"column":16}}]},"458":{"line":3687,"type":"if","locations":[{"start":{"line":3687,"column":20},"end":{"line":3687,"column":20}},{"start":{"line":3687,"column":20},"end":{"line":3687,"column":20}}]},"459":{"line":3687,"type":"binary-expr","locations":[{"start":{"line":3687,"column":24},"end":{"line":3687,"column":42}},{"start":{"line":3687,"column":46},"end":{"line":3687,"column":65}}]},"460":{"line":3688,"type":"cond-expr","locations":[{"start":{"line":3688,"column":53},"end":{"line":3688,"column":77}},{"start":{"line":3688,"column":80},"end":{"line":3688,"column":99}}]},"461":{"line":3689,"type":"cond-expr","locations":[{"start":{"line":3689,"column":52},"end":{"line":3689,"column":75}},{"start":{"line":3689,"column":78},"end":{"line":3689,"column":96}}]},"462":{"line":3695,"type":"if","locations":[{"start":{"line":3695,"column":27},"end":{"line":3695,"column":27}},{"start":{"line":3695,"column":27},"end":{"line":3695,"column":27}}]},"463":{"line":3714,"type":"if","locations":[{"start":{"line":3714,"column":16},"end":{"line":3714,"column":16}},{"start":{"line":3714,"column":16},"end":{"line":3714,"column":16}}]},"464":{"line":3714,"type":"binary-expr","locations":[{"start":{"line":3714,"column":20},"end":{"line":3714,"column":25}},{"start":{"line":3714,"column":29},"end":{"line":3714,"column":62}}]},"465":{"line":3718,"type":"if","locations":[{"start":{"line":3718,"column":16},"end":{"line":3718,"column":16}},{"start":{"line":3718,"column":16},"end":{"line":3718,"column":16}}]},"466":{"line":3718,"type":"binary-expr","locations":[{"start":{"line":3718,"column":20},"end":{"line":3718,"column":23}},{"start":{"line":3718,"column":27},"end":{"line":3718,"column":58}}]},"467":{"line":3722,"type":"if","locations":[{"start":{"line":3722,"column":16},"end":{"line":3722,"column":16}},{"start":{"line":3722,"column":16},"end":{"line":3722,"column":16}}]},"468":{"line":3735,"type":"if","locations":[{"start":{"line":3735,"column":8},"end":{"line":3735,"column":8}},{"start":{"line":3735,"column":8},"end":{"line":3735,"column":8}}]},"469":{"line":3740,"type":"if","locations":[{"start":{"line":3740,"column":8},"end":{"line":3740,"column":8}},{"start":{"line":3740,"column":8},"end":{"line":3740,"column":8}}]},"470":{"line":3740,"type":"binary-expr","locations":[{"start":{"line":3740,"column":12},"end":{"line":3740,"column":23}},{"start":{"line":3740,"column":27},"end":{"line":3740,"column":36}}]},"471":{"line":3807,"type":"if","locations":[{"start":{"line":3807,"column":8},"end":{"line":3807,"column":8}},{"start":{"line":3807,"column":8},"end":{"line":3807,"column":8}}]},"472":{"line":3817,"type":"if","locations":[{"start":{"line":3817,"column":8},"end":{"line":3817,"column":8}},{"start":{"line":3817,"column":8},"end":{"line":3817,"column":8}}]},"473":{"line":3821,"type":"if","locations":[{"start":{"line":3821,"column":8},"end":{"line":3821,"column":8}},{"start":{"line":3821,"column":8},"end":{"line":3821,"column":8}}]},"474":{"line":3821,"type":"binary-expr","locations":[{"start":{"line":3821,"column":12},"end":{"line":3821,"column":23}},{"start":{"line":3821,"column":27},"end":{"line":3821,"column":36}}]},"475":{"line":3853,"type":"if","locations":[{"start":{"line":3853,"column":8},"end":{"line":3853,"column":8}},{"start":{"line":3853,"column":8},"end":{"line":3853,"column":8}}]},"476":{"line":3865,"type":"if","locations":[{"start":{"line":3865,"column":12},"end":{"line":3865,"column":12}},{"start":{"line":3865,"column":12},"end":{"line":3865,"column":12}}]},"477":{"line":3871,"type":"if","locations":[{"start":{"line":3871,"column":12},"end":{"line":3871,"column":12}},{"start":{"line":3871,"column":12},"end":{"line":3871,"column":12}}]},"478":{"line":3885,"type":"if","locations":[{"start":{"line":3885,"column":8},"end":{"line":3885,"column":8}},{"start":{"line":3885,"column":8},"end":{"line":3885,"column":8}}]},"479":{"line":3885,"type":"binary-expr","locations":[{"start":{"line":3885,"column":12},"end":{"line":3885,"column":36}},{"start":{"line":3885,"column":40},"end":{"line":3885,"column":65}}]},"480":{"line":3892,"type":"cond-expr","locations":[{"start":{"line":3892,"column":43},"end":{"line":3892,"column":44}},{"start":{"line":3892,"column":47},"end":{"line":3892,"column":48}}]},"481":{"line":3907,"type":"binary-expr","locations":[{"start":{"line":3907,"column":18},"end":{"line":3907,"column":25}},{"start":{"line":3907,"column":29},"end":{"line":3907,"column":31}}]},"482":{"line":3917,"type":"binary-expr","locations":[{"start":{"line":3917,"column":23},"end":{"line":3917,"column":57}},{"start":{"line":3917,"column":62},"end":{"line":3917,"column":75}}]},"483":{"line":3918,"type":"binary-expr","locations":[{"start":{"line":3918,"column":21},"end":{"line":3918,"column":53}},{"start":{"line":3918,"column":58},"end":{"line":3918,"column":69}}]},"484":{"line":3920,"type":"if","locations":[{"start":{"line":3920,"column":8},"end":{"line":3920,"column":8}},{"start":{"line":3920,"column":8},"end":{"line":3920,"column":8}}]},"485":{"line":3920,"type":"binary-expr","locations":[{"start":{"line":3920,"column":12},"end":{"line":3920,"column":48}},{"start":{"line":3920,"column":52},"end":{"line":3920,"column":67}}]},"486":{"line":3923,"type":"if","locations":[{"start":{"line":3923,"column":8},"end":{"line":3923,"column":8}},{"start":{"line":3923,"column":8},"end":{"line":3923,"column":8}}]},"487":{"line":3923,"type":"binary-expr","locations":[{"start":{"line":3923,"column":12},"end":{"line":3923,"column":49}},{"start":{"line":3923,"column":53},"end":{"line":3923,"column":69}}]},"488":{"line":3927,"type":"if","locations":[{"start":{"line":3927,"column":8},"end":{"line":3927,"column":8}},{"start":{"line":3927,"column":8},"end":{"line":3927,"column":8}}]},"489":{"line":3928,"type":"if","locations":[{"start":{"line":3928,"column":12},"end":{"line":3928,"column":12}},{"start":{"line":3928,"column":12},"end":{"line":3928,"column":12}}]},"490":{"line":3932,"type":"if","locations":[{"start":{"line":3932,"column":16},"end":{"line":3932,"column":16}},{"start":{"line":3932,"column":16},"end":{"line":3932,"column":16}}]},"491":{"line":3942,"type":"if","locations":[{"start":{"line":3942,"column":12},"end":{"line":3942,"column":12}},{"start":{"line":3942,"column":12},"end":{"line":3942,"column":12}}]},"492":{"line":3952,"type":"if","locations":[{"start":{"line":3952,"column":20},"end":{"line":3952,"column":20}},{"start":{"line":3952,"column":20},"end":{"line":3952,"column":20}}]},"493":{"line":3965,"type":"if","locations":[{"start":{"line":3965,"column":12},"end":{"line":3965,"column":12}},{"start":{"line":3965,"column":12},"end":{"line":3965,"column":12}}]},"494":{"line":3969,"type":"if","locations":[{"start":{"line":3969,"column":12},"end":{"line":3969,"column":12}},{"start":{"line":3969,"column":12},"end":{"line":3969,"column":12}}]},"495":{"line":3985,"type":"if","locations":[{"start":{"line":3985,"column":8},"end":{"line":3985,"column":8}},{"start":{"line":3985,"column":8},"end":{"line":3985,"column":8}}]},"496":{"line":3985,"type":"binary-expr","locations":[{"start":{"line":3985,"column":12},"end":{"line":3985,"column":36}},{"start":{"line":3985,"column":40},"end":{"line":3985,"column":65}}]},"497":{"line":3992,"type":"cond-expr","locations":[{"start":{"line":3992,"column":43},"end":{"line":3992,"column":44}},{"start":{"line":3992,"column":47},"end":{"line":3992,"column":48}}]},"498":{"line":4005,"type":"if","locations":[{"start":{"line":4005,"column":8},"end":{"line":4005,"column":8}},{"start":{"line":4005,"column":8},"end":{"line":4005,"column":8}}]},"499":{"line":4006,"type":"binary-expr","locations":[{"start":{"line":4006,"column":27},"end":{"line":4006,"column":61}},{"start":{"line":4006,"column":66},"end":{"line":4006,"column":79}}]},"500":{"line":4007,"type":"binary-expr","locations":[{"start":{"line":4007,"column":25},"end":{"line":4007,"column":57}},{"start":{"line":4007,"column":62},"end":{"line":4007,"column":73}}]},"501":{"line":4009,"type":"if","locations":[{"start":{"line":4009,"column":12},"end":{"line":4009,"column":12}},{"start":{"line":4009,"column":12},"end":{"line":4009,"column":12}}]},"502":{"line":4009,"type":"binary-expr","locations":[{"start":{"line":4009,"column":16},"end":{"line":4009,"column":25}},{"start":{"line":4009,"column":29},"end":{"line":4009,"column":52}},{"start":{"line":4009,"column":56},"end":{"line":4009,"column":84}}]},"503":{"line":4018,"type":"if","locations":[{"start":{"line":4018,"column":12},"end":{"line":4018,"column":12}},{"start":{"line":4018,"column":12},"end":{"line":4018,"column":12}}]},"504":{"line":4018,"type":"binary-expr","locations":[{"start":{"line":4018,"column":16},"end":{"line":4018,"column":51}},{"start":{"line":4018,"column":55},"end":{"line":4018,"column":69}}]},"505":{"line":4021,"type":"if","locations":[{"start":{"line":4021,"column":12},"end":{"line":4021,"column":12}},{"start":{"line":4021,"column":12},"end":{"line":4021,"column":12}}]},"506":{"line":4021,"type":"binary-expr","locations":[{"start":{"line":4021,"column":16},"end":{"line":4021,"column":52}},{"start":{"line":4021,"column":56},"end":{"line":4021,"column":71}}]},"507":{"line":4024,"type":"if","locations":[{"start":{"line":4024,"column":12},"end":{"line":4024,"column":12}},{"start":{"line":4024,"column":12},"end":{"line":4024,"column":12}}]},"508":{"line":4024,"type":"binary-expr","locations":[{"start":{"line":4024,"column":16},"end":{"line":4024,"column":53}},{"start":{"line":4024,"column":57},"end":{"line":4024,"column":73}}]},"509":{"line":4029,"type":"if","locations":[{"start":{"line":4029,"column":8},"end":{"line":4029,"column":8}},{"start":{"line":4029,"column":8},"end":{"line":4029,"column":8}}]},"510":{"line":4030,"type":"if","locations":[{"start":{"line":4030,"column":12},"end":{"line":4030,"column":12}},{"start":{"line":4030,"column":12},"end":{"line":4030,"column":12}}]},"511":{"line":4034,"type":"if","locations":[{"start":{"line":4034,"column":16},"end":{"line":4034,"column":16}},{"start":{"line":4034,"column":16},"end":{"line":4034,"column":16}}]},"512":{"line":4043,"type":"if","locations":[{"start":{"line":4043,"column":12},"end":{"line":4043,"column":12}},{"start":{"line":4043,"column":12},"end":{"line":4043,"column":12}}]},"513":{"line":4047,"type":"if","locations":[{"start":{"line":4047,"column":12},"end":{"line":4047,"column":12}},{"start":{"line":4047,"column":12},"end":{"line":4047,"column":12}}]},"514":{"line":4051,"type":"if","locations":[{"start":{"line":4051,"column":12},"end":{"line":4051,"column":12}},{"start":{"line":4051,"column":12},"end":{"line":4051,"column":12}}]},"515":{"line":4054,"type":"if","locations":[{"start":{"line":4054,"column":12},"end":{"line":4054,"column":12}},{"start":{"line":4054,"column":12},"end":{"line":4054,"column":12}}]},"516":{"line":4054,"type":"binary-expr","locations":[{"start":{"line":4054,"column":16},"end":{"line":4054,"column":27}},{"start":{"line":4054,"column":31},"end":{"line":4054,"column":40}}]},"517":{"line":4078,"type":"if","locations":[{"start":{"line":4078,"column":8},"end":{"line":4078,"column":8}},{"start":{"line":4078,"column":8},"end":{"line":4078,"column":8}}]},"518":{"line":4083,"type":"if","locations":[{"start":{"line":4083,"column":12},"end":{"line":4083,"column":12}},{"start":{"line":4083,"column":12},"end":{"line":4083,"column":12}}]},"519":{"line":4088,"type":"if","locations":[{"start":{"line":4088,"column":8},"end":{"line":4088,"column":8}},{"start":{"line":4088,"column":8},"end":{"line":4088,"column":8}}]}}}}