TN:
SF:C:\Users\dgomes\Documents\GitHub\esprima-typeScript\esprima.js
FN:41,(anonymous_1)
FN:53,(anonymous_2)
FN:212,assert
FN:218,isDecimalDigit
FN:222,isHexDigit
FN:226,isOctalDigit
FN:233,isWhiteSpace
FN:244,isLineTerminator
FN:250,isIdentifierStart
FN:258,isIdentifierPart
FN:269,isFutureReservedWord
FN:283,isStrictModeReservedWord
FN:300,isRestrictedWord
FN:306,isKeyword
FN:344,skipComment
FN:419,scanHexEscape
FN:434,getEscapedIdentifier
FN:479,getIdentifier
FN:500,scanIdentifier
FN:534,scanPunctuator
FN:706,scanHexLiteral
FN:733,scanOctalLiteral
FN:756,scanNumericLiteral
FN:831,scanStringLiteral
FN:935,scanRegExp
FN:1037,isIdentifierName
FN:1044,advanceSlash
FN:1104,advance
FN:1155,lex
FN:1172,peek
FN:1188,(anonymous_31)
FN:1192,(anonymous_32)
FN:1199,(anonymous_33)
FN:1208,(anonymous_34)
FN:1219,(anonymous_35)
FN:1226,(anonymous_36)
FN:1233,(anonymous_37)
FN:1241,(anonymous_38)
FN:1249,(anonymous_39)
FN:1258,(anonymous_40)
FN:1265,(anonymous_41)
FN:1271,(anonymous_42)
FN:1279,(anonymous_43)
FN:1285,(anonymous_44)
FN:1292,(anonymous_45)
FN:1302,(anonymous_46)
FN:1312,(anonymous_47)
FN:1325,(anonymous_48)
FN:1338,(anonymous_49)
FN:1345,(anonymous_50)
FN:1354,(anonymous_51)
FN:1362,(anonymous_52)
FN:1370,(anonymous_53)
FN:1379,(anonymous_54)
FN:1387,(anonymous_55)
FN:1394,(anonymous_56)
FN:1403,(anonymous_57)
FN:1410,(anonymous_58)
FN:1419,(anonymous_59)
FN:1426,(anonymous_60)
FN:1433,(anonymous_61)
FN:1441,(anonymous_62)
FN:1449,(anonymous_63)
FN:1455,(anonymous_64)
FN:1462,(anonymous_65)
FN:1472,(anonymous_66)
FN:1488,(anonymous_67)
FN:1496,(anonymous_68)
FN:1505,(anonymous_69)
FN:1513,(anonymous_70)
FN:1521,(anonymous_71)
FN:1531,peekLineTerminator
FN:1548,throwError
FN:1553,(anonymous_74)
FN:1575,throwErrorTolerant
FN:1590,throwUnexpected
FN:1624,expect
FN:1634,expectKeyword
FN:1643,match
FN:1649,matchKeyword
FN:1655,matchAssign
FN:1676,consumeSemicolon
FN:1703,isLeftHandSide
FN:1709,parseArrayInitialiser
FN:1734,parsePropertyFunction
FN:1746,parseObjectPropertyKey
FN:1762,parseObjectProperty
FN:1806,parseObjectInitialiser
FN:1855,parseGroupExpression
FN:1867,applyCast
FN:1875,parseCastExpression
FN:1898,parsePrimaryExpression
FN:1962,parseArguments
FN:1982,parseNonComputedProperty
FN:1992,parseNonComputedMember
FN:1998,parseComputedMember
FN:2010,parseNewExpression
FN:2020,parseLeftHandSideExpressionAllowCall
FN:2042,parseLeftHandSideExpression
FN:2062,parsePostfixExpression
FN:2088,parseUnaryExpression
FN:2129,binaryPrecedence
FN:2208,parseBinaryExpression
FN:2258,parseConditionalExpression
FN:2280,parseAssignmentExpression
FN:2306,parseExpression
FN:2326,parseStatementList
FN:2344,parseBlock
FN:2358,parseVariableIdentifier
FN:2368,parseVariableDeclaration
FN:2403,parseVariableDeclarationList
FN:2417,parseVariableStatement
FN:2433,parseConstLetDeclaration
FN:2447,parseEmptyStatement
FN:2454,parseExpressionStatement
FN:2462,parseIfStatement
FN:2487,parseDoWhileStatement
FN:2514,parseWhileStatement
FN:2535,parseForVariableDeclaration
FN:2542,parseForStatement
FN:2616,parseContinueStatement
FN:2660,parseBreakStatement
FN:2704,parseReturnStatement
FN:2739,parseWithStatement
FN:2761,parseSwitchCase
FN:2786,parseSwitchStatement
FN:2833,parseThrowStatement
FN:2851,parseCatchClause
FN:2872,parseTryStatement
FN:2897,parseDebuggerStatement
FN:2907,parseStatement
FN:2989,parseFunctionSourceElements
FN:3051,parseParams
FN:3101,parseFunctionDeclaration
FN:3142,parseFunctionExpression
FN:3188,parseSourceElement
FN:3206,parseSourceElements
FN:3244,parseProgram
FN:3255,addComment
FN:3276,scanComment
FN:3398,filterCommentLocation
FN:3419,collectToken
FN:3451,collectRegex
FN:3492,filterTokenLocation
FN:3513,createLocationMarker
FN:3528,(anonymous_146)
FN:3534,(anonymous_147)
FN:3553,(anonymous_148)
FN:3575,trackGroupExpression
FN:3592,trackLeftHandSideExpression
FN:3617,trackLeftHandSideExpressionAllowCall
FN:3647,filterGroup
FN:3661,wrapTrackingFunction
FN:3663,(anonymous_154)
FN:3665,isBinary
FN:3670,visit
FN:3710,(anonymous_157)
FN:3736,patch
FN:3821,unpatch
FN:3866,extend
FN:3884,tokenize
FN:3986,parse
FN:4016,(anonymous_163)
FN:4080,(anonymous_164)
FNF:164
FNH:164
FNDA:1,(anonymous_1)
FNDA:1,(anonymous_2)
FNDA:1596,assert
FNDA:6261,isDecimalDigit
FNDA:224,isHexDigit
FNDA:266,isOctalDigit
FNDA:33096,isWhiteSpace
FNDA:32500,isLineTerminator
FNDA:9442,isIdentifierStart
FNDA:16378,isIdentifierPart
FNDA:88,isFutureReservedWord
FNDA:632,isStrictModeReservedWord
FNDA:611,isRestrictedWord
FNDA:2838,isKeyword
FNDA:24825,skipComment
FNDA:59,scanHexEscape
FNDA:48,getEscapedIdentifier
FNDA:4240,getIdentifier
FNDA:4269,scanIdentifier
FNDA:6429,scanPunctuator
FNDA:32,scanHexLiteral
FNDA:29,scanOctalLiteral
FNDA:623,scanNumericLiteral
FNDA:471,scanStringLiteral
FNDA:67,scanRegExp
FNDA:67,isIdentifierName
FNDA:21,advanceSlash
FNDA:13254,advance
FNDA:11238,lex
FNDA:2016,peek
FNDA:4734,(anonymous_31)
FNDA:42,(anonymous_32)
FNDA:221,(anonymous_33)
FNDA:326,(anonymous_34)
FNDA:486,(anonymous_35)
FNDA:36,(anonymous_36)
FNDA:138,(anonymous_37)
FNDA:22,(anonymous_38)
FNDA:6,(anonymous_39)
FNDA:24,(anonymous_40)
FNDA:3,(anonymous_41)
FNDA:12,(anonymous_42)
FNDA:54,(anonymous_43)
FNDA:1295,(anonymous_44)
FNDA:30,(anonymous_45)
FNDA:15,(anonymous_46)
FNDA:47,(anonymous_47)
FNDA:158,(anonymous_48)
FNDA:2608,(anonymous_49)
FNDA:18,(anonymous_50)
FNDA:27,(anonymous_51)
FNDA:1120,(anonymous_52)
FNDA:75,(anonymous_53)
FNDA:34,(anonymous_54)
FNDA:106,(anonymous_55)
FNDA:40,(anonymous_56)
FNDA:1105,(anonymous_57)
FNDA:214,(anonymous_58)
FNDA:32,(anonymous_59)
FNDA:6,(anonymous_60)
FNDA:20,(anonymous_61)
FNDA:12,(anonymous_62)
FNDA:3,(anonymous_63)
FNDA:18,(anonymous_64)
FNDA:25,(anonymous_65)
FNDA:63,(anonymous_66)
FNDA:133,(anonymous_67)
FNDA:186,(anonymous_68)
FNDA:54,(anonymous_69)
FNDA:11,(anonymous_70)
FNDA:3,(anonymous_71)
FNDA:211,peekLineTerminator
FNDA:925,throwError
FNDA:336,(anonymous_74)
FNDA:300,throwErrorTolerant
FNDA:312,throwUnexpected
FNDA:4390,expect
FNDA:1231,expectKeyword
FNDA:31785,match
FNDA:6127,matchKeyword
FNDA:2385,matchAssign
FNDA:1516,consumeSemicolon
FNDA:356,isLeftHandSide
FNDA:50,parseArrayInitialiser
FNDA:105,parsePropertyFunction
FNDA:355,parseObjectPropertyKey
FNDA:254,parseObjectProperty
FNDA:202,parseObjectInitialiser
FNDA:170,parseGroupExpression
FNDA:2787,applyCast
FNDA:3,parseCastExpression
FNDA:3219,parsePrimaryExpression
FNDA:158,parseArguments
FNDA:67,parseNonComputedProperty
FNDA:67,parseNonComputedMember
FNDA:12,parseComputedMember
FNDA:34,parseNewExpression
FNDA:1755,parseLeftHandSideExpressionAllowCall
FNDA:14,parseLeftHandSideExpression
FNDA:3219,parsePostfixExpression
FNDA:3306,parseUnaryExpression
FNDA:2727,binaryPrecedence
FNDA:2877,parseBinaryExpression
FNDA:2877,parseConditionalExpression
FNDA:2877,parseAssignmentExpression
FNDA:2252,parseExpression
FNDA:229,parseStatementList
FNDA:229,parseBlock
FNDA:921,parseVariableIdentifier
FNDA:282,parseVariableDeclaration
FNDA:229,parseVariableDeclarationList
FNDA:163,parseVariableStatement
FNDA:41,parseConstLetDeclaration
FNDA:54,parseEmptyStatement
FNDA:198,parseExpressionStatement
FNDA:38,parseIfStatement
FNDA:20,parseDoWhileStatement
FNDA:86,parseWhileStatement
FNDA:25,parseForVariableDeclaration
FNDA:69,parseForStatement
FNDA:52,parseContinueStatement
FNDA:60,parseBreakStatement
FNDA:36,parseReturnStatement
FNDA:19,parseWithStatement
FNDA:24,parseSwitchCase
FNDA:20,parseSwitchStatement
FNDA:30,parseThrowStatement
FNDA:34,parseCatchClause
FNDA:41,parseTryStatement
FNDA:3,parseDebuggerStatement
FNDA:2588,parseStatement
FNDA:513,parseFunctionSourceElements
FNDA:424,parseParams
FNDA:335,parseFunctionDeclaration
FNDA:129,parseFunctionExpression
FNDA:2689,parseSourceElement
FNDA:1817,parseSourceElements
FNDA:1953,parseProgram
FNDA:99,addComment
FNDA:3561,scanComment
FNDA:66,filterCommentLocation
FNDA:282,collectToken
FNDA:40,collectRegex
FNDA:65,filterTokenLocation
FNDA:13568,createLocationMarker
FNDA:12214,(anonymous_146)
FNDA:52,(anonymous_147)
FNDA:4652,(anonymous_148)
FNDA:52,trackGroupExpression
FNDA:20,trackLeftHandSideExpression
FNDA:1464,trackLeftHandSideExpressionAllowCall
FNDA:9004,filterGroup
FNDA:767,wrapTrackingFunction
FNDA:20709,(anonymous_154)
FNDA:13764,isBinary
FNDA:866,visit
FNDA:12032,(anonymous_157)
FNDA:1982,patch
FNDA:1982,unpatch
FNDA:4,extend
FNDA:29,tokenize
FNDA:1953,parse
FNDA:68,(anonymous_163)
FNDA:1,(anonymous_164)
DA:41,1
DA:42,1
DA:46,1
DA:47,0
DA:48,1
DA:49,1
DA:51,0
DA:54,1
DA:56,1
DA:75,1
DA:89,1
DA:90,1
DA:91,1
DA:92,1
DA:93,1
DA:94,1
DA:95,1
DA:96,1
DA:97,1
DA:98,1
DA:100,1
DA:103,1
DA:113,1
DA:158,1
DA:165,1
DA:202,1
DA:212,1
DA:213,1596
DA:214,0
DA:218,1
DA:219,6261
DA:222,1
DA:223,224
DA:226,1
DA:227,266
DA:233,1
DA:234,33096
DA:244,1
DA:245,32500
DA:250,1
DA:251,9442
DA:258,1
DA:259,16378
DA:269,1
DA:270,88
DA:277,4
DA:279,84
DA:283,1
DA:284,632
DA:294,108
DA:296,524
DA:300,1
DA:301,611
DA:306,1
DA:307,2838
DA:308,44
DA:315,2794
DA:317,178
DA:319,583
DA:322,387
DA:325,615
DA:329,140
DA:332,99
DA:334,584
DA:336,12
DA:338,196
DA:344,1
DA:345,24825
DA:347,24825
DA:348,24825
DA:350,24825
DA:351,30351
DA:353,30351
DA:354,318
DA:355,318
DA:356,39
DA:357,39
DA:358,2
DA:360,39
DA:361,39
DA:363,30033
DA:364,1020
DA:365,64
DA:366,2
DA:368,64
DA:369,64
DA:370,64
DA:371,64
DA:372,2
DA:375,956
DA:376,956
DA:377,8
DA:380,948
DA:381,62
DA:382,62
DA:383,56
DA:384,56
DA:388,29013
DA:389,387
DA:391,387
DA:392,39
DA:393,39
DA:394,348
DA:396,68
DA:397,68
DA:398,68
DA:399,2
DA:402,280
DA:404,28626
DA:405,6011
DA:406,22615
DA:407,117
DA:408,117
DA:409,2
DA:411,117
DA:412,117
DA:414,22498
DA:419,1
DA:420,59
DA:422,59
DA:423,59
DA:424,174
DA:425,152
DA:426,152
DA:428,22
DA:431,37
DA:434,1
DA:435,48
DA:437,48
DA:438,48
DA:441,48
DA:442,29
DA:443,8
DA:445,21
DA:446,21
DA:447,21
DA:448,12
DA:450,9
DA:453,28
DA:454,28
DA:455,28
DA:456,3
DA:458,25
DA:459,25
DA:462,25
DA:463,19
DA:464,19
DA:465,4
DA:467,15
DA:468,15
DA:469,15
DA:470,12
DA:472,3
DA:476,12
DA:479,1
DA:480,4240
DA:482,4240
DA:483,4240
DA:484,16318
DA:485,16318
DA:487,19
DA:488,19
DA:490,16299
DA:491,12396
DA:493,3903
DA:497,4221
DA:500,1
DA:501,4269
DA:503,4269
DA:506,4269
DA:510,4233
DA:511,1395
DA:512,2838
DA:513,1453
DA:514,1385
DA:515,25
DA:516,1360
DA:517,158
DA:519,1202
DA:522,4233
DA:534,1
DA:535,6429
DA:543,6429
DA:558,5471
DA:559,5471
DA:560,38
DA:561,8
DA:562,30
DA:563,6
DA:566,5471
DA:575,958
DA:578,958
DA:579,52
DA:590,33
DA:591,33
DA:601,15
DA:604,15
DA:605,6
DA:607,15
DA:615,4
DA:618,910
DA:623,910
DA:624,910
DA:625,910
DA:629,910
DA:630,9
DA:631,3
DA:632,3
DA:644,907
DA:645,6
DA:646,6
DA:655,901
DA:656,3
DA:657,3
DA:666,898
DA:667,3
DA:668,3
DA:679,895
DA:680,167
DA:681,167
DA:690,728
DA:691,712
DA:692,712
DA:701,16
DA:706,1
DA:707,32
DA:709,32
DA:710,62
DA:711,7
DA:713,55
DA:716,32
DA:717,4
DA:720,28
DA:721,4
DA:724,24
DA:733,1
DA:734,29
DA:735,29
DA:736,41
DA:737,20
DA:739,21
DA:742,29
DA:743,8
DA:746,21
DA:756,1
DA:757,623
DA:759,623
DA:760,623
DA:763,623
DA:764,623
DA:765,623
DA:766,620
DA:767,620
DA:771,620
DA:772,102
DA:773,32
DA:774,32
DA:776,70
DA:777,29
DA:781,41
DA:782,4
DA:786,555
DA:787,326
DA:789,555
DA:792,558
DA:793,12
DA:794,12
DA:795,72
DA:797,12
DA:800,558
DA:801,28
DA:803,28
DA:804,28
DA:805,20
DA:807,28
DA:808,12
DA:809,30
DA:812,16
DA:816,542
DA:817,16
DA:820,526
DA:831,1
DA:832,471
DA:834,471
DA:835,471
DA:838,471
DA:839,471
DA:841,471
DA:842,4864
DA:844,4864
DA:845,455
DA:846,455
DA:847,4409
DA:848,121
DA:849,121
DA:850,115
DA:852,6
DA:853,6
DA:855,3
DA:856,3
DA:858,3
DA:859,3
DA:862,16
DA:863,16
DA:864,16
DA:865,6
DA:867,10
DA:868,10
DA:870,16
DA:872,3
DA:873,3
DA:875,3
DA:876,3
DA:878,3
DA:879,3
DA:882,78
DA:883,62
DA:886,62
DA:887,47
DA:890,62
DA:891,21
DA:892,21
DA:896,21
DA:899,12
DA:902,62
DA:904,16
DA:906,78
DA:909,6
DA:910,6
DA:911,3
DA:914,4288
DA:915,8
DA:917,4280
DA:921,471
DA:922,16
DA:925,455
DA:935,1
DA:936,67
DA:938,67
DA:939,67
DA:941,67
DA:942,67
DA:943,67
DA:944,67
DA:946,67
DA:947,287
DA:948,287
DA:949,287
DA:950,112
DA:951,25
DA:954,175
DA:955,7
DA:957,7
DA:958,4
DA:960,3
DA:961,168
DA:962,42
DA:963,42
DA:964,126
DA:965,25
DA:966,101
DA:967,4
DA:972,59
DA:973,17
DA:977,42
DA:979,42
DA:980,42
DA:981,44
DA:982,44
DA:983,5
DA:986,39
DA:987,39
DA:988,10
DA:989,10
DA:990,7
DA:991,7
DA:992,7
DA:993,7
DA:994,3
DA:995,3
DA:996,12
DA:999,4
DA:1000,4
DA:1001,4
DA:1004,3
DA:1007,29
DA:1008,29
DA:1012,42
DA:1013,42
DA:1015,8
DA:1018,34
DA:1021,34
DA:1022,7
DA:1030,27
DA:1037,1
DA:1038,67
DA:1044,1
DA:1045,21
DA:1049,21
DA:1050,21
DA:1052,5
DA:1054,16
DA:1055,14
DA:1056,2
DA:1057,2
DA:1063,1
DA:1065,1
DA:1067,12
DA:1070,5
DA:1073,2
DA:1074,2
DA:1075,1
DA:1077,3
DA:1080,2
DA:1081,2
DA:1082,1
DA:1085,1
DA:1089,2
DA:1091,1
DA:1094,1
DA:1096,7
DA:1098,2
DA:1099,1
DA:1101,1
DA:1104,1
DA:1105,13254
DA:1107,13254
DA:1109,13230
DA:1110,1422
DA:1118,11808
DA:1121,11808
DA:1122,2528
DA:1126,9280
DA:1127,471
DA:1130,8809
DA:1131,4269
DA:1136,4540
DA:1137,78
DA:1138,3
DA:1140,75
DA:1143,4462
DA:1144,620
DA:1148,3842
DA:1149,21
DA:1152,3821
DA:1155,1
DA:1156,11238
DA:1158,11238
DA:1159,11238
DA:1160,11238
DA:1161,11238
DA:1163,11238
DA:1165,11225
DA:1166,11225
DA:1167,11225
DA:1169,11225
DA:1172,1
DA:1173,2016
DA:1175,2016
DA:1176,2016
DA:1177,2016
DA:1178,2016
DA:1179,1876
DA:1180,1876
DA:1181,1876
DA:1184,1
DA:1189,4734
DA:1193,42
DA:1200,221
DA:1209,326
DA:1211,326
DA:1220,486
DA:1227,36
DA:1234,138
DA:1242,22
DA:1250,6
DA:1259,24
DA:1266,3
DA:1272,12
DA:1280,54
DA:1286,1295
DA:1293,30
DA:1303,15
DA:1313,47
DA:1326,158
DA:1339,2608
DA:1346,18
DA:1355,27
DA:1363,1120
DA:1371,75
DA:1380,34
DA:1388,106
DA:1395,40
DA:1404,1105
DA:1411,214
DA:1420,32
DA:1427,6
DA:1434,20
DA:1442,12
DA:1450,3
DA:1456,18
DA:1463,25
DA:1473,63
DA:1474,28
DA:1481,35
DA:1489,133
DA:1497,186
DA:1506,54
DA:1514,11
DA:1522,3
DA:1531,1
DA:1532,211
DA:1534,211
DA:1535,211
DA:1536,211
DA:1537,211
DA:1538,211
DA:1539,211
DA:1540,211
DA:1541,211
DA:1543,211
DA:1548,1
DA:1549,925
DA:1554,336
DA:1555,336
DA:1559,925
DA:1560,506
DA:1561,506
DA:1562,506
DA:1563,506
DA:1565,419
DA:1566,419
DA:1567,419
DA:1568,419
DA:1571,925
DA:1572,925
DA:1575,1
DA:1576,300
DA:1577,300
DA:1579,300
DA:1580,68
DA:1582,232
DA:1590,1
DA:1591,312
DA:1592,80
DA:1595,232
DA:1596,16
DA:1599,216
DA:1600,4
DA:1603,212
DA:1604,4
DA:1607,208
DA:1608,88
DA:1609,4
DA:1610,84
DA:1611,44
DA:1612,4
DA:1614,40
DA:1618,120
DA:1624,1
DA:1625,4390
DA:1626,4390
DA:1627,56
DA:1634,1
DA:1635,1231
DA:1636,1231
DA:1637,4
DA:1643,1
DA:1644,31785
DA:1649,1
DA:1650,6127
DA:1655,1
DA:1656,2385
DA:1658,2385
DA:1659,836
DA:1661,1549
DA:1662,1549
DA:1676,1
DA:1677,1516
DA:1680,1516
DA:1681,552
DA:1682,552
DA:1685,964
DA:1686,964
DA:1687,964
DA:1688,27
DA:1691,937
DA:1692,3
DA:1693,3
DA:1696,934
DA:1697,28
DA:1703,1
DA:1704,356
DA:1709,1
DA:1710,50
DA:1712,50
DA:1714,50
DA:1715,48
DA:1716,13
DA:1717,13
DA:1719,35
DA:1721,27
DA:1722,21
DA:1727,42
DA:1729,42
DA:1734,1
DA:1735,105
DA:1737,105
DA:1738,105
DA:1739,105
DA:1740,10
DA:1742,97
DA:1743,97
DA:1746,1
DA:1747,355
DA:1752,355
DA:1753,28
DA:1754,10
DA:1756,20
DA:1759,327
DA:1762,1
DA:1763,254
DA:1765,254
DA:1767,254
DA:1769,218
DA:1773,218
DA:1774,53
DA:1775,53
DA:1776,53
DA:1777,53
DA:1778,53
DA:1780,165
DA:1781,56
DA:1782,56
DA:1783,56
DA:1784,56
DA:1785,4
DA:1787,52
DA:1788,52
DA:1789,52
DA:1790,44
DA:1792,109
DA:1793,109
DA:1794,97
DA:1796,36
DA:1797,8
DA:1799,28
DA:1800,20
DA:1801,20
DA:1802,20
DA:1806,1
DA:1807,202
DA:1809,202
DA:1811,202
DA:1812,254
DA:1814,214
DA:1815,194
DA:1817,20
DA:1819,214
DA:1821,214
DA:1822,214
DA:1823,54
DA:1824,27
DA:1825,14
DA:1826,13
DA:1827,10
DA:1830,27
DA:1831,14
DA:1832,13
DA:1833,10
DA:1836,14
DA:1838,160
DA:1841,174
DA:1843,174
DA:1844,78
DA:1848,106
DA:1850,106
DA:1855,1
DA:1856,170
DA:1858,170
DA:1860,170
DA:1862,30
DA:1864,30
DA:1867,1
DA:1868,2787
DA:1869,3
DA:1872,2787
DA:1875,1
DA:1876,3
DA:1878,3
DA:1879,3
DA:1881,3
DA:1883,3
DA:1884,3
DA:1885,0
DA:1888,3
DA:1890,0
DA:1893,3
DA:1898,1
DA:1899,3219
DA:1901,3219
DA:1902,3
DA:1905,3219
DA:1907,3219
DA:1908,1397
DA:1911,1822
DA:1912,968
DA:1913,14
DA:1915,956
DA:1918,854
DA:1919,144
DA:1920,3
DA:1921,3
DA:1924,141
DA:1925,129
DA:1929,722
DA:1930,113
DA:1931,113
DA:1932,113
DA:1935,609
DA:1936,4
DA:1937,4
DA:1938,4
DA:1941,605
DA:1942,50
DA:1945,555
DA:1946,202
DA:1949,353
DA:1950,222
DA:1953,131
DA:1954,51
DA:1957,80
DA:1962,1
DA:1963,158
DA:1965,158
DA:1967,158
DA:1968,60
DA:1969,73
DA:1970,69
DA:1971,56
DA:1973,13
DA:1977,154
DA:1979,154
DA:1982,1
DA:1983,67
DA:1985,67
DA:1986,4
DA:1989,63
DA:1992,1
DA:1993,67
DA:1995,67
DA:1998,1
DA:1999,12
DA:2001,12
DA:2003,12
DA:2005,12
DA:2007,12
DA:2010,1
DA:2011,34
DA:2013,34
DA:2014,34
DA:2015,34
DA:2017,34
DA:2020,1
DA:2021,1755
DA:2023,1755
DA:2025,1323
DA:2026,89
DA:2027,62
DA:2028,58
DA:2029,27
DA:2030,3
DA:2031,3
DA:2033,24
DA:2034,20
DA:2038,1315
DA:2042,1
DA:2043,14
DA:2045,14
DA:2047,14
DA:2048,2
DA:2049,1
DA:2050,1
DA:2052,1
DA:2053,1
DA:2057,14
DA:2062,1
DA:2063,3219
DA:2065,2779
DA:2066,833
DA:2069,1946
DA:2071,64
DA:2072,20
DA:2075,48
DA:2076,8
DA:2079,40
DA:2080,40
DA:2083,1922
DA:2088,1
DA:2089,3306
DA:2091,3306
DA:2092,2467
DA:2095,839
DA:2096,52
DA:2097,52
DA:2099,52
DA:2100,20
DA:2103,36
DA:2104,8
DA:2107,28
DA:2110,787
DA:2111,20
DA:2112,20
DA:2113,20
DA:2116,767
DA:2117,15
DA:2118,15
DA:2119,15
DA:2120,15
DA:2121,6
DA:2123,11
DA:2126,752
DA:2129,1
DA:2130,2727
DA:2132,2727
DA:2133,801
DA:2136,1926
DA:2138,18
DA:2139,18
DA:2142,18
DA:2143,18
DA:2146,21
DA:2147,21
DA:2150,18
DA:2151,18
DA:2154,18
DA:2155,18
DA:2161,15
DA:2162,15
DA:2169,42
DA:2170,42
DA:2173,31
DA:2174,31
DA:2179,21
DA:2180,21
DA:2184,104
DA:2185,104
DA:2190,57
DA:2191,57
DA:2194,1563
DA:2197,1926
DA:2208,1
DA:2209,2877
DA:2211,2877
DA:2212,2877
DA:2214,2877
DA:2216,2401
DA:2217,2401
DA:2218,2401
DA:2219,2167
DA:2221,234
DA:2222,234
DA:2224,234
DA:2226,218
DA:2229,108
DA:2230,60
DA:2231,60
DA:2232,60
DA:2233,60
DA:2237,108
DA:2238,108
DA:2239,108
DA:2240,108
DA:2243,218
DA:2246,218
DA:2247,218
DA:2248,218
DA:2249,266
DA:2250,266
DA:2252,218
DA:2258,1
DA:2259,2877
DA:2261,2877
DA:2263,2385
DA:2264,6
DA:2265,6
DA:2266,6
DA:2267,6
DA:2268,6
DA:2269,6
DA:2270,6
DA:2272,6
DA:2275,2385
DA:2280,1
DA:2281,2877
DA:2283,2877
DA:2284,2877
DA:2285,2385
DA:2287,257
DA:2288,20
DA:2292,237
DA:2293,12
DA:2296,229
DA:2297,229
DA:2298,221
DA:2301,2128
DA:2306,1
DA:2307,2252
DA:2309,1768
DA:2310,6
DA:2312,6
DA:2313,9
DA:2314,3
DA:2316,6
DA:2317,6
DA:2321,1768
DA:2326,1
DA:2327,229
DA:2330,229
DA:2331,401
DA:2332,181
DA:2334,220
DA:2335,184
DA:2336,4
DA:2338,180
DA:2341,193
DA:2344,1
DA:2345,229
DA:2347,229
DA:2349,229
DA:2351,193
DA:2353,181
DA:2358,1
DA:2359,921
DA:2361,921
DA:2362,100
DA:2365,825
DA:2368,1
DA:2369,282
DA:2375,222
DA:2376,12
DA:2379,214
DA:2380,31
DA:2381,19
DA:2382,183
DA:2383,3
DA:2384,3
DA:2385,3
DA:2386,3
DA:2388,0
DA:2390,3
DA:2391,3
DA:2392,3
DA:2393,3
DA:2395,180
DA:2396,123
DA:2397,119
DA:2400,186
DA:2403,1
DA:2404,229
DA:2406,229
DA:2407,282
DA:2408,186
DA:2409,133
DA:2411,53
DA:2414,133
DA:2417,1
DA:2418,163
DA:2420,163
DA:2422,163
DA:2424,87
DA:2426,87
DA:2433,1
DA:2434,41
DA:2436,41
DA:2438,41
DA:2440,21
DA:2442,21
DA:2447,1
DA:2448,54
DA:2449,54
DA:2454,1
DA:2455,198
DA:2456,58
DA:2457,58
DA:2462,1
DA:2463,38
DA:2465,38
DA:2467,38
DA:2469,34
DA:2471,34
DA:2473,34
DA:2475,22
DA:2476,7
DA:2477,7
DA:2479,15
DA:2482,18
DA:2487,1
DA:2488,20
DA:2490,20
DA:2492,20
DA:2493,20
DA:2495,20
DA:2497,16
DA:2499,16
DA:2501,12
DA:2503,12
DA:2505,12
DA:2507,12
DA:2508,3
DA:2511,12
DA:2514,1
DA:2515,86
DA:2517,86
DA:2519,86
DA:2521,86
DA:2523,86
DA:2525,86
DA:2526,86
DA:2528,86
DA:2530,54
DA:2532,54
DA:2535,1
DA:2536,25
DA:2539,25
DA:2542,1
DA:2543,69
DA:2545,69
DA:2547,69
DA:2549,69
DA:2551,69
DA:2552,13
DA:2554,56
DA:2555,25
DA:2556,25
DA:2557,25
DA:2559,25
DA:2560,12
DA:2561,12
DA:2562,12
DA:2563,12
DA:2566,31
DA:2567,31
DA:2568,31
DA:2570,31
DA:2572,15
DA:2573,12
DA:2576,3
DA:2577,3
DA:2578,3
DA:2579,3
DA:2583,44
DA:2584,29
DA:2588,49
DA:2590,34
DA:2591,9
DA:2593,34
DA:2595,34
DA:2596,6
DA:2600,49
DA:2602,49
DA:2603,49
DA:2605,49
DA:2607,45
DA:2609,45
DA:2616,1
DA:2617,52
DA:2619,52
DA:2622,52
DA:2623,11
DA:2625,11
DA:2626,8
DA:2629,3
DA:2632,41
DA:2633,13
DA:2634,4
DA:2637,9
DA:2640,28
DA:2641,17
DA:2643,17
DA:2644,17
DA:2645,8
DA:2649,20
DA:2651,16
DA:2652,4
DA:2655,12
DA:2660,1
DA:2661,60
DA:2663,60
DA:2666,60
DA:2667,10
DA:2669,10
DA:2670,4
DA:2673,6
DA:2676,50
DA:2677,13
DA:2678,4
DA:2681,9
DA:2684,37
DA:2685,23
DA:2687,23
DA:2688,23
DA:2689,8
DA:2693,29
DA:2695,25
DA:2696,4
DA:2699,21
DA:2704,1
DA:2705,36
DA:2707,36
DA:2709,36
DA:2710,6
DA:2714,32
DA:2715,21
DA:2716,12
DA:2717,12
DA:2718,12
DA:2722,20
DA:2723,9
DA:2726,11
DA:2727,8
DA:2728,3
DA:2732,11
DA:2734,11
DA:2739,1
DA:2740,19
DA:2742,19
DA:2743,6
DA:2746,15
DA:2748,15
DA:2750,15
DA:2752,15
DA:2754,15
DA:2756,11
DA:2761,1
DA:2762,24
DA:2766,24
DA:2767,15
DA:2768,15
DA:2770,9
DA:2771,9
DA:2773,24
DA:2775,24
DA:2776,42
DA:2777,20
DA:2779,22
DA:2780,18
DA:2783,20
DA:2786,1
DA:2787,20
DA:2789,20
DA:2791,20
DA:2793,20
DA:2795,20
DA:2797,20
DA:2799,20
DA:2800,3
DA:2801,3
DA:2804,17
DA:2806,17
DA:2807,17
DA:2808,17
DA:2810,17
DA:2811,33
DA:2812,9
DA:2814,24
DA:2815,20
DA:2816,11
DA:2817,4
DA:2819,7
DA:2821,16
DA:2824,9
DA:2826,9
DA:2828,9
DA:2833,1
DA:2834,30
DA:2836,30
DA:2838,30
DA:2839,4
DA:2842,26
DA:2844,18
DA:2846,18
DA:2851,1
DA:2852,34
DA:2854,34
DA:2856,34
DA:2857,34
DA:2858,4
DA:2861,30
DA:2863,30
DA:2864,12
DA:2867,22
DA:2868,22
DA:2869,22
DA:2872,1
DA:2873,41
DA:2875,41
DA:2877,41
DA:2879,41
DA:2880,34
DA:2883,29
DA:2884,6
DA:2885,6
DA:2888,29
DA:2889,4
DA:2892,25
DA:2897,1
DA:2898,3
DA:2900,3
DA:2902,3
DA:2907,1
DA:2908,2588
DA:2913,2588
DA:2914,24
DA:2917,2564
DA:2918,548
DA:2920,54
DA:2922,160
DA:2924,198
DA:2926,136
DA:2930,2152
DA:2931,691
DA:2933,60
DA:2935,52
DA:2937,3
DA:2939,20
DA:2941,69
DA:2943,3
DA:2945,38
DA:2947,36
DA:2949,20
DA:2951,30
DA:2953,41
DA:2955,163
DA:2957,86
DA:2959,19
DA:2961,51
DA:2965,1512
DA:2968,1316
DA:2969,59
DA:2971,59
DA:2972,59
DA:2973,8
DA:2976,51
DA:2977,51
DA:2978,27
DA:2979,27
DA:2982,1257
DA:2984,1237
DA:2989,1
DA:2990,513
DA:2993,513
DA:2995,513
DA:2996,780
DA:2997,494
DA:2999,286
DA:3001,286
DA:3002,278
DA:3003,278
DA:3005,3
DA:3007,275
DA:3008,275
DA:3009,261
DA:3010,261
DA:3011,10
DA:3014,14
DA:3015,10
DA:3020,497
DA:3021,497
DA:3022,497
DA:3023,497
DA:3025,497
DA:3026,497
DA:3027,497
DA:3028,497
DA:3030,497
DA:3031,590
DA:3032,305
DA:3034,285
DA:3035,97
DA:3036,4
DA:3038,93
DA:3041,309
DA:3043,305
DA:3044,305
DA:3045,305
DA:3046,305
DA:3048,305
DA:3051,1
DA:3052,424
DA:3053,424
DA:3055,424
DA:3056,111
DA:3057,111
DA:3058,144
DA:3059,144
DA:3060,128
DA:3061,128
DA:3062,52
DA:3063,20
DA:3064,20
DA:3066,52
DA:3067,16
DA:3068,16
DA:3070,76
DA:3071,68
DA:3072,16
DA:3073,16
DA:3074,52
DA:3075,12
DA:3076,12
DA:3077,40
DA:3078,14
DA:3079,14
DA:3082,128
DA:3083,128
DA:3084,128
DA:3085,95
DA:3087,33
DA:3091,408
DA:3093,408
DA:3101,1
DA:3102,335
DA:3104,335
DA:3105,335
DA:3106,335
DA:3107,315
DA:3108,40
DA:3109,12
DA:3112,275
DA:3113,25
DA:3114,25
DA:3115,250
DA:3116,4
DA:3117,4
DA:3121,307
DA:3122,291
DA:3123,291
DA:3124,291
DA:3125,291
DA:3126,49
DA:3129,291
DA:3130,291
DA:3131,107
DA:3132,44
DA:3134,63
DA:3135,22
DA:3137,47
DA:3139,47
DA:3142,1
DA:3143,129
DA:3145,129
DA:3147,129
DA:3148,68
DA:3149,68
DA:3150,68
DA:3151,32
DA:3152,16
DA:3155,36
DA:3156,14
DA:3157,14
DA:3158,22
DA:3159,4
DA:3160,4
DA:3165,117
DA:3166,117
DA:3167,117
DA:3168,117
DA:3169,117
DA:3170,29
DA:3173,117
DA:3174,117
DA:3175,93
DA:3176,24
DA:3178,69
DA:3179,14
DA:3181,61
DA:3183,61
DA:3188,1
DA:3189,2689
DA:3190,987
DA:3193,41
DA:3195,332
DA:3197,614
DA:3201,1702
DA:3202,1690
DA:3206,1
DA:3207,1817
DA:3209,1817
DA:3210,1886
DA:3211,1886
DA:3212,1740
DA:3215,146
DA:3216,146
DA:3217,146
DA:3219,3
DA:3221,143
DA:3222,143
DA:3223,80
DA:3224,80
DA:3225,6
DA:3228,63
DA:3229,30
DA:3234,1813
DA:3235,1752
DA:3236,1044
DA:3237,4
DA:3239,1040
DA:3241,1105
DA:3244,1
DA:3245,1953
DA:3246,1953
DA:3247,1953
DA:3248,1817
DA:3249,1105
DA:3255,1
DA:3256,99
DA:3262,99
DA:3263,31
DA:3264,22
DA:3268,77
DA:3276,1
DA:3277,3561
DA:3279,3561
DA:3280,3561
DA:3281,3561
DA:3283,3561
DA:3284,5485
DA:3286,5485
DA:3287,391
DA:3288,391
DA:3289,29
DA:3293,29
DA:3294,29
DA:3295,29
DA:3296,2
DA:3298,29
DA:3299,29
DA:3300,29
DA:3301,362
DA:3302,9
DA:3303,9
DA:3304,9
DA:3308,9
DA:3310,353
DA:3312,5094
DA:3313,431
DA:3314,34
DA:3315,5
DA:3316,5
DA:3318,29
DA:3320,34
DA:3321,34
DA:3322,34
DA:3323,34
DA:3324,2
DA:3327,397
DA:3328,397
DA:3329,8
DA:3331,389
DA:3332,389
DA:3333,64
DA:3334,64
DA:3335,58
DA:3336,58
DA:3337,58
DA:3338,58
DA:3342,58
DA:3343,58
DA:3347,4663
DA:3348,193
DA:3349,193
DA:3350,41
DA:3356,41
DA:3357,41
DA:3358,41
DA:3359,41
DA:3360,3
DA:3364,3
DA:3365,3
DA:3367,152
DA:3368,70
DA:3369,70
DA:3370,70
DA:3371,70
DA:3377,70
DA:3378,2
DA:3381,82
DA:3383,4470
DA:3384,1258
DA:3385,3212
DA:3386,39
DA:3387,39
DA:3388,2
DA:3390,39
DA:3391,39
DA:3393,3173
DA:3398,1
DA:3399,66
DA:3401,66
DA:3402,63
DA:3403,63
DA:3407,63
DA:3408,38
DA:3410,63
DA:3411,36
DA:3413,63
DA:3416,66
DA:3419,1
DA:3420,282
DA:3422,282
DA:3423,282
DA:3424,282
DA:3431,282
DA:3432,273
DA:3437,273
DA:3438,203
DA:3439,203
DA:3440,203
DA:3448,273
DA:3451,1
DA:3452,40
DA:3454,40
DA:3456,40
DA:3457,40
DA:3464,40
DA:3465,31
DA:3470,31
DA:3472,24
DA:3473,24
DA:3474,24
DA:3475,24
DA:3476,24
DA:3481,24
DA:3489,31
DA:3492,1
DA:3493,65
DA:3495,65
DA:3496,195
DA:3497,195
DA:3501,195
DA:3502,136
DA:3504,195
DA:3505,136
DA:3507,195
DA:3510,65
DA:3513,1
DA:3514,13568
DA:3516,13568
DA:3517,13568
DA:3528,13568
DA:3529,12214
DA:3530,12214
DA:3531,12214
DA:3534,13568
DA:3535,52
DA:3536,52
DA:3538,52
DA:3539,52
DA:3549,52
DA:3553,13568
DA:3554,4652
DA:3555,4628
DA:3557,4652
DA:3558,4628
DA:3568,4628
DA:3572,13568
DA:3575,1
DA:3576,52
DA:3578,52
DA:3579,52
DA:3580,52
DA:3582,52
DA:3584,52
DA:3586,52
DA:3587,52
DA:3589,52
DA:3592,1
DA:3593,20
DA:3595,20
DA:3596,20
DA:3598,20
DA:3600,20
DA:3601,4
DA:3602,2
DA:3603,2
DA:3604,2
DA:3605,2
DA:3607,2
DA:3608,2
DA:3609,2
DA:3610,2
DA:3614,20
DA:3617,1
DA:3618,1464
DA:3620,1464
DA:3621,1464
DA:3623,1464
DA:3625,1464
DA:3626,126
DA:3627,80
DA:3628,80
DA:3629,80
DA:3630,80
DA:3631,46
DA:3632,6
DA:3633,6
DA:3634,6
DA:3635,6
DA:3637,40
DA:3638,40
DA:3639,40
DA:3640,40
DA:3644,1464
DA:3647,1
DA:3648,9004
DA:3650,9004
DA:3651,9004
DA:3652,9004
DA:3653,27834
DA:3654,12596
DA:3655,8250
DA:3661,1
DA:3663,767
DA:3665,20709
DA:3666,13764
DA:3670,20709
DA:3671,866
DA:3673,866
DA:3674,168
DA:3676,866
DA:3677,158
DA:3680,866
DA:3681,866
DA:3682,54
DA:3683,54
DA:3684,54
DA:3685,812
DA:3686,68
DA:3687,68
DA:3688,68
DA:3691,866
DA:3692,866
DA:3693,54
DA:3694,54
DA:3695,54
DA:3699,54
DA:3700,812
DA:3701,68
DA:3705,68
DA:3710,20709
DA:3711,12032
DA:3713,12032
DA:3715,12032
DA:3716,12032
DA:3717,12032
DA:3719,12032
DA:3720,4498
DA:3723,12032
DA:3724,24
DA:3727,12032
DA:3728,540
DA:3731,12032
DA:3736,1
DA:3738,1982
DA:3740,1982
DA:3741,495
DA:3742,495
DA:3745,1982
DA:3747,767
DA:3748,767
DA:3749,767
DA:3750,767
DA:3751,767
DA:3752,767
DA:3754,767
DA:3756,767
DA:3757,767
DA:3758,767
DA:3759,767
DA:3760,767
DA:3761,767
DA:3762,767
DA:3763,767
DA:3764,767
DA:3765,767
DA:3766,767
DA:3767,767
DA:3768,767
DA:3769,767
DA:3770,767
DA:3771,767
DA:3772,767
DA:3773,767
DA:3774,767
DA:3775,767
DA:3776,767
DA:3777,767
DA:3778,767
DA:3779,767
DA:3780,767
DA:3781,767
DA:3783,767
DA:3784,767
DA:3785,767
DA:3786,767
DA:3787,767
DA:3788,767
DA:3789,767
DA:3790,767
DA:3791,767
DA:3792,767
DA:3793,767
DA:3794,767
DA:3795,767
DA:3796,767
DA:3797,767
DA:3798,767
DA:3799,767
DA:3800,767
DA:3801,767
DA:3802,767
DA:3803,767
DA:3804,767
DA:3805,767
DA:3806,767
DA:3807,767
DA:3808,767
DA:3809,767
DA:3812,1982
DA:3813,74
DA:3814,74
DA:3816,74
DA:3817,74
DA:3821,1
DA:3822,1982
DA:3823,495
DA:3826,1982
DA:3827,767
DA:3828,767
DA:3829,767
DA:3830,767
DA:3831,767
DA:3832,767
DA:3833,767
DA:3834,767
DA:3835,767
DA:3836,767
DA:3837,767
DA:3838,767
DA:3839,767
DA:3840,767
DA:3841,767
DA:3842,767
DA:3843,767
DA:3844,767
DA:3845,767
DA:3846,767
DA:3847,767
DA:3848,767
DA:3849,767
DA:3850,767
DA:3851,767
DA:3852,767
DA:3853,767
DA:3854,767
DA:3855,767
DA:3858,1982
DA:3859,74
DA:3860,74
DA:3866,1
DA:3867,4
DA:3869,4
DA:3870,168
DA:3871,168
DA:3875,4
DA:3876,4
DA:3877,4
DA:3881,4
DA:3884,1
DA:3885,29
DA:3889,29
DA:3890,29
DA:3891,7
DA:3894,29
DA:3895,29
DA:3896,29
DA:3897,29
DA:3898,29
DA:3899,29
DA:3900,29
DA:3901,29
DA:3909,29
DA:3912,29
DA:3915,29
DA:3916,29
DA:3917,29
DA:3919,29
DA:3920,29
DA:3922,29
DA:3923,29
DA:3925,29
DA:3926,17
DA:3928,29
DA:3929,13
DA:3932,29
DA:3933,28
DA:3937,0
DA:3938,0
DA:3943,29
DA:3945,29
DA:3946,29
DA:3947,25
DA:3948,1
DA:3951,24
DA:3952,24
DA:3953,54
DA:3954,54
DA:3956,5
DA:3957,5
DA:3958,1
DA:3961,1
DA:3963,4
DA:3968,20
DA:3969,20
DA:3970,20
DA:3971,12
DA:3972,12
DA:3974,20
DA:3975,12
DA:3978,8
DA:3980,29
DA:3981,29
DA:3983,20
DA:3986,1
DA:3987,1953
DA:3989,1953
DA:3990,1953
DA:3991,7
DA:3994,1953
DA:3995,1953
DA:3996,1953
DA:3997,1953
DA:3998,1953
DA:3999,1953
DA:4000,1953
DA:4001,1953
DA:4009,1953
DA:4010,1953
DA:4011,1945
DA:4012,1945
DA:4014,1945
DA:4015,4
DA:4017,68
DA:4018,68
DA:4023,1945
DA:4024,45
DA:4026,1945
DA:4027,478
DA:4029,1945
DA:4030,68
DA:4034,1953
DA:4035,1950
DA:4039,0
DA:4040,0
DA:4045,1953
DA:4046,1953
DA:4047,1953
DA:4048,1105
DA:4049,54
DA:4050,54
DA:4052,1105
DA:4053,45
DA:4054,45
DA:4056,1105
DA:4057,68
DA:4059,1105
DA:4060,754
DA:4063,848
DA:4065,1953
DA:4066,1953
DA:4069,1105
DA:4073,1
DA:4075,1
DA:4077,1
DA:4080,1
DA:4081,1
DA:4083,1
DA:4084,1
DA:4087,1
DA:4088,41
DA:4089,41
DA:4093,1
DA:4094,1
DA:4097,1
LF:1895
LH:1885
BRDA:46,1,0,0
BRDA:46,1,1,1
BRDA:46,2,0,1
BRDA:46,2,1,0
BRDA:48,3,0,1
BRDA:48,3,1,0
BRDA:213,4,0,0
BRDA:213,4,1,1596
BRDA:219,5,0,6261
BRDA:219,5,1,5119
BRDA:234,6,0,33096
BRDA:234,6,1,25835
BRDA:234,6,2,25835
BRDA:234,6,3,25835
BRDA:234,6,4,25835
BRDA:234,6,5,25835
BRDA:234,6,6,89
BRDA:245,7,0,32500
BRDA:245,7,1,32201
BRDA:245,7,2,32156
BRDA:245,7,3,32156
BRDA:251,8,0,9442
BRDA:251,8,1,9442
BRDA:251,8,2,9389
BRDA:251,8,3,6210
BRDA:251,8,4,9361
BRDA:251,8,5,5965
BRDA:251,8,6,5166
BRDA:251,8,7,5137
BRDA:251,8,8,21
BRDA:259,9,0,16378
BRDA:259,9,1,16378
BRDA:259,9,2,16189
BRDA:259,9,3,12299
BRDA:259,9,4,16109
BRDA:259,9,5,12164
BRDA:259,9,6,3969
BRDA:259,9,7,487
BRDA:259,9,8,3965
BRDA:259,9,9,3936
BRDA:259,9,10,24
BRDA:270,10,0,4
BRDA:270,10,1,4
BRDA:270,10,2,4
BRDA:270,10,3,4
BRDA:270,10,4,4
BRDA:270,10,5,4
BRDA:270,10,6,84
BRDA:284,11,0,8
BRDA:284,11,1,24
BRDA:284,11,2,44
BRDA:284,11,3,52
BRDA:284,11,4,60
BRDA:284,11,5,68
BRDA:284,11,6,92
BRDA:284,11,7,100
BRDA:284,11,8,108
BRDA:284,11,9,524
BRDA:301,12,0,611
BRDA:301,12,1,502
BRDA:307,13,0,44
BRDA:307,13,1,2794
BRDA:307,14,0,2838
BRDA:307,14,1,264
BRDA:315,15,0,178
BRDA:315,15,1,583
BRDA:315,15,2,387
BRDA:315,15,3,615
BRDA:315,15,4,140
BRDA:315,15,5,99
BRDA:315,15,6,584
BRDA:315,15,7,12
BRDA:315,15,8,196
BRDA:317,16,0,178
BRDA:317,16,1,107
BRDA:317,16,2,66
BRDA:319,17,0,583
BRDA:319,17,1,401
BRDA:319,17,2,332
BRDA:319,17,3,298
BRDA:319,17,4,257
BRDA:322,18,0,387
BRDA:322,18,1,384
BRDA:322,18,2,377
BRDA:322,18,3,368
BRDA:322,18,4,364
BRDA:322,18,5,344
BRDA:325,19,0,615
BRDA:325,19,1,513
BRDA:325,19,2,453
BRDA:325,19,3,419
BRDA:325,19,4,389
BRDA:325,19,5,360
BRDA:325,19,6,356
BRDA:325,19,7,352
BRDA:329,20,0,140
BRDA:329,20,1,104
BRDA:329,20,2,101
BRDA:329,20,3,92
BRDA:329,20,4,72
BRDA:329,20,5,72
BRDA:332,21,0,99
BRDA:332,21,1,84
BRDA:332,21,2,78
BRDA:334,22,0,584
BRDA:334,22,1,116
BRDA:334,22,2,64
BRDA:353,23,0,318
BRDA:353,23,1,30033
BRDA:355,24,0,39
BRDA:355,24,1,279
BRDA:357,25,0,2
BRDA:357,25,1,37
BRDA:357,26,0,39
BRDA:357,26,1,4
BRDA:363,27,0,1020
BRDA:363,27,1,29013
BRDA:364,28,0,64
BRDA:364,28,1,956
BRDA:365,29,0,2
BRDA:365,29,1,62
BRDA:365,30,0,64
BRDA:365,30,1,6
BRDA:371,31,0,2
BRDA:371,31,1,62
BRDA:376,32,0,8
BRDA:376,32,1,948
BRDA:380,33,0,62
BRDA:380,33,1,886
BRDA:382,34,0,56
BRDA:382,34,1,6
BRDA:388,35,0,387
BRDA:388,35,1,28626
BRDA:391,36,0,39
BRDA:391,36,1,348
BRDA:394,37,0,68
BRDA:394,37,1,280
BRDA:398,38,0,2
BRDA:398,38,1,66
BRDA:404,39,0,6011
BRDA:404,39,1,22615
BRDA:406,40,0,117
BRDA:406,40,1,22498
BRDA:408,41,0,2
BRDA:408,41,1,115
BRDA:408,42,0,117
BRDA:408,42,1,8
BRDA:422,43,0,53
BRDA:422,43,1,6
BRDA:424,44,0,152
BRDA:424,44,1,22
BRDA:424,45,0,174
BRDA:424,45,1,162
BRDA:441,46,0,29
BRDA:441,46,1,19
BRDA:442,47,0,8
BRDA:442,47,1,21
BRDA:447,48,0,12
BRDA:447,48,1,9
BRDA:447,49,0,21
BRDA:447,49,1,17
BRDA:447,49,2,13
BRDA:455,50,0,3
BRDA:455,50,1,25
BRDA:462,51,0,19
BRDA:462,51,1,6
BRDA:464,52,0,4
BRDA:464,52,1,15
BRDA:469,53,0,12
BRDA:469,53,1,3
BRDA:469,54,0,15
BRDA:469,54,1,11
BRDA:469,54,2,7
BRDA:485,55,0,19
BRDA:485,55,1,16299
BRDA:490,56,0,12396
BRDA:490,56,1,3903
BRDA:506,57,0,29
BRDA:506,57,1,4240
BRDA:510,58,0,1395
BRDA:510,58,1,2838
BRDA:512,59,0,1453
BRDA:512,59,1,1385
BRDA:514,60,0,25
BRDA:514,60,1,1360
BRDA:516,61,0,158
BRDA:516,61,1,1202
BRDA:516,62,0,1360
BRDA:516,62,1,1243
BRDA:543,63,0,75
BRDA:543,63,1,1306
BRDA:543,63,2,2374
BRDA:543,63,3,3168
BRDA:543,63,4,3373
BRDA:543,63,5,4359
BRDA:543,63,6,5070
BRDA:543,63,7,5138
BRDA:543,63,8,5233
BRDA:543,63,9,5462
BRDA:543,63,10,5468
BRDA:543,63,11,5471
BRDA:543,63,12,958
BRDA:559,64,0,38
BRDA:559,64,1,5433
BRDA:560,65,0,8
BRDA:560,65,1,30
BRDA:562,66,0,6
BRDA:562,66,1,24
BRDA:578,67,0,52
BRDA:578,67,1,906
BRDA:579,68,0,3
BRDA:579,68,1,6
BRDA:579,68,2,9
BRDA:579,68,3,12
BRDA:579,68,4,15
BRDA:579,68,5,21
BRDA:579,68,6,24
BRDA:579,68,7,27
BRDA:579,68,8,30
BRDA:579,68,9,33
BRDA:579,68,10,6
BRDA:579,68,11,15
BRDA:579,68,12,4
BRDA:604,69,0,6
BRDA:604,69,1,9
BRDA:629,70,0,9
BRDA:629,70,1,901
BRDA:629,71,0,910
BRDA:629,71,1,21
BRDA:629,71,2,15
BRDA:630,72,0,3
BRDA:630,72,1,6
BRDA:644,73,0,6
BRDA:644,73,1,901
BRDA:644,74,0,907
BRDA:644,74,1,18
BRDA:644,74,2,12
BRDA:655,75,0,3
BRDA:655,75,1,898
BRDA:655,76,0,901
BRDA:655,76,1,48
BRDA:655,76,2,15
BRDA:666,77,0,3
BRDA:666,77,1,895
BRDA:666,78,0,898
BRDA:666,78,1,12
BRDA:666,78,2,6
BRDA:679,79,0,167
BRDA:679,79,1,728
BRDA:679,80,0,895
BRDA:679,80,1,167
BRDA:690,81,0,712
BRDA:690,81,1,16
BRDA:710,82,0,7
BRDA:710,82,1,55
BRDA:716,83,0,4
BRDA:716,83,1,28
BRDA:720,84,0,4
BRDA:720,84,1,24
BRDA:736,85,0,20
BRDA:736,85,1,21
BRDA:742,86,0,8
BRDA:742,86,1,21
BRDA:742,87,0,29
BRDA:742,87,1,25
BRDA:760,88,0,623
BRDA:760,88,1,3
BRDA:765,89,0,620
BRDA:765,89,1,3
BRDA:771,90,0,102
BRDA:771,90,1,518
BRDA:772,91,0,32
BRDA:772,91,1,70
BRDA:772,92,0,102
BRDA:772,92,1,76
BRDA:776,93,0,29
BRDA:776,93,1,41
BRDA:781,94,0,4
BRDA:781,94,1,37
BRDA:781,95,0,41
BRDA:781,95,1,38
BRDA:792,96,0,12
BRDA:792,96,1,546
BRDA:800,97,0,28
BRDA:800,97,1,530
BRDA:800,98,0,558
BRDA:800,98,1,530
BRDA:804,99,0,20
BRDA:804,99,1,8
BRDA:804,100,0,28
BRDA:804,100,1,15
BRDA:807,101,0,12
BRDA:807,101,1,16
BRDA:816,102,0,16
BRDA:816,102,1,526
BRDA:835,103,0,471
BRDA:835,103,1,305
BRDA:844,104,0,455
BRDA:844,104,1,4409
BRDA:847,105,0,121
BRDA:847,105,1,4288
BRDA:849,106,0,115
BRDA:849,106,1,6
BRDA:849,107,0,121
BRDA:849,107,1,117
BRDA:850,108,0,6
BRDA:850,108,1,3
BRDA:850,108,2,3
BRDA:850,108,3,10
BRDA:850,108,4,16
BRDA:850,108,5,3
BRDA:850,108,6,3
BRDA:850,108,7,3
BRDA:850,108,8,78
BRDA:864,109,0,6
BRDA:864,109,1,10
BRDA:882,110,0,62
BRDA:882,110,1,16
BRDA:886,111,0,47
BRDA:886,111,1,15
BRDA:890,112,0,21
BRDA:890,112,1,41
BRDA:890,113,0,62
BRDA:890,113,1,62
BRDA:896,114,0,12
BRDA:896,114,1,9
BRDA:896,115,0,21
BRDA:896,115,1,15
BRDA:896,115,2,15
BRDA:910,116,0,3
BRDA:910,116,1,3
BRDA:910,117,0,6
BRDA:910,117,1,3
BRDA:914,118,0,8
BRDA:914,118,1,4280
BRDA:921,119,0,16
BRDA:921,119,1,455
BRDA:949,120,0,112
BRDA:949,120,1,175
BRDA:950,121,0,25
BRDA:950,121,1,87
BRDA:954,122,0,7
BRDA:954,122,1,168
BRDA:957,123,0,4
BRDA:957,123,1,3
BRDA:961,124,0,42
BRDA:961,124,1,126
BRDA:964,125,0,25
BRDA:964,125,1,101
BRDA:966,126,0,4
BRDA:966,126,1,97
BRDA:972,127,0,17
BRDA:972,127,1,42
BRDA:982,128,0,5
BRDA:982,128,1,39
BRDA:987,129,0,10
BRDA:987,129,1,29
BRDA:987,130,0,39
BRDA:987,130,1,10
BRDA:989,131,0,7
BRDA:989,131,1,3
BRDA:993,132,0,3
BRDA:993,132,1,4
BRDA:1021,133,0,7
BRDA:1021,133,1,27
BRDA:1038,134,0,67
BRDA:1038,134,1,16
BRDA:1038,134,2,13
BRDA:1038,134,3,7
BRDA:1050,135,0,5
BRDA:1050,135,1,16
BRDA:1054,136,0,14
BRDA:1054,136,1,2
BRDA:1055,137,0,2
BRDA:1055,137,1,12
BRDA:1057,138,0,1
BRDA:1057,138,1,1
BRDA:1057,139,0,2
BRDA:1057,139,1,1
BRDA:1057,139,2,1
BRDA:1057,139,3,1
BRDA:1057,139,4,1
BRDA:1057,139,5,1
BRDA:1067,140,0,5
BRDA:1067,140,1,7
BRDA:1070,141,0,2
BRDA:1070,141,1,3
BRDA:1070,142,0,5
BRDA:1070,142,1,4
BRDA:1074,143,0,1
BRDA:1074,143,1,1
BRDA:1077,144,0,2
BRDA:1077,144,1,1
BRDA:1077,145,0,3
BRDA:1077,145,1,2
BRDA:1081,146,0,1
BRDA:1081,146,1,1
BRDA:1089,147,0,1
BRDA:1089,147,1,1
BRDA:1098,148,0,1
BRDA:1098,148,1,1
BRDA:1109,149,0,1422
BRDA:1109,149,1,11808
BRDA:1121,150,0,2528
BRDA:1121,150,1,9280
BRDA:1121,151,0,11808
BRDA:1121,151,1,10577
BRDA:1121,151,2,9509
BRDA:1126,152,0,471
BRDA:1126,152,1,8809
BRDA:1126,153,0,9280
BRDA:1126,153,1,9114
BRDA:1130,154,0,4269
BRDA:1130,154,1,4540
BRDA:1136,155,0,78
BRDA:1136,155,1,4462
BRDA:1137,156,0,3
BRDA:1137,156,1,75
BRDA:1143,157,0,620
BRDA:1143,157,1,3842
BRDA:1148,158,0,21
BRDA:1148,158,1,3821
BRDA:1148,159,0,3842
BRDA:1148,159,1,42
BRDA:1209,160,0,36
BRDA:1209,160,1,290
BRDA:1209,161,0,326
BRDA:1209,161,1,308
BRDA:1473,162,0,28
BRDA:1473,162,1,35
BRDA:1473,163,0,63
BRDA:1473,163,1,49
BRDA:1559,164,0,506
BRDA:1559,164,1,419
BRDA:1579,165,0,68
BRDA:1579,165,1,232
BRDA:1591,166,0,80
BRDA:1591,166,1,232
BRDA:1595,167,0,16
BRDA:1595,167,1,216
BRDA:1599,168,0,4
BRDA:1599,168,1,212
BRDA:1603,169,0,4
BRDA:1603,169,1,208
BRDA:1607,170,0,88
BRDA:1607,170,1,120
BRDA:1608,171,0,4
BRDA:1608,171,1,84
BRDA:1610,172,0,44
BRDA:1610,172,1,40
BRDA:1610,173,0,84
BRDA:1610,173,1,44
BRDA:1626,174,0,56
BRDA:1626,174,1,4334
BRDA:1626,175,0,4390
BRDA:1626,175,1,4366
BRDA:1636,176,0,4
BRDA:1636,176,1,1227
BRDA:1636,177,0,1231
BRDA:1636,177,1,1227
BRDA:1644,178,0,31785
BRDA:1644,178,1,21471
BRDA:1650,179,0,6127
BRDA:1650,179,1,1168
BRDA:1658,180,0,836
BRDA:1658,180,1,1549
BRDA:1662,181,0,1549
BRDA:1662,181,1,1325
BRDA:1662,181,2,1322
BRDA:1662,181,3,1319
BRDA:1662,181,4,1316
BRDA:1662,181,5,1313
BRDA:1662,181,6,1310
BRDA:1662,181,7,1307
BRDA:1662,181,8,1304
BRDA:1662,181,9,1301
BRDA:1662,181,10,1298
BRDA:1662,181,11,1295
BRDA:1680,182,0,552
BRDA:1680,182,1,964
BRDA:1687,183,0,27
BRDA:1687,183,1,937
BRDA:1691,184,0,3
BRDA:1691,184,1,934
BRDA:1696,185,0,28
BRDA:1696,185,1,906
BRDA:1696,186,0,934
BRDA:1696,186,1,142
BRDA:1704,187,0,356
BRDA:1704,187,1,48
BRDA:1715,188,0,13
BRDA:1715,188,1,35
BRDA:1721,189,0,21
BRDA:1721,189,1,6
BRDA:1739,190,0,10
BRDA:1739,190,1,95
BRDA:1739,191,0,105
BRDA:1739,191,1,52
BRDA:1739,191,2,12
BRDA:1752,192,0,28
BRDA:1752,192,1,327
BRDA:1752,193,0,355
BRDA:1752,193,1,339
BRDA:1753,194,0,10
BRDA:1753,194,1,18
BRDA:1753,195,0,28
BRDA:1753,195,1,10
BRDA:1767,196,0,218
BRDA:1767,196,1,36
BRDA:1773,197,0,53
BRDA:1773,197,1,165
BRDA:1773,198,0,218
BRDA:1773,198,1,60
BRDA:1780,199,0,56
BRDA:1780,199,1,109
BRDA:1780,200,0,165
BRDA:1780,200,1,71
BRDA:1784,201,0,4
BRDA:1784,201,1,52
BRDA:1796,202,0,8
BRDA:1796,202,1,28
BRDA:1796,203,0,36
BRDA:1796,203,1,28
BRDA:1814,204,0,194
BRDA:1814,204,1,20
BRDA:1819,205,0,117
BRDA:1819,205,1,97
BRDA:1819,206,0,53
BRDA:1819,206,1,44
BRDA:1822,207,0,54
BRDA:1822,207,1,160
BRDA:1823,208,0,27
BRDA:1823,208,1,27
BRDA:1824,209,0,14
BRDA:1824,209,1,13
BRDA:1824,210,0,27
BRDA:1824,210,1,16
BRDA:1826,211,0,10
BRDA:1826,211,1,3
BRDA:1830,212,0,14
BRDA:1830,212,1,13
BRDA:1832,213,0,10
BRDA:1832,213,1,3
BRDA:1843,214,0,78
BRDA:1843,214,1,96
BRDA:1868,215,0,3
BRDA:1868,215,1,2784
BRDA:1878,216,0,3
BRDA:1878,216,1,0
BRDA:1884,217,0,0
BRDA:1884,217,1,3
BRDA:1901,218,0,3
BRDA:1901,218,1,3216
BRDA:1907,219,0,1397
BRDA:1907,219,1,1822
BRDA:1911,220,0,968
BRDA:1911,220,1,854
BRDA:1911,221,0,1822
BRDA:1911,221,1,1387
BRDA:1912,222,0,14
BRDA:1912,222,1,954
BRDA:1912,223,0,968
BRDA:1912,223,1,60
BRDA:1918,224,0,144
BRDA:1918,224,1,710
BRDA:1919,225,0,3
BRDA:1919,225,1,141
BRDA:1924,226,0,129
BRDA:1924,226,1,12
BRDA:1929,227,0,113
BRDA:1929,227,1,609
BRDA:1935,228,0,4
BRDA:1935,228,1,605
BRDA:1941,229,0,50
BRDA:1941,229,1,555
BRDA:1945,230,0,202
BRDA:1945,230,1,353
BRDA:1949,231,0,222
BRDA:1949,231,1,131
BRDA:1953,232,0,51
BRDA:1953,232,1,80
BRDA:1953,233,0,131
BRDA:1953,233,1,83
BRDA:1967,234,0,60
BRDA:1967,234,1,98
BRDA:1970,235,0,56
BRDA:1970,235,1,13
BRDA:1985,236,0,4
BRDA:1985,236,1,63
BRDA:2015,237,0,16
BRDA:2015,237,1,18
BRDA:2023,238,0,12
BRDA:2023,238,1,1743
BRDA:2025,239,0,1404
BRDA:2025,239,1,1380
BRDA:2025,239,2,1377
BRDA:2026,240,0,62
BRDA:2026,240,1,27
BRDA:2029,241,0,3
BRDA:2029,241,1,24
BRDA:2045,242,0,2
BRDA:2045,242,1,12
BRDA:2047,243,0,16
BRDA:2047,243,1,15
BRDA:2048,244,0,1
BRDA:2048,244,1,1
BRDA:2065,245,0,833
BRDA:2065,245,1,1946
BRDA:2069,246,0,64
BRDA:2069,246,1,1882
BRDA:2069,247,0,1946
BRDA:2069,247,1,1908
BRDA:2069,247,2,70
BRDA:2071,248,0,20
BRDA:2071,248,1,44
BRDA:2071,249,0,64
BRDA:2071,249,1,20
BRDA:2071,249,2,20
BRDA:2075,250,0,8
BRDA:2075,250,1,40
BRDA:2091,251,0,2467
BRDA:2091,251,1,839
BRDA:2091,252,0,3306
BRDA:2091,252,1,2654
BRDA:2095,253,0,52
BRDA:2095,253,1,787
BRDA:2095,254,0,839
BRDA:2095,254,1,813
BRDA:2099,255,0,20
BRDA:2099,255,1,32
BRDA:2099,256,0,52
BRDA:2099,256,1,20
BRDA:2099,256,2,20
BRDA:2103,257,0,8
BRDA:2103,257,1,28
BRDA:2110,258,0,20
BRDA:2110,258,1,767
BRDA:2110,259,0,787
BRDA:2110,259,1,776
BRDA:2110,259,2,773
BRDA:2110,259,3,770
BRDA:2116,260,0,15
BRDA:2116,260,1,752
BRDA:2116,261,0,767
BRDA:2116,261,1,758
BRDA:2116,261,2,755
BRDA:2120,262,0,6
BRDA:2120,262,1,9
BRDA:2120,263,0,15
BRDA:2120,263,1,6
BRDA:2120,263,2,6
BRDA:2132,264,0,801
BRDA:2132,264,1,1926
BRDA:2132,265,0,2727
BRDA:2132,265,1,843
BRDA:2136,266,0,18
BRDA:2136,266,1,18
BRDA:2136,266,2,21
BRDA:2136,266,3,18
BRDA:2136,266,4,18
BRDA:2136,266,5,6
BRDA:2136,266,6,9
BRDA:2136,266,7,12
BRDA:2136,266,8,15
BRDA:2136,266,9,30
BRDA:2136,266,10,33
BRDA:2136,266,11,36
BRDA:2136,266,12,39
BRDA:2136,266,13,42
BRDA:2136,266,14,31
BRDA:2136,266,15,12
BRDA:2136,266,16,15
BRDA:2136,266,17,21
BRDA:2136,266,18,83
BRDA:2136,266,19,104
BRDA:2136,266,20,36
BRDA:2136,266,21,45
BRDA:2136,266,22,57
BRDA:2136,266,23,1563
BRDA:2173,267,0,10
BRDA:2173,267,1,21
BRDA:2218,268,0,2167
BRDA:2218,268,1,234
BRDA:2229,269,0,168
BRDA:2229,269,1,108
BRDA:2263,270,0,6
BRDA:2263,270,1,2379
BRDA:2285,271,0,257
BRDA:2285,271,1,2128
BRDA:2287,272,0,20
BRDA:2287,272,1,237
BRDA:2292,273,0,12
BRDA:2292,273,1,225
BRDA:2292,274,0,237
BRDA:2292,274,1,24
BRDA:2292,274,2,24
BRDA:2309,275,0,6
BRDA:2309,275,1,1762
BRDA:2313,276,0,3
BRDA:2313,276,1,6
BRDA:2331,277,0,181
BRDA:2331,277,1,220
BRDA:2335,278,0,4
BRDA:2335,278,1,180
BRDA:2361,279,0,100
BRDA:2361,279,1,821
BRDA:2375,280,0,12
BRDA:2375,280,1,210
BRDA:2375,281,0,222
BRDA:2375,281,1,20
BRDA:2379,282,0,31
BRDA:2379,282,1,183
BRDA:2382,283,0,3
BRDA:2382,283,1,180
BRDA:2384,284,0,3
BRDA:2384,284,1,0
BRDA:2391,285,0,3
BRDA:2391,285,1,0
BRDA:2395,286,0,123
BRDA:2395,286,1,57
BRDA:2408,287,0,133
BRDA:2408,287,1,53
BRDA:2475,288,0,7
BRDA:2475,288,1,15
BRDA:2507,289,0,3
BRDA:2507,289,1,9
BRDA:2551,290,0,13
BRDA:2551,290,1,56
BRDA:2554,291,0,25
BRDA:2554,291,1,31
BRDA:2554,292,0,56
BRDA:2554,292,1,37
BRDA:2559,293,0,12
BRDA:2559,293,1,13
BRDA:2559,294,0,25
BRDA:2559,294,1,18
BRDA:2570,295,0,15
BRDA:2570,295,1,16
BRDA:2572,296,0,12
BRDA:2572,296,1,3
BRDA:2583,297,0,29
BRDA:2583,297,1,15
BRDA:2588,298,0,34
BRDA:2588,298,1,15
BRDA:2590,299,0,9
BRDA:2590,299,1,25
BRDA:2595,300,0,6
BRDA:2595,300,1,28
BRDA:2609,301,0,30
BRDA:2609,301,1,15
BRDA:2622,302,0,11
BRDA:2622,302,1,41
BRDA:2625,303,0,8
BRDA:2625,303,1,3
BRDA:2632,304,0,13
BRDA:2632,304,1,28
BRDA:2633,305,0,4
BRDA:2633,305,1,9
BRDA:2640,306,0,17
BRDA:2640,306,1,11
BRDA:2644,307,0,8
BRDA:2644,307,1,9
BRDA:2651,308,0,4
BRDA:2651,308,1,12
BRDA:2651,309,0,16
BRDA:2651,309,1,7
BRDA:2666,310,0,10
BRDA:2666,310,1,50
BRDA:2669,311,0,4
BRDA:2669,311,1,6
BRDA:2669,312,0,10
BRDA:2669,312,1,10
BRDA:2676,313,0,13
BRDA:2676,313,1,37
BRDA:2677,314,0,4
BRDA:2677,314,1,9
BRDA:2677,315,0,13
BRDA:2677,315,1,4
BRDA:2684,316,0,23
BRDA:2684,316,1,14
BRDA:2688,317,0,8
BRDA:2688,317,1,15
BRDA:2695,318,0,4
BRDA:2695,318,1,21
BRDA:2695,319,0,25
BRDA:2695,319,1,10
BRDA:2695,320,0,10
BRDA:2695,320,1,7
BRDA:2709,321,0,6
BRDA:2709,321,1,30
BRDA:2714,322,0,21
BRDA:2714,322,1,11
BRDA:2715,323,0,12
BRDA:2715,323,1,9
BRDA:2722,324,0,9
BRDA:2722,324,1,11
BRDA:2726,325,0,8
BRDA:2726,325,1,3
BRDA:2727,326,0,3
BRDA:2727,326,1,5
BRDA:2727,327,0,8
BRDA:2727,327,1,5
BRDA:2742,328,0,6
BRDA:2742,328,1,13
BRDA:2766,329,0,15
BRDA:2766,329,1,9
BRDA:2776,330,0,20
BRDA:2776,330,1,22
BRDA:2776,331,0,42
BRDA:2776,331,1,29
BRDA:2776,331,2,22
BRDA:2799,332,0,3
BRDA:2799,332,1,17
BRDA:2811,333,0,9
BRDA:2811,333,1,24
BRDA:2815,334,0,11
BRDA:2815,334,1,9
BRDA:2816,335,0,4
BRDA:2816,335,1,7
BRDA:2838,336,0,4
BRDA:2838,336,1,26
BRDA:2857,337,0,4
BRDA:2857,337,1,30
BRDA:2863,338,0,12
BRDA:2863,338,1,18
BRDA:2863,339,0,30
BRDA:2863,339,1,12
BRDA:2863,339,2,12
BRDA:2879,340,0,34
BRDA:2879,340,1,7
BRDA:2883,341,0,6
BRDA:2883,341,1,23
BRDA:2888,342,0,4
BRDA:2888,342,1,25
BRDA:2888,343,0,29
BRDA:2888,343,1,7
BRDA:2913,344,0,24
BRDA:2913,344,1,2564
BRDA:2917,345,0,548
BRDA:2917,345,1,2016
BRDA:2918,346,0,54
BRDA:2918,346,1,160
BRDA:2918,346,2,198
BRDA:2918,346,3,136
BRDA:2930,347,0,691
BRDA:2930,347,1,1461
BRDA:2931,348,0,60
BRDA:2931,348,1,52
BRDA:2931,348,2,3
BRDA:2931,348,3,20
BRDA:2931,348,4,69
BRDA:2931,348,5,3
BRDA:2931,348,6,38
BRDA:2931,348,7,36
BRDA:2931,348,8,20
BRDA:2931,348,9,30
BRDA:2931,348,10,41
BRDA:2931,348,11,163
BRDA:2931,348,12,86
BRDA:2931,348,13,19
BRDA:2931,348,14,51
BRDA:2968,349,0,59
BRDA:2968,349,1,1257
BRDA:2968,350,0,1316
BRDA:2968,350,1,152
BRDA:2972,351,0,8
BRDA:2972,351,1,51
BRDA:2996,352,0,494
BRDA:2996,352,1,286
BRDA:3003,353,0,3
BRDA:3003,353,1,275
BRDA:3008,354,0,261
BRDA:3008,354,1,14
BRDA:3010,355,0,10
BRDA:3010,355,1,251
BRDA:3014,356,0,10
BRDA:3014,356,1,4
BRDA:3014,357,0,14
BRDA:3014,357,1,10
BRDA:3031,358,0,305
BRDA:3031,358,1,285
BRDA:3035,359,0,4
BRDA:3035,359,1,93
BRDA:3055,360,0,111
BRDA:3055,360,1,313
BRDA:3061,361,0,52
BRDA:3061,361,1,76
BRDA:3062,362,0,20
BRDA:3062,362,1,32
BRDA:3066,363,0,16
BRDA:3066,363,1,36
BRDA:3070,364,0,68
BRDA:3070,364,1,8
BRDA:3071,365,0,16
BRDA:3071,365,1,52
BRDA:3074,366,0,12
BRDA:3074,366,1,40
BRDA:3077,367,0,14
BRDA:3077,367,1,26
BRDA:3084,368,0,95
BRDA:3084,368,1,33
BRDA:3107,369,0,40
BRDA:3107,369,1,275
BRDA:3108,370,0,12
BRDA:3108,370,1,28
BRDA:3112,371,0,25
BRDA:3112,371,1,250
BRDA:3115,372,0,4
BRDA:3115,372,1,246
BRDA:3125,373,0,49
BRDA:3125,373,1,242
BRDA:3131,374,0,44
BRDA:3131,374,1,63
BRDA:3131,375,0,107
BRDA:3131,375,1,77
BRDA:3134,376,0,22
BRDA:3134,376,1,41
BRDA:3134,377,0,63
BRDA:3134,377,1,33
BRDA:3147,378,0,68
BRDA:3147,378,1,61
BRDA:3150,379,0,32
BRDA:3150,379,1,36
BRDA:3151,380,0,16
BRDA:3151,380,1,16
BRDA:3155,381,0,14
BRDA:3155,381,1,22
BRDA:3158,382,0,4
BRDA:3158,382,1,18
BRDA:3169,383,0,29
BRDA:3169,383,1,88
BRDA:3175,384,0,24
BRDA:3175,384,1,69
BRDA:3175,385,0,93
BRDA:3175,385,1,48
BRDA:3178,386,0,14
BRDA:3178,386,1,55
BRDA:3178,387,0,69
BRDA:3178,387,1,24
BRDA:3189,388,0,987
BRDA:3189,388,1,1702
BRDA:3190,389,0,25
BRDA:3190,389,1,41
BRDA:3190,389,2,332
BRDA:3190,389,3,614
BRDA:3201,390,0,1690
BRDA:3201,390,1,12
BRDA:3211,391,0,1740
BRDA:3211,391,1,146
BRDA:3217,392,0,3
BRDA:3217,392,1,143
BRDA:3222,393,0,80
BRDA:3222,393,1,63
BRDA:3224,394,0,6
BRDA:3224,394,1,74
BRDA:3228,395,0,30
BRDA:3228,395,1,33
BRDA:3228,396,0,63
BRDA:3228,396,1,63
BRDA:3236,397,0,4
BRDA:3236,397,1,1040
BRDA:3262,398,0,31
BRDA:3262,398,1,68
BRDA:3263,399,0,22
BRDA:3263,399,1,9
BRDA:3286,400,0,391
BRDA:3286,400,1,5094
BRDA:3288,401,0,29
BRDA:3288,401,1,362
BRDA:3295,402,0,2
BRDA:3295,402,1,27
BRDA:3295,403,0,29
BRDA:3295,403,1,4
BRDA:3301,404,0,9
BRDA:3301,404,1,353
BRDA:3312,405,0,431
BRDA:3312,405,1,4663
BRDA:3313,406,0,34
BRDA:3313,406,1,397
BRDA:3314,407,0,5
BRDA:3314,407,1,29
BRDA:3314,408,0,34
BRDA:3314,408,1,12
BRDA:3323,409,0,2
BRDA:3323,409,1,32
BRDA:3328,410,0,8
BRDA:3328,410,1,389
BRDA:3332,411,0,64
BRDA:3332,411,1,325
BRDA:3334,412,0,58
BRDA:3334,412,1,6
BRDA:3347,413,0,193
BRDA:3347,413,1,4470
BRDA:3349,414,0,41
BRDA:3349,414,1,152
BRDA:3359,415,0,3
BRDA:3359,415,1,38
BRDA:3367,416,0,70
BRDA:3367,416,1,82
BRDA:3377,417,0,2
BRDA:3377,417,1,68
BRDA:3383,418,0,1258
BRDA:3383,418,1,3212
BRDA:3385,419,0,39
BRDA:3385,419,1,3173
BRDA:3387,420,0,2
BRDA:3387,420,1,37
BRDA:3387,421,0,39
BRDA:3387,421,1,8
BRDA:3407,422,0,38
BRDA:3407,422,1,25
BRDA:3410,423,0,36
BRDA:3410,423,1,27
BRDA:3437,424,0,203
BRDA:3437,424,1,70
BRDA:3470,425,0,24
BRDA:3470,425,1,7
BRDA:3472,426,0,24
BRDA:3472,426,1,0
BRDA:3474,427,0,24
BRDA:3474,427,1,0
BRDA:3474,428,0,24
BRDA:3474,428,1,24
BRDA:3475,429,0,24
BRDA:3475,429,1,0
BRDA:3475,430,0,24
BRDA:3475,430,1,3
BRDA:3501,431,0,136
BRDA:3501,431,1,59
BRDA:3504,432,0,136
BRDA:3504,432,1,59
BRDA:3535,433,0,52
BRDA:3535,433,1,0
BRDA:3538,434,0,52
BRDA:3538,434,1,0
BRDA:3554,435,0,4628
BRDA:3554,435,1,24
BRDA:3557,436,0,4628
BRDA:3557,436,1,24
BRDA:3598,437,0,4
BRDA:3598,437,1,16
BRDA:3600,438,0,24
BRDA:3600,438,1,22
BRDA:3601,439,0,2
BRDA:3601,439,1,2
BRDA:3623,440,0,16
BRDA:3623,440,1,1448
BRDA:3625,441,0,1590
BRDA:3625,441,1,1550
BRDA:3625,441,2,1544
BRDA:3626,442,0,80
BRDA:3626,442,1,46
BRDA:3631,443,0,6
BRDA:3631,443,1,40
BRDA:3653,444,0,12596
BRDA:3653,444,1,15238
BRDA:3653,445,0,27834
BRDA:3653,445,1,27834
BRDA:3653,445,2,12932
BRDA:3654,446,0,8250
BRDA:3654,446,1,4346
BRDA:3654,447,0,12596
BRDA:3654,447,1,8670
BRDA:3654,447,2,4324
BRDA:3666,448,0,13764
BRDA:3666,448,1,13674
BRDA:3673,449,0,168
BRDA:3673,449,1,698
BRDA:3676,450,0,158
BRDA:3676,450,1,708
BRDA:3680,451,0,866
BRDA:3680,451,1,0
BRDA:3681,452,0,54
BRDA:3681,452,1,812
BRDA:3681,453,0,866
BRDA:3681,453,1,850
BRDA:3682,454,0,16
BRDA:3682,454,1,38
BRDA:3683,455,0,46
BRDA:3683,455,1,8
BRDA:3685,456,0,68
BRDA:3685,456,1,744
BRDA:3691,457,0,866
BRDA:3691,457,1,0
BRDA:3692,458,0,54
BRDA:3692,458,1,812
BRDA:3692,459,0,866
BRDA:3692,459,1,850
BRDA:3693,460,0,16
BRDA:3693,460,1,38
BRDA:3694,461,0,46
BRDA:3694,461,1,8
BRDA:3700,462,0,68
BRDA:3700,462,1,744
BRDA:3719,463,0,4498
BRDA:3719,463,1,7534
BRDA:3719,464,0,12032
BRDA:3719,464,1,11974
BRDA:3723,465,0,24
BRDA:3723,465,1,12008
BRDA:3723,466,0,12032
BRDA:3723,466,1,11974
BRDA:3727,467,0,540
BRDA:3727,467,1,11492
BRDA:3740,468,0,495
BRDA:3740,468,1,1487
BRDA:3745,469,0,767
BRDA:3745,469,1,1215
BRDA:3745,470,0,1982
BRDA:3745,470,1,1223
BRDA:3812,471,0,74
BRDA:3812,471,1,1908
BRDA:3822,472,0,495
BRDA:3822,472,1,1487
BRDA:3826,473,0,767
BRDA:3826,473,1,1215
BRDA:3826,474,0,1982
BRDA:3826,474,1,1223
BRDA:3858,475,0,74
BRDA:3858,475,1,1908
BRDA:3870,476,0,168
BRDA:3870,476,1,0
BRDA:3876,477,0,4
BRDA:3876,477,1,0
BRDA:3890,478,0,7
BRDA:3890,478,1,22
BRDA:3890,479,0,29
BRDA:3890,479,1,8
BRDA:3897,480,0,28
BRDA:3897,480,1,1
BRDA:3912,481,0,29
BRDA:3912,481,1,8
BRDA:3922,482,0,29
BRDA:3922,482,1,13
BRDA:3923,483,0,29
BRDA:3923,483,1,13
BRDA:3925,484,0,17
BRDA:3925,484,1,12
BRDA:3925,485,0,29
BRDA:3925,485,1,17
BRDA:3928,486,0,13
BRDA:3928,486,1,16
BRDA:3928,487,0,29
BRDA:3928,487,1,13
BRDA:3932,488,0,28
BRDA:3932,488,1,1
BRDA:3933,489,0,0
BRDA:3933,489,1,28
BRDA:3937,490,0,0
BRDA:3937,490,1,0
BRDA:3947,491,0,1
BRDA:3947,491,1,24
BRDA:3957,492,0,1
BRDA:3957,492,1,4
BRDA:3970,493,0,12
BRDA:3970,493,1,8
BRDA:3974,494,0,12
BRDA:3974,494,1,8
BRDA:3990,495,0,7
BRDA:3990,495,1,1946
BRDA:3990,496,0,1953
BRDA:3990,496,1,385
BRDA:3997,497,0,1950
BRDA:3997,497,1,3
BRDA:4010,498,0,1945
BRDA:4010,498,1,8
BRDA:4011,499,0,1945
BRDA:4011,499,1,1097
BRDA:4012,500,0,1945
BRDA:4012,500,1,1097
BRDA:4014,501,0,4
BRDA:4014,501,1,1941
BRDA:4014,502,0,1945
BRDA:4014,502,1,746
BRDA:4014,502,2,746
BRDA:4023,503,0,45
BRDA:4023,503,1,1900
BRDA:4023,504,0,1945
BRDA:4023,504,1,1097
BRDA:4026,505,0,478
BRDA:4026,505,1,1467
BRDA:4026,506,0,1945
BRDA:4026,506,1,1521
BRDA:4029,507,0,68
BRDA:4029,507,1,1877
BRDA:4029,508,0,1945
BRDA:4029,508,1,1097
BRDA:4034,509,0,1950
BRDA:4034,509,1,3
BRDA:4035,510,0,0
BRDA:4035,510,1,1950
BRDA:4039,511,0,0
BRDA:4039,511,1,0
BRDA:4048,512,0,54
BRDA:4048,512,1,1051
BRDA:4052,513,0,45
BRDA:4052,513,1,1060
BRDA:4056,514,0,68
BRDA:4056,514,1,1037
BRDA:4059,515,0,754
BRDA:4059,515,1,351
BRDA:4059,516,0,1105
BRDA:4059,516,1,359
BRDA:4083,517,0,1
BRDA:4083,517,1,0
BRDA:4088,518,0,41
BRDA:4088,518,1,0
BRDA:4093,519,0,1
BRDA:4093,519,1,0
BRF:1209
BRH:1183
end_of_record
