TN:
SF:C:\Users\dgomes\Documents\GitHub\esprima\esprima.js
FN:41,(anonymous_1)
FN:53,(anonymous_2)
FN:212,assert
FN:218,isDecimalDigit
FN:222,isHexDigit
FN:226,isOctalDigit
FN:233,isWhiteSpace
FN:244,isLineTerminator
FN:250,isIdentifierStart
FN:258,isIdentifierPart
FN:269,isFutureReservedWord
FN:283,isStrictModeReservedWord
FN:300,isRestrictedWord
FN:306,isKeyword
FN:344,skipComment
FN:419,scanHexEscape
FN:434,getEscapedIdentifier
FN:479,getIdentifier
FN:500,scanIdentifier
FN:534,scanPunctuator
FN:706,scanHexLiteral
FN:733,scanOctalLiteral
FN:756,scanNumericLiteral
FN:831,scanStringLiteral
FN:935,scanRegExp
FN:1037,isIdentifierName
FN:1044,advanceSlash
FN:1104,advance
FN:1155,lex
FN:1172,peek
FN:1188,(anonymous_31)
FN:1192,(anonymous_32)
FN:1199,(anonymous_33)
FN:1208,(anonymous_34)
FN:1219,(anonymous_35)
FN:1226,(anonymous_36)
FN:1233,(anonymous_37)
FN:1241,(anonymous_38)
FN:1249,(anonymous_39)
FN:1258,(anonymous_40)
FN:1265,(anonymous_41)
FN:1271,(anonymous_42)
FN:1279,(anonymous_43)
FN:1285,(anonymous_44)
FN:1292,(anonymous_45)
FN:1302,(anonymous_46)
FN:1312,(anonymous_47)
FN:1325,(anonymous_48)
FN:1338,(anonymous_49)
FN:1345,(anonymous_50)
FN:1354,(anonymous_51)
FN:1362,(anonymous_52)
FN:1370,(anonymous_53)
FN:1379,(anonymous_54)
FN:1387,(anonymous_55)
FN:1394,(anonymous_56)
FN:1403,(anonymous_57)
FN:1410,(anonymous_58)
FN:1419,(anonymous_59)
FN:1426,(anonymous_60)
FN:1433,(anonymous_61)
FN:1441,(anonymous_62)
FN:1449,(anonymous_63)
FN:1455,(anonymous_64)
FN:1462,(anonymous_65)
FN:1472,(anonymous_66)
FN:1488,(anonymous_67)
FN:1496,(anonymous_68)
FN:1505,(anonymous_69)
FN:1513,(anonymous_70)
FN:1521,(anonymous_71)
FN:1531,peekLineTerminator
FN:1548,throwError
FN:1553,(anonymous_74)
FN:1575,throwErrorTolerant
FN:1590,throwUnexpected
FN:1624,expect
FN:1634,expectKeyword
FN:1643,match
FN:1649,matchKeyword
FN:1655,matchAssign
FN:1676,consumeSemicolon
FN:1703,isLeftHandSide
FN:1709,parseArrayInitialiser
FN:1734,parsePropertyFunction
FN:1746,parseObjectPropertyKey
FN:1762,parseObjectProperty
FN:1806,parseObjectInitialiser
FN:1855,parseGroupExpression
FN:1870,parsePrimaryExpression
FN:1930,parseArguments
FN:1950,parseNonComputedProperty
FN:1960,parseNonComputedMember
FN:1966,parseComputedMember
FN:1978,parseNewExpression
FN:1988,parseLeftHandSideExpressionAllowCall
FN:2010,parseLeftHandSideExpression
FN:2030,parsePostfixExpression
FN:2056,parseUnaryExpression
FN:2097,binaryPrecedence
FN:2176,parseBinaryExpression
FN:2226,parseConditionalExpression
FN:2248,parseAssignmentExpression
FN:2274,parseExpression
FN:2294,parseStatementList
FN:2312,parseBlock
FN:2326,parseVariableIdentifier
FN:2336,parseCastExpression
FN:2357,parseVariableDeclaration
FN:2398,parseVariableDeclarationList
FN:2412,parseVariableStatement
FN:2428,parseConstLetDeclaration
FN:2442,parseEmptyStatement
FN:2449,parseExpressionStatement
FN:2457,parseIfStatement
FN:2482,parseDoWhileStatement
FN:2509,parseWhileStatement
FN:2530,parseForVariableDeclaration
FN:2537,parseForStatement
FN:2611,parseContinueStatement
FN:2655,parseBreakStatement
FN:2699,parseReturnStatement
FN:2734,parseWithStatement
FN:2756,parseSwitchCase
FN:2781,parseSwitchStatement
FN:2828,parseThrowStatement
FN:2846,parseCatchClause
FN:2867,parseTryStatement
FN:2892,parseDebuggerStatement
FN:2902,parseStatement
FN:2984,parseFunctionSourceElements
FN:3046,parseParams
FN:3096,parseFunctionDeclaration
FN:3137,parseFunctionExpression
FN:3183,parseSourceElement
FN:3201,parseSourceElements
FN:3239,parseProgram
FN:3250,addComment
FN:3271,scanComment
FN:3393,filterCommentLocation
FN:3414,collectToken
FN:3446,collectRegex
FN:3487,filterTokenLocation
FN:3508,createLocationMarker
FN:3523,(anonymous_145)
FN:3529,(anonymous_146)
FN:3548,(anonymous_147)
FN:3570,trackGroupExpression
FN:3587,trackLeftHandSideExpression
FN:3612,trackLeftHandSideExpressionAllowCall
FN:3642,filterGroup
FN:3656,wrapTrackingFunction
FN:3658,(anonymous_153)
FN:3660,isBinary
FN:3665,visit
FN:3705,(anonymous_156)
FN:3731,patch
FN:3816,unpatch
FN:3861,extend
FN:3879,tokenize
FN:3981,parse
FN:4011,(anonymous_162)
FN:4075,(anonymous_163)
FNF:163
FNH:163
FNDA:1,(anonymous_1)
FNDA:1,(anonymous_2)
FNDA:1596,assert
FNDA:6261,isDecimalDigit
FNDA:224,isHexDigit
FNDA:266,isOctalDigit
FNDA:33096,isWhiteSpace
FNDA:32500,isLineTerminator
FNDA:9442,isIdentifierStart
FNDA:16378,isIdentifierPart
FNDA:88,isFutureReservedWord
FNDA:632,isStrictModeReservedWord
FNDA:611,isRestrictedWord
FNDA:2838,isKeyword
FNDA:24825,skipComment
FNDA:59,scanHexEscape
FNDA:48,getEscapedIdentifier
FNDA:4240,getIdentifier
FNDA:4269,scanIdentifier
FNDA:6429,scanPunctuator
FNDA:32,scanHexLiteral
FNDA:29,scanOctalLiteral
FNDA:623,scanNumericLiteral
FNDA:471,scanStringLiteral
FNDA:67,scanRegExp
FNDA:67,isIdentifierName
FNDA:21,advanceSlash
FNDA:13254,advance
FNDA:11238,lex
FNDA:2016,peek
FNDA:4734,(anonymous_31)
FNDA:42,(anonymous_32)
FNDA:221,(anonymous_33)
FNDA:326,(anonymous_34)
FNDA:486,(anonymous_35)
FNDA:36,(anonymous_36)
FNDA:138,(anonymous_37)
FNDA:22,(anonymous_38)
FNDA:6,(anonymous_39)
FNDA:24,(anonymous_40)
FNDA:3,(anonymous_41)
FNDA:12,(anonymous_42)
FNDA:54,(anonymous_43)
FNDA:1295,(anonymous_44)
FNDA:30,(anonymous_45)
FNDA:15,(anonymous_46)
FNDA:47,(anonymous_47)
FNDA:158,(anonymous_48)
FNDA:2608,(anonymous_49)
FNDA:18,(anonymous_50)
FNDA:27,(anonymous_51)
FNDA:1120,(anonymous_52)
FNDA:75,(anonymous_53)
FNDA:34,(anonymous_54)
FNDA:106,(anonymous_55)
FNDA:40,(anonymous_56)
FNDA:1105,(anonymous_57)
FNDA:214,(anonymous_58)
FNDA:32,(anonymous_59)
FNDA:6,(anonymous_60)
FNDA:20,(anonymous_61)
FNDA:12,(anonymous_62)
FNDA:3,(anonymous_63)
FNDA:18,(anonymous_64)
FNDA:25,(anonymous_65)
FNDA:63,(anonymous_66)
FNDA:133,(anonymous_67)
FNDA:186,(anonymous_68)
FNDA:54,(anonymous_69)
FNDA:11,(anonymous_70)
FNDA:3,(anonymous_71)
FNDA:211,peekLineTerminator
FNDA:925,throwError
FNDA:336,(anonymous_74)
FNDA:300,throwErrorTolerant
FNDA:312,throwUnexpected
FNDA:4390,expect
FNDA:1231,expectKeyword
FNDA:28667,match
FNDA:6118,matchKeyword
FNDA:2385,matchAssign
FNDA:1516,consumeSemicolon
FNDA:356,isLeftHandSide
FNDA:50,parseArrayInitialiser
FNDA:105,parsePropertyFunction
FNDA:355,parseObjectPropertyKey
FNDA:254,parseObjectProperty
FNDA:202,parseObjectInitialiser
FNDA:170,parseGroupExpression
FNDA:3219,parsePrimaryExpression
FNDA:158,parseArguments
FNDA:67,parseNonComputedProperty
FNDA:67,parseNonComputedMember
FNDA:12,parseComputedMember
FNDA:34,parseNewExpression
FNDA:1755,parseLeftHandSideExpressionAllowCall
FNDA:14,parseLeftHandSideExpression
FNDA:3219,parsePostfixExpression
FNDA:3306,parseUnaryExpression
FNDA:2727,binaryPrecedence
FNDA:2877,parseBinaryExpression
FNDA:2877,parseConditionalExpression
FNDA:2877,parseAssignmentExpression
FNDA:2252,parseExpression
FNDA:229,parseStatementList
FNDA:229,parseBlock
FNDA:921,parseVariableIdentifier
FNDA:3,parseCastExpression
FNDA:282,parseVariableDeclaration
FNDA:229,parseVariableDeclarationList
FNDA:163,parseVariableStatement
FNDA:41,parseConstLetDeclaration
FNDA:54,parseEmptyStatement
FNDA:198,parseExpressionStatement
FNDA:38,parseIfStatement
FNDA:20,parseDoWhileStatement
FNDA:86,parseWhileStatement
FNDA:25,parseForVariableDeclaration
FNDA:69,parseForStatement
FNDA:52,parseContinueStatement
FNDA:60,parseBreakStatement
FNDA:36,parseReturnStatement
FNDA:19,parseWithStatement
FNDA:24,parseSwitchCase
FNDA:20,parseSwitchStatement
FNDA:30,parseThrowStatement
FNDA:34,parseCatchClause
FNDA:41,parseTryStatement
FNDA:3,parseDebuggerStatement
FNDA:2588,parseStatement
FNDA:513,parseFunctionSourceElements
FNDA:424,parseParams
FNDA:335,parseFunctionDeclaration
FNDA:129,parseFunctionExpression
FNDA:2689,parseSourceElement
FNDA:1817,parseSourceElements
FNDA:1953,parseProgram
FNDA:99,addComment
FNDA:3561,scanComment
FNDA:66,filterCommentLocation
FNDA:282,collectToken
FNDA:40,collectRegex
FNDA:65,filterTokenLocation
FNDA:13568,createLocationMarker
FNDA:12214,(anonymous_145)
FNDA:52,(anonymous_146)
FNDA:4652,(anonymous_147)
FNDA:52,trackGroupExpression
FNDA:20,trackLeftHandSideExpression
FNDA:1464,trackLeftHandSideExpressionAllowCall
FNDA:9004,filterGroup
FNDA:767,wrapTrackingFunction
FNDA:20709,(anonymous_153)
FNDA:13764,isBinary
FNDA:866,visit
FNDA:12032,(anonymous_156)
FNDA:1982,patch
FNDA:1982,unpatch
FNDA:4,extend
FNDA:29,tokenize
FNDA:1953,parse
FNDA:68,(anonymous_162)
FNDA:1,(anonymous_163)
DA:41,1
DA:42,1
DA:46,1
DA:47,0
DA:48,1
DA:49,1
DA:51,0
DA:54,1
DA:56,1
DA:75,1
DA:89,1
DA:90,1
DA:91,1
DA:92,1
DA:93,1
DA:94,1
DA:95,1
DA:96,1
DA:97,1
DA:98,1
DA:100,1
DA:103,1
DA:113,1
DA:158,1
DA:165,1
DA:202,1
DA:212,1
DA:213,1596
DA:214,0
DA:218,1
DA:219,6261
DA:222,1
DA:223,224
DA:226,1
DA:227,266
DA:233,1
DA:234,33096
DA:244,1
DA:245,32500
DA:250,1
DA:251,9442
DA:258,1
DA:259,16378
DA:269,1
DA:270,88
DA:277,4
DA:279,84
DA:283,1
DA:284,632
DA:294,108
DA:296,524
DA:300,1
DA:301,611
DA:306,1
DA:307,2838
DA:308,44
DA:315,2794
DA:317,178
DA:319,583
DA:322,387
DA:325,615
DA:329,140
DA:332,99
DA:334,584
DA:336,12
DA:338,196
DA:344,1
DA:345,24825
DA:347,24825
DA:348,24825
DA:350,24825
DA:351,30351
DA:353,30351
DA:354,318
DA:355,318
DA:356,39
DA:357,39
DA:358,2
DA:360,39
DA:361,39
DA:363,30033
DA:364,1020
DA:365,64
DA:366,2
DA:368,64
DA:369,64
DA:370,64
DA:371,64
DA:372,2
DA:375,956
DA:376,956
DA:377,8
DA:380,948
DA:381,62
DA:382,62
DA:383,56
DA:384,56
DA:388,29013
DA:389,387
DA:391,387
DA:392,39
DA:393,39
DA:394,348
DA:396,68
DA:397,68
DA:398,68
DA:399,2
DA:402,280
DA:404,28626
DA:405,6011
DA:406,22615
DA:407,117
DA:408,117
DA:409,2
DA:411,117
DA:412,117
DA:414,22498
DA:419,1
DA:420,59
DA:422,59
DA:423,59
DA:424,174
DA:425,152
DA:426,152
DA:428,22
DA:431,37
DA:434,1
DA:435,48
DA:437,48
DA:438,48
DA:441,48
DA:442,29
DA:443,8
DA:445,21
DA:446,21
DA:447,21
DA:448,12
DA:450,9
DA:453,28
DA:454,28
DA:455,28
DA:456,3
DA:458,25
DA:459,25
DA:462,25
DA:463,19
DA:464,19
DA:465,4
DA:467,15
DA:468,15
DA:469,15
DA:470,12
DA:472,3
DA:476,12
DA:479,1
DA:480,4240
DA:482,4240
DA:483,4240
DA:484,16318
DA:485,16318
DA:487,19
DA:488,19
DA:490,16299
DA:491,12396
DA:493,3903
DA:497,4221
DA:500,1
DA:501,4269
DA:503,4269
DA:506,4269
DA:510,4233
DA:511,1395
DA:512,2838
DA:513,1453
DA:514,1385
DA:515,25
DA:516,1360
DA:517,158
DA:519,1202
DA:522,4233
DA:534,1
DA:535,6429
DA:543,6429
DA:558,5471
DA:559,5471
DA:560,38
DA:561,8
DA:562,30
DA:563,6
DA:566,5471
DA:575,958
DA:578,958
DA:579,52
DA:590,33
DA:591,33
DA:601,15
DA:604,15
DA:605,6
DA:607,15
DA:615,4
DA:618,910
DA:623,910
DA:624,910
DA:625,910
DA:629,910
DA:630,9
DA:631,3
DA:632,3
DA:644,907
DA:645,6
DA:646,6
DA:655,901
DA:656,3
DA:657,3
DA:666,898
DA:667,3
DA:668,3
DA:679,895
DA:680,167
DA:681,167
DA:690,728
DA:691,712
DA:692,712
DA:701,16
DA:706,1
DA:707,32
DA:709,32
DA:710,62
DA:711,7
DA:713,55
DA:716,32
DA:717,4
DA:720,28
DA:721,4
DA:724,24
DA:733,1
DA:734,29
DA:735,29
DA:736,41
DA:737,20
DA:739,21
DA:742,29
DA:743,8
DA:746,21
DA:756,1
DA:757,623
DA:759,623
DA:760,623
DA:763,623
DA:764,623
DA:765,623
DA:766,620
DA:767,620
DA:771,620
DA:772,102
DA:773,32
DA:774,32
DA:776,70
DA:777,29
DA:781,41
DA:782,4
DA:786,555
DA:787,326
DA:789,555
DA:792,558
DA:793,12
DA:794,12
DA:795,72
DA:797,12
DA:800,558
DA:801,28
DA:803,28
DA:804,28
DA:805,20
DA:807,28
DA:808,12
DA:809,30
DA:812,16
DA:816,542
DA:817,16
DA:820,526
DA:831,1
DA:832,471
DA:834,471
DA:835,471
DA:838,471
DA:839,471
DA:841,471
DA:842,4864
DA:844,4864
DA:845,455
DA:846,455
DA:847,4409
DA:848,121
DA:849,121
DA:850,115
DA:852,6
DA:853,6
DA:855,3
DA:856,3
DA:858,3
DA:859,3
DA:862,16
DA:863,16
DA:864,16
DA:865,6
DA:867,10
DA:868,10
DA:870,16
DA:872,3
DA:873,3
DA:875,3
DA:876,3
DA:878,3
DA:879,3
DA:882,78
DA:883,62
DA:886,62
DA:887,47
DA:890,62
DA:891,21
DA:892,21
DA:896,21
DA:899,12
DA:902,62
DA:904,16
DA:906,78
DA:909,6
DA:910,6
DA:911,3
DA:914,4288
DA:915,8
DA:917,4280
DA:921,471
DA:922,16
DA:925,455
DA:935,1
DA:936,67
DA:938,67
DA:939,67
DA:941,67
DA:942,67
DA:943,67
DA:944,67
DA:946,67
DA:947,287
DA:948,287
DA:949,287
DA:950,112
DA:951,25
DA:954,175
DA:955,7
DA:957,7
DA:958,4
DA:960,3
DA:961,168
DA:962,42
DA:963,42
DA:964,126
DA:965,25
DA:966,101
DA:967,4
DA:972,59
DA:973,17
DA:977,42
DA:979,42
DA:980,42
DA:981,44
DA:982,44
DA:983,5
DA:986,39
DA:987,39
DA:988,10
DA:989,10
DA:990,7
DA:991,7
DA:992,7
DA:993,7
DA:994,3
DA:995,3
DA:996,12
DA:999,4
DA:1000,4
DA:1001,4
DA:1004,3
DA:1007,29
DA:1008,29
DA:1012,42
DA:1013,42
DA:1015,8
DA:1018,34
DA:1021,34
DA:1022,7
DA:1030,27
DA:1037,1
DA:1038,67
DA:1044,1
DA:1045,21
DA:1049,21
DA:1050,21
DA:1052,5
DA:1054,16
DA:1055,14
DA:1056,2
DA:1057,2
DA:1063,1
DA:1065,1
DA:1067,12
DA:1070,5
DA:1073,2
DA:1074,2
DA:1075,1
DA:1077,3
DA:1080,2
DA:1081,2
DA:1082,1
DA:1085,1
DA:1089,2
DA:1091,1
DA:1094,1
DA:1096,7
DA:1098,2
DA:1099,1
DA:1101,1
DA:1104,1
DA:1105,13254
DA:1107,13254
DA:1109,13230
DA:1110,1422
DA:1118,11808
DA:1121,11808
DA:1122,2528
DA:1126,9280
DA:1127,471
DA:1130,8809
DA:1131,4269
DA:1136,4540
DA:1137,78
DA:1138,3
DA:1140,75
DA:1143,4462
DA:1144,620
DA:1148,3842
DA:1149,21
DA:1152,3821
DA:1155,1
DA:1156,11238
DA:1158,11238
DA:1159,11238
DA:1160,11238
DA:1161,11238
DA:1163,11238
DA:1165,11225
DA:1166,11225
DA:1167,11225
DA:1169,11225
DA:1172,1
DA:1173,2016
DA:1175,2016
DA:1176,2016
DA:1177,2016
DA:1178,2016
DA:1179,1876
DA:1180,1876
DA:1181,1876
DA:1184,1
DA:1189,4734
DA:1193,42
DA:1200,221
DA:1209,326
DA:1211,326
DA:1220,486
DA:1227,36
DA:1234,138
DA:1242,22
DA:1250,6
DA:1259,24
DA:1266,3
DA:1272,12
DA:1280,54
DA:1286,1295
DA:1293,30
DA:1303,15
DA:1313,47
DA:1326,158
DA:1339,2608
DA:1346,18
DA:1355,27
DA:1363,1120
DA:1371,75
DA:1380,34
DA:1388,106
DA:1395,40
DA:1404,1105
DA:1411,214
DA:1420,32
DA:1427,6
DA:1434,20
DA:1442,12
DA:1450,3
DA:1456,18
DA:1463,25
DA:1473,63
DA:1474,28
DA:1481,35
DA:1489,133
DA:1497,186
DA:1506,54
DA:1514,11
DA:1522,3
DA:1531,1
DA:1532,211
DA:1534,211
DA:1535,211
DA:1536,211
DA:1537,211
DA:1538,211
DA:1539,211
DA:1540,211
DA:1541,211
DA:1543,211
DA:1548,1
DA:1549,925
DA:1554,336
DA:1555,336
DA:1559,925
DA:1560,506
DA:1561,506
DA:1562,506
DA:1563,506
DA:1565,419
DA:1566,419
DA:1567,419
DA:1568,419
DA:1571,925
DA:1572,925
DA:1575,1
DA:1576,300
DA:1577,300
DA:1579,300
DA:1580,68
DA:1582,232
DA:1590,1
DA:1591,312
DA:1592,80
DA:1595,232
DA:1596,16
DA:1599,216
DA:1600,4
DA:1603,212
DA:1604,4
DA:1607,208
DA:1608,88
DA:1609,4
DA:1610,84
DA:1611,44
DA:1612,4
DA:1614,40
DA:1618,120
DA:1624,1
DA:1625,4390
DA:1626,4390
DA:1627,56
DA:1634,1
DA:1635,1231
DA:1636,1231
DA:1637,4
DA:1643,1
DA:1644,28667
DA:1649,1
DA:1650,6118
DA:1655,1
DA:1656,2385
DA:1658,2385
DA:1659,836
DA:1661,1549
DA:1662,1549
DA:1676,1
DA:1677,1516
DA:1680,1516
DA:1681,552
DA:1682,552
DA:1685,964
DA:1686,964
DA:1687,964
DA:1688,27
DA:1691,937
DA:1692,3
DA:1693,3
DA:1696,934
DA:1697,28
DA:1703,1
DA:1704,356
DA:1709,1
DA:1710,50
DA:1712,50
DA:1714,50
DA:1715,48
DA:1716,13
DA:1717,13
DA:1719,35
DA:1721,27
DA:1722,21
DA:1727,42
DA:1729,42
DA:1734,1
DA:1735,105
DA:1737,105
DA:1738,105
DA:1739,105
DA:1740,10
DA:1742,97
DA:1743,97
DA:1746,1
DA:1747,355
DA:1752,355
DA:1753,28
DA:1754,10
DA:1756,20
DA:1759,327
DA:1762,1
DA:1763,254
DA:1765,254
DA:1767,254
DA:1769,218
DA:1773,218
DA:1774,53
DA:1775,53
DA:1776,53
DA:1777,53
DA:1778,53
DA:1780,165
DA:1781,56
DA:1782,56
DA:1783,56
DA:1784,56
DA:1785,4
DA:1787,52
DA:1788,52
DA:1789,52
DA:1790,44
DA:1792,109
DA:1793,109
DA:1794,97
DA:1796,36
DA:1797,8
DA:1799,28
DA:1800,20
DA:1801,20
DA:1802,20
DA:1806,1
DA:1807,202
DA:1809,202
DA:1811,202
DA:1812,254
DA:1814,214
DA:1815,194
DA:1817,20
DA:1819,214
DA:1821,214
DA:1822,214
DA:1823,54
DA:1824,27
DA:1825,14
DA:1826,13
DA:1827,10
DA:1830,27
DA:1831,14
DA:1832,13
DA:1833,10
DA:1836,14
DA:1838,160
DA:1841,174
DA:1843,174
DA:1844,78
DA:1848,106
DA:1850,106
DA:1855,1
DA:1856,170
DA:1858,170
DA:1860,170
DA:1862,30
DA:1864,30
DA:1870,1
DA:1871,3219
DA:1873,3219
DA:1875,3219
DA:1876,1397
DA:1879,1822
DA:1880,968
DA:1881,14
DA:1883,956
DA:1886,854
DA:1887,144
DA:1888,3
DA:1889,3
DA:1892,141
DA:1893,129
DA:1897,722
DA:1898,113
DA:1899,113
DA:1900,113
DA:1903,609
DA:1904,4
DA:1905,4
DA:1906,4
DA:1909,605
DA:1910,50
DA:1913,555
DA:1914,202
DA:1917,353
DA:1918,222
DA:1921,131
DA:1922,51
DA:1925,80
DA:1930,1
DA:1931,158
DA:1933,158
DA:1935,158
DA:1936,60
DA:1937,73
DA:1938,69
DA:1939,56
DA:1941,13
DA:1945,154
DA:1947,154
DA:1950,1
DA:1951,67
DA:1953,67
DA:1954,4
DA:1957,63
DA:1960,1
DA:1961,67
DA:1963,67
DA:1966,1
DA:1967,12
DA:1969,12
DA:1971,12
DA:1973,12
DA:1975,12
DA:1978,1
DA:1979,34
DA:1981,34
DA:1982,34
DA:1983,34
DA:1985,34
DA:1988,1
DA:1989,1755
DA:1991,1755
DA:1993,1323
DA:1994,89
DA:1995,62
DA:1996,58
DA:1997,27
DA:1998,3
DA:1999,3
DA:2001,24
DA:2002,20
DA:2006,1315
DA:2010,1
DA:2011,14
DA:2013,14
DA:2015,14
DA:2016,2
DA:2017,1
DA:2018,1
DA:2020,1
DA:2021,1
DA:2025,14
DA:2030,1
DA:2031,3219
DA:2033,2779
DA:2034,833
DA:2037,1946
DA:2039,64
DA:2040,20
DA:2043,48
DA:2044,8
DA:2047,40
DA:2048,40
DA:2051,1922
DA:2056,1
DA:2057,3306
DA:2059,3306
DA:2060,2470
DA:2063,836
DA:2064,52
DA:2065,52
DA:2067,52
DA:2068,20
DA:2071,36
DA:2072,8
DA:2075,28
DA:2078,784
DA:2079,20
DA:2080,20
DA:2081,20
DA:2084,764
DA:2085,15
DA:2086,15
DA:2087,15
DA:2088,15
DA:2089,6
DA:2091,11
DA:2094,749
DA:2097,1
DA:2098,2727
DA:2100,2727
DA:2101,801
DA:2104,1926
DA:2106,18
DA:2107,18
DA:2110,18
DA:2111,18
DA:2114,21
DA:2115,21
DA:2118,18
DA:2119,18
DA:2122,18
DA:2123,18
DA:2129,15
DA:2130,15
DA:2137,42
DA:2138,42
DA:2141,31
DA:2142,31
DA:2147,21
DA:2148,21
DA:2152,104
DA:2153,104
DA:2158,57
DA:2159,57
DA:2162,1563
DA:2165,1926
DA:2176,1
DA:2177,2877
DA:2179,2877
DA:2180,2877
DA:2182,2877
DA:2184,2401
DA:2185,2401
DA:2186,2401
DA:2187,2167
DA:2189,234
DA:2190,234
DA:2192,234
DA:2194,218
DA:2197,108
DA:2198,60
DA:2199,60
DA:2200,60
DA:2201,60
DA:2205,108
DA:2206,108
DA:2207,108
DA:2208,108
DA:2211,218
DA:2214,218
DA:2215,218
DA:2216,218
DA:2217,266
DA:2218,266
DA:2220,218
DA:2226,1
DA:2227,2877
DA:2229,2877
DA:2231,2385
DA:2232,6
DA:2233,6
DA:2234,6
DA:2235,6
DA:2236,6
DA:2237,6
DA:2238,6
DA:2240,6
DA:2243,2385
DA:2248,1
DA:2249,2877
DA:2251,2877
DA:2252,2877
DA:2253,2385
DA:2255,257
DA:2256,20
DA:2260,237
DA:2261,12
DA:2264,229
DA:2265,229
DA:2266,221
DA:2269,2128
DA:2274,1
DA:2275,2252
DA:2277,1768
DA:2278,6
DA:2280,6
DA:2281,9
DA:2282,3
DA:2284,6
DA:2285,6
DA:2289,1768
DA:2294,1
DA:2295,229
DA:2298,229
DA:2299,401
DA:2300,181
DA:2302,220
DA:2303,184
DA:2304,4
DA:2306,180
DA:2309,193
DA:2312,1
DA:2313,229
DA:2315,229
DA:2317,229
DA:2319,193
DA:2321,181
DA:2326,1
DA:2327,921
DA:2329,921
DA:2330,100
DA:2333,825
DA:2336,1
DA:2337,3
DA:2339,3
DA:2340,3
DA:2342,3
DA:2344,3
DA:2345,3
DA:2346,0
DA:2349,3
DA:2351,0
DA:2354,3
DA:2357,1
DA:2358,282
DA:2364,222
DA:2365,12
DA:2368,214
DA:2369,31
DA:2370,19
DA:2371,183
DA:2372,3
DA:2373,3
DA:2374,3
DA:2375,3
DA:2377,0
DA:2379,3
DA:2380,3
DA:2381,3
DA:2382,3
DA:2384,180
DA:2385,123
DA:2386,119
DA:2387,3
DA:2389,119
DA:2390,107
DA:2391,3
DA:2395,186
DA:2398,1
DA:2399,229
DA:2401,229
DA:2402,282
DA:2403,186
DA:2404,133
DA:2406,53
DA:2409,133
DA:2412,1
DA:2413,163
DA:2415,163
DA:2417,163
DA:2419,87
DA:2421,87
DA:2428,1
DA:2429,41
DA:2431,41
DA:2433,41
DA:2435,21
DA:2437,21
DA:2442,1
DA:2443,54
DA:2444,54
DA:2449,1
DA:2450,198
DA:2451,58
DA:2452,58
DA:2457,1
DA:2458,38
DA:2460,38
DA:2462,38
DA:2464,34
DA:2466,34
DA:2468,34
DA:2470,22
DA:2471,7
DA:2472,7
DA:2474,15
DA:2477,18
DA:2482,1
DA:2483,20
DA:2485,20
DA:2487,20
DA:2488,20
DA:2490,20
DA:2492,16
DA:2494,16
DA:2496,12
DA:2498,12
DA:2500,12
DA:2502,12
DA:2503,3
DA:2506,12
DA:2509,1
DA:2510,86
DA:2512,86
DA:2514,86
DA:2516,86
DA:2518,86
DA:2520,86
DA:2521,86
DA:2523,86
DA:2525,54
DA:2527,54
DA:2530,1
DA:2531,25
DA:2534,25
DA:2537,1
DA:2538,69
DA:2540,69
DA:2542,69
DA:2544,69
DA:2546,69
DA:2547,13
DA:2549,56
DA:2550,25
DA:2551,25
DA:2552,25
DA:2554,25
DA:2555,12
DA:2556,12
DA:2557,12
DA:2558,12
DA:2561,31
DA:2562,31
DA:2563,31
DA:2565,31
DA:2567,15
DA:2568,12
DA:2571,3
DA:2572,3
DA:2573,3
DA:2574,3
DA:2578,44
DA:2579,29
DA:2583,49
DA:2585,34
DA:2586,9
DA:2588,34
DA:2590,34
DA:2591,6
DA:2595,49
DA:2597,49
DA:2598,49
DA:2600,49
DA:2602,45
DA:2604,45
DA:2611,1
DA:2612,52
DA:2614,52
DA:2617,52
DA:2618,11
DA:2620,11
DA:2621,8
DA:2624,3
DA:2627,41
DA:2628,13
DA:2629,4
DA:2632,9
DA:2635,28
DA:2636,17
DA:2638,17
DA:2639,17
DA:2640,8
DA:2644,20
DA:2646,16
DA:2647,4
DA:2650,12
DA:2655,1
DA:2656,60
DA:2658,60
DA:2661,60
DA:2662,10
DA:2664,10
DA:2665,4
DA:2668,6
DA:2671,50
DA:2672,13
DA:2673,4
DA:2676,9
DA:2679,37
DA:2680,23
DA:2682,23
DA:2683,23
DA:2684,8
DA:2688,29
DA:2690,25
DA:2691,4
DA:2694,21
DA:2699,1
DA:2700,36
DA:2702,36
DA:2704,36
DA:2705,6
DA:2709,32
DA:2710,21
DA:2711,12
DA:2712,12
DA:2713,12
DA:2717,20
DA:2718,9
DA:2721,11
DA:2722,8
DA:2723,3
DA:2727,11
DA:2729,11
DA:2734,1
DA:2735,19
DA:2737,19
DA:2738,6
DA:2741,15
DA:2743,15
DA:2745,15
DA:2747,15
DA:2749,15
DA:2751,11
DA:2756,1
DA:2757,24
DA:2761,24
DA:2762,15
DA:2763,15
DA:2765,9
DA:2766,9
DA:2768,24
DA:2770,24
DA:2771,42
DA:2772,20
DA:2774,22
DA:2775,18
DA:2778,20
DA:2781,1
DA:2782,20
DA:2784,20
DA:2786,20
DA:2788,20
DA:2790,20
DA:2792,20
DA:2794,20
DA:2795,3
DA:2796,3
DA:2799,17
DA:2801,17
DA:2802,17
DA:2803,17
DA:2805,17
DA:2806,33
DA:2807,9
DA:2809,24
DA:2810,20
DA:2811,11
DA:2812,4
DA:2814,7
DA:2816,16
DA:2819,9
DA:2821,9
DA:2823,9
DA:2828,1
DA:2829,30
DA:2831,30
DA:2833,30
DA:2834,4
DA:2837,26
DA:2839,18
DA:2841,18
DA:2846,1
DA:2847,34
DA:2849,34
DA:2851,34
DA:2852,34
DA:2853,4
DA:2856,30
DA:2858,30
DA:2859,12
DA:2862,22
DA:2863,22
DA:2864,22
DA:2867,1
DA:2868,41
DA:2870,41
DA:2872,41
DA:2874,41
DA:2875,34
DA:2878,29
DA:2879,6
DA:2880,6
DA:2883,29
DA:2884,4
DA:2887,25
DA:2892,1
DA:2893,3
DA:2895,3
DA:2897,3
DA:2902,1
DA:2903,2588
DA:2908,2588
DA:2909,24
DA:2912,2564
DA:2913,548
DA:2915,54
DA:2917,160
DA:2919,198
DA:2921,136
DA:2925,2152
DA:2926,691
DA:2928,60
DA:2930,52
DA:2932,3
DA:2934,20
DA:2936,69
DA:2938,3
DA:2940,38
DA:2942,36
DA:2944,20
DA:2946,30
DA:2948,41
DA:2950,163
DA:2952,86
DA:2954,19
DA:2956,51
DA:2960,1512
DA:2963,1316
DA:2964,59
DA:2966,59
DA:2967,59
DA:2968,8
DA:2971,51
DA:2972,51
DA:2973,27
DA:2974,27
DA:2977,1257
DA:2979,1237
DA:2984,1
DA:2985,513
DA:2988,513
DA:2990,513
DA:2991,780
DA:2992,494
DA:2994,286
DA:2996,286
DA:2997,278
DA:2998,278
DA:3000,3
DA:3002,275
DA:3003,275
DA:3004,261
DA:3005,261
DA:3006,10
DA:3009,14
DA:3010,10
DA:3015,497
DA:3016,497
DA:3017,497
DA:3018,497
DA:3020,497
DA:3021,497
DA:3022,497
DA:3023,497
DA:3025,497
DA:3026,590
DA:3027,305
DA:3029,285
DA:3030,97
DA:3031,4
DA:3033,93
DA:3036,309
DA:3038,305
DA:3039,305
DA:3040,305
DA:3041,305
DA:3043,305
DA:3046,1
DA:3047,424
DA:3048,424
DA:3050,424
DA:3051,111
DA:3052,111
DA:3053,144
DA:3054,144
DA:3055,128
DA:3056,128
DA:3057,52
DA:3058,20
DA:3059,20
DA:3061,52
DA:3062,16
DA:3063,16
DA:3065,76
DA:3066,68
DA:3067,16
DA:3068,16
DA:3069,52
DA:3070,12
DA:3071,12
DA:3072,40
DA:3073,14
DA:3074,14
DA:3077,128
DA:3078,128
DA:3079,128
DA:3080,95
DA:3082,33
DA:3086,408
DA:3088,408
DA:3096,1
DA:3097,335
DA:3099,335
DA:3100,335
DA:3101,335
DA:3102,315
DA:3103,40
DA:3104,12
DA:3107,275
DA:3108,25
DA:3109,25
DA:3110,250
DA:3111,4
DA:3112,4
DA:3116,307
DA:3117,291
DA:3118,291
DA:3119,291
DA:3120,291
DA:3121,49
DA:3124,291
DA:3125,291
DA:3126,107
DA:3127,44
DA:3129,63
DA:3130,22
DA:3132,47
DA:3134,47
DA:3137,1
DA:3138,129
DA:3140,129
DA:3142,129
DA:3143,68
DA:3144,68
DA:3145,68
DA:3146,32
DA:3147,16
DA:3150,36
DA:3151,14
DA:3152,14
DA:3153,22
DA:3154,4
DA:3155,4
DA:3160,117
DA:3161,117
DA:3162,117
DA:3163,117
DA:3164,117
DA:3165,29
DA:3168,117
DA:3169,117
DA:3170,93
DA:3171,24
DA:3173,69
DA:3174,14
DA:3176,61
DA:3178,61
DA:3183,1
DA:3184,2689
DA:3185,987
DA:3188,41
DA:3190,332
DA:3192,614
DA:3196,1702
DA:3197,1690
DA:3201,1
DA:3202,1817
DA:3204,1817
DA:3205,1886
DA:3206,1886
DA:3207,1740
DA:3210,146
DA:3211,146
DA:3212,146
DA:3214,3
DA:3216,143
DA:3217,143
DA:3218,80
DA:3219,80
DA:3220,6
DA:3223,63
DA:3224,30
DA:3229,1813
DA:3230,1752
DA:3231,1044
DA:3232,4
DA:3234,1040
DA:3236,1105
DA:3239,1
DA:3240,1953
DA:3241,1953
DA:3242,1953
DA:3243,1817
DA:3244,1105
DA:3250,1
DA:3251,99
DA:3257,99
DA:3258,31
DA:3259,22
DA:3263,77
DA:3271,1
DA:3272,3561
DA:3274,3561
DA:3275,3561
DA:3276,3561
DA:3278,3561
DA:3279,5485
DA:3281,5485
DA:3282,391
DA:3283,391
DA:3284,29
DA:3288,29
DA:3289,29
DA:3290,29
DA:3291,2
DA:3293,29
DA:3294,29
DA:3295,29
DA:3296,362
DA:3297,9
DA:3298,9
DA:3299,9
DA:3303,9
DA:3305,353
DA:3307,5094
DA:3308,431
DA:3309,34
DA:3310,5
DA:3311,5
DA:3313,29
DA:3315,34
DA:3316,34
DA:3317,34
DA:3318,34
DA:3319,2
DA:3322,397
DA:3323,397
DA:3324,8
DA:3326,389
DA:3327,389
DA:3328,64
DA:3329,64
DA:3330,58
DA:3331,58
DA:3332,58
DA:3333,58
DA:3337,58
DA:3338,58
DA:3342,4663
DA:3343,193
DA:3344,193
DA:3345,41
DA:3351,41
DA:3352,41
DA:3353,41
DA:3354,41
DA:3355,3
DA:3359,3
DA:3360,3
DA:3362,152
DA:3363,70
DA:3364,70
DA:3365,70
DA:3366,70
DA:3372,70
DA:3373,2
DA:3376,82
DA:3378,4470
DA:3379,1258
DA:3380,3212
DA:3381,39
DA:3382,39
DA:3383,2
DA:3385,39
DA:3386,39
DA:3388,3173
DA:3393,1
DA:3394,66
DA:3396,66
DA:3397,63
DA:3398,63
DA:3402,63
DA:3403,38
DA:3405,63
DA:3406,36
DA:3408,63
DA:3411,66
DA:3414,1
DA:3415,282
DA:3417,282
DA:3418,282
DA:3419,282
DA:3426,282
DA:3427,273
DA:3432,273
DA:3433,203
DA:3434,203
DA:3435,203
DA:3443,273
DA:3446,1
DA:3447,40
DA:3449,40
DA:3451,40
DA:3452,40
DA:3459,40
DA:3460,31
DA:3465,31
DA:3467,24
DA:3468,24
DA:3469,24
DA:3470,24
DA:3471,24
DA:3476,24
DA:3484,31
DA:3487,1
DA:3488,65
DA:3490,65
DA:3491,195
DA:3492,195
DA:3496,195
DA:3497,136
DA:3499,195
DA:3500,136
DA:3502,195
DA:3505,65
DA:3508,1
DA:3509,13568
DA:3511,13568
DA:3512,13568
DA:3523,13568
DA:3524,12214
DA:3525,12214
DA:3526,12214
DA:3529,13568
DA:3530,52
DA:3531,52
DA:3533,52
DA:3534,52
DA:3544,52
DA:3548,13568
DA:3549,4652
DA:3550,4628
DA:3552,4652
DA:3553,4628
DA:3563,4628
DA:3567,13568
DA:3570,1
DA:3571,52
DA:3573,52
DA:3574,52
DA:3575,52
DA:3577,52
DA:3579,52
DA:3581,52
DA:3582,52
DA:3584,52
DA:3587,1
DA:3588,20
DA:3590,20
DA:3591,20
DA:3593,20
DA:3595,20
DA:3596,4
DA:3597,2
DA:3598,2
DA:3599,2
DA:3600,2
DA:3602,2
DA:3603,2
DA:3604,2
DA:3605,2
DA:3609,20
DA:3612,1
DA:3613,1464
DA:3615,1464
DA:3616,1464
DA:3618,1464
DA:3620,1464
DA:3621,126
DA:3622,80
DA:3623,80
DA:3624,80
DA:3625,80
DA:3626,46
DA:3627,6
DA:3628,6
DA:3629,6
DA:3630,6
DA:3632,40
DA:3633,40
DA:3634,40
DA:3635,40
DA:3639,1464
DA:3642,1
DA:3643,9004
DA:3645,9004
DA:3646,9004
DA:3647,9004
DA:3648,27834
DA:3649,12596
DA:3650,8250
DA:3656,1
DA:3658,767
DA:3660,20709
DA:3661,13764
DA:3665,20709
DA:3666,866
DA:3668,866
DA:3669,168
DA:3671,866
DA:3672,158
DA:3675,866
DA:3676,866
DA:3677,54
DA:3678,54
DA:3679,54
DA:3680,812
DA:3681,68
DA:3682,68
DA:3683,68
DA:3686,866
DA:3687,866
DA:3688,54
DA:3689,54
DA:3690,54
DA:3694,54
DA:3695,812
DA:3696,68
DA:3700,68
DA:3705,20709
DA:3706,12032
DA:3708,12032
DA:3710,12032
DA:3711,12032
DA:3712,12032
DA:3714,12032
DA:3715,4498
DA:3718,12032
DA:3719,24
DA:3722,12032
DA:3723,540
DA:3726,12032
DA:3731,1
DA:3733,1982
DA:3735,1982
DA:3736,495
DA:3737,495
DA:3740,1982
DA:3742,767
DA:3743,767
DA:3744,767
DA:3745,767
DA:3746,767
DA:3747,767
DA:3749,767
DA:3751,767
DA:3752,767
DA:3753,767
DA:3754,767
DA:3755,767
DA:3756,767
DA:3757,767
DA:3758,767
DA:3759,767
DA:3760,767
DA:3761,767
DA:3762,767
DA:3763,767
DA:3764,767
DA:3765,767
DA:3766,767
DA:3767,767
DA:3768,767
DA:3769,767
DA:3770,767
DA:3771,767
DA:3772,767
DA:3773,767
DA:3774,767
DA:3775,767
DA:3776,767
DA:3778,767
DA:3779,767
DA:3780,767
DA:3781,767
DA:3782,767
DA:3783,767
DA:3784,767
DA:3785,767
DA:3786,767
DA:3787,767
DA:3788,767
DA:3789,767
DA:3790,767
DA:3791,767
DA:3792,767
DA:3793,767
DA:3794,767
DA:3795,767
DA:3796,767
DA:3797,767
DA:3798,767
DA:3799,767
DA:3800,767
DA:3801,767
DA:3802,767
DA:3803,767
DA:3804,767
DA:3807,1982
DA:3808,74
DA:3809,74
DA:3811,74
DA:3812,74
DA:3816,1
DA:3817,1982
DA:3818,495
DA:3821,1982
DA:3822,767
DA:3823,767
DA:3824,767
DA:3825,767
DA:3826,767
DA:3827,767
DA:3828,767
DA:3829,767
DA:3830,767
DA:3831,767
DA:3832,767
DA:3833,767
DA:3834,767
DA:3835,767
DA:3836,767
DA:3837,767
DA:3838,767
DA:3839,767
DA:3840,767
DA:3841,767
DA:3842,767
DA:3843,767
DA:3844,767
DA:3845,767
DA:3846,767
DA:3847,767
DA:3848,767
DA:3849,767
DA:3850,767
DA:3853,1982
DA:3854,74
DA:3855,74
DA:3861,1
DA:3862,4
DA:3864,4
DA:3865,168
DA:3866,168
DA:3870,4
DA:3871,4
DA:3872,4
DA:3876,4
DA:3879,1
DA:3880,29
DA:3884,29
DA:3885,29
DA:3886,7
DA:3889,29
DA:3890,29
DA:3891,29
DA:3892,29
DA:3893,29
DA:3894,29
DA:3895,29
DA:3896,29
DA:3904,29
DA:3907,29
DA:3910,29
DA:3911,29
DA:3912,29
DA:3914,29
DA:3915,29
DA:3917,29
DA:3918,29
DA:3920,29
DA:3921,17
DA:3923,29
DA:3924,13
DA:3927,29
DA:3928,28
DA:3932,0
DA:3933,0
DA:3938,29
DA:3940,29
DA:3941,29
DA:3942,25
DA:3943,1
DA:3946,24
DA:3947,24
DA:3948,54
DA:3949,54
DA:3951,5
DA:3952,5
DA:3953,1
DA:3956,1
DA:3958,4
DA:3963,20
DA:3964,20
DA:3965,20
DA:3966,12
DA:3967,12
DA:3969,20
DA:3970,12
DA:3973,8
DA:3975,29
DA:3976,29
DA:3978,20
DA:3981,1
DA:3982,1953
DA:3984,1953
DA:3985,1953
DA:3986,7
DA:3989,1953
DA:3990,1953
DA:3991,1953
DA:3992,1953
DA:3993,1953
DA:3994,1953
DA:3995,1953
DA:3996,1953
DA:4004,1953
DA:4005,1953
DA:4006,1945
DA:4007,1945
DA:4009,1945
DA:4010,4
DA:4012,68
DA:4013,68
DA:4018,1945
DA:4019,45
DA:4021,1945
DA:4022,478
DA:4024,1945
DA:4025,68
DA:4029,1953
DA:4030,1950
DA:4034,0
DA:4035,0
DA:4040,1953
DA:4041,1953
DA:4042,1953
DA:4043,1105
DA:4044,54
DA:4045,54
DA:4047,1105
DA:4048,45
DA:4049,45
DA:4051,1105
DA:4052,68
DA:4054,1105
DA:4055,754
DA:4058,848
DA:4060,1953
DA:4061,1953
DA:4064,1105
DA:4068,1
DA:4070,1
DA:4072,1
DA:4075,1
DA:4076,1
DA:4078,1
DA:4079,1
DA:4082,1
DA:4083,41
DA:4084,41
DA:4088,1
DA:4089,1
DA:4092,1
LF:1893
LH:1883
BRDA:46,1,0,0
BRDA:46,1,1,1
BRDA:46,2,0,1
BRDA:46,2,1,0
BRDA:48,3,0,1
BRDA:48,3,1,0
BRDA:213,4,0,0
BRDA:213,4,1,1596
BRDA:219,5,0,6261
BRDA:219,5,1,5119
BRDA:234,6,0,33096
BRDA:234,6,1,25835
BRDA:234,6,2,25835
BRDA:234,6,3,25835
BRDA:234,6,4,25835
BRDA:234,6,5,25835
BRDA:234,6,6,89
BRDA:245,7,0,32500
BRDA:245,7,1,32201
BRDA:245,7,2,32156
BRDA:245,7,3,32156
BRDA:251,8,0,9442
BRDA:251,8,1,9442
BRDA:251,8,2,9389
BRDA:251,8,3,6210
BRDA:251,8,4,9361
BRDA:251,8,5,5965
BRDA:251,8,6,5166
BRDA:251,8,7,5137
BRDA:251,8,8,21
BRDA:259,9,0,16378
BRDA:259,9,1,16378
BRDA:259,9,2,16189
BRDA:259,9,3,12299
BRDA:259,9,4,16109
BRDA:259,9,5,12164
BRDA:259,9,6,3969
BRDA:259,9,7,487
BRDA:259,9,8,3965
BRDA:259,9,9,3936
BRDA:259,9,10,24
BRDA:270,10,0,4
BRDA:270,10,1,4
BRDA:270,10,2,4
BRDA:270,10,3,4
BRDA:270,10,4,4
BRDA:270,10,5,4
BRDA:270,10,6,84
BRDA:284,11,0,8
BRDA:284,11,1,24
BRDA:284,11,2,44
BRDA:284,11,3,52
BRDA:284,11,4,60
BRDA:284,11,5,68
BRDA:284,11,6,92
BRDA:284,11,7,100
BRDA:284,11,8,108
BRDA:284,11,9,524
BRDA:301,12,0,611
BRDA:301,12,1,502
BRDA:307,13,0,44
BRDA:307,13,1,2794
BRDA:307,14,0,2838
BRDA:307,14,1,264
BRDA:315,15,0,178
BRDA:315,15,1,583
BRDA:315,15,2,387
BRDA:315,15,3,615
BRDA:315,15,4,140
BRDA:315,15,5,99
BRDA:315,15,6,584
BRDA:315,15,7,12
BRDA:315,15,8,196
BRDA:317,16,0,178
BRDA:317,16,1,107
BRDA:317,16,2,66
BRDA:319,17,0,583
BRDA:319,17,1,401
BRDA:319,17,2,332
BRDA:319,17,3,298
BRDA:319,17,4,257
BRDA:322,18,0,387
BRDA:322,18,1,384
BRDA:322,18,2,377
BRDA:322,18,3,368
BRDA:322,18,4,364
BRDA:322,18,5,344
BRDA:325,19,0,615
BRDA:325,19,1,513
BRDA:325,19,2,453
BRDA:325,19,3,419
BRDA:325,19,4,389
BRDA:325,19,5,360
BRDA:325,19,6,356
BRDA:325,19,7,352
BRDA:329,20,0,140
BRDA:329,20,1,104
BRDA:329,20,2,101
BRDA:329,20,3,92
BRDA:329,20,4,72
BRDA:329,20,5,72
BRDA:332,21,0,99
BRDA:332,21,1,84
BRDA:332,21,2,78
BRDA:334,22,0,584
BRDA:334,22,1,116
BRDA:334,22,2,64
BRDA:353,23,0,318
BRDA:353,23,1,30033
BRDA:355,24,0,39
BRDA:355,24,1,279
BRDA:357,25,0,2
BRDA:357,25,1,37
BRDA:357,26,0,39
BRDA:357,26,1,4
BRDA:363,27,0,1020
BRDA:363,27,1,29013
BRDA:364,28,0,64
BRDA:364,28,1,956
BRDA:365,29,0,2
BRDA:365,29,1,62
BRDA:365,30,0,64
BRDA:365,30,1,6
BRDA:371,31,0,2
BRDA:371,31,1,62
BRDA:376,32,0,8
BRDA:376,32,1,948
BRDA:380,33,0,62
BRDA:380,33,1,886
BRDA:382,34,0,56
BRDA:382,34,1,6
BRDA:388,35,0,387
BRDA:388,35,1,28626
BRDA:391,36,0,39
BRDA:391,36,1,348
BRDA:394,37,0,68
BRDA:394,37,1,280
BRDA:398,38,0,2
BRDA:398,38,1,66
BRDA:404,39,0,6011
BRDA:404,39,1,22615
BRDA:406,40,0,117
BRDA:406,40,1,22498
BRDA:408,41,0,2
BRDA:408,41,1,115
BRDA:408,42,0,117
BRDA:408,42,1,8
BRDA:422,43,0,53
BRDA:422,43,1,6
BRDA:424,44,0,152
BRDA:424,44,1,22
BRDA:424,45,0,174
BRDA:424,45,1,162
BRDA:441,46,0,29
BRDA:441,46,1,19
BRDA:442,47,0,8
BRDA:442,47,1,21
BRDA:447,48,0,12
BRDA:447,48,1,9
BRDA:447,49,0,21
BRDA:447,49,1,17
BRDA:447,49,2,13
BRDA:455,50,0,3
BRDA:455,50,1,25
BRDA:462,51,0,19
BRDA:462,51,1,6
BRDA:464,52,0,4
BRDA:464,52,1,15
BRDA:469,53,0,12
BRDA:469,53,1,3
BRDA:469,54,0,15
BRDA:469,54,1,11
BRDA:469,54,2,7
BRDA:485,55,0,19
BRDA:485,55,1,16299
BRDA:490,56,0,12396
BRDA:490,56,1,3903
BRDA:506,57,0,29
BRDA:506,57,1,4240
BRDA:510,58,0,1395
BRDA:510,58,1,2838
BRDA:512,59,0,1453
BRDA:512,59,1,1385
BRDA:514,60,0,25
BRDA:514,60,1,1360
BRDA:516,61,0,158
BRDA:516,61,1,1202
BRDA:516,62,0,1360
BRDA:516,62,1,1243
BRDA:543,63,0,75
BRDA:543,63,1,1306
BRDA:543,63,2,2374
BRDA:543,63,3,3168
BRDA:543,63,4,3373
BRDA:543,63,5,4359
BRDA:543,63,6,5070
BRDA:543,63,7,5138
BRDA:543,63,8,5233
BRDA:543,63,9,5462
BRDA:543,63,10,5468
BRDA:543,63,11,5471
BRDA:543,63,12,958
BRDA:559,64,0,38
BRDA:559,64,1,5433
BRDA:560,65,0,8
BRDA:560,65,1,30
BRDA:562,66,0,6
BRDA:562,66,1,24
BRDA:578,67,0,52
BRDA:578,67,1,906
BRDA:579,68,0,3
BRDA:579,68,1,6
BRDA:579,68,2,9
BRDA:579,68,3,12
BRDA:579,68,4,15
BRDA:579,68,5,21
BRDA:579,68,6,24
BRDA:579,68,7,27
BRDA:579,68,8,30
BRDA:579,68,9,33
BRDA:579,68,10,6
BRDA:579,68,11,15
BRDA:579,68,12,4
BRDA:604,69,0,6
BRDA:604,69,1,9
BRDA:629,70,0,9
BRDA:629,70,1,901
BRDA:629,71,0,910
BRDA:629,71,1,21
BRDA:629,71,2,15
BRDA:630,72,0,3
BRDA:630,72,1,6
BRDA:644,73,0,6
BRDA:644,73,1,901
BRDA:644,74,0,907
BRDA:644,74,1,18
BRDA:644,74,2,12
BRDA:655,75,0,3
BRDA:655,75,1,898
BRDA:655,76,0,901
BRDA:655,76,1,48
BRDA:655,76,2,15
BRDA:666,77,0,3
BRDA:666,77,1,895
BRDA:666,78,0,898
BRDA:666,78,1,12
BRDA:666,78,2,6
BRDA:679,79,0,167
BRDA:679,79,1,728
BRDA:679,80,0,895
BRDA:679,80,1,167
BRDA:690,81,0,712
BRDA:690,81,1,16
BRDA:710,82,0,7
BRDA:710,82,1,55
BRDA:716,83,0,4
BRDA:716,83,1,28
BRDA:720,84,0,4
BRDA:720,84,1,24
BRDA:736,85,0,20
BRDA:736,85,1,21
BRDA:742,86,0,8
BRDA:742,86,1,21
BRDA:742,87,0,29
BRDA:742,87,1,25
BRDA:760,88,0,623
BRDA:760,88,1,3
BRDA:765,89,0,620
BRDA:765,89,1,3
BRDA:771,90,0,102
BRDA:771,90,1,518
BRDA:772,91,0,32
BRDA:772,91,1,70
BRDA:772,92,0,102
BRDA:772,92,1,76
BRDA:776,93,0,29
BRDA:776,93,1,41
BRDA:781,94,0,4
BRDA:781,94,1,37
BRDA:781,95,0,41
BRDA:781,95,1,38
BRDA:792,96,0,12
BRDA:792,96,1,546
BRDA:800,97,0,28
BRDA:800,97,1,530
BRDA:800,98,0,558
BRDA:800,98,1,530
BRDA:804,99,0,20
BRDA:804,99,1,8
BRDA:804,100,0,28
BRDA:804,100,1,15
BRDA:807,101,0,12
BRDA:807,101,1,16
BRDA:816,102,0,16
BRDA:816,102,1,526
BRDA:835,103,0,471
BRDA:835,103,1,305
BRDA:844,104,0,455
BRDA:844,104,1,4409
BRDA:847,105,0,121
BRDA:847,105,1,4288
BRDA:849,106,0,115
BRDA:849,106,1,6
BRDA:849,107,0,121
BRDA:849,107,1,117
BRDA:850,108,0,6
BRDA:850,108,1,3
BRDA:850,108,2,3
BRDA:850,108,3,10
BRDA:850,108,4,16
BRDA:850,108,5,3
BRDA:850,108,6,3
BRDA:850,108,7,3
BRDA:850,108,8,78
BRDA:864,109,0,6
BRDA:864,109,1,10
BRDA:882,110,0,62
BRDA:882,110,1,16
BRDA:886,111,0,47
BRDA:886,111,1,15
BRDA:890,112,0,21
BRDA:890,112,1,41
BRDA:890,113,0,62
BRDA:890,113,1,62
BRDA:896,114,0,12
BRDA:896,114,1,9
BRDA:896,115,0,21
BRDA:896,115,1,15
BRDA:896,115,2,15
BRDA:910,116,0,3
BRDA:910,116,1,3
BRDA:910,117,0,6
BRDA:910,117,1,3
BRDA:914,118,0,8
BRDA:914,118,1,4280
BRDA:921,119,0,16
BRDA:921,119,1,455
BRDA:949,120,0,112
BRDA:949,120,1,175
BRDA:950,121,0,25
BRDA:950,121,1,87
BRDA:954,122,0,7
BRDA:954,122,1,168
BRDA:957,123,0,4
BRDA:957,123,1,3
BRDA:961,124,0,42
BRDA:961,124,1,126
BRDA:964,125,0,25
BRDA:964,125,1,101
BRDA:966,126,0,4
BRDA:966,126,1,97
BRDA:972,127,0,17
BRDA:972,127,1,42
BRDA:982,128,0,5
BRDA:982,128,1,39
BRDA:987,129,0,10
BRDA:987,129,1,29
BRDA:987,130,0,39
BRDA:987,130,1,10
BRDA:989,131,0,7
BRDA:989,131,1,3
BRDA:993,132,0,3
BRDA:993,132,1,4
BRDA:1021,133,0,7
BRDA:1021,133,1,27
BRDA:1038,134,0,67
BRDA:1038,134,1,16
BRDA:1038,134,2,13
BRDA:1038,134,3,7
BRDA:1050,135,0,5
BRDA:1050,135,1,16
BRDA:1054,136,0,14
BRDA:1054,136,1,2
BRDA:1055,137,0,2
BRDA:1055,137,1,12
BRDA:1057,138,0,1
BRDA:1057,138,1,1
BRDA:1057,139,0,2
BRDA:1057,139,1,1
BRDA:1057,139,2,1
BRDA:1057,139,3,1
BRDA:1057,139,4,1
BRDA:1057,139,5,1
BRDA:1067,140,0,5
BRDA:1067,140,1,7
BRDA:1070,141,0,2
BRDA:1070,141,1,3
BRDA:1070,142,0,5
BRDA:1070,142,1,4
BRDA:1074,143,0,1
BRDA:1074,143,1,1
BRDA:1077,144,0,2
BRDA:1077,144,1,1
BRDA:1077,145,0,3
BRDA:1077,145,1,2
BRDA:1081,146,0,1
BRDA:1081,146,1,1
BRDA:1089,147,0,1
BRDA:1089,147,1,1
BRDA:1098,148,0,1
BRDA:1098,148,1,1
BRDA:1109,149,0,1422
BRDA:1109,149,1,11808
BRDA:1121,150,0,2528
BRDA:1121,150,1,9280
BRDA:1121,151,0,11808
BRDA:1121,151,1,10577
BRDA:1121,151,2,9509
BRDA:1126,152,0,471
BRDA:1126,152,1,8809
BRDA:1126,153,0,9280
BRDA:1126,153,1,9114
BRDA:1130,154,0,4269
BRDA:1130,154,1,4540
BRDA:1136,155,0,78
BRDA:1136,155,1,4462
BRDA:1137,156,0,3
BRDA:1137,156,1,75
BRDA:1143,157,0,620
BRDA:1143,157,1,3842
BRDA:1148,158,0,21
BRDA:1148,158,1,3821
BRDA:1148,159,0,3842
BRDA:1148,159,1,42
BRDA:1209,160,0,36
BRDA:1209,160,1,290
BRDA:1209,161,0,326
BRDA:1209,161,1,308
BRDA:1473,162,0,28
BRDA:1473,162,1,35
BRDA:1473,163,0,63
BRDA:1473,163,1,49
BRDA:1559,164,0,506
BRDA:1559,164,1,419
BRDA:1579,165,0,68
BRDA:1579,165,1,232
BRDA:1591,166,0,80
BRDA:1591,166,1,232
BRDA:1595,167,0,16
BRDA:1595,167,1,216
BRDA:1599,168,0,4
BRDA:1599,168,1,212
BRDA:1603,169,0,4
BRDA:1603,169,1,208
BRDA:1607,170,0,88
BRDA:1607,170,1,120
BRDA:1608,171,0,4
BRDA:1608,171,1,84
BRDA:1610,172,0,44
BRDA:1610,172,1,40
BRDA:1610,173,0,84
BRDA:1610,173,1,44
BRDA:1626,174,0,56
BRDA:1626,174,1,4334
BRDA:1626,175,0,4390
BRDA:1626,175,1,4366
BRDA:1636,176,0,4
BRDA:1636,176,1,1227
BRDA:1636,177,0,1231
BRDA:1636,177,1,1227
BRDA:1644,178,0,28667
BRDA:1644,178,1,20923
BRDA:1650,179,0,6118
BRDA:1650,179,1,1168
BRDA:1658,180,0,836
BRDA:1658,180,1,1549
BRDA:1662,181,0,1549
BRDA:1662,181,1,1325
BRDA:1662,181,2,1322
BRDA:1662,181,3,1319
BRDA:1662,181,4,1316
BRDA:1662,181,5,1313
BRDA:1662,181,6,1310
BRDA:1662,181,7,1307
BRDA:1662,181,8,1304
BRDA:1662,181,9,1301
BRDA:1662,181,10,1298
BRDA:1662,181,11,1295
BRDA:1680,182,0,552
BRDA:1680,182,1,964
BRDA:1687,183,0,27
BRDA:1687,183,1,937
BRDA:1691,184,0,3
BRDA:1691,184,1,934
BRDA:1696,185,0,28
BRDA:1696,185,1,906
BRDA:1696,186,0,934
BRDA:1696,186,1,142
BRDA:1704,187,0,356
BRDA:1704,187,1,48
BRDA:1715,188,0,13
BRDA:1715,188,1,35
BRDA:1721,189,0,21
BRDA:1721,189,1,6
BRDA:1739,190,0,10
BRDA:1739,190,1,95
BRDA:1739,191,0,105
BRDA:1739,191,1,52
BRDA:1739,191,2,12
BRDA:1752,192,0,28
BRDA:1752,192,1,327
BRDA:1752,193,0,355
BRDA:1752,193,1,339
BRDA:1753,194,0,10
BRDA:1753,194,1,18
BRDA:1753,195,0,28
BRDA:1753,195,1,10
BRDA:1767,196,0,218
BRDA:1767,196,1,36
BRDA:1773,197,0,53
BRDA:1773,197,1,165
BRDA:1773,198,0,218
BRDA:1773,198,1,60
BRDA:1780,199,0,56
BRDA:1780,199,1,109
BRDA:1780,200,0,165
BRDA:1780,200,1,71
BRDA:1784,201,0,4
BRDA:1784,201,1,52
BRDA:1796,202,0,8
BRDA:1796,202,1,28
BRDA:1796,203,0,36
BRDA:1796,203,1,28
BRDA:1814,204,0,194
BRDA:1814,204,1,20
BRDA:1819,205,0,117
BRDA:1819,205,1,97
BRDA:1819,206,0,53
BRDA:1819,206,1,44
BRDA:1822,207,0,54
BRDA:1822,207,1,160
BRDA:1823,208,0,27
BRDA:1823,208,1,27
BRDA:1824,209,0,14
BRDA:1824,209,1,13
BRDA:1824,210,0,27
BRDA:1824,210,1,16
BRDA:1826,211,0,10
BRDA:1826,211,1,3
BRDA:1830,212,0,14
BRDA:1830,212,1,13
BRDA:1832,213,0,10
BRDA:1832,213,1,3
BRDA:1843,214,0,78
BRDA:1843,214,1,96
BRDA:1875,215,0,1397
BRDA:1875,215,1,1822
BRDA:1879,216,0,968
BRDA:1879,216,1,854
BRDA:1879,217,0,1822
BRDA:1879,217,1,1387
BRDA:1880,218,0,14
BRDA:1880,218,1,954
BRDA:1880,219,0,968
BRDA:1880,219,1,60
BRDA:1886,220,0,144
BRDA:1886,220,1,710
BRDA:1887,221,0,3
BRDA:1887,221,1,141
BRDA:1892,222,0,129
BRDA:1892,222,1,12
BRDA:1897,223,0,113
BRDA:1897,223,1,609
BRDA:1903,224,0,4
BRDA:1903,224,1,605
BRDA:1909,225,0,50
BRDA:1909,225,1,555
BRDA:1913,226,0,202
BRDA:1913,226,1,353
BRDA:1917,227,0,222
BRDA:1917,227,1,131
BRDA:1921,228,0,51
BRDA:1921,228,1,80
BRDA:1921,229,0,131
BRDA:1921,229,1,83
BRDA:1935,230,0,60
BRDA:1935,230,1,98
BRDA:1938,231,0,56
BRDA:1938,231,1,13
BRDA:1953,232,0,4
BRDA:1953,232,1,63
BRDA:1983,233,0,16
BRDA:1983,233,1,18
BRDA:1991,234,0,12
BRDA:1991,234,1,1743
BRDA:1993,235,0,1404
BRDA:1993,235,1,1380
BRDA:1993,235,2,1377
BRDA:1994,236,0,62
BRDA:1994,236,1,27
BRDA:1997,237,0,3
BRDA:1997,237,1,24
BRDA:2013,238,0,2
BRDA:2013,238,1,12
BRDA:2015,239,0,16
BRDA:2015,239,1,15
BRDA:2016,240,0,1
BRDA:2016,240,1,1
BRDA:2033,241,0,833
BRDA:2033,241,1,1946
BRDA:2037,242,0,64
BRDA:2037,242,1,1882
BRDA:2037,243,0,1946
BRDA:2037,243,1,1908
BRDA:2037,243,2,70
BRDA:2039,244,0,20
BRDA:2039,244,1,44
BRDA:2039,245,0,64
BRDA:2039,245,1,20
BRDA:2039,245,2,20
BRDA:2043,246,0,8
BRDA:2043,246,1,40
BRDA:2059,247,0,2470
BRDA:2059,247,1,836
BRDA:2059,248,0,3306
BRDA:2059,248,1,2657
BRDA:2063,249,0,52
BRDA:2063,249,1,784
BRDA:2063,250,0,836
BRDA:2063,250,1,810
BRDA:2067,251,0,20
BRDA:2067,251,1,32
BRDA:2067,252,0,52
BRDA:2067,252,1,20
BRDA:2067,252,2,20
BRDA:2071,253,0,8
BRDA:2071,253,1,28
BRDA:2078,254,0,20
BRDA:2078,254,1,764
BRDA:2078,255,0,784
BRDA:2078,255,1,773
BRDA:2078,255,2,770
BRDA:2078,255,3,767
BRDA:2084,256,0,15
BRDA:2084,256,1,749
BRDA:2084,257,0,764
BRDA:2084,257,1,755
BRDA:2084,257,2,752
BRDA:2088,258,0,6
BRDA:2088,258,1,9
BRDA:2088,259,0,15
BRDA:2088,259,1,6
BRDA:2088,259,2,6
BRDA:2100,260,0,801
BRDA:2100,260,1,1926
BRDA:2100,261,0,2727
BRDA:2100,261,1,843
BRDA:2104,262,0,18
BRDA:2104,262,1,18
BRDA:2104,262,2,21
BRDA:2104,262,3,18
BRDA:2104,262,4,18
BRDA:2104,262,5,6
BRDA:2104,262,6,9
BRDA:2104,262,7,12
BRDA:2104,262,8,15
BRDA:2104,262,9,30
BRDA:2104,262,10,33
BRDA:2104,262,11,36
BRDA:2104,262,12,39
BRDA:2104,262,13,42
BRDA:2104,262,14,31
BRDA:2104,262,15,12
BRDA:2104,262,16,15
BRDA:2104,262,17,21
BRDA:2104,262,18,83
BRDA:2104,262,19,104
BRDA:2104,262,20,36
BRDA:2104,262,21,45
BRDA:2104,262,22,57
BRDA:2104,262,23,1563
BRDA:2141,263,0,10
BRDA:2141,263,1,21
BRDA:2186,264,0,2167
BRDA:2186,264,1,234
BRDA:2197,265,0,168
BRDA:2197,265,1,108
BRDA:2231,266,0,6
BRDA:2231,266,1,2379
BRDA:2253,267,0,257
BRDA:2253,267,1,2128
BRDA:2255,268,0,20
BRDA:2255,268,1,237
BRDA:2260,269,0,12
BRDA:2260,269,1,225
BRDA:2260,270,0,237
BRDA:2260,270,1,24
BRDA:2260,270,2,24
BRDA:2277,271,0,6
BRDA:2277,271,1,1762
BRDA:2281,272,0,3
BRDA:2281,272,1,6
BRDA:2299,273,0,181
BRDA:2299,273,1,220
BRDA:2303,274,0,4
BRDA:2303,274,1,180
BRDA:2329,275,0,100
BRDA:2329,275,1,821
BRDA:2339,276,0,3
BRDA:2339,276,1,0
BRDA:2345,277,0,0
BRDA:2345,277,1,3
BRDA:2364,278,0,12
BRDA:2364,278,1,210
BRDA:2364,279,0,222
BRDA:2364,279,1,20
BRDA:2368,280,0,31
BRDA:2368,280,1,183
BRDA:2371,281,0,3
BRDA:2371,281,1,180
BRDA:2373,282,0,3
BRDA:2373,282,1,0
BRDA:2380,283,0,3
BRDA:2380,283,1,0
BRDA:2384,284,0,123
BRDA:2384,284,1,57
BRDA:2386,285,0,3
BRDA:2386,285,1,116
BRDA:2390,286,0,3
BRDA:2390,286,1,104
BRDA:2403,287,0,133
BRDA:2403,287,1,53
BRDA:2470,288,0,7
BRDA:2470,288,1,15
BRDA:2502,289,0,3
BRDA:2502,289,1,9
BRDA:2546,290,0,13
BRDA:2546,290,1,56
BRDA:2549,291,0,25
BRDA:2549,291,1,31
BRDA:2549,292,0,56
BRDA:2549,292,1,37
BRDA:2554,293,0,12
BRDA:2554,293,1,13
BRDA:2554,294,0,25
BRDA:2554,294,1,18
BRDA:2565,295,0,15
BRDA:2565,295,1,16
BRDA:2567,296,0,12
BRDA:2567,296,1,3
BRDA:2578,297,0,29
BRDA:2578,297,1,15
BRDA:2583,298,0,34
BRDA:2583,298,1,15
BRDA:2585,299,0,9
BRDA:2585,299,1,25
BRDA:2590,300,0,6
BRDA:2590,300,1,28
BRDA:2604,301,0,30
BRDA:2604,301,1,15
BRDA:2617,302,0,11
BRDA:2617,302,1,41
BRDA:2620,303,0,8
BRDA:2620,303,1,3
BRDA:2627,304,0,13
BRDA:2627,304,1,28
BRDA:2628,305,0,4
BRDA:2628,305,1,9
BRDA:2635,306,0,17
BRDA:2635,306,1,11
BRDA:2639,307,0,8
BRDA:2639,307,1,9
BRDA:2646,308,0,4
BRDA:2646,308,1,12
BRDA:2646,309,0,16
BRDA:2646,309,1,7
BRDA:2661,310,0,10
BRDA:2661,310,1,50
BRDA:2664,311,0,4
BRDA:2664,311,1,6
BRDA:2664,312,0,10
BRDA:2664,312,1,10
BRDA:2671,313,0,13
BRDA:2671,313,1,37
BRDA:2672,314,0,4
BRDA:2672,314,1,9
BRDA:2672,315,0,13
BRDA:2672,315,1,4
BRDA:2679,316,0,23
BRDA:2679,316,1,14
BRDA:2683,317,0,8
BRDA:2683,317,1,15
BRDA:2690,318,0,4
BRDA:2690,318,1,21
BRDA:2690,319,0,25
BRDA:2690,319,1,10
BRDA:2690,320,0,10
BRDA:2690,320,1,7
BRDA:2704,321,0,6
BRDA:2704,321,1,30
BRDA:2709,322,0,21
BRDA:2709,322,1,11
BRDA:2710,323,0,12
BRDA:2710,323,1,9
BRDA:2717,324,0,9
BRDA:2717,324,1,11
BRDA:2721,325,0,8
BRDA:2721,325,1,3
BRDA:2722,326,0,3
BRDA:2722,326,1,5
BRDA:2722,327,0,8
BRDA:2722,327,1,5
BRDA:2737,328,0,6
BRDA:2737,328,1,13
BRDA:2761,329,0,15
BRDA:2761,329,1,9
BRDA:2771,330,0,20
BRDA:2771,330,1,22
BRDA:2771,331,0,42
BRDA:2771,331,1,29
BRDA:2771,331,2,22
BRDA:2794,332,0,3
BRDA:2794,332,1,17
BRDA:2806,333,0,9
BRDA:2806,333,1,24
BRDA:2810,334,0,11
BRDA:2810,334,1,9
BRDA:2811,335,0,4
BRDA:2811,335,1,7
BRDA:2833,336,0,4
BRDA:2833,336,1,26
BRDA:2852,337,0,4
BRDA:2852,337,1,30
BRDA:2858,338,0,12
BRDA:2858,338,1,18
BRDA:2858,339,0,30
BRDA:2858,339,1,12
BRDA:2858,339,2,12
BRDA:2874,340,0,34
BRDA:2874,340,1,7
BRDA:2878,341,0,6
BRDA:2878,341,1,23
BRDA:2883,342,0,4
BRDA:2883,342,1,25
BRDA:2883,343,0,29
BRDA:2883,343,1,7
BRDA:2908,344,0,24
BRDA:2908,344,1,2564
BRDA:2912,345,0,548
BRDA:2912,345,1,2016
BRDA:2913,346,0,54
BRDA:2913,346,1,160
BRDA:2913,346,2,198
BRDA:2913,346,3,136
BRDA:2925,347,0,691
BRDA:2925,347,1,1461
BRDA:2926,348,0,60
BRDA:2926,348,1,52
BRDA:2926,348,2,3
BRDA:2926,348,3,20
BRDA:2926,348,4,69
BRDA:2926,348,5,3
BRDA:2926,348,6,38
BRDA:2926,348,7,36
BRDA:2926,348,8,20
BRDA:2926,348,9,30
BRDA:2926,348,10,41
BRDA:2926,348,11,163
BRDA:2926,348,12,86
BRDA:2926,348,13,19
BRDA:2926,348,14,51
BRDA:2963,349,0,59
BRDA:2963,349,1,1257
BRDA:2963,350,0,1316
BRDA:2963,350,1,152
BRDA:2967,351,0,8
BRDA:2967,351,1,51
BRDA:2991,352,0,494
BRDA:2991,352,1,286
BRDA:2998,353,0,3
BRDA:2998,353,1,275
BRDA:3003,354,0,261
BRDA:3003,354,1,14
BRDA:3005,355,0,10
BRDA:3005,355,1,251
BRDA:3009,356,0,10
BRDA:3009,356,1,4
BRDA:3009,357,0,14
BRDA:3009,357,1,10
BRDA:3026,358,0,305
BRDA:3026,358,1,285
BRDA:3030,359,0,4
BRDA:3030,359,1,93
BRDA:3050,360,0,111
BRDA:3050,360,1,313
BRDA:3056,361,0,52
BRDA:3056,361,1,76
BRDA:3057,362,0,20
BRDA:3057,362,1,32
BRDA:3061,363,0,16
BRDA:3061,363,1,36
BRDA:3065,364,0,68
BRDA:3065,364,1,8
BRDA:3066,365,0,16
BRDA:3066,365,1,52
BRDA:3069,366,0,12
BRDA:3069,366,1,40
BRDA:3072,367,0,14
BRDA:3072,367,1,26
BRDA:3079,368,0,95
BRDA:3079,368,1,33
BRDA:3102,369,0,40
BRDA:3102,369,1,275
BRDA:3103,370,0,12
BRDA:3103,370,1,28
BRDA:3107,371,0,25
BRDA:3107,371,1,250
BRDA:3110,372,0,4
BRDA:3110,372,1,246
BRDA:3120,373,0,49
BRDA:3120,373,1,242
BRDA:3126,374,0,44
BRDA:3126,374,1,63
BRDA:3126,375,0,107
BRDA:3126,375,1,77
BRDA:3129,376,0,22
BRDA:3129,376,1,41
BRDA:3129,377,0,63
BRDA:3129,377,1,33
BRDA:3142,378,0,68
BRDA:3142,378,1,61
BRDA:3145,379,0,32
BRDA:3145,379,1,36
BRDA:3146,380,0,16
BRDA:3146,380,1,16
BRDA:3150,381,0,14
BRDA:3150,381,1,22
BRDA:3153,382,0,4
BRDA:3153,382,1,18
BRDA:3164,383,0,29
BRDA:3164,383,1,88
BRDA:3170,384,0,24
BRDA:3170,384,1,69
BRDA:3170,385,0,93
BRDA:3170,385,1,48
BRDA:3173,386,0,14
BRDA:3173,386,1,55
BRDA:3173,387,0,69
BRDA:3173,387,1,24
BRDA:3184,388,0,987
BRDA:3184,388,1,1702
BRDA:3185,389,0,25
BRDA:3185,389,1,41
BRDA:3185,389,2,332
BRDA:3185,389,3,614
BRDA:3196,390,0,1690
BRDA:3196,390,1,12
BRDA:3206,391,0,1740
BRDA:3206,391,1,146
BRDA:3212,392,0,3
BRDA:3212,392,1,143
BRDA:3217,393,0,80
BRDA:3217,393,1,63
BRDA:3219,394,0,6
BRDA:3219,394,1,74
BRDA:3223,395,0,30
BRDA:3223,395,1,33
BRDA:3223,396,0,63
BRDA:3223,396,1,63
BRDA:3231,397,0,4
BRDA:3231,397,1,1040
BRDA:3257,398,0,31
BRDA:3257,398,1,68
BRDA:3258,399,0,22
BRDA:3258,399,1,9
BRDA:3281,400,0,391
BRDA:3281,400,1,5094
BRDA:3283,401,0,29
BRDA:3283,401,1,362
BRDA:3290,402,0,2
BRDA:3290,402,1,27
BRDA:3290,403,0,29
BRDA:3290,403,1,4
BRDA:3296,404,0,9
BRDA:3296,404,1,353
BRDA:3307,405,0,431
BRDA:3307,405,1,4663
BRDA:3308,406,0,34
BRDA:3308,406,1,397
BRDA:3309,407,0,5
BRDA:3309,407,1,29
BRDA:3309,408,0,34
BRDA:3309,408,1,12
BRDA:3318,409,0,2
BRDA:3318,409,1,32
BRDA:3323,410,0,8
BRDA:3323,410,1,389
BRDA:3327,411,0,64
BRDA:3327,411,1,325
BRDA:3329,412,0,58
BRDA:3329,412,1,6
BRDA:3342,413,0,193
BRDA:3342,413,1,4470
BRDA:3344,414,0,41
BRDA:3344,414,1,152
BRDA:3354,415,0,3
BRDA:3354,415,1,38
BRDA:3362,416,0,70
BRDA:3362,416,1,82
BRDA:3372,417,0,2
BRDA:3372,417,1,68
BRDA:3378,418,0,1258
BRDA:3378,418,1,3212
BRDA:3380,419,0,39
BRDA:3380,419,1,3173
BRDA:3382,420,0,2
BRDA:3382,420,1,37
BRDA:3382,421,0,39
BRDA:3382,421,1,8
BRDA:3402,422,0,38
BRDA:3402,422,1,25
BRDA:3405,423,0,36
BRDA:3405,423,1,27
BRDA:3432,424,0,203
BRDA:3432,424,1,70
BRDA:3465,425,0,24
BRDA:3465,425,1,7
BRDA:3467,426,0,24
BRDA:3467,426,1,0
BRDA:3469,427,0,24
BRDA:3469,427,1,0
BRDA:3469,428,0,24
BRDA:3469,428,1,24
BRDA:3470,429,0,24
BRDA:3470,429,1,0
BRDA:3470,430,0,24
BRDA:3470,430,1,3
BRDA:3496,431,0,136
BRDA:3496,431,1,59
BRDA:3499,432,0,136
BRDA:3499,432,1,59
BRDA:3530,433,0,52
BRDA:3530,433,1,0
BRDA:3533,434,0,52
BRDA:3533,434,1,0
BRDA:3549,435,0,4628
BRDA:3549,435,1,24
BRDA:3552,436,0,4628
BRDA:3552,436,1,24
BRDA:3593,437,0,4
BRDA:3593,437,1,16
BRDA:3595,438,0,24
BRDA:3595,438,1,22
BRDA:3596,439,0,2
BRDA:3596,439,1,2
BRDA:3618,440,0,16
BRDA:3618,440,1,1448
BRDA:3620,441,0,1590
BRDA:3620,441,1,1550
BRDA:3620,441,2,1544
BRDA:3621,442,0,80
BRDA:3621,442,1,46
BRDA:3626,443,0,6
BRDA:3626,443,1,40
BRDA:3648,444,0,12596
BRDA:3648,444,1,15238
BRDA:3648,445,0,27834
BRDA:3648,445,1,27834
BRDA:3648,445,2,12932
BRDA:3649,446,0,8250
BRDA:3649,446,1,4346
BRDA:3649,447,0,12596
BRDA:3649,447,1,8670
BRDA:3649,447,2,4324
BRDA:3661,448,0,13764
BRDA:3661,448,1,13674
BRDA:3668,449,0,168
BRDA:3668,449,1,698
BRDA:3671,450,0,158
BRDA:3671,450,1,708
BRDA:3675,451,0,866
BRDA:3675,451,1,0
BRDA:3676,452,0,54
BRDA:3676,452,1,812
BRDA:3676,453,0,866
BRDA:3676,453,1,850
BRDA:3677,454,0,16
BRDA:3677,454,1,38
BRDA:3678,455,0,46
BRDA:3678,455,1,8
BRDA:3680,456,0,68
BRDA:3680,456,1,744
BRDA:3686,457,0,866
BRDA:3686,457,1,0
BRDA:3687,458,0,54
BRDA:3687,458,1,812
BRDA:3687,459,0,866
BRDA:3687,459,1,850
BRDA:3688,460,0,16
BRDA:3688,460,1,38
BRDA:3689,461,0,46
BRDA:3689,461,1,8
BRDA:3695,462,0,68
BRDA:3695,462,1,744
BRDA:3714,463,0,4498
BRDA:3714,463,1,7534
BRDA:3714,464,0,12032
BRDA:3714,464,1,11974
BRDA:3718,465,0,24
BRDA:3718,465,1,12008
BRDA:3718,466,0,12032
BRDA:3718,466,1,11974
BRDA:3722,467,0,540
BRDA:3722,467,1,11492
BRDA:3735,468,0,495
BRDA:3735,468,1,1487
BRDA:3740,469,0,767
BRDA:3740,469,1,1215
BRDA:3740,470,0,1982
BRDA:3740,470,1,1223
BRDA:3807,471,0,74
BRDA:3807,471,1,1908
BRDA:3817,472,0,495
BRDA:3817,472,1,1487
BRDA:3821,473,0,767
BRDA:3821,473,1,1215
BRDA:3821,474,0,1982
BRDA:3821,474,1,1223
BRDA:3853,475,0,74
BRDA:3853,475,1,1908
BRDA:3865,476,0,168
BRDA:3865,476,1,0
BRDA:3871,477,0,4
BRDA:3871,477,1,0
BRDA:3885,478,0,7
BRDA:3885,478,1,22
BRDA:3885,479,0,29
BRDA:3885,479,1,8
BRDA:3892,480,0,28
BRDA:3892,480,1,1
BRDA:3907,481,0,29
BRDA:3907,481,1,8
BRDA:3917,482,0,29
BRDA:3917,482,1,13
BRDA:3918,483,0,29
BRDA:3918,483,1,13
BRDA:3920,484,0,17
BRDA:3920,484,1,12
BRDA:3920,485,0,29
BRDA:3920,485,1,17
BRDA:3923,486,0,13
BRDA:3923,486,1,16
BRDA:3923,487,0,29
BRDA:3923,487,1,13
BRDA:3927,488,0,28
BRDA:3927,488,1,1
BRDA:3928,489,0,0
BRDA:3928,489,1,28
BRDA:3932,490,0,0
BRDA:3932,490,1,0
BRDA:3942,491,0,1
BRDA:3942,491,1,24
BRDA:3952,492,0,1
BRDA:3952,492,1,4
BRDA:3965,493,0,12
BRDA:3965,493,1,8
BRDA:3969,494,0,12
BRDA:3969,494,1,8
BRDA:3985,495,0,7
BRDA:3985,495,1,1946
BRDA:3985,496,0,1953
BRDA:3985,496,1,385
BRDA:3992,497,0,1950
BRDA:3992,497,1,3
BRDA:4005,498,0,1945
BRDA:4005,498,1,8
BRDA:4006,499,0,1945
BRDA:4006,499,1,1097
BRDA:4007,500,0,1945
BRDA:4007,500,1,1097
BRDA:4009,501,0,4
BRDA:4009,501,1,1941
BRDA:4009,502,0,1945
BRDA:4009,502,1,746
BRDA:4009,502,2,746
BRDA:4018,503,0,45
BRDA:4018,503,1,1900
BRDA:4018,504,0,1945
BRDA:4018,504,1,1097
BRDA:4021,505,0,478
BRDA:4021,505,1,1467
BRDA:4021,506,0,1945
BRDA:4021,506,1,1521
BRDA:4024,507,0,68
BRDA:4024,507,1,1877
BRDA:4024,508,0,1945
BRDA:4024,508,1,1097
BRDA:4029,509,0,1950
BRDA:4029,509,1,3
BRDA:4030,510,0,0
BRDA:4030,510,1,1950
BRDA:4034,511,0,0
BRDA:4034,511,1,0
BRDA:4043,512,0,54
BRDA:4043,512,1,1051
BRDA:4047,513,0,45
BRDA:4047,513,1,1060
BRDA:4051,514,0,68
BRDA:4051,514,1,1037
BRDA:4054,515,0,754
BRDA:4054,515,1,351
BRDA:4054,516,0,1105
BRDA:4054,516,1,359
BRDA:4078,517,0,1
BRDA:4078,517,1,0
BRDA:4083,518,0,41
BRDA:4083,518,1,0
BRDA:4088,519,0,1
BRDA:4088,519,1,0
BRF:1209
BRH:1183
end_of_record
